INFO-FLOW: Workspace S:/Dokumenter/Skole/CS-Master/CS4110/Project/HLS/Demo/demo/solution1 opened at Wed Nov 23 13:24:18 +0100 2022
Execute     ap_set_clock -name default -period 10 -default=false 
INFO: [SYN 201-201] Setting up clock 'default' with a period of 10ns.
Execute     set_part xcvu11p-flga2577-1-e 
Execute       create_platform xcvu11p-flga2577-1-e -board  
DBG:HLSDevice: Trying to load device library: S:/Xilinx/Vitis_HLS/2022.2\lib\win64.o\xv_hlsvwrap.dll
DBG:HLSDevice: first parts/arch.xml in RDI_DATADIR: S:/Xilinx/Vivado/2022.2/data/parts/arch.xml
DBG:HLSDevice: init success
INFO: [HLS 200-1611] Setting target device to 'xcvu11p-flga2577-1-e'
Command       create_platform done; 2.971 sec.
Execute       source S:/Xilinx/Vitis_HLS/2022.2/common/technology/xilinx/common/xilinx.gen 
Execute         source S:/Xilinx/Vitis_HLS/2022.2/common/technology/xilinx/interface/plb46.gen 
Execute         source S:/Xilinx/Vitis_HLS/2022.2/common/technology/xilinx/interface/axi4.gen 
Execute         source S:/Xilinx/Vitis_HLS/2022.2/common/technology/xilinx/interface/nativeAXI4.gen 
Execute           source S:/Xilinx/Vitis_HLS/2022.2/common/technology/xilinx/interface/saxilite.gen 
Execute         source S:/Xilinx/Vitis_HLS/2022.2/common/technology/xilinx/scripts/xilinxcoregen.gen 
Execute         source S:/Xilinx/Vitis_HLS/2022.2/common/technology/xilinx/interface/XilEDKCoreGen.gen 
Execute         source S:/Xilinx/Vitis_HLS/2022.2/common/technology/xilinx/ip/dds_compiler.gen 
Execute         source S:/Xilinx/Vitis_HLS/2022.2/common/technology/xilinx/ip/util.gen 
Execute         source S:/Xilinx/Vitis_HLS/2022.2/common/technology/xilinx/ip/xfft.gen 
Execute         source S:/Xilinx/Vitis_HLS/2022.2/common/technology/xilinx/ip/xfir.gen 
Execute         source S:/Xilinx/Vitis_HLS/2022.2/common/technology/xilinx/DSP48/dsp48.gen 
Command       ap_source done; 0.114 sec.
Execute       ap_part_info -name xcvu11p-flga2577-1-e -data info 
Execute       config_compile -quiet -complex-mul-dsp=0 
Command     set_part done; 3.113 sec.
Execute     send_msg_by_id INFO @200-1505@%s%s  vivado 
INFO: [HLS 200-1505] Using flow_target 'vivado'
Command   open_solution done; 3.199 sec.
Execute   set_part xcvu11p-flga2577-1-e 
INFO: [HLS 200-1510] Running: set_part xcvu11p-flga2577-1-e 
Execute     create_platform xcvu11p-flga2577-1-e -board  
Execute     source S:/Xilinx/Vitis_HLS/2022.2/common/technology/xilinx/common/xilinx.gen 
Execute       source S:/Xilinx/Vitis_HLS/2022.2/common/technology/xilinx/interface/plb46.gen 
Execute       source S:/Xilinx/Vitis_HLS/2022.2/common/technology/xilinx/interface/axi4.gen 
Execute       source S:/Xilinx/Vitis_HLS/2022.2/common/technology/xilinx/interface/nativeAXI4.gen 
Execute         source S:/Xilinx/Vitis_HLS/2022.2/common/technology/xilinx/interface/saxilite.gen 
Execute       source S:/Xilinx/Vitis_HLS/2022.2/common/technology/xilinx/scripts/xilinxcoregen.gen 
Execute       source S:/Xilinx/Vitis_HLS/2022.2/common/technology/xilinx/interface/XilEDKCoreGen.gen 
Execute       source S:/Xilinx/Vitis_HLS/2022.2/common/technology/xilinx/ip/dds_compiler.gen 
Execute       source S:/Xilinx/Vitis_HLS/2022.2/common/technology/xilinx/ip/util.gen 
Execute       source S:/Xilinx/Vitis_HLS/2022.2/common/technology/xilinx/ip/xfft.gen 
Execute       source S:/Xilinx/Vitis_HLS/2022.2/common/technology/xilinx/ip/xfir.gen 
Execute       source S:/Xilinx/Vitis_HLS/2022.2/common/technology/xilinx/DSP48/dsp48.gen 
Execute     ap_part_info -name xcvu11p-flga2577-1-e -data info 
Execute     config_compile -quiet -complex-mul-dsp=0 
Command   set_part done; 0.121 sec.
Execute   create_clock -period 10 -name default 
INFO: [HLS 200-1510] Running: create_clock -period 10 -name default 
Execute     ap_set_clock -name default -period 10 -default=false 
INFO: [SYN 201-201] Setting up clock 'default' with a period of 10ns.
Execute   csynth_design 
INFO: [HLS 200-1510] Running: csynth_design 
Execute     elaborate -effort=medium -skip_syncheck=0 -keep_printf=0 -skip_cdt=0 -skip_transform=0 -ng=0 -g=0 -opt_fp=0 -from_csynth_design=1 
INFO: [HLS 200-111] Finished File checks and directory preparation: CPU user time: 0 seconds. CPU system time: 0 seconds. Elapsed time: 10.047 seconds; current allocated memory: 680.809 MB.
INFO: [HLS 200-10] Analyzing design file '../../../Code/demo/substitute.c' ... 
INFO-FLOW: Compiling one TU...
INFO-FLOW: Handling ../../../Code/demo/substitute.c as C
Execute       ap_part_info -name xcvu11p-flga2577-1-e -data info 
INFO-FLOW: Running: GCC PP 39
INFO-FLOW: Source preprocessing
Execute       ap_eval exec -ignorestderr S:/Xilinx/Vitis_HLS/2022.2/win64/tools/clang-3.9-csynth/bin/clang ../../../Code/demo/substitute.c -foptimization-record-file=S:/Dokumenter/Skole/CS-Master/CS4110/Project/HLS/Demo/demo/solution1/.autopilot/db/substitute.c.clang.diag.yml -mllvm -pass-remarks-missed=reflow|pasta|unroll -mllvm -pass-remarks=reflow|pasta|unroll|inline -fno-limit-debug-info --sysroot S:/Xilinx/Vitis_HLS/2022.2/tps/mingw/8.3.0/win64.o/nt -fhls -fno-exceptions -E -fno-math-errno -c -emit-llvm -mllvm -disable-llvm-optzns -Werror=implicit-function-declaration -Werror=implicit-hls-streams -Werror=return-type -Wpragmas -Wunused-parameter -Wdump-hls-pragmas -Wno-error=dump-hls-pragmas -std=gnu99 -fgnu89-inline -target fpga64-xilinx-mingw32 -D__VITIS_HLS__ -DAESL_SYN -D__SYNTHESIS__ -D__HLS_SYN__ -I S:/Xilinx/Vitis_HLS/2022.2/common/technology/autopilot -I S:/Xilinx/Vitis_HLS/2022.2/common/technology/autopilot/ap_sysc -include etc/autopilot_ssdm_op.h -D__DSP48E2__ -I /usr/include/x86_64-linux-gnu -o S:/Dokumenter/Skole/CS-Master/CS4110/Project/HLS/Demo/demo/solution1/.autopilot/db/substitute.pp.0.c {-hls-platform-db-name=S:/Xilinx/Vitis_HLS/2022.2/common/technology\xilinx/common/platform.db} -hls-platform-name=virtexuplus_slow -device-resource-info=BRAM_4032.000000_DSP_9216.000000_FF_2592000.000000_LUT_1296000.000000_SLICE_162000.000000_SLR_3.000000_URAM_960.000000 -device-name-info=xcvu11p-flga2577-1-e > S:/Dokumenter/Skole/CS-Master/CS4110/Project/HLS/Demo/demo/solution1/.autopilot/db/substitute.c.clang.out.log 2> S:/Dokumenter/Skole/CS-Master/CS4110/Project/HLS/Demo/demo/solution1/.autopilot/db/substitute.c.clang.err.log 
Command       ap_eval done; 0.191 sec.
INFO-FLOW: Done: GCC PP 39 time: 0.2 seconds per iteration
Execute       set_directive_top substitute -name=substitute 
Execute       source S:/Xilinx/Vitis_HLS/2022.2/tps/tcl/tcllib1.11.1/yaml/huddle.tcl 
Execute       source S:/Xilinx/Vitis_HLS/2022.2/tps/tcl/tcllib1.11.1/yaml/json2huddle.tcl 
INFO-FLOW: Source syntax check for synthesis
Execute       ap_eval exec -ignorestderr S:/Xilinx/Vitis_HLS/2022.2/win64/tools/clang-3.9-csynth/bin/clang -foptimization-record-file=S:/Dokumenter/Skole/CS-Master/CS4110/Project/HLS/Demo/demo/solution1/.autopilot/db/clang.diag.yml -mllvm -pass-remarks-missed=reflow|pasta|unroll -mllvm -pass-remarks=reflow|pasta|unroll|inline -fsyntax-only -fhls -target fpga64-xilinx-linux-gnu S:/Dokumenter/Skole/CS-Master/CS4110/Project/HLS/Demo/demo/solution1/.autopilot/db/substitute.pp.0.c {-hls-platform-db-name=S:/Xilinx/Vitis_HLS/2022.2/common/technology\xilinx/common/platform.db} -hls-platform-name=virtexuplus_slow -device-resource-info=BRAM_4032.000000_DSP_9216.000000_FF_2592000.000000_LUT_1296000.000000_SLICE_162000.000000_SLR_3.000000_URAM_960.000000 -device-name-info=xcvu11p-flga2577-1-e > S:/Dokumenter/Skole/CS-Master/CS4110/Project/HLS/Demo/demo/solution1/.autopilot/db/clang.out.log 2> S:/Dokumenter/Skole/CS-Master/CS4110/Project/HLS/Demo/demo/solution1/.autopilot/db/clang.err.log 
Command       ap_eval done; 0.137 sec.
Execute       clang_tidy xilinx-systemc-detector -desc systemc-detector S:/Dokumenter/Skole/CS-Master/CS4110/Project/HLS/Demo/demo/solution1/.autopilot/db/substitute.pp.0.c std=gnu99 -target fpga  -directive=S:/Dokumenter/Skole/CS-Master/CS4110/Project/HLS/Demo/demo/solution1/.autopilot/db/.systemc_flag 
INFO-FLOW: exec S:/Xilinx/Vitis_HLS/2022.2/win64/tools/clang-3.9-csynth/bin/clang-tidy -header-filter=.* --checks=-*,xilinx-systemc-detector -import-directive=S:/Dokumenter/Skole/CS-Master/CS4110/Project/HLS/Demo/demo/solution1/.autopilot/db/.systemc_flag -fix-errors S:/Dokumenter/Skole/CS-Master/CS4110/Project/HLS/Demo/demo/solution1/.autopilot/db/substitute.pp.0.c -- -std=gnu99 -target fpga -fhls -ferror-limit=0
INFO-FLOW: Running: clang-tidy CDT preprocess 39
Execute       clang_tidy xilinx-directive2pragma -desc directive2pragma S:/Dokumenter/Skole/CS-Master/CS4110/Project/HLS/Demo/demo/solution1/.autopilot/db/substitute.pp.0.c std=gnu99 -target fpga  -directive=S:/Dokumenter/Skole/CS-Master/CS4110/Project/HLS/Demo/demo/solution1/.autopilot/db/all.directive.json 
INFO-FLOW: exec S:/Xilinx/Vitis_HLS/2022.2/win64/tools/clang-3.9-csynth/bin/clang-tidy -header-filter=.* --checks=-*,xilinx-directive2pragma -import-directive=S:/Dokumenter/Skole/CS-Master/CS4110/Project/HLS/Demo/demo/solution1/.autopilot/db/all.directive.json -fix-errors S:/Dokumenter/Skole/CS-Master/CS4110/Project/HLS/Demo/demo/solution1/.autopilot/db/substitute.pp.0.c -- -std=gnu99 -target fpga -fhls -ferror-limit=0
Execute       clang_tidy xilinx-remove-assert -desc remove-assert S:/Dokumenter/Skole/CS-Master/CS4110/Project/HLS/Demo/demo/solution1/.autopilot/db/substitute.pp.0.c std=gnu99 -target fpga  
INFO-FLOW: exec S:/Xilinx/Vitis_HLS/2022.2/win64/tools/clang-3.9-csynth/bin/clang-tidy -header-filter=.* --checks=-*,xilinx-remove-assert -fix-errors S:/Dokumenter/Skole/CS-Master/CS4110/Project/HLS/Demo/demo/solution1/.autopilot/db/substitute.pp.0.c -- -std=gnu99 -target fpga -fhls -ferror-limit=0
INFO-FLOW: Done: clang-tidy CDT preprocess 39 time: 0.1 seconds per iteration
INFO-FLOW: Calling xilinx-label-all-loops ... 
INFO-FLOW: Calling xilinx-aggregate-on-hls-vector ... 
Execute       clang_tidy -errorcheck -desc loop-label xilinx-label-all-loops,xilinx-aggregate-on-hls-vector,,xilinx-warn-mayneed-no-ctor-attribute S:/Dokumenter/Skole/CS-Master/CS4110/Project/HLS/Demo/demo/solution1/.autopilot/db/substitute.pp.0.c std=gnu99 -target fpga  
Execute         ap_eval exec -ignorestderr S:/Xilinx/Vitis_HLS/2022.2/win64/tools/clang-3.9-csynth/bin/clang-tidy -export-fixes=S:/Dokumenter/Skole/CS-Master/CS4110/Project/HLS/Demo/demo/solution1/.autopilot/db/substitute.pp.0.c.clang-tidy.loop-label.diag.yml -header-filter=.* --checks=-*,xilinx-label-all-loops,xilinx-aggregate-on-hls-vector,,xilinx-warn-mayneed-no-ctor-attribute -fix-errors S:/Dokumenter/Skole/CS-Master/CS4110/Project/HLS/Demo/demo/solution1/.autopilot/db/substitute.pp.0.c -- -std=gnu99 -target fpga -fhls -ferror-limit=0 > S:/Dokumenter/Skole/CS-Master/CS4110/Project/HLS/Demo/demo/solution1/.autopilot/db/substitute.pp.0.c.clang-tidy.loop-label.out.log 2> S:/Dokumenter/Skole/CS-Master/CS4110/Project/HLS/Demo/demo/solution1/.autopilot/db/substitute.pp.0.c.clang-tidy.loop-label.err.log 
Execute       ap_eval exec -ignorestderr S:/Xilinx/Vitis_HLS/2022.2/win64/tools/clang-3.9-csynth/bin/xilinx-dataflow-lawyer -export-fixes=S:/Dokumenter/Skole/CS-Master/CS4110/Project/HLS/Demo/demo/solution1/.autopilot/db/substitute.pp.0.c.xilinx-dataflow-lawyer.diag.yml S:/Dokumenter/Skole/CS-Master/CS4110/Project/HLS/Demo/demo/solution1/.autopilot/db/substitute.pp.0.c -- -std=gnu99 -target fpga -fhls -ferror-limit=0 -fstrict-dataflow > S:/Dokumenter/Skole/CS-Master/CS4110/Project/HLS/Demo/demo/solution1/.autopilot/db/substitute.pp.0.c.xilinx-dataflow-lawyer.out.log 2> S:/Dokumenter/Skole/CS-Master/CS4110/Project/HLS/Demo/demo/solution1/.autopilot/db/substitute.pp.0.c.xilinx-dataflow-lawyer.err.log 
Execute       ap_part_info -name xcvu11p-flga2577-1-e -data info 
INFO-FLOW: compiling source code to llvm bc
Execute       ap_eval exec -ignorestderr S:/Xilinx/Vitis_HLS/2022.2/win64/tools/clang-3.9-csynth/bin/clang -foptimization-record-file=S:/Dokumenter/Skole/CS-Master/CS4110/Project/HLS/Demo/demo/solution1/.autopilot/db/substitute.pp.0.c.clang.diag.yml -mllvm -pass-remarks-missed=reflow|pasta|unroll -mllvm -pass-remarks=reflow|pasta|unroll|inline -fno-limit-debug-info -fhls -flto -fno-exceptions -Wno-error=c++11-narrowing S:/Dokumenter/Skole/CS-Master/CS4110/Project/HLS/Demo/demo/solution1/.autopilot/db/substitute.pp.0.c -fno-math-errno -c -emit-llvm -mllvm -disable-llvm-optzns -Werror=implicit-function-declaration -Werror=implicit-hls-streams -Werror=return-type -Wpragmas -Wunused-parameter -Wdump-hls-pragmas -Wno-error=dump-hls-pragmas -std=gnu99 -fgnu89-inline -target fpga64-xilinx-linux-gnu -D__VITIS_HLS__ -DAESL_SYN -D__SYNTHESIS__ -D__HLS_SYN__ -I S:/Xilinx/Vitis_HLS/2022.2/common/technology/autopilot -I S:/Xilinx/Vitis_HLS/2022.2/common/technology/autopilot/ap_sysc -include etc/autopilot_ssdm_op.h -D__DSP48E2__ -g -o S:/Dokumenter/Skole/CS-Master/CS4110/Project/HLS/Demo/demo/solution1/.autopilot/db/substitute.bc {-hls-platform-db-name=S:/Xilinx/Vitis_HLS/2022.2/common/technology\xilinx/common/platform.db} -hls-platform-name=virtexuplus_slow -device-resource-info=BRAM_4032.000000_DSP_9216.000000_FF_2592000.000000_LUT_1296000.000000_SLICE_162000.000000_SLR_3.000000_URAM_960.000000 -device-name-info=xcvu11p-flga2577-1-e > S:/Dokumenter/Skole/CS-Master/CS4110/Project/HLS/Demo/demo/solution1/.autopilot/db/substitute.pp.0.c.clang.out.log 2> S:/Dokumenter/Skole/CS-Master/CS4110/Project/HLS/Demo/demo/solution1/.autopilot/db/substitute.pp.0.c.clang.err.log 
Command       ap_eval done; 0.151 sec.
INFO: [HLS 200-111] Finished Source Code Analysis and Preprocessing: CPU user time: 0 seconds. CPU system time: 0 seconds. Elapsed time: 0.751 seconds; current allocated memory: 681.375 MB.
INFO-FLOW: Linking Debug ...
INFO-FLOW: Linking dut bc code.
Execute       run_link_or_opt -out S:/Dokumenter/Skole/CS-Master/CS4110/Project/HLS/Demo/demo/solution1/.autopilot/db/a.g.ld.0.bc -args  "S:/Dokumenter/Skole/CS-Master/CS4110/Project/HLS/Demo/demo/solution1/.autopilot/db/substitute.g.bc"  
Execute         ap_eval exec -ignorestderr S:/Xilinx/Vitis_HLS/2022.2/win64/tools/clang-3.9-csynth/bin/llvm-link S:/Dokumenter/Skole/CS-Master/CS4110/Project/HLS/Demo/demo/solution1/.autopilot/db/substitute.g.bc -o S:/Dokumenter/Skole/CS-Master/CS4110/Project/HLS/Demo/demo/solution1/.autopilot/db/a.g.ld.0.bc > S:/Dokumenter/Skole/CS-Master/CS4110/Project/HLS/Demo/demo/solution1/.autopilot/db/a.g.ld.0.bc.llvm-link.out.log 2> S:/Dokumenter/Skole/CS-Master/CS4110/Project/HLS/Demo/demo/solution1/.autopilot/db/a.g.ld.0.bc.llvm-link.err.log 
INFO-FLOW: 
Execute       run_link_or_opt -opt -out S:/Dokumenter/Skole/CS-Master/CS4110/Project/HLS/Demo/demo/solution1/.autopilot/db/a.g.ld.1.lower.bc -args S:/Dokumenter/Skole/CS-Master/CS4110/Project/HLS/Demo/demo/solution1/.autopilot/db/a.g.ld.0.bc -reflow-lower-math-intrinsics 
Execute         ap_eval exec -ignorestderr S:/Xilinx/Vitis_HLS/2022.2/win64/tools/clang-3.9-csynth/bin/opt -pass-remarks-missed=reflow|pasta|unroll -pass-remarks=reflow|pasta|unroll|inline -pass-remarks-output=S:/Dokumenter/Skole/CS-Master/CS4110/Project/HLS/Demo/demo/solution1/.autopilot/db/a.g.ld.1.lower.bc.opt.diag.yml S:/Dokumenter/Skole/CS-Master/CS4110/Project/HLS/Demo/demo/solution1/.autopilot/db/a.g.ld.0.bc -reflow-lower-math-intrinsics -o S:/Dokumenter/Skole/CS-Master/CS4110/Project/HLS/Demo/demo/solution1/.autopilot/db/a.g.ld.1.lower.bc > S:/Dokumenter/Skole/CS-Master/CS4110/Project/HLS/Demo/demo/solution1/.autopilot/db/a.g.ld.1.lower.bc.opt.out.log 2> S:/Dokumenter/Skole/CS-Master/CS4110/Project/HLS/Demo/demo/solution1/.autopilot/db/a.g.ld.1.lower.bc.opt.err.log 
Command         ap_eval done; 0.152 sec.
INFO-FLOW: 
Command       run_link_or_opt done; 0.154 sec.
INFO-FLOW: Linking math bc lib
Execute       run_link_or_opt -out S:/Dokumenter/Skole/CS-Master/CS4110/Project/HLS/Demo/demo/solution1/.autopilot/db/a.g.ld.2.m1.bc -args S:/Dokumenter/Skole/CS-Master/CS4110/Project/HLS/Demo/demo/solution1/.autopilot/db/a.g.ld.1.lower.bc -only-needed S:/Xilinx/Vitis_HLS/2022.2/win64/lib/libhlsm_39.bc S:/Xilinx/Vitis_HLS/2022.2/win64/lib/libhlsmc++_39.bc 
Execute         ap_eval exec -ignorestderr S:/Xilinx/Vitis_HLS/2022.2/win64/tools/clang-3.9-csynth/bin/llvm-link S:/Dokumenter/Skole/CS-Master/CS4110/Project/HLS/Demo/demo/solution1/.autopilot/db/a.g.ld.1.lower.bc -only-needed S:/Xilinx/Vitis_HLS/2022.2/win64/lib/libhlsm_39.bc S:/Xilinx/Vitis_HLS/2022.2/win64/lib/libhlsmc++_39.bc -o S:/Dokumenter/Skole/CS-Master/CS4110/Project/HLS/Demo/demo/solution1/.autopilot/db/a.g.ld.2.m1.bc > S:/Dokumenter/Skole/CS-Master/CS4110/Project/HLS/Demo/demo/solution1/.autopilot/db/a.g.ld.2.m1.bc.llvm-link.out.log 2> S:/Dokumenter/Skole/CS-Master/CS4110/Project/HLS/Demo/demo/solution1/.autopilot/db/a.g.ld.2.m1.bc.llvm-link.err.log 
Command         ap_eval done; 2.02 sec.
INFO-FLOW: 
Command       run_link_or_opt done; 2.022 sec.
Execute       run_link_or_opt -opt -out S:/Dokumenter/Skole/CS-Master/CS4110/Project/HLS/Demo/demo/solution1/.autopilot/db/a.g.ld.3.fpc.bc -args S:/Dokumenter/Skole/CS-Master/CS4110/Project/HLS/Demo/demo/solution1/.autopilot/db/a.g.ld.2.m1.bc -reflow-globaldce -hls-top-function-name=substitute -reflow-float-conversion 
Execute         ap_eval exec -ignorestderr S:/Xilinx/Vitis_HLS/2022.2/win64/tools/clang-3.9-csynth/bin/opt -pass-remarks-missed=reflow|pasta|unroll -pass-remarks=reflow|pasta|unroll|inline -pass-remarks-output=S:/Dokumenter/Skole/CS-Master/CS4110/Project/HLS/Demo/demo/solution1/.autopilot/db/a.g.ld.3.fpc.bc.opt.diag.yml S:/Dokumenter/Skole/CS-Master/CS4110/Project/HLS/Demo/demo/solution1/.autopilot/db/a.g.ld.2.m1.bc -reflow-globaldce -hls-top-function-name=substitute -reflow-float-conversion -o S:/Dokumenter/Skole/CS-Master/CS4110/Project/HLS/Demo/demo/solution1/.autopilot/db/a.g.ld.3.fpc.bc > S:/Dokumenter/Skole/CS-Master/CS4110/Project/HLS/Demo/demo/solution1/.autopilot/db/a.g.ld.3.fpc.bc.opt.out.log 2> S:/Dokumenter/Skole/CS-Master/CS4110/Project/HLS/Demo/demo/solution1/.autopilot/db/a.g.ld.3.fpc.bc.opt.err.log 
Command         ap_eval done; 0.713 sec.
INFO-FLOW: 
Command       run_link_or_opt done; 0.715 sec.
Execute       run_link_or_opt -out S:/Dokumenter/Skole/CS-Master/CS4110/Project/HLS/Demo/demo/solution1/.autopilot/db/a.g.ld.4.m2.bc -args S:/Dokumenter/Skole/CS-Master/CS4110/Project/HLS/Demo/demo/solution1/.autopilot/db/a.g.ld.3.fpc.bc -only-needed S:/Xilinx/Vitis_HLS/2022.2/win64/lib/libfloatconversion_39.bc 
Execute         ap_eval exec -ignorestderr S:/Xilinx/Vitis_HLS/2022.2/win64/tools/clang-3.9-csynth/bin/llvm-link S:/Dokumenter/Skole/CS-Master/CS4110/Project/HLS/Demo/demo/solution1/.autopilot/db/a.g.ld.3.fpc.bc -only-needed S:/Xilinx/Vitis_HLS/2022.2/win64/lib/libfloatconversion_39.bc -o S:/Dokumenter/Skole/CS-Master/CS4110/Project/HLS/Demo/demo/solution1/.autopilot/db/a.g.ld.4.m2.bc > S:/Dokumenter/Skole/CS-Master/CS4110/Project/HLS/Demo/demo/solution1/.autopilot/db/a.g.ld.4.m2.bc.llvm-link.out.log 2> S:/Dokumenter/Skole/CS-Master/CS4110/Project/HLS/Demo/demo/solution1/.autopilot/db/a.g.ld.4.m2.bc.llvm-link.err.log 
INFO-FLOW: 
Execute       run_link_or_opt -opt -out S:/Dokumenter/Skole/CS-Master/CS4110/Project/HLS/Demo/demo/solution1/.autopilot/db/a.g.ld.5.gdce.bc -args S:/Dokumenter/Skole/CS-Master/CS4110/Project/HLS/Demo/demo/solution1/.autopilot/db/a.g.ld.4.m2.bc -reflow-globaldce -hls-top-function-name=substitute 
Execute         ap_eval exec -ignorestderr S:/Xilinx/Vitis_HLS/2022.2/win64/tools/clang-3.9-csynth/bin/opt -pass-remarks-missed=reflow|pasta|unroll -pass-remarks=reflow|pasta|unroll|inline -pass-remarks-output=S:/Dokumenter/Skole/CS-Master/CS4110/Project/HLS/Demo/demo/solution1/.autopilot/db/a.g.ld.5.gdce.bc.opt.diag.yml S:/Dokumenter/Skole/CS-Master/CS4110/Project/HLS/Demo/demo/solution1/.autopilot/db/a.g.ld.4.m2.bc -reflow-globaldce -hls-top-function-name=substitute -o S:/Dokumenter/Skole/CS-Master/CS4110/Project/HLS/Demo/demo/solution1/.autopilot/db/a.g.ld.5.gdce.bc > S:/Dokumenter/Skole/CS-Master/CS4110/Project/HLS/Demo/demo/solution1/.autopilot/db/a.g.ld.5.gdce.bc.opt.out.log 2> S:/Dokumenter/Skole/CS-Master/CS4110/Project/HLS/Demo/demo/solution1/.autopilot/db/a.g.ld.5.gdce.bc.opt.err.log 
INFO-FLOW: 
Execute       send_msg_by_id INFO @200-777@%s Vivado 
INFO: [HLS 200-777] Using interface defaults for 'Vivado' flow target.
Execute       is_m_axi_addr64 
INFO-FLOW: Doing LTO.
Execute       ap_eval exec -ignorestderr S:/Xilinx/Vitis_HLS/2022.2/win64/tools/clang-3.9-csynth/bin/clang -foptimization-record-file=S:/Dokumenter/Skole/CS-Master/CS4110/Project/HLS/Demo/demo/solution1/.autopilot/db/a.g.ld.0.bc.clang.diag.yml -mllvm -pass-remarks-missed=reflow|pasta|unroll -mllvm -pass-remarks=reflow|pasta|unroll|inline -fhls -mllvm -hls-top-function-name=substitute -mllvm -hls-db-dir -mllvm S:/Dokumenter/Skole/CS-Master/CS4110/Project/HLS/Demo/demo/solution1/.autopilot/db -emit-llvm -c -target fpga64-xilinx-none -mllvm -xcl-xmlinfo=S:/Dokumenter/Skole/CS-Master/CS4110/Project/HLS/Demo/demo/solution1/.autopilot/db/kernel.internal.xml -mllvm -top-io-mapping-info=S:/Dokumenter/Skole/CS-Master/CS4110/Project/HLS/Demo/demo/solution1/.autopilot/db/top-io-fe.xml -mllvm -hls-bitcode-version=3.1 -mllvm -reflow-enable-slave-interface-default-setting=true -mllvm -gen-kernel-xml=false -mllvm -default-maxi-offset=slave -mllvm -maxi-latency=0 -mllvm -hls-maxi-data-size-in-bits=8 -mllvm -hls-maxi-max-data-size-in-bits=1024 -mllvm -hls-max-widen-size-in-bits=0 -mllvm -xcl-kernel-max-mem-ports=0 -mllvm -maxi-read-trans=16 -mllvm -maxi-write-trans=16 -mllvm -maxi-read-burst-len=16 -mllvm -maxi-write-burst-len=16 -mllvm -reflow-enable-saxi-64bits=0 -mllvm -reflow-basic-block-instr-threshold=200000 -mllvm -reflow-auto-pipeline-threshold=64 -mllvm -reflow-enable-maxi-auto-id-channel=0 -mllvm -assume-maxi-align=1 -mllvm -reflow-pipeline-style-llvm-setting=2 -mllvm -reflow-enable-dataflow-strict-mode-checking=1 -mllvm -reflow-auto-array-partition-mode=default -mllvm -reflow-enable-auto-array-partition=true -mllvm -reflow-enable-auto-parallel-performance-driven=true -mllvm -reflow-enable-partition-for-automation=true -mllvm -reflow-aggregate-bitwidth-threshold=4096 -mllvm -reflow-assume-no-address-wrap=true -mllvm -hls -mllvm -disable-inlined-alloca-merging=true -mllvm -default-clock-period=10 -x ir S:/Dokumenter/Skole/CS-Master/CS4110/Project/HLS/Demo/demo/solution1/.autopilot/db/a.g.ld.5.gdce.bc -o S:/Dokumenter/Skole/CS-Master/CS4110/Project/HLS/Demo/demo/solution1/.autopilot/db/a.g.lto.bc {-hls-platform-db-name=S:/Xilinx/Vitis_HLS/2022.2/common/technology\xilinx/common/platform.db} -hls-platform-name=virtexuplus_slow -device-resource-info=BRAM_4032.000000_DSP_9216.000000_FF_2592000.000000_LUT_1296000.000000_SLICE_162000.000000_SLR_3.000000_URAM_960.000000 -device-name-info=xcvu11p-flga2577-1-e > S:/Dokumenter/Skole/CS-Master/CS4110/Project/HLS/Demo/demo/solution1/.autopilot/db/a.g.ld.0.bc.clang.out.log 2> S:/Dokumenter/Skole/CS-Master/CS4110/Project/HLS/Demo/demo/solution1/.autopilot/db/a.g.ld.0.bc.clang.err.log 
Command       ap_eval done; 0.233 sec.
INFO-FLOW: DBG:PUTS: copy_raw_kernel_xml ap_link_39: kernel.xml not generated: S:/Dokumenter/Skole/CS-Master/CS4110/Project/HLS/Demo/demo/solution1/.autopilot/db/kernel.internal.xml
INFO: [HLS 200-111] Finished Compiling Optimization and Transform: CPU user time: 0 seconds. CPU system time: 0 seconds. Elapsed time: 3.281 seconds; current allocated memory: 681.602 MB.
INFO: [HLS 200-111] Finished Checking Pragmas: CPU user time: 0 seconds. CPU system time: 0 seconds. Elapsed time: 0.002 seconds; current allocated memory: 681.602 MB.
Execute       opt_and_import_c a -opt_level=2 -skip_syncheck=0 -ng=0 -keep_printf=0 
Execute         cleanup_all_models 
INFO: [HLS 200-10] Starting code transformations ...
INFO-FLOW: Running Standard Transforms...
Execute         transform -hls -share-std-xform -demangle-name -inline-byval-memcpy -always-inline -promote-dbg-pointer -interface-preproc -mem2reg -scalarrepl -mem2reg -keep-read-access -instcombine -dce -promote-dbg-pointer -bitop-raise -loop-simplify -indvarspre -indvars -loop-simplify -xunroll -constprop -instcombine -simplifycfg -indvars -simplifycfg -dce -globaldce -basicaa -simplifycfg -mem2reg -globalopt -global-constprop -deadargelim -instcombine -simplifycfg -scalarrepl -instcombine -reassociate -licm -simplifycfg -loop-simplify -indvars -instcombine -simplifycfg -mem2reg -loop-simplify -indvars -instcombine -gvn -gvn -instcombine -adce -break-crit-edges -simplifycfg -loop-delete -global-array-opt -dce -dse -adce -find-syn-modules -top substitute -deadargelim -mem2reg -instcombine -dce -presyn-prepare -auto-rom-infer -interface-preproc -syn-check -check-rec-only -find-region -simplifycfg -func-extr -function-inline -globaldce -mem2reg -instcombine -dce -gvn -globaldce -adce -adse -constprop -instcombine -bit-constprop -instcombine -dce -simplifycfg -bitop-raise -simplifycfg -dce -loop-delete -reassociate -globalopt -global-privatize -mem2reg -dce -global-constprop -pointer-simplify -constprop -dce -auto-shift-reg-idiom -promote-dbg-pointer -norm-name S:/Dokumenter/Skole/CS-Master/CS4110/Project/HLS/Demo/demo/solution1/.autopilot/db/a.g.0.bc -o S:/Dokumenter/Skole/CS-Master/CS4110/Project/HLS/Demo/demo/solution1/.autopilot/db/a.g.1.bc -f -phase std-opt 
INFO: [HLS 200-111] Finished Standard Transforms: CPU user time: 0 seconds. CPU system time: 0 seconds. Elapsed time: 0.092 seconds; current allocated memory: 686.586 MB.
INFO: [HLS 200-10] Checking synthesizability ...
INFO-FLOW: Checking Synthesizability 1/2..
Execute         transform -hls -syn-check -check-rec-only -scalarrepl -norm-name -dce -mem2reg -instcombine -directive-preproc -mem2reg -dse -dce -auto-rom-infer -dce -pag -array-normalize -instcombine -dce -array-seg-normalize -instcombine -dce -data-pack -instcombine -dce -inst-simplify -array-flatten -instcombine -dce -array-burst -dce -deadargelim -promote-global-argument -simplifycfg -mem2reg -globaldce -dce -deadargelim -dce -instcombine -function-inline -globaldce -dce -doublePtrSimplify -doublePtrElim -dce -doublePtrSimplify -promote-dbg-pointer -dce -scalarrepl -dse -adse -instcombine -ptrLegalization -simplifycfg -dce -instcombine -pointer-simplify -ptrArgReplace -dce -instcombine -resolve-double-ptr -scalarrepl -norm-name -dce -mem2reg -instcombine -ptrLegalization -simplifycfg -deadargelim -instcombine -dce -inst-simplify -directive-preproc -mem2reg -dse -dce -globaldce S:/Dokumenter/Skole/CS-Master/CS4110/Project/HLS/Demo/demo/solution1/.autopilot/db/a.g.1.bc -o S:/Dokumenter/Skole/CS-Master/CS4110/Project/HLS/Demo/demo/solution1/.autopilot/db/a.g.2.prechk.bc -f 
INFO-FLOW: Checking Synthesizability 2/2..
Execute         transform -syn-check S:/Dokumenter/Skole/CS-Master/CS4110/Project/HLS/Demo/demo/solution1/.autopilot/db/a.g.2.prechk.bc -o S:/Dokumenter/Skole/CS-Master/CS4110/Project/HLS/Demo/demo/solution1/.autopilot/db/a.g.2.bc -f -phase syn-check 
INFO: [HLS 200-111] Finished Checking Synthesizability: CPU user time: 0 seconds. CPU system time: 0 seconds. Elapsed time: 0.023 seconds; current allocated memory: 687.707 MB.
INFO-FLOW: Compiler optimizing ...
INFO-FLOW: Share syncheck's 1.bc for syn flow: copy S:/Dokumenter/Skole/CS-Master/CS4110/Project/HLS/Demo/demo/solution1/.autopilot/db/a.g.1.bc to S:/Dokumenter/Skole/CS-Master/CS4110/Project/HLS/Demo/demo/solution1/.autopilot/db/a.o.1.bc
INFO-FLOW: Presyn 1...
Execute         transform -hls -tmp S:/Dokumenter/Skole/CS-Master/CS4110/Project/HLS/Demo/demo/solution1/.autopilot/db -interface-port-rename -directive-preproc -mem2reg -dse -dce -scalarrepl -norm-name -deadargelim -mem2reg -instcombine -dce -simplifycfg -auto-rom-infer -dce -resource-proc -clib-intrinsic-prepare -dce -func-buffer -dce -pag -array-normalize -func-legal -instcombine -gvn -constprop -dce -simplifycfg -mem2reg -globaldce -resolve-double-ptr -dce -deadargelim -dce -instcombine -ptrArgReplace -mem2reg -dce -array-seg-normalize -deadargelim -instcombine -dce -directive-preproc -mem2reg -dse -dce -pointer-simplify -dce -port-alignment -dce -interface-preproc -data-pack -instcombine -dce -basicaa -aggr-aa -aggrmodref-aa -aggr-aa -gvn -gvn -basicaa -aggr-aa -aggrmodref-aa -aggr-aa -dse -adse -adce -loop-simplify -indvars -instcombine -gvn -loop-simplify -mem2reg -dce -find-region -instcombine -auto-loop-pipeline -inst-simplify -interface-preproc -cfgopt -instcombine -indvars -auto-loop-unroll -loop-simplify -loop-bound -xunroll -constprop -instcombine -simplifycfg -indvars -simplifycfg -dce -globaldce -clean-region -attach-range -gvn -inst-simplify -constprop -simplifycfg -dce -pointer-simplify -dce -globalopt -constprop -dce -array-promote -scalar-auto-dep-elim -constprop -dce -ptrArgReplace -mem2reg -simplifycfg -dce -instcombine -dce -array-transform-check -array-reshape -instcombine -simplifycfg -dce -ptrArgReplace -deadargelim -mem2reg -instcombine -simplifycfg -dce -indvars -loop-simplify -loop-bound -xunroll -constprop -instcombine -simplifycfg -indvars -simplifycfg -dce -globaldce -basicaa -aggr-aa -aggrmodref-aa -aggr-aa -dse -duplicate-dataflow-processes -globaldce -instcombine -array-partition -prepare-dynamic-array-partition -instcombine -simplifycfg -dce -ptrArgReplace -global-constprop -deadargelim -mem2reg -func-legal -dce -global-constprop -deadargelim -mem2reg -simplifycfg -dce -merge-param -deadargelim -globalopt -constprop -dce -array-promote -scalar-auto-dep-elim -constprop -dce -ptrArgReplace -mem2reg -simplifycfg -dce -mem-intrinsic-preproc -dce -global-internalize -global-privatize -mem2reg -globaldce -promote-global-argument -ptrArgReplace -mem2reg -dce -globalopt -mergereturn -simplify-global-access -mem2reg -dce -pointer-simplify -dce -functionattrs -basicaa -aggr-aa -aggrmodref-aa -aggr-aa -gvn -gvn -basicaa -aggr-aa -aggrmodref-aa -aggr-aa -dse -adse -adce -dce -norm-name -basicaa -aggr-aa -aggrmodref-aa -aggr-aa -accesses-merge -function-inline -complex-op-raise -inst-simplify -globaldce -func-legal -dce -loop-bound -arraycheck -bitwidthmin2 -bitwidthmin2 -on-by-dataflow -loop-delete -instcombine -simplifycfg -globaldce -dce -gvn -deadargelim -dce -loop-simplify -clean-region -simplifycfg -propagate-stable-arguments -loop-stream -instcombine -simplifycfg -dce -globaldce -duplicate-dataflow-processes -stream-intrinsic-preproc -dce -check-ap-stream -loop-simplify -eliminate-keepreads -extract-dataflow-in-loop -loop-simplify -dce -gvn -deadargelim -dse -duplicate-dataflow-processes -check-dataflow-syntax -legalize-stream-variable -globaldce -legalize-global -extract-subproc -dce -dead-channel-elimination -canonicalize-gep -globaldce -dce -gvn -hls-dead-arg-elim -deadargelim -directive-preproc -canonicalize-dataflow -dce -globaldce -scalar-preprocessing -scalar-propagation2 -deadargelim -globaldce -mem2reg -check-dataflow-channels -function-stream -dce -globaldce -prop-fifo-spec -internal-stream-gen -canonicalize-gep -globaldce -dce -gvn -deadargelim -mergereturn -indvars -loop-simplify -instcombine -array-stream -array-seg-normalize -array-partition -func-legal -instcombine -simplifycfg -dce -bundle-memfifo-ops -deadargelim -directive-preproc -mem2reg -dse -dce -group-axi-access -licm -simplifycfg -dce -loop-delete -hls-display -norm-name S:/Dokumenter/Skole/CS-Master/CS4110/Project/HLS/Demo/demo/solution1/.autopilot/db/a.o.1.bc -o S:/Dokumenter/Skole/CS-Master/CS4110/Project/HLS/Demo/demo/solution1/.autopilot/db/a.o.1.tmp.bc -f 
INFO-FLOW: Presyn 2...
Execute         transform -hls -keep-callgraph -scalarrepl -mem2reg -port-alignment -attach-range -dce -pipe-mux-gen -indvars -loop-bound -inst-simplify -instcombine -dce -merge-array-access -mem2reg -dce -clean-region -mergereturn -if-conv -instcombine -dce -constprop -basicaa -aggr-aa -aggrmodref-aa -aggr-aa -gvn -gvn -basicaa -aggr-aa -aggrmodref-aa -aggr-aa -dse -adse -adce -scalarrepl -mem2reg -global-constprop -deadargelim -deadargelim -instcombine -dce -simplifycfg -ptrArgReplace -mem2reg -function-inline -globaldce -mem2reg -instcombine -dce -expr-balance -instcombine -dce -bitwidthmin2 -bitwidthmin2 -interface-preproc -directive-preproc -inst-rectify -instcombine -dce -functionattrs -constprop -instcombine -bit-constprop -simplify-global-access -globalopt -globaldce -inst-simplify -instcombine -elimdeaddata -dce -loop-delete -simplifycfg -loop-simplify -barrier -norm-name S:/Dokumenter/Skole/CS-Master/CS4110/Project/HLS/Demo/demo/solution1/.autopilot/db/a.o.1.tmp.bc -o S:/Dokumenter/Skole/CS-Master/CS4110/Project/HLS/Demo/demo/solution1/.autopilot/db/a.o.2.bc -f -phase presyn 
INFO: [XFORM 203-401] Performing if-conversion on hyperblock from (../../../Code/demo/substitute.c:32:19) in function 'substitute'... converting 3 basic blocks.
INFO: [HLS 200-111] Finished Loop, function and other optimizations: CPU user time: 0 seconds. CPU system time: 0 seconds. Elapsed time: 0.108 seconds; current allocated memory: 708.953 MB.
INFO-FLOW: Building ssdm...
Execute         transform -hls -auto-function-inline -globaldce -ptrArgReplace -mem2reg -dce -reset-lda -loop-simplify -indvars -aggr-aa -licm -loop-dep -loop-bound -licm -loop-simplify -loop-sink-hoist -flattenloopnest -array-flatten -gvn -instcombine -dce -array-map -dce -func-legal -gvn -adce -instcombine -cfgopt -simplifycfg -loop-simplify -array-burst -promote-global-argument -dce -array-seg-normalize -basicaa -aggrmodref-aa -globalsmodref-aa -aggr-aa -gvn -gvn -basicaa -aggrmodref-aa -globalsmodref-aa -aggr-aa -dse -adse -adce -licm -inst-simplify -dce -globaldce -instcombine -array-stream -eliminate-keepreads -instcombine -dce -deadargelim -doublePtrSimplify -doublePtrElim -dce -doublePtrSimplify -promote-dbg-pointer -dce -scalarrepl -mem2reg -norm-name -mem2reg -instcombine -dse -adse -adce -ptrLegalization -dce -auto-rom-infer -array-flatten -dce -instcombine -check-doubleptr -loop-rot -constprop -cfgopt -simplifycfg -loop-simplify -indvars -pointer-simplify -dce -loop-bound -loop-simplify -loop-preproc -constprop -global-constprop -gvn -mem2reg -instcombine -dce -loop-bound -loop-merge -dce -deadargelim -dce -canonicalize-dataflow -dce -deadargelim -globaldce -mem2reg -bram-byte-enable -load-elim -read-loop-dep -loop-simplify -loop-extract-inner -directive-preproc -bitwidthmin2 -bitwidthmin2 -read-loop-dep -interface-preproc -directive-preproc -interface-gen -bram-byte-enable-spec-prop -deadargelim -inst-simplify -dce -gvn -mem2reg -instcombine -dce -adse -loop-bound -instcombine -cfgopt -simplifycfg -loop-simplify -clean-region -io-protocol -find-region -mem2reg -bitop-raise -complex-op-raise -inst-simplify -inst-rectify -instcombine -adce -deadargelim -float-op-raise -loop-simplify -phi-opt -bitop-raise -cfgopt -simplifycfg -strip-dead-prototypes -interface-lower -bitop-lower -intrinsic-lower -auto-function-inline -basicaa -aggrmodref-aa -globalsmodref-aa -aggr-aa -inst-simplify -simplifycfg -loop-simplify -mergereturn -inst-simplify -inst-rectify -dce -load-elim -bitop-lower -float-op-raise -fma-raise -loop-rewind -pointer-simplify -dce -cfgopt -dce -loop-bound -loop-dep -read-loop-dep -dce -dyn-mem-reuse -dce -recurrence-min -dce -share-scalar-alloca -deadargelim -dce -check-stream -norm-name -legalize -validate-dataflow -inst-clarity -bitwidth -dump-loop-dep-to-ir -check-all-ssdm -cdfg-build S:/Dokumenter/Skole/CS-Master/CS4110/Project/HLS/Demo/demo/solution1/.autopilot/db/a.o.2.bc -o S:/Dokumenter/Skole/CS-Master/CS4110/Project/HLS/Demo/demo/solution1/.autopilot/db/a.o.3.bc -f -phase build-ssdm 
INFO: [HLS 200-111] Finished Architecture Synthesis: CPU user time: 0 seconds. CPU system time: 0 seconds. Elapsed time: 0.032 seconds; current allocated memory: 709.004 MB.
INFO-FLOW: Finish building internal data model.
Command       opt_and_import_c done; 0.256 sec.
Command     elaborate done; 4.305 sec.
Execute     ap_eval exec zip -j S:/Dokumenter/Skole/CS-Master/CS4110/Project/HLS/Demo/demo/solution1/.autopilot/db/dut.hcp $dbDir/a.o.3.bc $dbDir/${topname}.rtl_wrap.cfg.tcl $dbDir/apatb_${topname}.cpp $dbDir/apatb_${topname}_util.cpp $dbDir/apatb_${topname}_ir.ll $dbDir/mapper_${topname}.cpp $dbDir/top-io-fe.xml $dbDir/kernel.internal.xml $workdir/../hls.app 
Execute     autosyn -from_csynth_design=1 
INFO: [HLS 200-10] Starting hardware synthesis ...
INFO-FLOW: Synthesizing C/C++ design ...
INFO: [HLS 200-10] Synthesizing 'substitute' ...
Execute       ap_set_top_model substitute 
Execute       get_model_list substitute -filter all-wo-channel -topdown 
Execute       preproc_iomode -model substitute 
Execute       get_model_list substitute -filter all-wo-channel 
INFO-FLOW: Model list for configure: substitute
INFO-FLOW: Configuring Module : substitute ...
Execute       set_default_model substitute 
Execute       apply_spec_resource_limit substitute 
INFO-FLOW: Model list for preprocess: substitute
INFO-FLOW: Preprocessing Module: substitute ...
Execute       set_default_model substitute 
Execute       cdfg_preprocess -model substitute 
Execute       rtl_gen_preprocess substitute 
INFO-FLOW: Model list for synthesis: substitute
INFO: [HLS 200-10] ----------------------------------------------------------------
INFO: [HLS 200-42] -- Implementing module 'substitute' 
INFO: [HLS 200-10] ----------------------------------------------------------------
Execute       set_default_model substitute 
Execute       schedule -model substitute 
INFO: [SCHED 204-11] Starting scheduling ...
INFO: [SCHED 204-11] Finished scheduling.
INFO: [HLS 200-111] Finished Scheduling: CPU user time: 0 seconds. CPU system time: 0 seconds. Elapsed time: 0.156 seconds; current allocated memory: 709.004 MB.
Execute       syn_report -verbosereport -o S:/Dokumenter/Skole/CS-Master/CS4110/Project/HLS/Demo/demo/solution1/.autopilot/db/substitute.verbose.sched.rpt 
Execute         AP::get_flow_target_display_name
Execute       db_write -o S:/Dokumenter/Skole/CS-Master/CS4110/Project/HLS/Demo/demo/solution1/.autopilot/db/substitute.sched.adb -f 
INFO-FLOW: Finish scheduling substitute.
Execute       set_default_model substitute 
Execute       bind -model substitute 
INFO: [BIND 205-100] Starting micro-architecture generation ...
INFO: [BIND 205-101] Performing variable lifetime analysis.
INFO: [BIND 205-101] Exploring resource sharing.
INFO: [BIND 205-101] Binding ...
INFO: [BIND 205-100] Finished micro-architecture generation.
INFO: [HLS 200-111] Finished Binding: CPU user time: 1 seconds. CPU system time: 0 seconds. Elapsed time: 0.053 seconds; current allocated memory: 709.004 MB.
Execute       syn_report -verbosereport -o S:/Dokumenter/Skole/CS-Master/CS4110/Project/HLS/Demo/demo/solution1/.autopilot/db/substitute.verbose.bind.rpt 
Execute         AP::get_flow_target_display_name
Execute       db_write -o S:/Dokumenter/Skole/CS-Master/CS4110/Project/HLS/Demo/demo/solution1/.autopilot/db/substitute.bind.adb -f 
INFO-FLOW: Finish binding substitute.
Execute       get_model_list substitute -filter all-wo-channel 
INFO-FLOW: Preprocessing for RTLGen ...
Execute       rtl_gen_preprocess substitute 
INFO-FLOW: Model list for RTL generation: substitute
INFO: [HLS 200-10] ----------------------------------------------------------------
INFO: [HLS 200-10] -- Generating RTL for module 'substitute' 
INFO: [HLS 200-10] ----------------------------------------------------------------
Execute       create_rtl_model substitute -top_prefix  -sub_prefix substitute_ -mg_file S:/Dokumenter/Skole/CS-Master/CS4110/Project/HLS/Demo/demo/solution1/.autopilot/db/substitute.compgen.tcl 
WARNING: [RTGEN 206-101] Design contains AXI ports. Reset is fixed to synchronous and active low.
INFO: [RTGEN 206-500] Setting interface mode on port 'substitute/input_r' to 's_axilite & ap_none'.
INFO: [RTGEN 206-500] Setting interface mode on port 'substitute/output_r' to 's_axilite & ap_vld'.
INFO: [RTGEN 206-500] Setting interface mode on function 'substitute' to 's_axilite & ap_ctrl_hs'.
WARNING: [RTGEN 206-101] Register 'key_i' is power-on initialization.
WARNING: [RTGEN 206-101] Global array 'substitute_key' will not be exposed as RTL port.
INFO: [RTGEN 206-100] Bundling port 'input_r', 'output_r' to AXI-Lite port control.
INFO: [RTGEN 206-100] Finished creating RTL model for 'substitute'.
INFO: [RTMG 210-279] Implementing memory 'substitute_substitute_key_ROM_AUTO_1R' using auto ROMs.
INFO: [HLS 200-111] Finished Creating RTL model: CPU user time: 0 seconds. CPU system time: 0 seconds. Elapsed time: 0.107 seconds; current allocated memory: 709.379 MB.
Execute       source S:/Dokumenter/Skole/CS-Master/CS4110/Project/HLS/Demo/demo/solution1/.autopilot/db/substitute.rtl_wrap.cfg.tcl 
Execute       gen_rtl substitute -istop -style xilinx -f -lang vhdl -o S:/Dokumenter/Skole/CS-Master/CS4110/Project/HLS/Demo/demo/solution1/syn/vhdl/substitute 
Execute       gen_rtl substitute -istop -style xilinx -f -lang vlog -o S:/Dokumenter/Skole/CS-Master/CS4110/Project/HLS/Demo/demo/solution1/syn/verilog/substitute 
Execute       syn_report -csynth -model substitute -o S:/Dokumenter/Skole/CS-Master/CS4110/Project/HLS/Demo/demo/solution1/syn/report/substitute_csynth.rpt 
Execute         AP::get_flow_target_display_name
Execute       syn_report -rtlxml -model substitute -o S:/Dokumenter/Skole/CS-Master/CS4110/Project/HLS/Demo/demo/solution1/syn/report/substitute_csynth.xml 
Execute       syn_report -verbosereport -model substitute -o S:/Dokumenter/Skole/CS-Master/CS4110/Project/HLS/Demo/demo/solution1/.autopilot/db/substitute.verbose.rpt 
Execute         AP::get_flow_target_display_name
Execute       db_write -model substitute -f -o S:/Dokumenter/Skole/CS-Master/CS4110/Project/HLS/Demo/demo/solution1/.autopilot/db/substitute.adb 
Execute       db_write -model substitute -bindview -o S:/Dokumenter/Skole/CS-Master/CS4110/Project/HLS/Demo/demo/solution1/.autopilot/db/design.bindinfo.xml 
Execute       gen_tb_info substitute -p S:/Dokumenter/Skole/CS-Master/CS4110/Project/HLS/Demo/demo/solution1/.autopilot/db -o S:/Dokumenter/Skole/CS-Master/CS4110/Project/HLS/Demo/demo/solution1/.autopilot/db/substitute 
Execute       export_constraint_db -f -tool general -o S:/Dokumenter/Skole/CS-Master/CS4110/Project/HLS/Demo/demo/solution1/.autopilot/db/substitute.constraint.tcl 
Execute       syn_report -designview -model substitute -o S:/Dokumenter/Skole/CS-Master/CS4110/Project/HLS/Demo/demo/solution1/.autopilot/db/substitute.design.xml 
Execute       syn_report -csynthDesign -model substitute -o S:/Dokumenter/Skole/CS-Master/CS4110/Project/HLS/Demo/demo/solution1/syn/report/csynth.rpt 
Execute         AP::get_flow_target_display_name
Execute       syn_report -wcfg -model substitute -o S:/Dokumenter/Skole/CS-Master/CS4110/Project/HLS/Demo/demo/solution1/.autopilot/db/substitute_dataflow_ana.wcfg 
Execute       syn_report -protoinst -model substitute -o S:/Dokumenter/Skole/CS-Master/CS4110/Project/HLS/Demo/demo/solution1/.autopilot/db/substitute.protoinst 
Execute       sc_get_clocks substitute 
Execute       sc_get_portdomain substitute 
INFO-FLOW: Model list for RTL component generation: substitute
INFO-FLOW: Handling components in module [substitute] ... 
Execute       source S:/Dokumenter/Skole/CS-Master/CS4110/Project/HLS/Demo/demo/solution1/.autopilot/db/substitute.compgen.tcl 
INFO-FLOW: Found component substitute_substitute_key_ROM_AUTO_1R.
INFO-FLOW: Append model substitute_substitute_key_ROM_AUTO_1R
INFO-FLOW: Found component substitute_control_s_axi.
INFO-FLOW: Append model substitute_control_s_axi
INFO-FLOW: Append model substitute
INFO-FLOW: Generating RTL model list ...
INFO-FLOW: All models in this session: substitute_substitute_key_ROM_AUTO_1R substitute_control_s_axi substitute
INFO-FLOW: Generating S:/Dokumenter/Skole/CS-Master/CS4110/Project/HLS/Demo/demo/solution1/.autopilot/db/autopilot.rtl.models.txt file...
INFO-FLOW: To file: write model substitute_substitute_key_ROM_AUTO_1R
INFO-FLOW: To file: write model substitute_control_s_axi
INFO-FLOW: To file: write model substitute
INFO-FLOW: Generating S:/Dokumenter/Skole/CS-Master/CS4110/Project/HLS/Demo/demo/solution1/.autopilot/db/autopilot.rtl.models.tcl file...
INFO-FLOW: Finished generating RTL model list.


INFO-FLOW: RTL Generation done.
INFO-FLOW: CAS Generation done.
INFO-FLOW: CBC Generation done.
INFO-FLOW: DBG:PROC: ::AESL_AUTOMG::auto_generate_csynth_design
INFO-FLOW: DBG:PUTS: read_platform_lib S:/Dokumenter/Skole/CS-Master/CS4110/Project/HLS/Demo/demo/solution1/.autopilot/db/global.setting.tcl
Execute       source S:/Xilinx/Vitis_HLS/2022.2/common/technology/generic/autopilot/common.gen 
Execute         source S:/Xilinx/Vitis_HLS/2022.2/common/technology/generic/autopilot/APCoreGen.gen 
Execute       source S:/Xilinx/Vitis_HLS/2022.2/common/technology/generic/autopilot/op.gen 
Execute       source S:/Xilinx/Vitis_HLS/2022.2/common/technology/generic/autopilot/op_simcore.gen 
Execute       source S:/Xilinx/Vitis_HLS/2022.2/common/technology/generic/autopilot/interface.gen 
Execute       source S:/Dokumenter/Skole/CS-Master/CS4110/Project/HLS/Demo/demo/solution1/.autopilot/db/global.setting.tcl 
Execute       source S:/Xilinx/Vitis_HLS/2022.2/common/technology/xilinx/common/xilinx.gen 
Execute         source S:/Xilinx/Vitis_HLS/2022.2/common/technology/xilinx/interface/plb46.gen 
Execute         source S:/Xilinx/Vitis_HLS/2022.2/common/technology/xilinx/interface/axi4.gen 
Execute         source S:/Xilinx/Vitis_HLS/2022.2/common/technology/xilinx/interface/nativeAXI4.gen 
Execute           source S:/Xilinx/Vitis_HLS/2022.2/common/technology/xilinx/interface/saxilite.gen 
Execute         source S:/Xilinx/Vitis_HLS/2022.2/common/technology/xilinx/scripts/xilinxcoregen.gen 
Execute         source S:/Xilinx/Vitis_HLS/2022.2/common/technology/xilinx/interface/XilEDKCoreGen.gen 
Execute         source S:/Xilinx/Vitis_HLS/2022.2/common/technology/xilinx/ip/dds_compiler.gen 
Execute         source S:/Xilinx/Vitis_HLS/2022.2/common/technology/xilinx/ip/util.gen 
Execute         source S:/Xilinx/Vitis_HLS/2022.2/common/technology/xilinx/ip/xfft.gen 
Execute         source S:/Xilinx/Vitis_HLS/2022.2/common/technology/xilinx/ip/xfir.gen 
Execute         source S:/Xilinx/Vitis_HLS/2022.2/common/technology/xilinx/DSP48/dsp48.gen 
INFO-FLOW: DBG:PUTS:   using AESL_AUTOCG::g_clock_period=10.000 (was NA)
INFO-FLOW: DBG:PROC: ::AESL_AUTOMG::generate_ip_cores gen_sim_model='1' gen_fp_models='0' gen_for_export='0' dstSCDir='' dstVhdlDir='S:/Dokumenter/Skole/CS-Master/CS4110/Project/HLS/Demo/demo/solution1/.autopilot/db/vhdl' dstVlogDir='S:/Dokumenter/Skole/CS-Master/CS4110/Project/HLS/Demo/demo/solution1/.autopilot/db/vlog' tclDir='S:/Dokumenter/Skole/CS-Master/CS4110/Project/HLS/Demo/demo/solution1/.autopilot/db' modelList='substitute_substitute_key_ROM_AUTO_1R
substitute_control_s_axi
substitute
' expOnly='0'
Execute       source S:/Dokumenter/Skole/CS-Master/CS4110/Project/HLS/Demo/demo/solution1/.autopilot/db/global.setting.tcl 
Execute       ap_part_info -name xcvu11p-flga2577-1-e -data names -quiet 
Execute       ap_part_info -name xcvu11p-flga2577-1-e -data info -quiet 
Execute       source S:/Dokumenter/Skole/CS-Master/CS4110/Project/HLS/Demo/demo/solution1/.autopilot/db/global.setting.tcl 
Execute       source S:/Dokumenter/Skole/CS-Master/CS4110/Project/HLS/Demo/demo/solution1/.autopilot/db/global.setting.tcl 
Execute       source S:/Dokumenter/Skole/CS-Master/CS4110/Project/HLS/Demo/demo/solution1/.autopilot/db/substitute.compgen.tcl 
Execute         source ./control.slave.tcl 
INFO: [HLS 200-111] Finished Generating all RTL models: CPU user time: 0 seconds. CPU system time: 0 seconds. Elapsed time: 0.388 seconds; current allocated memory: 715.070 MB.
INFO-FLOW: DBG:PROC: ::HLSREPORTS::create_csynth_xml bind_info_var='bind_info' RtlSubPrefix='substitute_' outfile=''
INFO-FLOW: Running: create_csynth_xml read xml data
INFO-FLOW: Done: create_csynth_xml read xml data time: 0 seconds per iteration
INFO-FLOW: Running: create_csynth_xml bind info
INFO-FLOW: Done: create_csynth_xml bind info time: 0 seconds per iteration
INFO-FLOW: Running: create_csynth_xml config info
INFO-FLOW: Done: create_csynth_xml config info time: 0.1 seconds per iteration
INFO-FLOW: Running: create_csynth_xml write xml
INFO-FLOW: Done: create_csynth_xml write xml time: 0 seconds per iteration
INFO-FLOW: DBG:PUTS:      create_csynth_xml wrote csynth_xml=S:/Dokumenter/Skole/CS-Master/CS4110/Project/HLS/Demo/demo/solution1/syn/report/csynth.xml
INFO-FLOW: DBG:PROC: ::AP::DESIGN_DATA::generate_json generate_bd_files='0' generate_xo_files='0' modelList='substitute_substitute_key_ROM_AUTO_1R
substitute_control_s_axi
substitute
' rtl_lang='both' bootstrap_tcl='false' outdir='' outfilename=''
Execute       source S:/Dokumenter/Skole/CS-Master/CS4110/Project/HLS/Demo/demo/solution1/.autopilot/db/global.setting.tcl 
Execute       source S:/Dokumenter/Skole/CS-Master/CS4110/Project/HLS/Demo/demo/solution1/.autopilot/db/global.setting.tcl 
Execute       source S:/Dokumenter/Skole/CS-Master/CS4110/Project/HLS/Demo/demo/solution1/.autopilot/db/top-io-be.tcl 
Execute       source S:/Dokumenter/Skole/CS-Master/CS4110/Project/HLS/Demo/demo/solution1/.autopilot/db/substitute.tbgen.tcl 
Execute       source S:/Dokumenter/Skole/CS-Master/CS4110/Project/HLS/Demo/demo/solution1/.autopilot/db/substitute.compgen.dataonly.tcl 
Execute       source S:/Dokumenter/Skole/CS-Master/CS4110/Project/HLS/Demo/demo/solution1/.autopilot/db/substitute.compgen.dataonly.tcl 
Execute       source S:/Dokumenter/Skole/CS-Master/CS4110/Project/HLS/Demo/demo/solution1/.autopilot/db/substitute.rtl_wrap.cfg.tcl 
Execute       source S:/Dokumenter/Skole/CS-Master/CS4110/Project/HLS/Demo/demo/solution1/.autopilot/db/substitute.compgen.dataonly.tcl 
Execute       source S:/Dokumenter/Skole/CS-Master/CS4110/Project/HLS/Demo/demo/solution1/.autopilot/db/substitute.tbgen.tcl 
Execute       source S:/Dokumenter/Skole/CS-Master/CS4110/Project/HLS/Demo/demo/solution1/.autopilot/db/global.setting.tcl 
Execute       ap_part_info -name xcvu11p-flga2577-1-e -data names -quiet 
Execute       ap_part_info -name xcvu11p-flga2577-1-e -data info -quiet 
Execute       source S:/Dokumenter/Skole/CS-Master/CS4110/Project/HLS/Demo/demo/solution1/.autopilot/db/substitute.constraint.tcl 
Execute       sc_get_clocks substitute 
Execute       source S:/Dokumenter/Skole/CS-Master/CS4110/Project/HLS/Demo/demo/solution1/.autopilot/db/global.setting.tcl 
INFO-FLOW: DBG:PROC: ::HLSREPORTS::add_csynth_report_sections bind_info_dict='adapter_nodes {{BINDTYPE adapter DISPLAY {bind_adapter axilite} ID {} IMPL {} LATENCY {} OPTYPE {} PRAGMA yes RTLNAME control_s_axi_U SOURCE {} VARIABLE {} MODULE substitute LOOP {} BUNDLEDNAME control DSP 0 BRAM 0 URAM 0}} report_dict {TOPINST substitute MODULE2INSTS {substitute substitute} INST2MODULE {substitute substitute} INSTDATA {substitute {DEPTH 1 CHILDREN {}}} MODULEDATA {substitute {BINDINFO {{BINDTYPE op ID {} IMPL fabric LATENCY 0 OPTYPE add PRAGMA {} RTLNAME add_ln15_fu_124_p2 SOURCE ../../../Code/demo/substitute.c:15 VARIABLE add_ln15 LOOP {} BUNDLEDNAME {} DSP 0 BRAM 0 URAM 0 DISPNAME {bind_op add}} {BINDTYPE op ID {} IMPL fabric LATENCY 0 OPTYPE sub PRAGMA {} RTLNAME diff_fu_156_p2 SOURCE ../../../Code/demo/substitute.c:17 VARIABLE diff LOOP {} BUNDLEDNAME {} DSP 0 BRAM 0 URAM 0 DISPNAME {bind_op sub}} {BINDTYPE op ID {} IMPL fabric LATENCY 0 OPTYPE add PRAGMA {} RTLNAME add_ln21_fu_175_p2 SOURCE ../../../Code/demo/substitute.c:21 VARIABLE add_ln21 LOOP {} BUNDLEDNAME {} DSP 0 BRAM 0 URAM 0 DISPNAME {bind_op add}} {BINDTYPE op ID {} IMPL fabric LATENCY 0 OPTYPE add PRAGMA {} RTLNAME add_ln23_fu_145_p2 SOURCE ../../../Code/demo/substitute.c:23 VARIABLE add_ln23 LOOP {} BUNDLEDNAME {} DSP 0 BRAM 0 URAM 0 DISPNAME {bind_op add}} {BINDTYPE storage ID {} IMPL auto LATENCY 1 OPTYPE rom_2p PRAGMA {} RTLNAME substitute_key_U SOURCE {} VARIABLE substitute_key LOOP {} BUNDLEDNAME {} DSP 0 BRAM 0 URAM 0 DISPNAME {bind_storage rom_2p}}} AREA {DSP 0 BRAM 0 URAM 0}}}}'
INFO-FLOW: DBG:PUTS:      update_csynth_reports json2rpt_hw_sw_interfaces
INFO-FLOW: Running: gen_csynth_sec_pragma
INFO-FLOW: Done: gen_csynth_sec_pragma time: 0 seconds per iteration
INFO-FLOW: DBG:PUTS:      update_csynth_reports wrote xml
INFO-FLOW: DBG:PUTS:      update_csynth_reports appended to csynth rpt file
INFO: [HLS 200-111] Finished Updating report files: CPU user time: 0 seconds. CPU system time: 0 seconds. Elapsed time: 0.316 seconds; current allocated memory: 720.094 MB.
INFO: [VHDL 208-304] Generating VHDL RTL for substitute.
INFO: [VLOG 209-307] Generating Verilog RTL for substitute.
Execute       syn_report -model substitute -printsummary 
INFO: [HLS 200-789] **** Estimated Fmax: 239.18 MHz
Command     autosyn done; 0.973 sec.
Command   csynth_design done; 5.356 sec.
INFO: [HLS 200-111] Finished Command csynth_design CPU user time: 1 seconds. CPU system time: 0 seconds. Elapsed time: 5.356 seconds; current allocated memory: 39.363 MB.
Command ap_source done; 18.741 sec.
Execute cleanup_all 
