#-----------------------------------------------------------
# Vivado v2022.2 (64-bit)
# SW Build 3671981 on Fri Oct 14 05:00:03 MDT 2022
# IP Build 3669848 on Fri Oct 14 08:30:02 MDT 2022
# Start of session at: Wed Nov 16 11:45:38 2022
# Process ID: 15132
# Current directory: C:/Users/hevos/Documents/CS4110/VitisHLS/LW3/KentStian/solution1/impl/ip
# Command line: vivado.exe -notrace -mode batch -source run_ippack.tcl
# Log file: C:/Users/hevos/Documents/CS4110/VitisHLS/LW3/KentStian/solution1/impl/ip/vivado.log
# Journal file: C:/Users/hevos/Documents/CS4110/VitisHLS/LW3/KentStian/solution1/impl/ip\vivado.jou
# Running On: LAPTOP-USRGHIN7, OS: Windows, CPU Frequency: 1498 MHz, CPU Physical cores: 4, Host memory: 16829 MB
#-----------------------------------------------------------
source run_ippack.tcl -notrace
create_project: Time (s): cpu = 00:00:07 ; elapsed = 00:00:10 . Memory (MB): peak = 1041.301 ; gain = 157.062
INFO: [IP_Flow 19-234] Refreshing IP repositories
INFO: [IP_Flow 19-1704] No user IP repositories specified
INFO: [IP_Flow 19-2313] Loaded Vivado IP repository 'C:/Xilinx/Vivado/2022.2/data/ip'.
WARNING: [IP_Flow 19-4832] The IP name 'fir_fadd_32ns_32ns_32_5_full_dsp_1_ip' you have specified is long. The Windows operating system has path length limitations. It is recommended you use shorter names to reduce the likelihood of issues.
INFO: [IP_Flow 19-1686] Generating 'Synthesis' target for IP 'fir_fadd_32ns_32ns_32_5_full_dsp_1_ip'...
INFO: [IP_Flow 19-1686] Generating 'Simulation' target for IP 'fir_fadd_32ns_32ns_32_5_full_dsp_1_ip'...
WARNING: [IP_Flow 19-4832] The IP name 'fir_fmul_32ns_32ns_32_4_max_dsp_1_ip' you have specified is long. The Windows operating system has path length limitations. It is recommended you use shorter names to reduce the likelihood of issues.
INFO: [IP_Flow 19-1686] Generating 'Synthesis' target for IP 'fir_fmul_32ns_32ns_32_4_max_dsp_1_ip'...
INFO: [IP_Flow 19-1686] Generating 'Simulation' target for IP 'fir_fmul_32ns_32ns_32_4_max_dsp_1_ip'...
WARNING: [IP_Flow 19-4832] The IP name 'fir_sitofp_32ns_32_6_no_dsp_1_ip' you have specified is long. The Windows operating system has path length limitations. It is recommended you use shorter names to reduce the likelihood of issues.
INFO: [IP_Flow 19-1686] Generating 'Synthesis' target for IP 'fir_sitofp_32ns_32_6_no_dsp_1_ip'...
INFO: [IP_Flow 19-1686] Generating 'Simulation' target for IP 'fir_sitofp_32ns_32_6_no_dsp_1_ip'...
WARNING: [IP_Flow 19-4832] The IP name 'fir_uitofp_32ns_32_6_no_dsp_1_ip' you have specified is long. The Windows operating system has path length limitations. It is recommended you use shorter names to reduce the likelihood of issues.
INFO: [IP_Flow 19-1686] Generating 'Synthesis' target for IP 'fir_uitofp_32ns_32_6_no_dsp_1_ip'...
INFO: [IP_Flow 19-1686] Generating 'Simulation' target for IP 'fir_uitofp_32ns_32_6_no_dsp_1_ip'...
INFO: [IP_Flow 19-234] Refreshing IP repositories
INFO: [IP_Flow 19-1704] No user IP repositories specified
INFO: [IP_Flow 19-2313] Loaded Vivado IP repository 'C:/Xilinx/Vivado/2022.2/data/ip'.
INFO: [Common 17-206] Exiting Vivado at Wed Nov 16 11:46:19 2022...
