Vivado Simulator v2022.2
Copyright 1986-1999, 2001-2022 Xilinx, Inc. All Rights Reserved.
Running: C:/Xilinx/Vivado/2022.2/bin/unwrapped/win64.o/xelab.exe xil_defaultlib.apatb_fir_top glbl -Oenable_linking_all_libraries -prj fir.prj -L smartconnect_v1_0 -L axi_protocol_checker_v1_1_12 -L axi_protocol_checker_v1_1_13 -L axis_protocol_checker_v1_1_11 -L axis_protocol_checker_v1_1_12 -L xil_defaultlib -L unisims_ver -L xpm -L floating_point_v7_0_20 -L floating_point_v7_1_15 --lib ieee_proposed=./ieee_proposed -s fir -debug wave 
Multi-threading is on. Using 6 slave threads.
INFO: [VRFC 10-2263] Analyzing SystemVerilog file "C:/Users/hevos/Documents/CS4110/VitisHLS/LW3/KentStian/solution1/sim/verilog/ip/xil_defaultlib/fir_fadd_32ns_32ns_32_5_full_dsp_1_ip.v" into library xil_defaultlib
INFO: [VRFC 10-311] analyzing module fir_fadd_32ns_32ns_32_5_full_dsp_1_ip
INFO: [VRFC 10-2263] Analyzing SystemVerilog file "C:/Users/hevos/Documents/CS4110/VitisHLS/LW3/KentStian/solution1/sim/verilog/ip/xil_defaultlib/fir_fmul_32ns_32ns_32_4_max_dsp_1_ip.v" into library xil_defaultlib
INFO: [VRFC 10-311] analyzing module fir_fmul_32ns_32ns_32_4_max_dsp_1_ip
INFO: [VRFC 10-2263] Analyzing SystemVerilog file "C:/Users/hevos/Documents/CS4110/VitisHLS/LW3/KentStian/solution1/sim/verilog/ip/xil_defaultlib/fir_sitofp_32ns_32_6_no_dsp_1_ip.v" into library xil_defaultlib
INFO: [VRFC 10-311] analyzing module fir_sitofp_32ns_32_6_no_dsp_1_ip
INFO: [VRFC 10-2263] Analyzing SystemVerilog file "C:/Users/hevos/Documents/CS4110/VitisHLS/LW3/KentStian/solution1/sim/verilog/ip/xil_defaultlib/fir_uitofp_32ns_32_6_no_dsp_1_ip.v" into library xil_defaultlib
INFO: [VRFC 10-311] analyzing module fir_uitofp_32ns_32_6_no_dsp_1_ip
INFO: [VRFC 10-2263] Analyzing SystemVerilog file "C:/Users/hevos/Documents/CS4110/VitisHLS/LW3/KentStian/solution1/sim/verilog/glbl.v" into library work
INFO: [VRFC 10-311] analyzing module glbl
INFO: [VRFC 10-2263] Analyzing SystemVerilog file "C:/Users/hevos/Documents/CS4110/VitisHLS/LW3/KentStian/solution1/sim/verilog/AESL_axi_slave_control.v" into library xil_defaultlib
INFO: [VRFC 10-311] analyzing module AESL_axi_slave_control
INFO: [VRFC 10-2263] Analyzing SystemVerilog file "C:/Users/hevos/Documents/CS4110/VitisHLS/LW3/KentStian/solution1/sim/verilog/fir.autotb.v" into library xil_defaultlib
INFO: [VRFC 10-311] analyzing module apatb_fir_top
INFO: [VRFC 10-2263] Analyzing SystemVerilog file "C:/Users/hevos/Documents/CS4110/VitisHLS/LW3/KentStian/solution1/sim/verilog/fir.v" into library xil_defaultlib
INFO: [VRFC 10-311] analyzing module fir
INFO: [VRFC 10-2263] Analyzing SystemVerilog file "C:/Users/hevos/Documents/CS4110/VitisHLS/LW3/KentStian/solution1/sim/verilog/fir_control_s_axi.v" into library xil_defaultlib
INFO: [VRFC 10-311] analyzing module fir_control_s_axi
INFO: [VRFC 10-2263] Analyzing SystemVerilog file "C:/Users/hevos/Documents/CS4110/VitisHLS/LW3/KentStian/solution1/sim/verilog/fir_fadd_32ns_32ns_32_5_full_dsp_1.v" into library xil_defaultlib
INFO: [VRFC 10-311] analyzing module fir_fadd_32ns_32ns_32_5_full_dsp_1
INFO: [VRFC 10-2263] Analyzing SystemVerilog file "C:/Users/hevos/Documents/CS4110/VitisHLS/LW3/KentStian/solution1/sim/verilog/fir_fir_Pipeline_VITIS_LOOP_18_1.v" into library xil_defaultlib
INFO: [VRFC 10-311] analyzing module fir_fir_Pipeline_VITIS_LOOP_18_1
INFO: [VRFC 10-2263] Analyzing SystemVerilog file "C:/Users/hevos/Documents/CS4110/VitisHLS/LW3/KentStian/solution1/sim/verilog/fir_flow_control_loop_pipe_sequential_init.v" into library xil_defaultlib
INFO: [VRFC 10-311] analyzing module fir_flow_control_loop_pipe_sequential_init
INFO: [VRFC 10-2263] Analyzing SystemVerilog file "C:/Users/hevos/Documents/CS4110/VitisHLS/LW3/KentStian/solution1/sim/verilog/fir_fmul_32ns_32ns_32_4_max_dsp_1.v" into library xil_defaultlib
INFO: [VRFC 10-311] analyzing module fir_fmul_32ns_32ns_32_4_max_dsp_1
INFO: [VRFC 10-2263] Analyzing SystemVerilog file "C:/Users/hevos/Documents/CS4110/VitisHLS/LW3/KentStian/solution1/sim/verilog/fir_sitofp_32ns_32_6_no_dsp_1.v" into library xil_defaultlib
INFO: [VRFC 10-311] analyzing module fir_sitofp_32ns_32_6_no_dsp_1
INFO: [VRFC 10-2263] Analyzing SystemVerilog file "C:/Users/hevos/Documents/CS4110/VitisHLS/LW3/KentStian/solution1/sim/verilog/fir_uitofp_32ns_32_6_no_dsp_1.v" into library xil_defaultlib
INFO: [VRFC 10-311] analyzing module fir_uitofp_32ns_32_6_no_dsp_1
INFO: [VRFC 10-2263] Analyzing SystemVerilog file "C:/Users/hevos/Documents/CS4110/VitisHLS/LW3/KentStian/solution1/sim/verilog/dataflow_monitor.sv" into library xil_defaultlib
INFO: [VRFC 10-311] analyzing module dataflow_monitor
Starting static elaboration
Pass Through NonSizing Optimizer
Completed static elaboration
Starting simulation data flow analysis
Completed simulation data flow analysis
Time Resolution for simulation is 1ps
Compiling package std.standard
Compiling package std.textio
Compiling package ieee.std_logic_1164
Compiling package floating_point_v7_1_15.floating_point_v7_1_15_viv_comp
Compiling package ieee.numeric_std
Compiling package xbip_utils_v3_0_10.xbip_utils_v3_0_10_pkg
Compiling package axi_utils_v2_0_6.axi_utils_v2_0_6_pkg
Compiling package floating_point_v7_1_15.floating_point_v7_1_15_consts
Compiling package ieee.math_real
Compiling package floating_point_v7_1_15.floating_point_v7_1_15_exp_table...
Compiling package mult_gen_v12_0_18.mult_gen_v12_0_18_pkg
Compiling package ieee.std_logic_arith
Compiling package ieee.std_logic_signed
Compiling package floating_point_v7_1_15.floating_point_v7_1_15_pkg
Compiling package floating_point_v7_1_15.flt_utils
Compiling package xbip_pipe_v3_0_6.xbip_pipe_v3_0_6_viv_comp
Compiling package unisim.vcomponents
Compiling package ieee.vital_timing
Compiling package ieee.vital_primitives
Compiling package unisim.vpkg
Compiling package floating_point_v7_1_15.vt2mutils
Compiling package floating_point_v7_1_15.vt2mcomps
Compiling package xil_defaultlib.$unit_dataflow_monitor_sv
Compiling module xil_defaultlib.fir_flow_control_loop_pipe_seque...
Compiling module xil_defaultlib.fir_fir_Pipeline_VITIS_LOOP_18_1
Compiling module xil_defaultlib.fir_control_s_axi
Compiling architecture muxcy_v of entity unisim.MUXCY [muxcy_default]
Compiling architecture synth of entity xbip_pipe_v3_0_6.xbip_pipe_v3_0_6_viv [\xbip_pipe_v3_0_6_viv(c_has_ce=1...]
Compiling architecture rtl of entity floating_point_v7_1_15.delay [\delay(width=7,length=0)\]
Compiling architecture struct of entity floating_point_v7_1_15.carry_chain [\carry_chain(c_xdevicefamily="zy...]
Compiling architecture synth of entity floating_point_v7_1_15.compare_eq_im [\compare_eq_im(c_xdevicefamily="...]
Compiling architecture xorcy_v of entity unisim.XORCY [xorcy_default]
Compiling architecture struct of entity floating_point_v7_1_15.carry_chain [\carry_chain(c_xdevicefamily="zy...]
Compiling architecture synth of entity xbip_pipe_v3_0_6.xbip_pipe_v3_0_6_viv [\xbip_pipe_v3_0_6_viv(c_has_ce=1...]
Compiling architecture rtl of entity floating_point_v7_1_15.delay [\delay(length=0)\]
Compiling architecture synth of entity xbip_pipe_v3_0_6.xbip_pipe_v3_0_6_viv [\xbip_pipe_v3_0_6_viv(c_has_ce=1...]
Compiling architecture rtl of entity floating_point_v7_1_15.delay [\delay(width=24,length=0,fast_in...]
Compiling architecture synth of entity xbip_pipe_v3_0_6.xbip_pipe_v3_0_6_viv [\xbip_pipe_v3_0_6_viv(c_has_ce=1...]
Compiling architecture rtl of entity floating_point_v7_1_15.delay [\delay(width=16,length=0)\]
Compiling architecture dsp48e1_v of entity unisim.DSP48E1 [\DSP48E1(acascreg=0,adreg=0,alum...]
Compiling architecture synth of entity xbip_pipe_v3_0_6.xbip_pipe_v3_0_6_viv [\xbip_pipe_v3_0_6_viv(c_has_ce=1...]
Compiling architecture rtl of entity floating_point_v7_1_15.delay [\delay(width=4,length=0)\]
Compiling architecture synth of entity xbip_pipe_v3_0_6.xbip_pipe_v3_0_6_viv [\xbip_pipe_v3_0_6_viv(c_has_ce=1...]
Compiling architecture rtl of entity floating_point_v7_1_15.delay [\delay(width=48,length=0)\]
Compiling architecture synth of entity xbip_pipe_v3_0_6.xbip_pipe_v3_0_6_viv [\xbip_pipe_v3_0_6_viv(c_has_ce=1...]
Compiling architecture rtl of entity floating_point_v7_1_15.delay [\delay(width=24,length=0)\]
Compiling architecture rtl of entity floating_point_v7_1_15.dsp48e1_wrapper [\dsp48e1_wrapper(c_part="xc7z010...]
Compiling architecture synth of entity xbip_pipe_v3_0_6.xbip_pipe_v3_0_6_viv [\xbip_pipe_v3_0_6_viv(c_latency=...]
Compiling architecture rtl of entity floating_point_v7_1_15.delay [delay_default]
Compiling architecture synth of entity xbip_pipe_v3_0_6.xbip_pipe_v3_0_6_viv [\xbip_pipe_v3_0_6_viv(c_has_ce=1...]
Compiling architecture rtl of entity floating_point_v7_1_15.delay [\delay(width=13,length=0)\]
Compiling architecture synth of entity xbip_pipe_v3_0_6.xbip_pipe_v3_0_6_viv [\xbip_pipe_v3_0_6_viv(c_has_ce=1...]
Compiling architecture rtl of entity floating_point_v7_1_15.delay [\delay(width=27,length=0)\]
Compiling architecture synth of entity floating_point_v7_1_15.align_add_dsp48e1_sgl [\align_add_dsp48e1_sgl(c_xdevice...]
Compiling architecture lut5_v of entity unisim.LUT5 [\LUT5(init="00000000000000001111...]
Compiling architecture lut5_v of entity unisim.LUT5 [\LUT5(init="00000000000000000000...]
Compiling architecture synth of entity xbip_pipe_v3_0_6.xbip_pipe_v3_0_6_viv [\xbip_pipe_v3_0_6_viv(c_has_ce=1...]
Compiling architecture rtl of entity floating_point_v7_1_15.delay [\delay(width=5,length=0)\]
Compiling architecture rtl of entity floating_point_v7_1_15.lead_zero_encode_shift [\lead_zero_encode_shift(ab_fw=24...]
Compiling architecture synth of entity xbip_pipe_v3_0_6.xbip_pipe_v3_0_6_viv [\xbip_pipe_v3_0_6_viv(c_has_ce=1...]
Compiling architecture rtl of entity floating_point_v7_1_15.delay [\delay(width=3,length=0)\]
Compiling architecture lut6_v of entity unisim.LUT6 [\LUT6(init="11111110010101001011...]
Compiling architecture lut5_v of entity unisim.LUT5 [\LUT5(init="00010001010111110000...]
Compiling architecture lut5_v of entity unisim.LUT5 [\LUT5(init="11101110101000001111...]
Compiling architecture synth of entity xbip_pipe_v3_0_6.xbip_pipe_v3_0_6_viv [\xbip_pipe_v3_0_6_viv(c_latency=...]
Compiling architecture rtl of entity floating_point_v7_1_15.delay [\delay(width=2)\]
Compiling architecture dsp48e1_v of entity unisim.DSP48E1 [\DSP48E1(adreg=0,alumodereg=0,ca...]
Compiling architecture synth of entity xbip_pipe_v3_0_6.xbip_pipe_v3_0_6_viv [\xbip_pipe_v3_0_6_viv(c_has_ce=1...]
Compiling architecture rtl of entity floating_point_v7_1_15.delay [\delay(width=25,length=0)\]
Compiling architecture rtl of entity floating_point_v7_1_15.dsp48e1_wrapper [\dsp48e1_wrapper(a_width=24,c_wi...]
Compiling architecture rtl of entity floating_point_v7_1_15.norm_and_round_dsp48e1_sgl [\norm_and_round_dsp48e1_sgl(c_mu...]
Compiling architecture lut5_v of entity unisim.LUT5 [\LUT5(init="10011001100110011001...]
Compiling architecture lut5_v of entity unisim.LUT5 [\LUT5(init="11111111000000001111...]
Compiling architecture synth of entity xbip_pipe_v3_0_6.xbip_pipe_v3_0_6_viv [\xbip_pipe_v3_0_6_viv(c_has_ce=1...]
Compiling architecture rtl of entity floating_point_v7_1_15.delay [\delay(width=9,length=0)\]
Compiling architecture struct of entity floating_point_v7_1_15.carry_chain [\carry_chain(c_xdevicefamily="zy...]
Compiling architecture synth of entity xbip_pipe_v3_0_6.xbip_pipe_v3_0_6_viv [\xbip_pipe_v3_0_6_viv(c_has_ce=1...]
Compiling architecture rtl of entity floating_point_v7_1_15.delay [\delay(width=8,length=0)\]
Compiling architecture synth of entity xbip_pipe_v3_0_6.xbip_pipe_v3_0_6_viv [\xbip_pipe_v3_0_6_viv(c_latency=...]
Compiling architecture rtl of entity floating_point_v7_1_15.delay [\delay(width=10)\]
Compiling architecture synth of entity xbip_pipe_v3_0_6.xbip_pipe_v3_0_6_viv [\xbip_pipe_v3_0_6_viv(c_has_ce=1...]
Compiling architecture rtl of entity floating_point_v7_1_15.delay [\delay(width=4,length=0,fast_inp...]
Compiling architecture fdre_v of entity unisim.FDRE [fdre_default]
Compiling architecture fde_v of entity unisim.FDE [fde_default]
Compiling architecture struct of entity floating_point_v7_1_15.carry_chain [\carry_chain(c_xdevicefamily="zy...]
Compiling architecture synth of entity floating_point_v7_1_15.compare_eq_im [\compare_eq_im(c_xdevicefamily="...]
Compiling architecture synth of entity xbip_pipe_v3_0_6.xbip_pipe_v3_0_6_viv [\xbip_pipe_v3_0_6_viv(c_latency=...]
Compiling architecture rtl of entity floating_point_v7_1_15.delay [\delay(fast_input=true)\]
Compiling architecture rtl of entity floating_point_v7_1_15.special_detect [\special_detect(c_xdevicefamily=...]
Compiling architecture struct of entity floating_point_v7_1_15.carry_chain [\carry_chain(c_xdevicefamily="zy...]
Compiling architecture synth of entity floating_point_v7_1_15.compare_gt [\compare_gt(c_xdevicefamily="zyn...]
Compiling architecture synth of entity floating_point_v7_1_15.compare [\compare(c_xdevicefamily="zynq",...]
Compiling architecture synth of entity xbip_pipe_v3_0_6.xbip_pipe_v3_0_6_viv [\xbip_pipe_v3_0_6_viv(c_latency=...]
Compiling architecture rtl of entity floating_point_v7_1_15.delay [\delay(width=8)\]
Compiling architecture synth of entity xbip_pipe_v3_0_6.xbip_pipe_v3_0_6_viv [\xbip_pipe_v3_0_6_viv(c_latency=...]
Compiling architecture rtl of entity floating_point_v7_1_15.delay [\delay(width=9)\]
Compiling architecture synth of entity xbip_pipe_v3_0_6.xbip_pipe_v3_0_6_viv [\xbip_pipe_v3_0_6_viv(c_latency=...]
Compiling architecture rtl of entity floating_point_v7_1_15.delay [\delay(width=2,length=2,fast_inp...]
Compiling architecture synth of entity xbip_pipe_v3_0_6.xbip_pipe_v3_0_6_viv [\xbip_pipe_v3_0_6_viv(c_latency=...]
Compiling architecture rtl of entity floating_point_v7_1_15.delay [\delay(length=2,fast_input=true)...]
Compiling architecture synth of entity xbip_pipe_v3_0_6.xbip_pipe_v3_0_6_viv [\xbip_pipe_v3_0_6_viv(c_has_ce=1...]
Compiling architecture rtl of entity floating_point_v7_1_15.delay [\delay(length=0,fast_input=true)...]
Compiling architecture synth of entity xbip_pipe_v3_0_6.xbip_pipe_v3_0_6_viv [\xbip_pipe_v3_0_6_viv(c_has_ce=1...]
Compiling architecture rtl of entity floating_point_v7_1_15.delay [\delay(width=2,length=0,fast_inp...]
Compiling architecture synth of entity xbip_pipe_v3_0_6.xbip_pipe_v3_0_6_viv [\xbip_pipe_v3_0_6_viv(c_has_ce=1...]
Compiling architecture rtl of entity floating_point_v7_1_15.delay [\delay(width=12,length=0)\]
Compiling architecture rtl of entity floating_point_v7_1_15.flt_add_exp_sp [\flt_add_exp_sp(c_xdevicefamily=...]
Compiling architecture synth of entity xbip_pipe_v3_0_6.xbip_pipe_v3_0_6_viv [\xbip_pipe_v3_0_6_viv(c_latency=...]
Compiling architecture rtl of entity floating_point_v7_1_15.delay [\delay(width=23)\]
Compiling architecture synth of entity floating_point_v7_1_15.flt_dec_op [\flt_dec_op(c_xdevicefamily="zyn...]
Compiling architecture rtl of entity floating_point_v7_1_15.flt_add_dsp [\flt_add_dsp(c_xdevicefamily="zy...]
Compiling architecture rtl of entity floating_point_v7_1_15.flt_add [\flt_add(c_xdevicefamily="zynq",...]
Compiling module unisims_ver.x_lut1_mux2
Compiling module unisims_ver.LUT1
Compiling architecture synth of entity xbip_pipe_v3_0_6.xbip_pipe_v3_0_6_viv [\xbip_pipe_v3_0_6_viv(c_latency=...]
Compiling architecture synth of entity xbip_pipe_v3_0_6.xbip_pipe_v3_0_6_viv [\xbip_pipe_v3_0_6_viv(c_has_ce=1...]
Compiling architecture rtl of entity floating_point_v7_1_15.delay [\delay(width=32,length=0)\]
Compiling architecture xilinx of entity floating_point_v7_1_15.floating_point_v7_1_15_viv [\floating_point_v7_1_15_viv(c_xd...]
Compiling architecture xilinx of entity floating_point_v7_1_15.floating_point_v7_1_15 [\floating_point_v7_1_15(c_xdevic...]
Compiling module xil_defaultlib.fir_fadd_32ns_32ns_32_5_full_dsp...
Compiling module xil_defaultlib.fir_fadd_32ns_32ns_32_5_full_dsp...
Compiling architecture dsp48e1_v of entity unisim.DSP48E1 [\DSP48E1(acascreg=0,adreg=0,alum...]
Compiling architecture synth of entity xbip_pipe_v3_0_6.xbip_pipe_v3_0_6_viv [\xbip_pipe_v3_0_6_viv(c_has_ce=1...]
Compiling architecture rtl of entity floating_point_v7_1_15.delay [\delay(width=17,length=0)\]
Compiling architecture rtl of entity floating_point_v7_1_15.dsp48e1_wrapper [\dsp48e1_wrapper(a_width=24,b_wi...]
Compiling architecture dsp48e1_v of entity unisim.DSP48E1 [\DSP48E1(acascreg=0,adreg=0,alum...]
Compiling architecture rtl of entity floating_point_v7_1_15.dsp48e1_wrapper [\dsp48e1_wrapper(a_width=24,b_wi...]
Compiling architecture struct of entity floating_point_v7_1_15.fix_mult_dsp48e1_sgl [\fix_mult_dsp48e1_sgl(registers=...]
Compiling architecture rtl of entity floating_point_v7_1_15.fix_mult [\fix_mult(c_xdevicefamily="zynq"...]
Compiling architecture synth of entity xbip_pipe_v3_0_6.xbip_pipe_v3_0_6_viv [\xbip_pipe_v3_0_6_viv(c_has_ce=1...]
Compiling architecture rtl of entity floating_point_v7_1_15.delay [\delay(width=8,length=0,fast_inp...]
Compiling architecture struct of entity floating_point_v7_1_15.carry_chain [\carry_chain(c_xdevicefamily="zy...]
Compiling architecture struct of entity floating_point_v7_1_15.carry_chain [\carry_chain(c_xdevicefamily="zy...]
Compiling architecture synth of entity floating_point_v7_1_15.compare_eq_im [\compare_eq_im(c_xdevicefamily="...]
Compiling architecture rtl of entity floating_point_v7_1_15.special_detect [\special_detect(c_xdevicefamily=...]
Compiling architecture synth of entity xbip_pipe_v3_0_6.xbip_pipe_v3_0_6_viv [\xbip_pipe_v3_0_6_viv(c_latency=...]
Compiling architecture rtl of entity floating_point_v7_1_15.delay [\delay(width=2,fast_input=true)\]
Compiling architecture synth of entity xbip_pipe_v3_0_6.xbip_pipe_v3_0_6_viv [\xbip_pipe_v3_0_6_viv(c_latency=...]
Compiling architecture rtl of entity floating_point_v7_1_15.delay [\delay(width=4,fast_input=true)\]
Compiling architecture synth of entity xbip_pipe_v3_0_6.xbip_pipe_v3_0_6_viv [\xbip_pipe_v3_0_6_viv(c_has_ce=1...]
Compiling architecture rtl of entity floating_point_v7_1_15.delay [\delay(width=3,length=0,fast_inp...]
Compiling architecture synth of entity xbip_pipe_v3_0_6.xbip_pipe_v3_0_6_viv [\xbip_pipe_v3_0_6_viv(c_has_ce=1...]
Compiling architecture rtl of entity floating_point_v7_1_15.delay [\delay(width=14,length=0)\]
Compiling architecture rtl of entity floating_point_v7_1_15.flt_mult_exp [\flt_mult_exp(c_xdevicefamily="z...]
Compiling architecture dsp48e1_v of entity unisim.DSP48E1 [\DSP48E1(acascreg=0,adreg=0,alum...]
Compiling architecture synth of entity xbip_pipe_v3_0_6.xbip_pipe_v3_0_6_viv [\xbip_pipe_v3_0_6_viv(c_has_ce=1...]
Compiling architecture rtl of entity floating_point_v7_1_15.delay [\delay(width=30,length=0)\]
Compiling architecture synth of entity xbip_pipe_v3_0_6.xbip_pipe_v3_0_6_viv [\xbip_pipe_v3_0_6_viv(c_has_ce=1...]
Compiling architecture rtl of entity floating_point_v7_1_15.delay [\delay(width=18,length=0)\]
Compiling architecture rtl of entity floating_point_v7_1_15.dsp48e1_wrapper [\dsp48e1_wrapper(a_width=30,b_wi...]
Compiling architecture struct of entity floating_point_v7_1_15.flt_round_dsp_opt_full [\flt_round_dsp_opt_full(c_xdevic...]
Compiling architecture rtl of entity floating_point_v7_1_15.flt_mult_round [\flt_mult_round(c_xdevicefamily=...]
Compiling architecture synth of entity floating_point_v7_1_15.flt_dec_op_lat [\flt_dec_op_lat(c_xdevicefamily=...]
Compiling architecture rtl of entity floating_point_v7_1_15.flt_mult [\flt_mult(c_xdevicefamily="zynq"...]
Compiling architecture xilinx of entity floating_point_v7_1_15.floating_point_v7_1_15_viv [\floating_point_v7_1_15_viv(c_xd...]
Compiling architecture xilinx of entity floating_point_v7_1_15.floating_point_v7_1_15 [\floating_point_v7_1_15(c_xdevic...]
Compiling module xil_defaultlib.fir_fmul_32ns_32ns_32_4_max_dsp_...
Compiling module xil_defaultlib.fir_fmul_32ns_32ns_32_4_max_dsp_...
Compiling architecture rtl of entity floating_point_v7_1_15.norm_zero_det [\norm_zero_det(data_width=7,norm...]
Compiling architecture rtl of entity floating_point_v7_1_15.mux4 [\mux4(c_xdevicefamily="zynq",wid...]
Compiling architecture synth of entity xbip_pipe_v3_0_6.xbip_pipe_v3_0_6_viv [\xbip_pipe_v3_0_6_viv(c_latency=...]
Compiling architecture rtl of entity floating_point_v7_1_15.delay [\delay(width=2,length=2)\]
Compiling architecture rtl of entity floating_point_v7_1_15.mux4 [\mux4(c_xdevicefamily="zynq",wid...]
Compiling architecture struct of entity floating_point_v7_1_15.carry_chain [\carry_chain(c_xdevicefamily="zy...]
Compiling architecture rtl of entity floating_point_v7_1_15.lead_zero_encode [\lead_zero_encode(c_xdevicefamil...]
Compiling architecture synth of entity xbip_pipe_v3_0_6.xbip_pipe_v3_0_6_viv [\xbip_pipe_v3_0_6_viv(c_latency=...]
Compiling architecture rtl of entity floating_point_v7_1_15.delay [\delay(width=32)\]
Compiling architecture rtl of entity floating_point_v7_1_15.shift_msb_first [\shift_msb_first(a_width=32,resu...]
Compiling architecture synth of entity xbip_pipe_v3_0_6.xbip_pipe_v3_0_6_viv [\xbip_pipe_v3_0_6_viv(c_has_ce=1...]
Compiling architecture rtl of entity floating_point_v7_1_15.delay [\delay(width=11,length=0)\]
Compiling architecture synth of entity xbip_pipe_v3_0_6.xbip_pipe_v3_0_6_viv [\xbip_pipe_v3_0_6_viv(c_latency=...]
Compiling architecture rtl of entity floating_point_v7_1_15.delay [\delay(width=12)\]
Compiling architecture struct of entity floating_point_v7_1_15.carry_chain [\carry_chain(c_xdevicefamily="zy...]
Compiling architecture synth of entity xbip_pipe_v3_0_6.xbip_pipe_v3_0_6_viv [\xbip_pipe_v3_0_6_viv(c_latency=...]
Compiling architecture rtl of entity floating_point_v7_1_15.delay [\delay(width=11)\]
Compiling architecture struct of entity floating_point_v7_1_15.carry_chain [\carry_chain(c_xdevicefamily="zy...]
Compiling architecture synth of entity xbip_pipe_v3_0_6.xbip_pipe_v3_0_6_viv [\xbip_pipe_v3_0_6_viv(c_has_ce=1...]
Compiling architecture rtl of entity floating_point_v7_1_15.delay [\delay(width=2,length=0)\]
Compiling architecture struct of entity floating_point_v7_1_15.carry_chain [\carry_chain(c_xdevicefamily="zy...]
Compiling architecture rtl of entity floating_point_v7_1_15.flt_round_bit [\flt_round_bit(c_xdevicefamily="...]
Compiling architecture rtl of entity floating_point_v7_1_15.renorm_and_round_logic [\renorm_and_round_logic(c_xdevic...]
Compiling architecture synth of entity xbip_pipe_v3_0_6.xbip_pipe_v3_0_6_viv [\xbip_pipe_v3_0_6_viv(c_latency=...]
Compiling architecture rtl of entity floating_point_v7_1_15.delay [\delay(length=2)\]
Compiling architecture synth of entity floating_point_v7_1_15.fix_to_flt_conv_exp [\fix_to_flt_conv_exp(c_xdevicefa...]
Compiling architecture synth of entity floating_point_v7_1_15.flt_dec_op [\flt_dec_op(c_xdevicefamily="zyn...]
Compiling architecture struct of entity floating_point_v7_1_15.fix_to_flt_conv [\fix_to_flt_conv(c_xdevicefamily...]
Compiling architecture synth of entity xbip_pipe_v3_0_6.xbip_pipe_v3_0_6_viv [\xbip_pipe_v3_0_6_viv(c_latency=...]
Compiling architecture xilinx of entity floating_point_v7_1_15.floating_point_v7_1_15_viv [\floating_point_v7_1_15_viv(c_xd...]
Compiling architecture xilinx of entity floating_point_v7_1_15.floating_point_v7_1_15 [\floating_point_v7_1_15(c_xdevic...]
Compiling module xil_defaultlib.fir_uitofp_32ns_32_6_no_dsp_1_ip
Compiling module xil_defaultlib.fir_uitofp_32ns_32_6_no_dsp_1(NU...
Compiling architecture synth of entity xbip_pipe_v3_0_6.xbip_pipe_v3_0_6_viv [\xbip_pipe_v3_0_6_viv(c_has_ce=1...]
Compiling architecture rtl of entity floating_point_v7_1_15.delay [\delay(width=31,length=0)\]
Compiling architecture struct of entity floating_point_v7_1_15.carry_chain [\carry_chain(c_xdevicefamily="zy...]
Compiling architecture synth of entity xbip_pipe_v3_0_6.xbip_pipe_v3_0_6_viv [\xbip_pipe_v3_0_6_viv(c_latency=...]
Compiling architecture rtl of entity floating_point_v7_1_15.delay [\delay(width=4)\]
Compiling architecture rtl of entity floating_point_v7_1_15.norm_zero_det [\norm_zero_det(data_width=7,norm...]
Compiling architecture rtl of entity floating_point_v7_1_15.mux4 [\mux4(c_xdevicefamily="zynq",wid...]
Compiling architecture struct of entity floating_point_v7_1_15.carry_chain [\carry_chain(c_xdevicefamily="zy...]
Compiling architecture rtl of entity floating_point_v7_1_15.lead_zero_encode [\lead_zero_encode(c_xdevicefamil...]
Compiling architecture rtl of entity floating_point_v7_1_15.shift_msb_first [\shift_msb_first(a_width=32,resu...]
Compiling architecture struct of entity floating_point_v7_1_15.carry_chain [\carry_chain(c_xdevicefamily="zy...]
Compiling architecture struct of entity floating_point_v7_1_15.carry_chain [\carry_chain(c_xdevicefamily="zy...]
Compiling architecture rtl of entity floating_point_v7_1_15.flt_round_bit [\flt_round_bit(c_xdevicefamily="...]
Compiling architecture rtl of entity floating_point_v7_1_15.renorm_and_round_logic [\renorm_and_round_logic(c_xdevic...]
Compiling architecture synth of entity xbip_pipe_v3_0_6.xbip_pipe_v3_0_6_viv [\xbip_pipe_v3_0_6_viv(c_latency=...]
Compiling architecture rtl of entity floating_point_v7_1_15.delay [\delay(length=3)\]
Compiling architecture synth of entity floating_point_v7_1_15.fix_to_flt_conv_exp [\fix_to_flt_conv_exp(c_xdevicefa...]
Compiling architecture struct of entity floating_point_v7_1_15.fix_to_flt_conv [\fix_to_flt_conv(c_xdevicefamily...]
Compiling architecture xilinx of entity floating_point_v7_1_15.floating_point_v7_1_15_viv [\floating_point_v7_1_15_viv(c_xd...]
Compiling architecture xilinx of entity floating_point_v7_1_15.floating_point_v7_1_15 [\floating_point_v7_1_15(c_xdevic...]
Compiling module xil_defaultlib.fir_sitofp_32ns_32_6_no_dsp_1_ip
Compiling module xil_defaultlib.fir_sitofp_32ns_32_6_no_dsp_1(NU...
Compiling module xil_defaultlib.fir
Compiling module xil_defaultlib.AESL_axi_slave_control
Compiling module xil_defaultlib.nodf_module_intf
Compiling module xil_defaultlib.upc_loop_intf(FSM_WIDTH=5)
Compiling module xil_defaultlib.dataflow_monitor_1
Compiling module xil_defaultlib.apatb_fir_top
Compiling module work.glbl
Built simulation snapshot fir
