

================================================================
== Vitis HLS Report for 'radix_Pipeline_VITIS_LOOP_67_1'
================================================================
* Date:           Wed Nov 30 10:23:31 2022

* Version:        2022.2 (Build 3670227 on Oct 13 2022)
* Project:        Radix
* Solution:       radix01 (Vivado IP Flow Target)
* Product family: virtexuplus
* Target device:  xcvu11p-flga2577-1-e


================================================================
== Performance Estimates
================================================================
+ Timing: 
    * Summary: 
    +--------+----------+----------+------------+
    |  Clock |  Target  | Estimated| Uncertainty|
    +--------+----------+----------+------------+
    |ap_clk  |  10.00 ns|  1.602 ns|     2.70 ns|
    +--------+----------+----------+------------+

+ Latency: 
    * Summary: 
    +---------+---------+----------+----------+-----+-----+---------+
    |  Latency (cycles) |  Latency (absolute) |  Interval | Pipeline|
    |   min   |   max   |    min   |    max   | min | max |   Type  |
    +---------+---------+----------+----------+-----+-----+---------+
    |       10|       10|  0.100 us|  0.100 us|   10|   10|       no|
    +---------+---------+----------+----------+-----+-----+---------+

    + Detail: 
        * Instance: 
        N/A

        * Loop: 
        +-------------------+---------+---------+----------+-----------+-----------+------+----------+
        |                   |  Latency (cycles) | Iteration|  Initiation Interval  | Trip |          |
        |     Loop Name     |   min   |   max   |  Latency |  achieved |   target  | Count| Pipelined|
        +-------------------+---------+---------+----------+-----------+-----------+------+----------+
        |- VITIS_LOOP_67_1  |        8|        8|         1|          1|          1|     8|       yes|
        +-------------------+---------+---------+----------+-----------+-----------+------+----------+



================================================================
== Utilization Estimates
================================================================
* Summary: 
+---------------------+---------+------+---------+---------+-----+
|         Name        | BRAM_18K|  DSP |    FF   |   LUT   | URAM|
+---------------------+---------+------+---------+---------+-----+
|DSP                  |        -|     -|        -|        -|    -|
|Expression           |        -|     -|        0|       64|    -|
|FIFO                 |        -|     -|        -|        -|    -|
|Instance             |        -|     -|        -|        -|    -|
|Memory               |        -|     -|        -|        -|    -|
|Multiplexer          |        -|     -|        -|       36|    -|
|Register             |        -|     -|       71|        -|    -|
+---------------------+---------+------+---------+---------+-----+
|Total                |        0|     0|       71|      100|    0|
+---------------------+---------+------+---------+---------+-----+
|Available SLR        |     1344|  3072|   864000|   432000|  320|
+---------------------+---------+------+---------+---------+-----+
|Utilization SLR (%)  |        0|     0|       ~0|       ~0|    0|
+---------------------+---------+------+---------+---------+-----+
|Available            |     4032|  9216|  2592000|  1296000|  960|
+---------------------+---------+------+---------+---------+-----+
|Utilization (%)      |        0|     0|       ~0|       ~0|    0|
+---------------------+---------+------+---------+---------+-----+

+ Detail: 
    * Instance: 
    N/A

    * DSP: 
    N/A

    * Memory: 
    N/A

    * FIFO: 
    N/A

    * Expression: 
    +-------------------------+----------+----+---+----+------------+------------+
    |      Variable Name      | Operation| DSP| FF| LUT| Bitwidth P0| Bitwidth P1|
    +-------------------------+----------+----+---+----+------------+------------+
    |add_ln71_fu_92_p2        |         +|   0|  0|  12|           4|           1|
    |arr_counter_1_fu_106_p2  |         +|   0|  0|  39|          32|           1|
    |ap_condition_144         |       and|   0|  0|   2|           1|           1|
    |icmp_ln67_fu_86_p2       |      icmp|   0|  0|   9|           4|           5|
    |ap_enable_pp0            |       xor|   0|  0|   2|           1|           2|
    +-------------------------+----------+----+---+----+------------+------------+
    |Total                    |          |   0|  0|  64|          42|          10|
    +-------------------------+----------+----+---+----+------------+------------+

    * Multiplexer: 
    +-------------------------+----+-----------+-----+-----------+
    |           Name          | LUT| Input Size| Bits| Total Bits|
    +-------------------------+----+-----------+-----+-----------+
    |ap_done_int              |   9|          2|    1|          2|
    |ap_enable_reg_pp0_iter1  |   9|          2|    1|          2|
    |arr_counter_fu_40        |   9|          2|   32|         64|
    |counter_fu_36            |   9|          2|    4|          8|
    +-------------------------+----+-----------+-----+-----------+
    |Total                    |  36|          8|   38|         76|
    +-------------------------+----+-----------+-----+-----------+

    * Register: 
    +-------------------------+----+----+-----+-----------+
    |           Name          | FF | LUT| Bits| Const Bits|
    +-------------------------+----+----+-----+-----------+
    |ap_CS_fsm                |   1|   0|    1|          0|
    |ap_done_reg              |   1|   0|    1|          0|
    |ap_enable_reg_pp0_iter1  |   1|   0|    1|          0|
    |arr_counter_fu_40        |  32|   0|   32|          0|
    |counter_fu_36            |   4|   0|    4|          0|
    |sext_ln69_cast_reg_140   |  32|   0|   32|          0|
    +-------------------------+----+----+-----+-----------+
    |Total                    |  71|   0|   71|          0|
    +-------------------------+----+----+-----+-----------+



================================================================
== Interface
================================================================
* Summary: 
+----------------+-----+-----+------------+--------------------------------+--------------+
|    RTL Ports   | Dir | Bits|  Protocol  |          Source Object         |    C Type    |
+----------------+-----+-----+------------+--------------------------------+--------------+
|ap_clk          |   in|    1|  ap_ctrl_hs|  radix_Pipeline_VITIS_LOOP_67_1|  return value|
|ap_rst          |   in|    1|  ap_ctrl_hs|  radix_Pipeline_VITIS_LOOP_67_1|  return value|
|ap_start        |   in|    1|  ap_ctrl_hs|  radix_Pipeline_VITIS_LOOP_67_1|  return value|
|ap_done         |  out|    1|  ap_ctrl_hs|  radix_Pipeline_VITIS_LOOP_67_1|  return value|
|ap_idle         |  out|    1|  ap_ctrl_hs|  radix_Pipeline_VITIS_LOOP_67_1|  return value|
|ap_ready        |  out|    1|  ap_ctrl_hs|  radix_Pipeline_VITIS_LOOP_67_1|  return value|
|icmp_ln70       |   in|    1|     ap_none|                       icmp_ln70|        scalar|
|vla13_address0  |  out|    3|   ap_memory|                           vla13|         array|
|vla13_ce0       |  out|    1|   ap_memory|                           vla13|         array|
|vla13_we0       |  out|    1|   ap_memory|                           vla13|         array|
|vla13_d0        |  out|   32|   ap_memory|                           vla13|         array|
|sext_ln69       |   in|    8|     ap_none|                       sext_ln69|        scalar|
+----------------+-----+-----+------------+--------------------------------+--------------+

