

================================================================
== Vitis HLS Report for 'radix'
================================================================
* Date:           Fri Nov 25 09:13:47 2022

* Version:        2022.2 (Build 3670227 on Oct 13 2022)
* Project:        Radix
* Solution:       radix01 (Vivado IP Flow Target)
* Product family: virtexuplus
* Target device:  xcvu11p-flga2577-1-e


================================================================
== Performance Estimates
================================================================
+ Timing: 
    * Summary: 
    +--------+----------+----------+------------+
    |  Clock |  Target  | Estimated| Uncertainty|
    +--------+----------+----------+------------+
    |ap_clk  |  10.00 ns|  3.233 ns|     2.70 ns|
    +--------+----------+----------+------------+

+ Latency: 
    * Summary: 
    +---------+---------+----------+----------+-----+-----+---------+
    |  Latency (cycles) |  Latency (absolute) |  Interval | Pipeline|
    |   min   |   max   |    min   |    max   | min | max |   Type  |
    +---------+---------+----------+----------+-----+-----+---------+
    |        ?|        ?|         ?|         ?|    ?|    ?|       no|
    +---------+---------+----------+----------+-----+-----+---------+

    + Detail: 
        * Instance: 
        +-------------------------------------------+--------------------------------+---------+---------+-----------+-----------+-----+-----+---------+
        |                                           |                                |  Latency (cycles) |   Latency (absolute)  |  Interval | Pipeline|
        |                  Instance                 |             Module             |   min   |   max   |    min    |    max    | min | max |   Type  |
        +-------------------------------------------+--------------------------------+---------+---------+-----------+-----------+-----+-----+---------+
        |grp_radix_Pipeline_VITIS_LOOP_67_1_fu_129  |radix_Pipeline_VITIS_LOOP_67_1  |       10|       10|   0.100 us|   0.100 us|   10|   10|       no|
        |grp_radix_Pipeline_VITIS_LOOP_9_1_fu_138   |radix_Pipeline_VITIS_LOOP_9_1   |        9|        9|  90.000 ns|  90.000 ns|    9|    9|       no|
        |grp_radix_Pipeline_VITIS_LOOP_20_1_fu_145  |radix_Pipeline_VITIS_LOOP_20_1  |       79|       79|   0.790 us|   0.790 us|   79|   79|       no|
        |grp_radix_Pipeline_VITIS_LOOP_26_2_fu_153  |radix_Pipeline_VITIS_LOOP_26_2  |        ?|        ?|          ?|          ?|    ?|    ?|       no|
        |grp_radix_Pipeline_VITIS_LOOP_30_3_fu_159  |radix_Pipeline_VITIS_LOOP_30_3  |       81|       81|   0.810 us|   0.810 us|   81|   81|       no|
        |grp_radix_Pipeline_VITIS_LOOP_34_4_fu_166  |radix_Pipeline_VITIS_LOOP_34_4  |       11|       11|   0.110 us|   0.110 us|   11|   11|       no|
        |grp_radix_Pipeline_VITIS_LOOP_38_5_fu_172  |radix_Pipeline_VITIS_LOOP_38_5  |       81|       81|   0.810 us|   0.810 us|   81|   81|       no|
        |grp_radix_Pipeline_VITIS_LOOP_43_6_fu_180  |radix_Pipeline_VITIS_LOOP_43_6  |       10|       10|   0.100 us|   0.100 us|   10|   10|       no|
        +-------------------------------------------+--------------------------------+---------+---------+-----------+-----------+-----+-----+---------+

        * Loop: 
        +-------------------+---------+---------+----------+-----------+-----------+------+----------+
        |                   |  Latency (cycles) | Iteration|  Initiation Interval  | Trip |          |
        |     Loop Name     |   min   |   max   |  Latency |  achieved |   target  | Count| Pipelined|
        +-------------------+---------+---------+----------+-----------+-----------+------+----------+
        |- VITIS_LOOP_53_1  |        ?|        ?|         ?|          -|          -|     ?|        no|
        +-------------------+---------+---------+----------+-----------+-----------+------+----------+



================================================================
== Utilization Estimates
================================================================
* Summary: 
+---------------------+---------+------+---------+---------+-----+
|         Name        | BRAM_18K|  DSP |    FF   |   LUT   | URAM|
+---------------------+---------+------+---------+---------+-----+
|DSP                  |        -|     -|        -|        -|    -|
|Expression           |        -|     -|        0|       70|    -|
|FIFO                 |        -|     -|        -|        -|    -|
|Instance             |        0|     -|    16064|    12266|    0|
|Memory               |        0|     -|      128|       12|    0|
|Multiplexer          |        -|     -|        -|      993|    -|
|Register             |        -|     -|      277|        -|    -|
+---------------------+---------+------+---------+---------+-----+
|Total                |        0|     0|    16469|    13341|    0|
+---------------------+---------+------+---------+---------+-----+
|Available SLR        |     1344|  3072|   864000|   432000|  320|
+---------------------+---------+------+---------+---------+-----+
|Utilization SLR (%)  |        0|     0|        1|        3|    0|
+---------------------+---------+------+---------+---------+-----+
|Available            |     4032|  9216|  2592000|  1296000|  960|
+---------------------+---------+------+---------+---------+-----+
|Utilization (%)      |        0|     0|       ~0|        1|    0|
+---------------------+---------+------+---------+---------+-----+

+ Detail: 
    * Instance: 
    +-------------------------------------------+--------------------------------+---------+----+------+------+-----+
    |                  Instance                 |             Module             | BRAM_18K| DSP|  FF  |  LUT | URAM|
    +-------------------------------------------+--------------------------------+---------+----+------+------+-----+
    |control_s_axi_U                            |control_s_axi                   |        0|   0|    82|   120|    0|
    |grp_radix_Pipeline_VITIS_LOOP_20_1_fu_145  |radix_Pipeline_VITIS_LOOP_20_1  |        0|   0|  4906|  3660|    0|
    |grp_radix_Pipeline_VITIS_LOOP_26_2_fu_153  |radix_Pipeline_VITIS_LOOP_26_2  |        0|   0|     5|    57|    0|
    |grp_radix_Pipeline_VITIS_LOOP_30_3_fu_159  |radix_Pipeline_VITIS_LOOP_30_3  |        0|   0|  4815|  3653|    0|
    |grp_radix_Pipeline_VITIS_LOOP_34_4_fu_166  |radix_Pipeline_VITIS_LOOP_34_4  |        0|   0|    42|   107|    0|
    |grp_radix_Pipeline_VITIS_LOOP_38_5_fu_172  |radix_Pipeline_VITIS_LOOP_38_5  |        0|   0|  4911|  3676|    0|
    |grp_radix_Pipeline_VITIS_LOOP_43_6_fu_180  |radix_Pipeline_VITIS_LOOP_43_6  |        0|   0|    11|    59|    0|
    |grp_radix_Pipeline_VITIS_LOOP_67_1_fu_129  |radix_Pipeline_VITIS_LOOP_67_1  |        0|   0|    71|   100|    0|
    |grp_radix_Pipeline_VITIS_LOOP_9_1_fu_138   |radix_Pipeline_VITIS_LOOP_9_1   |        0|   0|    39|   120|    0|
    |sdiv_32ns_32ns_32_36_seq_1_U33             |sdiv_32ns_32ns_32_36_seq_1      |        0|   0|   394|   238|    0|
    |sdiv_32ns_32ns_32_36_seq_1_U34             |sdiv_32ns_32ns_32_36_seq_1      |        0|   0|   394|   238|    0|
    |srem_32ns_5ns_5_36_seq_1_U35               |srem_32ns_5ns_5_36_seq_1        |        0|   0|   394|   238|    0|
    +-------------------------------------------+--------------------------------+---------+----+------+------+-----+
    |Total                                      |                                |        0|   0| 16064| 12266|    0|
    +-------------------------------------------+--------------------------------+---------+----+------+------+-----+

    * DSP: 
    N/A

    * Memory: 
    +----------+----------------------+---------+----+----+-----+------+-----+------+-------------+
    |  Memory  |        Module        | BRAM_18K| FF | LUT| URAM| Words| Bits| Banks| W*Bits*Banks|
    +----------+----------------------+---------+----+----+-----+------+-----+------+-------------+
    |count_U   |count_RAM_AUTO_1R1W   |        0|  64|   3|    0|     6|   32|     1|          192|
    |output_U  |output_RAM_AUTO_1R1W  |        0|  32|   5|    0|     9|   32|     1|          288|
    |vla13_U   |vla13_RAM_AUTO_1R1W   |        0|  32|   4|    0|     8|   32|     1|          256|
    +----------+----------------------+---------+----+----+-----+------+-----+------+-------------+
    |Total     |                      |        0| 128|  12|    0|    23|   96|     3|          736|
    +----------+----------------------+---------+----+----+-----+------+-----+------+-------------+

    * FIFO: 
    N/A

    * Expression: 
    +---------------------+----------+----+---+----+------------+------------+
    |    Variable Name    | Operation| DSP| FF| LUT| Bitwidth P0| Bitwidth P1|
    +---------------------+----------+----+---+----+------------+------------+
    |place_fu_230_p2      |         +|   0|  0|  39|          32|          32|
    |icmp_ln53_fu_214_p2  |      icmp|   0|  0|  20|          32|           1|
    |icmp_ln70_fu_191_p2  |      icmp|   0|  0|  11|           8|           6|
    +---------------------+----------+----+---+----+------------+------------+
    |Total                |          |   0|  0|  70|          72|          39|
    +---------------------+----------+----+---+----+------------+------------+

    * Multiplexer: 
    +-----------------+-----+-----------+-----+-----------+
    |       Name      | LUT | Input Size| Bits| Total Bits|
    +-----------------+-----+-----------+-----+-----------+
    |ap_NS_fsm        |  673|        128|    1|        128|
    |count_address0   |   31|          6|    3|         18|
    |count_address1   |   20|          4|    3|         12|
    |count_ce0        |   31|          6|    1|          6|
    |count_ce1        |   20|          4|    1|          4|
    |count_d0         |   26|          5|   32|        160|
    |count_we0        |   26|          5|    1|          5|
    |output_address0  |   14|          3|    4|         12|
    |output_ce0       |   14|          3|    1|          3|
    |output_we0       |    9|          2|    1|          2|
    |place_1_fu_66    |    9|          2|   32|         64|
    |vla13_address0   |   49|          9|    3|         27|
    |vla13_ce0        |   43|          8|    1|          8|
    |vla13_d0         |   14|          3|   32|         96|
    |vla13_we0        |   14|          3|    1|          3|
    +-----------------+-----+-----------+-----+-----------+
    |Total            |  993|        191|  117|        548|
    +-----------------+-----+-----------+-----+-----------+

    * Register: 
    +--------------------------------------------------------+-----+----+-----+-----------+
    |                          Name                          |  FF | LUT| Bits| Const Bits|
    +--------------------------------------------------------+-----+----+-----+-----------+
    |ap_CS_fsm                                               |  127|   0|  127|          0|
    |count_load_reg_327                                      |   32|   0|   32|          0|
    |grp_radix_Pipeline_VITIS_LOOP_20_1_fu_145_ap_start_reg  |    1|   0|    1|          0|
    |grp_radix_Pipeline_VITIS_LOOP_26_2_fu_153_ap_start_reg  |    1|   0|    1|          0|
    |grp_radix_Pipeline_VITIS_LOOP_30_3_fu_159_ap_start_reg  |    1|   0|    1|          0|
    |grp_radix_Pipeline_VITIS_LOOP_34_4_fu_166_ap_start_reg  |    1|   0|    1|          0|
    |grp_radix_Pipeline_VITIS_LOOP_38_5_fu_172_ap_start_reg  |    1|   0|    1|          0|
    |grp_radix_Pipeline_VITIS_LOOP_43_6_fu_180_ap_start_reg  |    1|   0|    1|          0|
    |grp_radix_Pipeline_VITIS_LOOP_67_1_fu_129_ap_start_reg  |    1|   0|    1|          0|
    |grp_radix_Pipeline_VITIS_LOOP_9_1_fu_138_ap_start_reg   |    1|   0|    1|          0|
    |icmp_ln70_reg_285                                       |    1|   0|    1|          0|
    |input_r_read_reg_280                                    |    8|   0|    8|          0|
    |place_1_fu_66                                           |   32|   0|   32|          0|
    |place_2_reg_303                                         |   32|   0|   32|          0|
    |reg_186                                                 |   32|   0|   32|          0|
    |trunc_ln18_reg_319                                      |    5|   0|    5|          0|
    +--------------------------------------------------------+-----+----+-----+-----------+
    |Total                                                   |  277|   0|  277|          0|
    +--------------------------------------------------------+-----+----+-----+-----------+



================================================================
== Interface
================================================================
* Summary: 
+-----------------------+-----+-----+------------+--------------+--------------+
|       RTL Ports       | Dir | Bits|  Protocol  | Source Object|    C Type    |
+-----------------------+-----+-----+------------+--------------+--------------+
|s_axi_control_AWVALID  |   in|    1|       s_axi|       control|       pointer|
|s_axi_control_AWREADY  |  out|    1|       s_axi|       control|       pointer|
|s_axi_control_AWADDR   |   in|    5|       s_axi|       control|       pointer|
|s_axi_control_WVALID   |   in|    1|       s_axi|       control|       pointer|
|s_axi_control_WREADY   |  out|    1|       s_axi|       control|       pointer|
|s_axi_control_WDATA    |   in|   32|       s_axi|       control|       pointer|
|s_axi_control_WSTRB    |   in|    4|       s_axi|       control|       pointer|
|s_axi_control_ARVALID  |   in|    1|       s_axi|       control|       pointer|
|s_axi_control_ARREADY  |  out|    1|       s_axi|       control|       pointer|
|s_axi_control_ARADDR   |   in|    5|       s_axi|       control|       pointer|
|s_axi_control_RVALID   |  out|    1|       s_axi|       control|       pointer|
|s_axi_control_RREADY   |   in|    1|       s_axi|       control|       pointer|
|s_axi_control_RDATA    |  out|   32|       s_axi|       control|       pointer|
|s_axi_control_RRESP    |  out|    2|       s_axi|       control|       pointer|
|s_axi_control_BVALID   |  out|    1|       s_axi|       control|       pointer|
|s_axi_control_BREADY   |   in|    1|       s_axi|       control|       pointer|
|s_axi_control_BRESP    |  out|    2|       s_axi|       control|       pointer|
|ap_clk                 |   in|    1|  ap_ctrl_hs|         radix|  return value|
|ap_rst_n               |   in|    1|  ap_ctrl_hs|         radix|  return value|
|ap_start               |   in|    1|  ap_ctrl_hs|         radix|  return value|
|ap_done                |  out|    1|  ap_ctrl_hs|         radix|  return value|
|ap_idle                |  out|    1|  ap_ctrl_hs|         radix|  return value|
|ap_ready               |  out|    1|  ap_ctrl_hs|         radix|  return value|
+-----------------------+-----+-----+------------+--------------+--------------+

