

================================================================
== Vitis HLS Report for 'radix_Pipeline_VITIS_LOOP_26_2'
================================================================
* Date:           Fri Dec  2 13:12:27 2022

* Version:        2022.2 (Build 3670227 on Oct 13 2022)
* Project:        Radix
* Solution:       radix01 (Vivado IP Flow Target)
* Product family: virtexuplus
* Target device:  xcvu11p-flga2577-1-e


================================================================
== Performance Estimates
================================================================
+ Timing: 
    * Summary: 
    +--------+----------+----------+------------+
    |  Clock |  Target  | Estimated| Uncertainty|
    +--------+----------+----------+------------+
    |ap_clk  |  10.00 ns|  1.532 ns|     2.70 ns|
    +--------+----------+----------+------------+

+ Latency: 
    * Summary: 
    +---------+---------+----------+----------+-----+-----+---------+
    |  Latency (cycles) |  Latency (absolute) |  Interval | Pipeline|
    |   min   |   max   |    min   |    max   | min | max |   Type  |
    +---------+---------+----------+----------+-----+-----+---------+
    |        ?|        ?|         ?|         ?|    ?|    ?|       no|
    +---------+---------+----------+----------+-----+-----+---------+

    + Detail: 
        * Instance: 
        N/A

        * Loop: 
        +-------------------+---------+---------+----------+-----------+-----------+------+----------+
        |                   |  Latency (cycles) | Iteration|  Initiation Interval  | Trip |          |
        |     Loop Name     |   min   |   max   |  Latency |  achieved |   target  | Count| Pipelined|
        +-------------------+---------+---------+----------+-----------+-----------+------+----------+
        |- VITIS_LOOP_26_2  |        ?|        ?|         1|          1|          1|     ?|       yes|
        +-------------------+---------+---------+----------+-----------+-----------+------+----------+



================================================================
== Utilization Estimates
================================================================
* Summary: 
+---------------------+---------+------+---------+---------+-----+
|         Name        | BRAM_18K|  DSP |    FF   |   LUT   | URAM|
+---------------------+---------+------+---------+---------+-----+
|DSP                  |        -|     -|        -|        -|    -|
|Expression           |        -|     -|        0|       30|    -|
|FIFO                 |        -|     -|        -|        -|    -|
|Instance             |        -|     -|        -|        -|    -|
|Memory               |        -|     -|        -|        -|    -|
|Multiplexer          |        -|     -|        -|       27|    -|
|Register             |        -|     -|        5|        -|    -|
+---------------------+---------+------+---------+---------+-----+
|Total                |        0|     0|        5|       57|    0|
+---------------------+---------+------+---------+---------+-----+
|Available SLR        |     1344|  3072|   864000|   432000|  320|
+---------------------+---------+------+---------+---------+-----+
|Utilization SLR (%)  |        0|     0|       ~0|       ~0|    0|
+---------------------+---------+------+---------+---------+-----+
|Available            |     4032|  9216|  2592000|  1296000|  960|
+---------------------+---------+------+---------+---------+-----+
|Utilization (%)      |        0|     0|       ~0|       ~0|    0|
+---------------------+---------+------+---------+---------+-----+

+ Detail: 
    * Instance: 
    N/A

    * DSP: 
    N/A

    * Memory: 
    N/A

    * FIFO: 
    N/A

    * Expression: 
    +--------------------+----------+----+---+----+------------+------------+
    |    Variable Name   | Operation| DSP| FF| LUT| Bitwidth P0| Bitwidth P1|
    +--------------------+----------+----+---+----+------------+------------+
    |add_ln26_fu_68_p2   |         +|   0|  0|  10|           3|           1|
    |icmp_ln26_fu_62_p2  |      icmp|   0|  0|  20|          32|          32|
    +--------------------+----------+----+---+----+------------+------------+
    |Total               |          |   0|  0|  30|          35|          33|
    +--------------------+----------+----+---+----+------------+------------+

    * Multiplexer: 
    +------------------------------------------+----+-----------+-----+-----------+
    |                   Name                   | LUT| Input Size| Bits| Total Bits|
    +------------------------------------------+----+-----------+-----+-----------+
    |ap_done_int                               |   9|          2|    1|          2|
    |ap_sig_allocacmp_countingSort_counter2_1  |   9|          2|    3|          6|
    |countingSort_counter2_fu_26               |   9|          2|    3|          6|
    +------------------------------------------+----+-----------+-----+-----------+
    |Total                                     |  27|          6|    7|         14|
    +------------------------------------------+----+-----------+-----+-----------+

    * Register: 
    +-----------------------------+---+----+-----+-----------+
    |             Name            | FF| LUT| Bits| Const Bits|
    +-----------------------------+---+----+-----+-----------+
    |ap_CS_fsm                    |  1|   0|    1|          0|
    |ap_done_reg                  |  1|   0|    1|          0|
    |countingSort_counter2_fu_26  |  3|   0|    3|          0|
    +-----------------------------+---+----+-----+-----------+
    |Total                        |  5|   0|    5|          0|
    +-----------------------------+---+----+-----+-----------+



================================================================
== Interface
================================================================
* Summary: 
+----------------+-----+-----+------------+--------------------------------+--------------+
|    RTL Ports   | Dir | Bits|  Protocol  |          Source Object         |    C Type    |
+----------------+-----+-----+------------+--------------------------------+--------------+
|ap_clk          |   in|    1|  ap_ctrl_hs|  radix_Pipeline_VITIS_LOOP_26_2|  return value|
|ap_rst          |   in|    1|  ap_ctrl_hs|  radix_Pipeline_VITIS_LOOP_26_2|  return value|
|ap_start        |   in|    1|  ap_ctrl_hs|  radix_Pipeline_VITIS_LOOP_26_2|  return value|
|ap_done         |  out|    1|  ap_ctrl_hs|  radix_Pipeline_VITIS_LOOP_26_2|  return value|
|ap_idle         |  out|    1|  ap_ctrl_hs|  radix_Pipeline_VITIS_LOOP_26_2|  return value|
|ap_ready        |  out|    1|  ap_ctrl_hs|  radix_Pipeline_VITIS_LOOP_26_2|  return value|
|max_5_reload    |   in|   32|     ap_none|                    max_5_reload|        scalar|
|count_address0  |  out|    3|   ap_memory|                           count|         array|
|count_ce0       |  out|    1|   ap_memory|                           count|         array|
|count_we0       |  out|    1|   ap_memory|                           count|         array|
|count_d0        |  out|   32|   ap_memory|                           count|         array|
+----------------+-----+-----+------------+--------------------------------+--------------+

