

================================================================
== Vitis HLS Report for 'radix_Pipeline_VITIS_LOOP_38_5'
================================================================
* Date:           Wed Dec  7 16:13:41 2022

* Version:        2022.2 (Build 3670227 on Oct 13 2022)
* Project:        Radix
* Solution:       radix01 (Vivado IP Flow Target)
* Product family: virtexuplus
* Target device:  xcvu11p-flga2577-1-e


================================================================
== Performance Estimates
================================================================
+ Timing: 
    * Summary: 
    +--------+----------+----------+------------+
    |  Clock |  Target  | Estimated| Uncertainty|
    +--------+----------+----------+------------+
    |ap_clk  |  10.00 ns|  2.848 ns|     2.70 ns|
    +--------+----------+----------+------------+

+ Latency: 
    * Summary: 
    +---------+---------+----------+----------+-----+-----+---------+
    |  Latency (cycles) |  Latency (absolute) |  Interval | Pipeline|
    |   min   |   max   |    min   |    max   | min | max |   Type  |
    +---------+---------+----------+----------+-----+-----+---------+
    |       89|       89|  0.890 us|  0.890 us|   89|   89|       no|
    +---------+---------+----------+----------+-----+-----+---------+

    + Detail: 
        * Instance: 
        N/A

        * Loop: 
        +-------------------+---------+---------+----------+-----------+-----------+------+----------+
        |                   |  Latency (cycles) | Iteration|  Initiation Interval  | Trip |          |
        |     Loop Name     |   min   |   max   |  Latency |  achieved |   target  | Count| Pipelined|
        +-------------------+---------+---------+----------+-----------+-----------+------+----------+
        |- VITIS_LOOP_38_5  |       87|       87|        74|          2|          1|     8|       yes|
        +-------------------+---------+---------+----------+-----------+-----------+------+----------+

============================================================
+ Verbose Summary: Synthesis Manager
============================================================
InlineROM: 1
ExposeGlobal: 0
============================================================
+ Verbose Summary: CDFG Model
============================================================
IsTopModel: 0
ResetActiveHigh: 1
IsCombinational: 0
IsDatapathOnly: 0
HasWiredReturn: 1
HasMFsm: 2
HasVarLatency: 1
IsPipeline: 0
IsRtlPipelined: 0
IsInstanceOverlapped: 0
IsDontTouch: 0
HasImplIP: 0
IsGatedGlobalClock: 0

+ Individual pipeline summary: 
  * Pipeline-0: initiation interval (II) = 2, depth = 74


============================================================
+ Verbose Summary: Schedule
============================================================
* Number of FSM states : 74
* Pipeline : 1
  Pipeline-0 : II = 2, D = 74, States = { 1 2 3 4 5 6 7 8 9 10 11 12 13 14 15 16 17 18 19 20 21 22 23 24 25 26 27 28 29 30 31 32 33 34 35 36 37 38 39 40 41 42 43 44 45 46 47 48 49 50 51 52 53 54 55 56 57 58 59 60 61 62 63 64 65 66 67 68 69 70 71 72 73 74 }
* Dataflow Pipeline: 0

* FSM state transitions: 
1 --> 2 
2 --> 3 
3 --> 4 
4 --> 5 
5 --> 6 
6 --> 7 
7 --> 8 
8 --> 9 
9 --> 10 
10 --> 11 
11 --> 12 
12 --> 13 
13 --> 14 
14 --> 15 
15 --> 16 
16 --> 17 
17 --> 18 
18 --> 19 
19 --> 20 
20 --> 21 
21 --> 22 
22 --> 23 
23 --> 24 
24 --> 25 
25 --> 26 
26 --> 27 
27 --> 28 
28 --> 29 
29 --> 30 
30 --> 31 
31 --> 32 
32 --> 33 
33 --> 34 
34 --> 35 
35 --> 36 
36 --> 37 
37 --> 38 
38 --> 39 
39 --> 40 
40 --> 41 
41 --> 42 
42 --> 43 
43 --> 44 
44 --> 45 
45 --> 46 
46 --> 47 
47 --> 48 
48 --> 49 
49 --> 50 
50 --> 51 
51 --> 52 
52 --> 53 
53 --> 54 
54 --> 55 
55 --> 56 
56 --> 57 
57 --> 58 
58 --> 59 
59 --> 60 
60 --> 61 
61 --> 62 
62 --> 63 
63 --> 64 
64 --> 65 
65 --> 66 
66 --> 67 
67 --> 68 
68 --> 69 
69 --> 70 
70 --> 71 
71 --> 72 
72 --> 73 
73 --> 74 
74 --> 

* FSM state operations: 

State 1 <SV = 0> <Delay = 1.26>
ST_1 : Operation 77 [1/1] (0.00ns)   --->   "%reuse_addr_reg = alloca i32 1"   --->   Operation 77 'alloca' 'reuse_addr_reg' <Predicate = true> <Delay = 0.00>
ST_1 : Operation 78 [1/1] (0.00ns)   --->   "%reuse_reg = alloca i32 1"   --->   Operation 78 'alloca' 'reuse_reg' <Predicate = true> <Delay = 0.00>
ST_1 : Operation 79 [1/1] (0.00ns)   --->   "%countingSort_counter5 = alloca i32 1"   --->   Operation 79 'alloca' 'countingSort_counter5' <Predicate = true> <Delay = 0.00>
ST_1 : Operation 80 [1/1] (0.00ns)   --->   "%place_1_read = read i32 @_ssdm_op_Read.ap_auto.i32, i32 %place_1"   --->   Operation 80 'read' 'place_1_read' <Predicate = true> <Delay = 0.00>
ST_1 : Operation 81 [1/1] (0.46ns)   --->   "%store_ln0 = store i4 7, i4 %countingSort_counter5"   --->   Operation 81 'store' 'store_ln0' <Predicate = true> <Delay = 0.46>
ST_1 : Operation 82 [1/1] (0.46ns)   --->   "%store_ln0 = store i32 0, i32 %reuse_reg"   --->   Operation 82 'store' 'store_ln0' <Predicate = true> <Delay = 0.46>
ST_1 : Operation 83 [1/1] (0.46ns)   --->   "%store_ln0 = store i64 18446744073709551615, i64 %reuse_addr_reg"   --->   Operation 83 'store' 'store_ln0' <Predicate = true> <Delay = 0.46>
ST_1 : Operation 84 [1/1] (0.00ns)   --->   "%br_ln0 = br void %for.inc64.i.i"   --->   Operation 84 'br' 'br_ln0' <Predicate = true> <Delay = 0.00>
ST_1 : Operation 85 [1/1] (0.00ns)   --->   "%countingSort_counter5_1 = load i4 %countingSort_counter5" [../../Code/radix/radix.c:39]   --->   Operation 85 'load' 'countingSort_counter5_1' <Predicate = true> <Delay = 0.00>
ST_1 : Operation 86 [1/1] (0.00ns)   --->   "%specpipeline_ln0 = specpipeline void @_ssdm_op_SpecPipeline, i32 4294967295, i32 0, i32 1, i32 0, void @p_str"   --->   Operation 86 'specpipeline' 'specpipeline_ln0' <Predicate = true> <Delay = 0.00>
ST_1 : Operation 87 [1/1] (0.00ns)   --->   "%tmp = bitselect i1 @_ssdm_op_BitSelect.i1.i4.i32, i4 %countingSort_counter5_1, i32 3" [../../Code/radix/radix.c:38]   --->   Operation 87 'bitselect' 'tmp' <Predicate = true> <Delay = 0.00>
ST_1 : Operation 88 [1/1] (0.00ns)   --->   "%empty = speclooptripcount i32 @_ssdm_op_SpecLoopTripCount, i64 8, i64 8, i64 8"   --->   Operation 88 'speclooptripcount' 'empty' <Predicate = true> <Delay = 0.00>
ST_1 : Operation 89 [1/1] (0.00ns)   --->   "%br_ln38 = br i1 %tmp, void %for.inc64.i.i.split, void %for.inc75.i.i.preheader.exitStub" [../../Code/radix/radix.c:38]   --->   Operation 89 'br' 'br_ln38' <Predicate = true> <Delay = 0.00>
ST_1 : Operation 90 [1/1] (0.00ns)   --->   "%trunc_ln39 = trunc i4 %countingSort_counter5_1" [../../Code/radix/radix.c:39]   --->   Operation 90 'trunc' 'trunc_ln39' <Predicate = (!tmp)> <Delay = 0.00>
ST_1 : Operation 91 [1/1] (0.00ns)   --->   "%shl_ln3 = bitconcatenate i3 @_ssdm_op_BitConcatenate.i3.i1.i2, i1 %trunc_ln39, i2 0" [../../Code/radix/radix.c:39]   --->   Operation 91 'bitconcatenate' 'shl_ln3' <Predicate = (!tmp)> <Delay = 0.00>
ST_1 : Operation 92 [1/1] (0.00ns)   --->   "%zext_ln39 = zext i3 %shl_ln3" [../../Code/radix/radix.c:39]   --->   Operation 92 'zext' 'zext_ln39' <Predicate = (!tmp)> <Delay = 0.00>
ST_1 : Operation 93 [1/1] (0.00ns)   --->   "%vla13_addr = getelementptr i8 %vla13, i64 0, i64 %zext_ln39" [../../Code/radix/radix.c:39]   --->   Operation 93 'getelementptr' 'vla13_addr' <Predicate = (!tmp)> <Delay = 0.00>
ST_1 : Operation 94 [2/2] (0.73ns)   --->   "%vla13_load = load i3 %vla13_addr" [../../Code/radix/radix.c:39]   --->   Operation 94 'load' 'vla13_load' <Predicate = (!tmp)> <Delay = 0.73> <CoreInst = "RAM">   --->   Core 83 'RAM' <Latency = 1> <II = 1> <Delay = 0.73> <Storage> <Opcode : 'load' 'store'> <Ports = 2> <Width = 8> <Depth = 8> <RAM>
ST_1 : Operation 95 [1/1] (0.00ns)   --->   "%or_ln39 = or i3 %shl_ln3, i3 1" [../../Code/radix/radix.c:39]   --->   Operation 95 'or' 'or_ln39' <Predicate = (!tmp)> <Delay = 0.00>
ST_1 : Operation 96 [1/1] (0.00ns)   --->   "%zext_ln39_1 = zext i3 %or_ln39" [../../Code/radix/radix.c:39]   --->   Operation 96 'zext' 'zext_ln39_1' <Predicate = (!tmp)> <Delay = 0.00>
ST_1 : Operation 97 [1/1] (0.00ns)   --->   "%vla13_addr_7 = getelementptr i8 %vla13, i64 0, i64 %zext_ln39_1" [../../Code/radix/radix.c:39]   --->   Operation 97 'getelementptr' 'vla13_addr_7' <Predicate = (!tmp)> <Delay = 0.00>
ST_1 : Operation 98 [2/2] (0.73ns)   --->   "%vla13_load_4 = load i3 %vla13_addr_7" [../../Code/radix/radix.c:39]   --->   Operation 98 'load' 'vla13_load_4' <Predicate = (!tmp)> <Delay = 0.73> <CoreInst = "RAM">   --->   Core 83 'RAM' <Latency = 1> <II = 1> <Delay = 0.73> <Storage> <Opcode : 'load' 'store'> <Ports = 2> <Width = 8> <Depth = 8> <RAM>
ST_1 : Operation 99 [1/1] (0.80ns)   --->   "%add_ln38 = add i4 %countingSort_counter5_1, i4 15" [../../Code/radix/radix.c:38]   --->   Operation 99 'add' 'add_ln38' <Predicate = (!tmp)> <Delay = 0.80> <CoreInst = "Adder">   --->   Core 1 'Adder' <Latency = 0> <II = 1> <Delay = 0.80> <FuncUnit> <Opcode : 'add' 'sub'> <InPorts = 2> <OutPorts = 1>
ST_1 : Operation 100 [1/1] (0.46ns)   --->   "%store_ln38 = store i4 %add_ln38, i4 %countingSort_counter5" [../../Code/radix/radix.c:38]   --->   Operation 100 'store' 'store_ln38' <Predicate = (!tmp)> <Delay = 0.46>

State 2 <SV = 1> <Delay = 0.73>
ST_2 : Operation 101 [1/2] (0.73ns)   --->   "%vla13_load = load i3 %vla13_addr" [../../Code/radix/radix.c:39]   --->   Operation 101 'load' 'vla13_load' <Predicate = (!tmp)> <Delay = 0.73> <CoreInst = "RAM">   --->   Core 83 'RAM' <Latency = 1> <II = 1> <Delay = 0.73> <Storage> <Opcode : 'load' 'store'> <Ports = 2> <Width = 8> <Depth = 8> <RAM>
ST_2 : Operation 102 [1/2] (0.73ns)   --->   "%vla13_load_4 = load i3 %vla13_addr_7" [../../Code/radix/radix.c:39]   --->   Operation 102 'load' 'vla13_load_4' <Predicate = (!tmp)> <Delay = 0.73> <CoreInst = "RAM">   --->   Core 83 'RAM' <Latency = 1> <II = 1> <Delay = 0.73> <Storage> <Opcode : 'load' 'store'> <Ports = 2> <Width = 8> <Depth = 8> <RAM>
ST_2 : Operation 103 [1/1] (0.00ns)   --->   "%or_ln39_1 = or i3 %shl_ln3, i3 2" [../../Code/radix/radix.c:39]   --->   Operation 103 'or' 'or_ln39_1' <Predicate = (!tmp)> <Delay = 0.00>
ST_2 : Operation 104 [1/1] (0.00ns)   --->   "%zext_ln39_2 = zext i3 %or_ln39_1" [../../Code/radix/radix.c:39]   --->   Operation 104 'zext' 'zext_ln39_2' <Predicate = (!tmp)> <Delay = 0.00>
ST_2 : Operation 105 [1/1] (0.00ns)   --->   "%vla13_addr_8 = getelementptr i8 %vla13, i64 0, i64 %zext_ln39_2" [../../Code/radix/radix.c:39]   --->   Operation 105 'getelementptr' 'vla13_addr_8' <Predicate = (!tmp)> <Delay = 0.00>
ST_2 : Operation 106 [2/2] (0.73ns)   --->   "%vla13_load_5 = load i3 %vla13_addr_8" [../../Code/radix/radix.c:39]   --->   Operation 106 'load' 'vla13_load_5' <Predicate = (!tmp)> <Delay = 0.73> <CoreInst = "RAM">   --->   Core 83 'RAM' <Latency = 1> <II = 1> <Delay = 0.73> <Storage> <Opcode : 'load' 'store'> <Ports = 2> <Width = 8> <Depth = 8> <RAM>
ST_2 : Operation 107 [1/1] (0.00ns)   --->   "%or_ln39_2 = or i3 %shl_ln3, i3 3" [../../Code/radix/radix.c:39]   --->   Operation 107 'or' 'or_ln39_2' <Predicate = (!tmp)> <Delay = 0.00>
ST_2 : Operation 108 [1/1] (0.00ns)   --->   "%zext_ln39_3 = zext i3 %or_ln39_2" [../../Code/radix/radix.c:39]   --->   Operation 108 'zext' 'zext_ln39_3' <Predicate = (!tmp)> <Delay = 0.00>
ST_2 : Operation 109 [1/1] (0.00ns)   --->   "%vla13_addr_9 = getelementptr i8 %vla13, i64 0, i64 %zext_ln39_3" [../../Code/radix/radix.c:39]   --->   Operation 109 'getelementptr' 'vla13_addr_9' <Predicate = (!tmp)> <Delay = 0.00>
ST_2 : Operation 110 [2/2] (0.73ns)   --->   "%vla13_load_6 = load i3 %vla13_addr_9" [../../Code/radix/radix.c:39]   --->   Operation 110 'load' 'vla13_load_6' <Predicate = (!tmp)> <Delay = 0.73> <CoreInst = "RAM">   --->   Core 83 'RAM' <Latency = 1> <II = 1> <Delay = 0.73> <Storage> <Opcode : 'load' 'store'> <Ports = 2> <Width = 8> <Depth = 8> <RAM>

State 3 <SV = 2> <Delay = 2.15>
ST_3 : Operation 111 [1/2] (0.73ns)   --->   "%vla13_load_5 = load i3 %vla13_addr_8" [../../Code/radix/radix.c:39]   --->   Operation 111 'load' 'vla13_load_5' <Predicate = true> <Delay = 0.73> <CoreInst = "RAM">   --->   Core 83 'RAM' <Latency = 1> <II = 1> <Delay = 0.73> <Storage> <Opcode : 'load' 'store'> <Ports = 2> <Width = 8> <Depth = 8> <RAM>
ST_3 : Operation 112 [1/2] (0.73ns)   --->   "%vla13_load_6 = load i3 %vla13_addr_9" [../../Code/radix/radix.c:39]   --->   Operation 112 'load' 'vla13_load_6' <Predicate = true> <Delay = 0.73> <CoreInst = "RAM">   --->   Core 83 'RAM' <Latency = 1> <II = 1> <Delay = 0.73> <Storage> <Opcode : 'load' 'store'> <Ports = 2> <Width = 8> <Depth = 8> <RAM>
ST_3 : Operation 113 [1/1] (0.00ns)   --->   "%or_ln39_5 = bitconcatenate i32 @_ssdm_op_BitConcatenate.i32.i8.i8.i8.i8, i8 %vla13_load_6, i8 %vla13_load_5, i8 %vla13_load_4, i8 %vla13_load" [../../Code/radix/radix.c:39]   --->   Operation 113 'bitconcatenate' 'or_ln39_5' <Predicate = true> <Delay = 0.00>
ST_3 : Operation 114 [36/36] (1.42ns)   --->   "%sdiv_ln39 = sdiv i32 %or_ln39_5, i32 %place_1_read" [../../Code/radix/radix.c:39]   --->   Operation 114 'sdiv' 'sdiv_ln39' <Predicate = true> <Delay = 1.42> <CoreInst = "Divider">   --->   Core 6 'Divider' <Latency = 35> <II = 1> <Delay = 1.42> <FuncUnit> <Opcode : 'sdiv' 'srem' 'udiv' 'urem'> <InPorts = 2> <OutPorts = 1>

State 4 <SV = 3> <Delay = 1.42>
ST_4 : Operation 115 [35/36] (1.42ns)   --->   "%sdiv_ln39 = sdiv i32 %or_ln39_5, i32 %place_1_read" [../../Code/radix/radix.c:39]   --->   Operation 115 'sdiv' 'sdiv_ln39' <Predicate = true> <Delay = 1.42> <CoreInst = "Divider">   --->   Core 6 'Divider' <Latency = 35> <II = 1> <Delay = 1.42> <FuncUnit> <Opcode : 'sdiv' 'srem' 'udiv' 'urem'> <InPorts = 2> <OutPorts = 1>

State 5 <SV = 4> <Delay = 1.42>
ST_5 : Operation 116 [34/36] (1.42ns)   --->   "%sdiv_ln39 = sdiv i32 %or_ln39_5, i32 %place_1_read" [../../Code/radix/radix.c:39]   --->   Operation 116 'sdiv' 'sdiv_ln39' <Predicate = true> <Delay = 1.42> <CoreInst = "Divider">   --->   Core 6 'Divider' <Latency = 35> <II = 1> <Delay = 1.42> <FuncUnit> <Opcode : 'sdiv' 'srem' 'udiv' 'urem'> <InPorts = 2> <OutPorts = 1>

State 6 <SV = 5> <Delay = 1.42>
ST_6 : Operation 117 [33/36] (1.42ns)   --->   "%sdiv_ln39 = sdiv i32 %or_ln39_5, i32 %place_1_read" [../../Code/radix/radix.c:39]   --->   Operation 117 'sdiv' 'sdiv_ln39' <Predicate = true> <Delay = 1.42> <CoreInst = "Divider">   --->   Core 6 'Divider' <Latency = 35> <II = 1> <Delay = 1.42> <FuncUnit> <Opcode : 'sdiv' 'srem' 'udiv' 'urem'> <InPorts = 2> <OutPorts = 1>

State 7 <SV = 6> <Delay = 1.42>
ST_7 : Operation 118 [32/36] (1.42ns)   --->   "%sdiv_ln39 = sdiv i32 %or_ln39_5, i32 %place_1_read" [../../Code/radix/radix.c:39]   --->   Operation 118 'sdiv' 'sdiv_ln39' <Predicate = true> <Delay = 1.42> <CoreInst = "Divider">   --->   Core 6 'Divider' <Latency = 35> <II = 1> <Delay = 1.42> <FuncUnit> <Opcode : 'sdiv' 'srem' 'udiv' 'urem'> <InPorts = 2> <OutPorts = 1>

State 8 <SV = 7> <Delay = 1.42>
ST_8 : Operation 119 [31/36] (1.42ns)   --->   "%sdiv_ln39 = sdiv i32 %or_ln39_5, i32 %place_1_read" [../../Code/radix/radix.c:39]   --->   Operation 119 'sdiv' 'sdiv_ln39' <Predicate = true> <Delay = 1.42> <CoreInst = "Divider">   --->   Core 6 'Divider' <Latency = 35> <II = 1> <Delay = 1.42> <FuncUnit> <Opcode : 'sdiv' 'srem' 'udiv' 'urem'> <InPorts = 2> <OutPorts = 1>

State 9 <SV = 8> <Delay = 1.42>
ST_9 : Operation 120 [30/36] (1.42ns)   --->   "%sdiv_ln39 = sdiv i32 %or_ln39_5, i32 %place_1_read" [../../Code/radix/radix.c:39]   --->   Operation 120 'sdiv' 'sdiv_ln39' <Predicate = true> <Delay = 1.42> <CoreInst = "Divider">   --->   Core 6 'Divider' <Latency = 35> <II = 1> <Delay = 1.42> <FuncUnit> <Opcode : 'sdiv' 'srem' 'udiv' 'urem'> <InPorts = 2> <OutPorts = 1>

State 10 <SV = 9> <Delay = 1.42>
ST_10 : Operation 121 [29/36] (1.42ns)   --->   "%sdiv_ln39 = sdiv i32 %or_ln39_5, i32 %place_1_read" [../../Code/radix/radix.c:39]   --->   Operation 121 'sdiv' 'sdiv_ln39' <Predicate = true> <Delay = 1.42> <CoreInst = "Divider">   --->   Core 6 'Divider' <Latency = 35> <II = 1> <Delay = 1.42> <FuncUnit> <Opcode : 'sdiv' 'srem' 'udiv' 'urem'> <InPorts = 2> <OutPorts = 1>

State 11 <SV = 10> <Delay = 1.42>
ST_11 : Operation 122 [28/36] (1.42ns)   --->   "%sdiv_ln39 = sdiv i32 %or_ln39_5, i32 %place_1_read" [../../Code/radix/radix.c:39]   --->   Operation 122 'sdiv' 'sdiv_ln39' <Predicate = true> <Delay = 1.42> <CoreInst = "Divider">   --->   Core 6 'Divider' <Latency = 35> <II = 1> <Delay = 1.42> <FuncUnit> <Opcode : 'sdiv' 'srem' 'udiv' 'urem'> <InPorts = 2> <OutPorts = 1>

State 12 <SV = 11> <Delay = 1.42>
ST_12 : Operation 123 [27/36] (1.42ns)   --->   "%sdiv_ln39 = sdiv i32 %or_ln39_5, i32 %place_1_read" [../../Code/radix/radix.c:39]   --->   Operation 123 'sdiv' 'sdiv_ln39' <Predicate = true> <Delay = 1.42> <CoreInst = "Divider">   --->   Core 6 'Divider' <Latency = 35> <II = 1> <Delay = 1.42> <FuncUnit> <Opcode : 'sdiv' 'srem' 'udiv' 'urem'> <InPorts = 2> <OutPorts = 1>

State 13 <SV = 12> <Delay = 1.42>
ST_13 : Operation 124 [26/36] (1.42ns)   --->   "%sdiv_ln39 = sdiv i32 %or_ln39_5, i32 %place_1_read" [../../Code/radix/radix.c:39]   --->   Operation 124 'sdiv' 'sdiv_ln39' <Predicate = true> <Delay = 1.42> <CoreInst = "Divider">   --->   Core 6 'Divider' <Latency = 35> <II = 1> <Delay = 1.42> <FuncUnit> <Opcode : 'sdiv' 'srem' 'udiv' 'urem'> <InPorts = 2> <OutPorts = 1>

State 14 <SV = 13> <Delay = 1.42>
ST_14 : Operation 125 [25/36] (1.42ns)   --->   "%sdiv_ln39 = sdiv i32 %or_ln39_5, i32 %place_1_read" [../../Code/radix/radix.c:39]   --->   Operation 125 'sdiv' 'sdiv_ln39' <Predicate = true> <Delay = 1.42> <CoreInst = "Divider">   --->   Core 6 'Divider' <Latency = 35> <II = 1> <Delay = 1.42> <FuncUnit> <Opcode : 'sdiv' 'srem' 'udiv' 'urem'> <InPorts = 2> <OutPorts = 1>

State 15 <SV = 14> <Delay = 1.42>
ST_15 : Operation 126 [24/36] (1.42ns)   --->   "%sdiv_ln39 = sdiv i32 %or_ln39_5, i32 %place_1_read" [../../Code/radix/radix.c:39]   --->   Operation 126 'sdiv' 'sdiv_ln39' <Predicate = true> <Delay = 1.42> <CoreInst = "Divider">   --->   Core 6 'Divider' <Latency = 35> <II = 1> <Delay = 1.42> <FuncUnit> <Opcode : 'sdiv' 'srem' 'udiv' 'urem'> <InPorts = 2> <OutPorts = 1>

State 16 <SV = 15> <Delay = 1.42>
ST_16 : Operation 127 [23/36] (1.42ns)   --->   "%sdiv_ln39 = sdiv i32 %or_ln39_5, i32 %place_1_read" [../../Code/radix/radix.c:39]   --->   Operation 127 'sdiv' 'sdiv_ln39' <Predicate = true> <Delay = 1.42> <CoreInst = "Divider">   --->   Core 6 'Divider' <Latency = 35> <II = 1> <Delay = 1.42> <FuncUnit> <Opcode : 'sdiv' 'srem' 'udiv' 'urem'> <InPorts = 2> <OutPorts = 1>

State 17 <SV = 16> <Delay = 1.42>
ST_17 : Operation 128 [22/36] (1.42ns)   --->   "%sdiv_ln39 = sdiv i32 %or_ln39_5, i32 %place_1_read" [../../Code/radix/radix.c:39]   --->   Operation 128 'sdiv' 'sdiv_ln39' <Predicate = true> <Delay = 1.42> <CoreInst = "Divider">   --->   Core 6 'Divider' <Latency = 35> <II = 1> <Delay = 1.42> <FuncUnit> <Opcode : 'sdiv' 'srem' 'udiv' 'urem'> <InPorts = 2> <OutPorts = 1>

State 18 <SV = 17> <Delay = 1.42>
ST_18 : Operation 129 [21/36] (1.42ns)   --->   "%sdiv_ln39 = sdiv i32 %or_ln39_5, i32 %place_1_read" [../../Code/radix/radix.c:39]   --->   Operation 129 'sdiv' 'sdiv_ln39' <Predicate = true> <Delay = 1.42> <CoreInst = "Divider">   --->   Core 6 'Divider' <Latency = 35> <II = 1> <Delay = 1.42> <FuncUnit> <Opcode : 'sdiv' 'srem' 'udiv' 'urem'> <InPorts = 2> <OutPorts = 1>

State 19 <SV = 18> <Delay = 1.42>
ST_19 : Operation 130 [20/36] (1.42ns)   --->   "%sdiv_ln39 = sdiv i32 %or_ln39_5, i32 %place_1_read" [../../Code/radix/radix.c:39]   --->   Operation 130 'sdiv' 'sdiv_ln39' <Predicate = true> <Delay = 1.42> <CoreInst = "Divider">   --->   Core 6 'Divider' <Latency = 35> <II = 1> <Delay = 1.42> <FuncUnit> <Opcode : 'sdiv' 'srem' 'udiv' 'urem'> <InPorts = 2> <OutPorts = 1>

State 20 <SV = 19> <Delay = 1.42>
ST_20 : Operation 131 [19/36] (1.42ns)   --->   "%sdiv_ln39 = sdiv i32 %or_ln39_5, i32 %place_1_read" [../../Code/radix/radix.c:39]   --->   Operation 131 'sdiv' 'sdiv_ln39' <Predicate = true> <Delay = 1.42> <CoreInst = "Divider">   --->   Core 6 'Divider' <Latency = 35> <II = 1> <Delay = 1.42> <FuncUnit> <Opcode : 'sdiv' 'srem' 'udiv' 'urem'> <InPorts = 2> <OutPorts = 1>

State 21 <SV = 20> <Delay = 1.42>
ST_21 : Operation 132 [18/36] (1.42ns)   --->   "%sdiv_ln39 = sdiv i32 %or_ln39_5, i32 %place_1_read" [../../Code/radix/radix.c:39]   --->   Operation 132 'sdiv' 'sdiv_ln39' <Predicate = true> <Delay = 1.42> <CoreInst = "Divider">   --->   Core 6 'Divider' <Latency = 35> <II = 1> <Delay = 1.42> <FuncUnit> <Opcode : 'sdiv' 'srem' 'udiv' 'urem'> <InPorts = 2> <OutPorts = 1>

State 22 <SV = 21> <Delay = 1.42>
ST_22 : Operation 133 [17/36] (1.42ns)   --->   "%sdiv_ln39 = sdiv i32 %or_ln39_5, i32 %place_1_read" [../../Code/radix/radix.c:39]   --->   Operation 133 'sdiv' 'sdiv_ln39' <Predicate = true> <Delay = 1.42> <CoreInst = "Divider">   --->   Core 6 'Divider' <Latency = 35> <II = 1> <Delay = 1.42> <FuncUnit> <Opcode : 'sdiv' 'srem' 'udiv' 'urem'> <InPorts = 2> <OutPorts = 1>

State 23 <SV = 22> <Delay = 1.42>
ST_23 : Operation 134 [16/36] (1.42ns)   --->   "%sdiv_ln39 = sdiv i32 %or_ln39_5, i32 %place_1_read" [../../Code/radix/radix.c:39]   --->   Operation 134 'sdiv' 'sdiv_ln39' <Predicate = true> <Delay = 1.42> <CoreInst = "Divider">   --->   Core 6 'Divider' <Latency = 35> <II = 1> <Delay = 1.42> <FuncUnit> <Opcode : 'sdiv' 'srem' 'udiv' 'urem'> <InPorts = 2> <OutPorts = 1>

State 24 <SV = 23> <Delay = 1.42>
ST_24 : Operation 135 [15/36] (1.42ns)   --->   "%sdiv_ln39 = sdiv i32 %or_ln39_5, i32 %place_1_read" [../../Code/radix/radix.c:39]   --->   Operation 135 'sdiv' 'sdiv_ln39' <Predicate = true> <Delay = 1.42> <CoreInst = "Divider">   --->   Core 6 'Divider' <Latency = 35> <II = 1> <Delay = 1.42> <FuncUnit> <Opcode : 'sdiv' 'srem' 'udiv' 'urem'> <InPorts = 2> <OutPorts = 1>

State 25 <SV = 24> <Delay = 1.42>
ST_25 : Operation 136 [14/36] (1.42ns)   --->   "%sdiv_ln39 = sdiv i32 %or_ln39_5, i32 %place_1_read" [../../Code/radix/radix.c:39]   --->   Operation 136 'sdiv' 'sdiv_ln39' <Predicate = true> <Delay = 1.42> <CoreInst = "Divider">   --->   Core 6 'Divider' <Latency = 35> <II = 1> <Delay = 1.42> <FuncUnit> <Opcode : 'sdiv' 'srem' 'udiv' 'urem'> <InPorts = 2> <OutPorts = 1>

State 26 <SV = 25> <Delay = 1.42>
ST_26 : Operation 137 [13/36] (1.42ns)   --->   "%sdiv_ln39 = sdiv i32 %or_ln39_5, i32 %place_1_read" [../../Code/radix/radix.c:39]   --->   Operation 137 'sdiv' 'sdiv_ln39' <Predicate = true> <Delay = 1.42> <CoreInst = "Divider">   --->   Core 6 'Divider' <Latency = 35> <II = 1> <Delay = 1.42> <FuncUnit> <Opcode : 'sdiv' 'srem' 'udiv' 'urem'> <InPorts = 2> <OutPorts = 1>

State 27 <SV = 26> <Delay = 1.42>
ST_27 : Operation 138 [12/36] (1.42ns)   --->   "%sdiv_ln39 = sdiv i32 %or_ln39_5, i32 %place_1_read" [../../Code/radix/radix.c:39]   --->   Operation 138 'sdiv' 'sdiv_ln39' <Predicate = true> <Delay = 1.42> <CoreInst = "Divider">   --->   Core 6 'Divider' <Latency = 35> <II = 1> <Delay = 1.42> <FuncUnit> <Opcode : 'sdiv' 'srem' 'udiv' 'urem'> <InPorts = 2> <OutPorts = 1>

State 28 <SV = 27> <Delay = 1.42>
ST_28 : Operation 139 [11/36] (1.42ns)   --->   "%sdiv_ln39 = sdiv i32 %or_ln39_5, i32 %place_1_read" [../../Code/radix/radix.c:39]   --->   Operation 139 'sdiv' 'sdiv_ln39' <Predicate = true> <Delay = 1.42> <CoreInst = "Divider">   --->   Core 6 'Divider' <Latency = 35> <II = 1> <Delay = 1.42> <FuncUnit> <Opcode : 'sdiv' 'srem' 'udiv' 'urem'> <InPorts = 2> <OutPorts = 1>

State 29 <SV = 28> <Delay = 1.42>
ST_29 : Operation 140 [10/36] (1.42ns)   --->   "%sdiv_ln39 = sdiv i32 %or_ln39_5, i32 %place_1_read" [../../Code/radix/radix.c:39]   --->   Operation 140 'sdiv' 'sdiv_ln39' <Predicate = true> <Delay = 1.42> <CoreInst = "Divider">   --->   Core 6 'Divider' <Latency = 35> <II = 1> <Delay = 1.42> <FuncUnit> <Opcode : 'sdiv' 'srem' 'udiv' 'urem'> <InPorts = 2> <OutPorts = 1>

State 30 <SV = 29> <Delay = 1.42>
ST_30 : Operation 141 [9/36] (1.42ns)   --->   "%sdiv_ln39 = sdiv i32 %or_ln39_5, i32 %place_1_read" [../../Code/radix/radix.c:39]   --->   Operation 141 'sdiv' 'sdiv_ln39' <Predicate = true> <Delay = 1.42> <CoreInst = "Divider">   --->   Core 6 'Divider' <Latency = 35> <II = 1> <Delay = 1.42> <FuncUnit> <Opcode : 'sdiv' 'srem' 'udiv' 'urem'> <InPorts = 2> <OutPorts = 1>

State 31 <SV = 30> <Delay = 1.42>
ST_31 : Operation 142 [8/36] (1.42ns)   --->   "%sdiv_ln39 = sdiv i32 %or_ln39_5, i32 %place_1_read" [../../Code/radix/radix.c:39]   --->   Operation 142 'sdiv' 'sdiv_ln39' <Predicate = true> <Delay = 1.42> <CoreInst = "Divider">   --->   Core 6 'Divider' <Latency = 35> <II = 1> <Delay = 1.42> <FuncUnit> <Opcode : 'sdiv' 'srem' 'udiv' 'urem'> <InPorts = 2> <OutPorts = 1>

State 32 <SV = 31> <Delay = 1.42>
ST_32 : Operation 143 [7/36] (1.42ns)   --->   "%sdiv_ln39 = sdiv i32 %or_ln39_5, i32 %place_1_read" [../../Code/radix/radix.c:39]   --->   Operation 143 'sdiv' 'sdiv_ln39' <Predicate = true> <Delay = 1.42> <CoreInst = "Divider">   --->   Core 6 'Divider' <Latency = 35> <II = 1> <Delay = 1.42> <FuncUnit> <Opcode : 'sdiv' 'srem' 'udiv' 'urem'> <InPorts = 2> <OutPorts = 1>

State 33 <SV = 32> <Delay = 1.42>
ST_33 : Operation 144 [6/36] (1.42ns)   --->   "%sdiv_ln39 = sdiv i32 %or_ln39_5, i32 %place_1_read" [../../Code/radix/radix.c:39]   --->   Operation 144 'sdiv' 'sdiv_ln39' <Predicate = true> <Delay = 1.42> <CoreInst = "Divider">   --->   Core 6 'Divider' <Latency = 35> <II = 1> <Delay = 1.42> <FuncUnit> <Opcode : 'sdiv' 'srem' 'udiv' 'urem'> <InPorts = 2> <OutPorts = 1>

State 34 <SV = 33> <Delay = 1.42>
ST_34 : Operation 145 [5/36] (1.42ns)   --->   "%sdiv_ln39 = sdiv i32 %or_ln39_5, i32 %place_1_read" [../../Code/radix/radix.c:39]   --->   Operation 145 'sdiv' 'sdiv_ln39' <Predicate = true> <Delay = 1.42> <CoreInst = "Divider">   --->   Core 6 'Divider' <Latency = 35> <II = 1> <Delay = 1.42> <FuncUnit> <Opcode : 'sdiv' 'srem' 'udiv' 'urem'> <InPorts = 2> <OutPorts = 1>

State 35 <SV = 34> <Delay = 1.42>
ST_35 : Operation 146 [4/36] (1.42ns)   --->   "%sdiv_ln39 = sdiv i32 %or_ln39_5, i32 %place_1_read" [../../Code/radix/radix.c:39]   --->   Operation 146 'sdiv' 'sdiv_ln39' <Predicate = true> <Delay = 1.42> <CoreInst = "Divider">   --->   Core 6 'Divider' <Latency = 35> <II = 1> <Delay = 1.42> <FuncUnit> <Opcode : 'sdiv' 'srem' 'udiv' 'urem'> <InPorts = 2> <OutPorts = 1>

State 36 <SV = 35> <Delay = 1.42>
ST_36 : Operation 147 [3/36] (1.42ns)   --->   "%sdiv_ln39 = sdiv i32 %or_ln39_5, i32 %place_1_read" [../../Code/radix/radix.c:39]   --->   Operation 147 'sdiv' 'sdiv_ln39' <Predicate = true> <Delay = 1.42> <CoreInst = "Divider">   --->   Core 6 'Divider' <Latency = 35> <II = 1> <Delay = 1.42> <FuncUnit> <Opcode : 'sdiv' 'srem' 'udiv' 'urem'> <InPorts = 2> <OutPorts = 1>

State 37 <SV = 36> <Delay = 1.42>
ST_37 : Operation 148 [2/36] (1.42ns)   --->   "%sdiv_ln39 = sdiv i32 %or_ln39_5, i32 %place_1_read" [../../Code/radix/radix.c:39]   --->   Operation 148 'sdiv' 'sdiv_ln39' <Predicate = true> <Delay = 1.42> <CoreInst = "Divider">   --->   Core 6 'Divider' <Latency = 35> <II = 1> <Delay = 1.42> <FuncUnit> <Opcode : 'sdiv' 'srem' 'udiv' 'urem'> <InPorts = 2> <OutPorts = 1>

State 38 <SV = 37> <Delay = 2.84>
ST_38 : Operation 149 [1/36] (1.42ns)   --->   "%sdiv_ln39 = sdiv i32 %or_ln39_5, i32 %place_1_read" [../../Code/radix/radix.c:39]   --->   Operation 149 'sdiv' 'sdiv_ln39' <Predicate = true> <Delay = 1.42> <CoreInst = "Divider">   --->   Core 6 'Divider' <Latency = 35> <II = 1> <Delay = 1.42> <FuncUnit> <Opcode : 'sdiv' 'srem' 'udiv' 'urem'> <InPorts = 2> <OutPorts = 1>
ST_38 : Operation 150 [36/36] (1.42ns)   --->   "%srem_ln39 = srem i32 %sdiv_ln39, i32 10" [../../Code/radix/radix.c:39]   --->   Operation 150 'srem' 'srem_ln39' <Predicate = true> <Delay = 1.42> <CoreInst = "Divider">   --->   Core 6 'Divider' <Latency = 35> <II = 1> <Delay = 1.42> <FuncUnit> <Opcode : 'sdiv' 'srem' 'udiv' 'urem'> <InPorts = 2> <OutPorts = 1>

State 39 <SV = 38> <Delay = 1.42>
ST_39 : Operation 151 [35/36] (1.42ns)   --->   "%srem_ln39 = srem i32 %sdiv_ln39, i32 10" [../../Code/radix/radix.c:39]   --->   Operation 151 'srem' 'srem_ln39' <Predicate = true> <Delay = 1.42> <CoreInst = "Divider">   --->   Core 6 'Divider' <Latency = 35> <II = 1> <Delay = 1.42> <FuncUnit> <Opcode : 'sdiv' 'srem' 'udiv' 'urem'> <InPorts = 2> <OutPorts = 1>

State 40 <SV = 39> <Delay = 1.42>
ST_40 : Operation 152 [34/36] (1.42ns)   --->   "%srem_ln39 = srem i32 %sdiv_ln39, i32 10" [../../Code/radix/radix.c:39]   --->   Operation 152 'srem' 'srem_ln39' <Predicate = true> <Delay = 1.42> <CoreInst = "Divider">   --->   Core 6 'Divider' <Latency = 35> <II = 1> <Delay = 1.42> <FuncUnit> <Opcode : 'sdiv' 'srem' 'udiv' 'urem'> <InPorts = 2> <OutPorts = 1>

State 41 <SV = 40> <Delay = 1.42>
ST_41 : Operation 153 [33/36] (1.42ns)   --->   "%srem_ln39 = srem i32 %sdiv_ln39, i32 10" [../../Code/radix/radix.c:39]   --->   Operation 153 'srem' 'srem_ln39' <Predicate = true> <Delay = 1.42> <CoreInst = "Divider">   --->   Core 6 'Divider' <Latency = 35> <II = 1> <Delay = 1.42> <FuncUnit> <Opcode : 'sdiv' 'srem' 'udiv' 'urem'> <InPorts = 2> <OutPorts = 1>

State 42 <SV = 41> <Delay = 1.42>
ST_42 : Operation 154 [32/36] (1.42ns)   --->   "%srem_ln39 = srem i32 %sdiv_ln39, i32 10" [../../Code/radix/radix.c:39]   --->   Operation 154 'srem' 'srem_ln39' <Predicate = true> <Delay = 1.42> <CoreInst = "Divider">   --->   Core 6 'Divider' <Latency = 35> <II = 1> <Delay = 1.42> <FuncUnit> <Opcode : 'sdiv' 'srem' 'udiv' 'urem'> <InPorts = 2> <OutPorts = 1>

State 43 <SV = 42> <Delay = 1.42>
ST_43 : Operation 155 [31/36] (1.42ns)   --->   "%srem_ln39 = srem i32 %sdiv_ln39, i32 10" [../../Code/radix/radix.c:39]   --->   Operation 155 'srem' 'srem_ln39' <Predicate = true> <Delay = 1.42> <CoreInst = "Divider">   --->   Core 6 'Divider' <Latency = 35> <II = 1> <Delay = 1.42> <FuncUnit> <Opcode : 'sdiv' 'srem' 'udiv' 'urem'> <InPorts = 2> <OutPorts = 1>

State 44 <SV = 43> <Delay = 1.42>
ST_44 : Operation 156 [30/36] (1.42ns)   --->   "%srem_ln39 = srem i32 %sdiv_ln39, i32 10" [../../Code/radix/radix.c:39]   --->   Operation 156 'srem' 'srem_ln39' <Predicate = true> <Delay = 1.42> <CoreInst = "Divider">   --->   Core 6 'Divider' <Latency = 35> <II = 1> <Delay = 1.42> <FuncUnit> <Opcode : 'sdiv' 'srem' 'udiv' 'urem'> <InPorts = 2> <OutPorts = 1>

State 45 <SV = 44> <Delay = 1.42>
ST_45 : Operation 157 [29/36] (1.42ns)   --->   "%srem_ln39 = srem i32 %sdiv_ln39, i32 10" [../../Code/radix/radix.c:39]   --->   Operation 157 'srem' 'srem_ln39' <Predicate = true> <Delay = 1.42> <CoreInst = "Divider">   --->   Core 6 'Divider' <Latency = 35> <II = 1> <Delay = 1.42> <FuncUnit> <Opcode : 'sdiv' 'srem' 'udiv' 'urem'> <InPorts = 2> <OutPorts = 1>

State 46 <SV = 45> <Delay = 1.42>
ST_46 : Operation 158 [28/36] (1.42ns)   --->   "%srem_ln39 = srem i32 %sdiv_ln39, i32 10" [../../Code/radix/radix.c:39]   --->   Operation 158 'srem' 'srem_ln39' <Predicate = true> <Delay = 1.42> <CoreInst = "Divider">   --->   Core 6 'Divider' <Latency = 35> <II = 1> <Delay = 1.42> <FuncUnit> <Opcode : 'sdiv' 'srem' 'udiv' 'urem'> <InPorts = 2> <OutPorts = 1>

State 47 <SV = 46> <Delay = 1.42>
ST_47 : Operation 159 [27/36] (1.42ns)   --->   "%srem_ln39 = srem i32 %sdiv_ln39, i32 10" [../../Code/radix/radix.c:39]   --->   Operation 159 'srem' 'srem_ln39' <Predicate = true> <Delay = 1.42> <CoreInst = "Divider">   --->   Core 6 'Divider' <Latency = 35> <II = 1> <Delay = 1.42> <FuncUnit> <Opcode : 'sdiv' 'srem' 'udiv' 'urem'> <InPorts = 2> <OutPorts = 1>

State 48 <SV = 47> <Delay = 1.42>
ST_48 : Operation 160 [26/36] (1.42ns)   --->   "%srem_ln39 = srem i32 %sdiv_ln39, i32 10" [../../Code/radix/radix.c:39]   --->   Operation 160 'srem' 'srem_ln39' <Predicate = true> <Delay = 1.42> <CoreInst = "Divider">   --->   Core 6 'Divider' <Latency = 35> <II = 1> <Delay = 1.42> <FuncUnit> <Opcode : 'sdiv' 'srem' 'udiv' 'urem'> <InPorts = 2> <OutPorts = 1>

State 49 <SV = 48> <Delay = 1.42>
ST_49 : Operation 161 [25/36] (1.42ns)   --->   "%srem_ln39 = srem i32 %sdiv_ln39, i32 10" [../../Code/radix/radix.c:39]   --->   Operation 161 'srem' 'srem_ln39' <Predicate = true> <Delay = 1.42> <CoreInst = "Divider">   --->   Core 6 'Divider' <Latency = 35> <II = 1> <Delay = 1.42> <FuncUnit> <Opcode : 'sdiv' 'srem' 'udiv' 'urem'> <InPorts = 2> <OutPorts = 1>

State 50 <SV = 49> <Delay = 1.42>
ST_50 : Operation 162 [24/36] (1.42ns)   --->   "%srem_ln39 = srem i32 %sdiv_ln39, i32 10" [../../Code/radix/radix.c:39]   --->   Operation 162 'srem' 'srem_ln39' <Predicate = true> <Delay = 1.42> <CoreInst = "Divider">   --->   Core 6 'Divider' <Latency = 35> <II = 1> <Delay = 1.42> <FuncUnit> <Opcode : 'sdiv' 'srem' 'udiv' 'urem'> <InPorts = 2> <OutPorts = 1>

State 51 <SV = 50> <Delay = 1.42>
ST_51 : Operation 163 [23/36] (1.42ns)   --->   "%srem_ln39 = srem i32 %sdiv_ln39, i32 10" [../../Code/radix/radix.c:39]   --->   Operation 163 'srem' 'srem_ln39' <Predicate = true> <Delay = 1.42> <CoreInst = "Divider">   --->   Core 6 'Divider' <Latency = 35> <II = 1> <Delay = 1.42> <FuncUnit> <Opcode : 'sdiv' 'srem' 'udiv' 'urem'> <InPorts = 2> <OutPorts = 1>

State 52 <SV = 51> <Delay = 1.42>
ST_52 : Operation 164 [22/36] (1.42ns)   --->   "%srem_ln39 = srem i32 %sdiv_ln39, i32 10" [../../Code/radix/radix.c:39]   --->   Operation 164 'srem' 'srem_ln39' <Predicate = true> <Delay = 1.42> <CoreInst = "Divider">   --->   Core 6 'Divider' <Latency = 35> <II = 1> <Delay = 1.42> <FuncUnit> <Opcode : 'sdiv' 'srem' 'udiv' 'urem'> <InPorts = 2> <OutPorts = 1>

State 53 <SV = 52> <Delay = 1.42>
ST_53 : Operation 165 [21/36] (1.42ns)   --->   "%srem_ln39 = srem i32 %sdiv_ln39, i32 10" [../../Code/radix/radix.c:39]   --->   Operation 165 'srem' 'srem_ln39' <Predicate = true> <Delay = 1.42> <CoreInst = "Divider">   --->   Core 6 'Divider' <Latency = 35> <II = 1> <Delay = 1.42> <FuncUnit> <Opcode : 'sdiv' 'srem' 'udiv' 'urem'> <InPorts = 2> <OutPorts = 1>

State 54 <SV = 53> <Delay = 1.42>
ST_54 : Operation 166 [20/36] (1.42ns)   --->   "%srem_ln39 = srem i32 %sdiv_ln39, i32 10" [../../Code/radix/radix.c:39]   --->   Operation 166 'srem' 'srem_ln39' <Predicate = true> <Delay = 1.42> <CoreInst = "Divider">   --->   Core 6 'Divider' <Latency = 35> <II = 1> <Delay = 1.42> <FuncUnit> <Opcode : 'sdiv' 'srem' 'udiv' 'urem'> <InPorts = 2> <OutPorts = 1>

State 55 <SV = 54> <Delay = 1.42>
ST_55 : Operation 167 [19/36] (1.42ns)   --->   "%srem_ln39 = srem i32 %sdiv_ln39, i32 10" [../../Code/radix/radix.c:39]   --->   Operation 167 'srem' 'srem_ln39' <Predicate = true> <Delay = 1.42> <CoreInst = "Divider">   --->   Core 6 'Divider' <Latency = 35> <II = 1> <Delay = 1.42> <FuncUnit> <Opcode : 'sdiv' 'srem' 'udiv' 'urem'> <InPorts = 2> <OutPorts = 1>

State 56 <SV = 55> <Delay = 1.42>
ST_56 : Operation 168 [18/36] (1.42ns)   --->   "%srem_ln39 = srem i32 %sdiv_ln39, i32 10" [../../Code/radix/radix.c:39]   --->   Operation 168 'srem' 'srem_ln39' <Predicate = true> <Delay = 1.42> <CoreInst = "Divider">   --->   Core 6 'Divider' <Latency = 35> <II = 1> <Delay = 1.42> <FuncUnit> <Opcode : 'sdiv' 'srem' 'udiv' 'urem'> <InPorts = 2> <OutPorts = 1>

State 57 <SV = 56> <Delay = 1.42>
ST_57 : Operation 169 [17/36] (1.42ns)   --->   "%srem_ln39 = srem i32 %sdiv_ln39, i32 10" [../../Code/radix/radix.c:39]   --->   Operation 169 'srem' 'srem_ln39' <Predicate = true> <Delay = 1.42> <CoreInst = "Divider">   --->   Core 6 'Divider' <Latency = 35> <II = 1> <Delay = 1.42> <FuncUnit> <Opcode : 'sdiv' 'srem' 'udiv' 'urem'> <InPorts = 2> <OutPorts = 1>

State 58 <SV = 57> <Delay = 1.42>
ST_58 : Operation 170 [16/36] (1.42ns)   --->   "%srem_ln39 = srem i32 %sdiv_ln39, i32 10" [../../Code/radix/radix.c:39]   --->   Operation 170 'srem' 'srem_ln39' <Predicate = true> <Delay = 1.42> <CoreInst = "Divider">   --->   Core 6 'Divider' <Latency = 35> <II = 1> <Delay = 1.42> <FuncUnit> <Opcode : 'sdiv' 'srem' 'udiv' 'urem'> <InPorts = 2> <OutPorts = 1>

State 59 <SV = 58> <Delay = 1.42>
ST_59 : Operation 171 [15/36] (1.42ns)   --->   "%srem_ln39 = srem i32 %sdiv_ln39, i32 10" [../../Code/radix/radix.c:39]   --->   Operation 171 'srem' 'srem_ln39' <Predicate = true> <Delay = 1.42> <CoreInst = "Divider">   --->   Core 6 'Divider' <Latency = 35> <II = 1> <Delay = 1.42> <FuncUnit> <Opcode : 'sdiv' 'srem' 'udiv' 'urem'> <InPorts = 2> <OutPorts = 1>

State 60 <SV = 59> <Delay = 1.42>
ST_60 : Operation 172 [14/36] (1.42ns)   --->   "%srem_ln39 = srem i32 %sdiv_ln39, i32 10" [../../Code/radix/radix.c:39]   --->   Operation 172 'srem' 'srem_ln39' <Predicate = true> <Delay = 1.42> <CoreInst = "Divider">   --->   Core 6 'Divider' <Latency = 35> <II = 1> <Delay = 1.42> <FuncUnit> <Opcode : 'sdiv' 'srem' 'udiv' 'urem'> <InPorts = 2> <OutPorts = 1>

State 61 <SV = 60> <Delay = 1.42>
ST_61 : Operation 173 [13/36] (1.42ns)   --->   "%srem_ln39 = srem i32 %sdiv_ln39, i32 10" [../../Code/radix/radix.c:39]   --->   Operation 173 'srem' 'srem_ln39' <Predicate = true> <Delay = 1.42> <CoreInst = "Divider">   --->   Core 6 'Divider' <Latency = 35> <II = 1> <Delay = 1.42> <FuncUnit> <Opcode : 'sdiv' 'srem' 'udiv' 'urem'> <InPorts = 2> <OutPorts = 1>

State 62 <SV = 61> <Delay = 1.42>
ST_62 : Operation 174 [12/36] (1.42ns)   --->   "%srem_ln39 = srem i32 %sdiv_ln39, i32 10" [../../Code/radix/radix.c:39]   --->   Operation 174 'srem' 'srem_ln39' <Predicate = true> <Delay = 1.42> <CoreInst = "Divider">   --->   Core 6 'Divider' <Latency = 35> <II = 1> <Delay = 1.42> <FuncUnit> <Opcode : 'sdiv' 'srem' 'udiv' 'urem'> <InPorts = 2> <OutPorts = 1>

State 63 <SV = 62> <Delay = 1.42>
ST_63 : Operation 175 [11/36] (1.42ns)   --->   "%srem_ln39 = srem i32 %sdiv_ln39, i32 10" [../../Code/radix/radix.c:39]   --->   Operation 175 'srem' 'srem_ln39' <Predicate = true> <Delay = 1.42> <CoreInst = "Divider">   --->   Core 6 'Divider' <Latency = 35> <II = 1> <Delay = 1.42> <FuncUnit> <Opcode : 'sdiv' 'srem' 'udiv' 'urem'> <InPorts = 2> <OutPorts = 1>

State 64 <SV = 63> <Delay = 1.42>
ST_64 : Operation 176 [10/36] (1.42ns)   --->   "%srem_ln39 = srem i32 %sdiv_ln39, i32 10" [../../Code/radix/radix.c:39]   --->   Operation 176 'srem' 'srem_ln39' <Predicate = true> <Delay = 1.42> <CoreInst = "Divider">   --->   Core 6 'Divider' <Latency = 35> <II = 1> <Delay = 1.42> <FuncUnit> <Opcode : 'sdiv' 'srem' 'udiv' 'urem'> <InPorts = 2> <OutPorts = 1>

State 65 <SV = 64> <Delay = 1.42>
ST_65 : Operation 177 [9/36] (1.42ns)   --->   "%srem_ln39 = srem i32 %sdiv_ln39, i32 10" [../../Code/radix/radix.c:39]   --->   Operation 177 'srem' 'srem_ln39' <Predicate = true> <Delay = 1.42> <CoreInst = "Divider">   --->   Core 6 'Divider' <Latency = 35> <II = 1> <Delay = 1.42> <FuncUnit> <Opcode : 'sdiv' 'srem' 'udiv' 'urem'> <InPorts = 2> <OutPorts = 1>

State 66 <SV = 65> <Delay = 1.42>
ST_66 : Operation 178 [8/36] (1.42ns)   --->   "%srem_ln39 = srem i32 %sdiv_ln39, i32 10" [../../Code/radix/radix.c:39]   --->   Operation 178 'srem' 'srem_ln39' <Predicate = true> <Delay = 1.42> <CoreInst = "Divider">   --->   Core 6 'Divider' <Latency = 35> <II = 1> <Delay = 1.42> <FuncUnit> <Opcode : 'sdiv' 'srem' 'udiv' 'urem'> <InPorts = 2> <OutPorts = 1>

State 67 <SV = 66> <Delay = 1.42>
ST_67 : Operation 179 [7/36] (1.42ns)   --->   "%srem_ln39 = srem i32 %sdiv_ln39, i32 10" [../../Code/radix/radix.c:39]   --->   Operation 179 'srem' 'srem_ln39' <Predicate = true> <Delay = 1.42> <CoreInst = "Divider">   --->   Core 6 'Divider' <Latency = 35> <II = 1> <Delay = 1.42> <FuncUnit> <Opcode : 'sdiv' 'srem' 'udiv' 'urem'> <InPorts = 2> <OutPorts = 1>

State 68 <SV = 67> <Delay = 1.42>
ST_68 : Operation 180 [6/36] (1.42ns)   --->   "%srem_ln39 = srem i32 %sdiv_ln39, i32 10" [../../Code/radix/radix.c:39]   --->   Operation 180 'srem' 'srem_ln39' <Predicate = true> <Delay = 1.42> <CoreInst = "Divider">   --->   Core 6 'Divider' <Latency = 35> <II = 1> <Delay = 1.42> <FuncUnit> <Opcode : 'sdiv' 'srem' 'udiv' 'urem'> <InPorts = 2> <OutPorts = 1>

State 69 <SV = 68> <Delay = 1.42>
ST_69 : Operation 181 [5/36] (1.42ns)   --->   "%srem_ln39 = srem i32 %sdiv_ln39, i32 10" [../../Code/radix/radix.c:39]   --->   Operation 181 'srem' 'srem_ln39' <Predicate = true> <Delay = 1.42> <CoreInst = "Divider">   --->   Core 6 'Divider' <Latency = 35> <II = 1> <Delay = 1.42> <FuncUnit> <Opcode : 'sdiv' 'srem' 'udiv' 'urem'> <InPorts = 2> <OutPorts = 1>

State 70 <SV = 69> <Delay = 1.42>
ST_70 : Operation 182 [4/36] (1.42ns)   --->   "%srem_ln39 = srem i32 %sdiv_ln39, i32 10" [../../Code/radix/radix.c:39]   --->   Operation 182 'srem' 'srem_ln39' <Predicate = true> <Delay = 1.42> <CoreInst = "Divider">   --->   Core 6 'Divider' <Latency = 35> <II = 1> <Delay = 1.42> <FuncUnit> <Opcode : 'sdiv' 'srem' 'udiv' 'urem'> <InPorts = 2> <OutPorts = 1>

State 71 <SV = 70> <Delay = 1.42>
ST_71 : Operation 183 [3/36] (1.42ns)   --->   "%srem_ln39 = srem i32 %sdiv_ln39, i32 10" [../../Code/radix/radix.c:39]   --->   Operation 183 'srem' 'srem_ln39' <Predicate = true> <Delay = 1.42> <CoreInst = "Divider">   --->   Core 6 'Divider' <Latency = 35> <II = 1> <Delay = 1.42> <FuncUnit> <Opcode : 'sdiv' 'srem' 'udiv' 'urem'> <InPorts = 2> <OutPorts = 1>

State 72 <SV = 71> <Delay = 1.42>
ST_72 : Operation 184 [2/36] (1.42ns)   --->   "%srem_ln39 = srem i32 %sdiv_ln39, i32 10" [../../Code/radix/radix.c:39]   --->   Operation 184 'srem' 'srem_ln39' <Predicate = true> <Delay = 1.42> <CoreInst = "Divider">   --->   Core 6 'Divider' <Latency = 35> <II = 1> <Delay = 1.42> <FuncUnit> <Opcode : 'sdiv' 'srem' 'udiv' 'urem'> <InPorts = 2> <OutPorts = 1>
ST_72 : Operation 204 [1/1] (0.00ns)   --->   "%ret_ln0 = ret"   --->   Operation 204 'ret' 'ret_ln0' <Predicate = (tmp)> <Delay = 0.00>

State 73 <SV = 72> <Delay = 2.56>
ST_73 : Operation 185 [1/36] (1.42ns)   --->   "%srem_ln39 = srem i32 %sdiv_ln39, i32 10" [../../Code/radix/radix.c:39]   --->   Operation 185 'srem' 'srem_ln39' <Predicate = true> <Delay = 1.42> <CoreInst = "Divider">   --->   Core 6 'Divider' <Latency = 35> <II = 1> <Delay = 1.42> <FuncUnit> <Opcode : 'sdiv' 'srem' 'udiv' 'urem'> <InPorts = 2> <OutPorts = 1>
ST_73 : Operation 186 [1/1] (0.00ns)   --->   "%trunc_ln39_1 = trunc i3 %srem_ln39" [../../Code/radix/radix.c:39]   --->   Operation 186 'trunc' 'trunc_ln39_1' <Predicate = true> <Delay = 0.00>
ST_73 : Operation 187 [1/1] (0.00ns)   --->   "%zext_ln39_4 = zext i3 %trunc_ln39_1" [../../Code/radix/radix.c:39]   --->   Operation 187 'zext' 'zext_ln39_4' <Predicate = true> <Delay = 0.00>
ST_73 : Operation 188 [1/1] (0.00ns)   --->   "%count_addr = getelementptr i32 %count, i64 0, i64 %zext_ln39_4" [../../Code/radix/radix.c:39]   --->   Operation 188 'getelementptr' 'count_addr' <Predicate = true> <Delay = 0.00>
ST_73 : Operation 189 [1/1] (0.00ns)   --->   "%reuse_addr_reg_load = load i64 %reuse_addr_reg"   --->   Operation 189 'load' 'reuse_addr_reg_load' <Predicate = true> <Delay = 0.00>
ST_73 : Operation 190 [2/2] (0.73ns)   --->   "%count_load = load i3 %count_addr" [../../Code/radix/radix.c:39]   --->   Operation 190 'load' 'count_load' <Predicate = true> <Delay = 0.73> <CoreInst = "RAM">   --->   Core 83 'RAM' <Latency = 1> <II = 1> <Delay = 0.73> <Storage> <Opcode : 'load' 'store'> <Ports = 2> <Width = 32> <Depth = 6> <RAM>
ST_73 : Operation 191 [1/1] (1.14ns)   --->   "%addr_cmp = icmp_eq  i64 %reuse_addr_reg_load, i64 %zext_ln39_4" [../../Code/radix/radix.c:39]   --->   Operation 191 'icmp' 'addr_cmp' <Predicate = true> <Delay = 1.14> <CoreInst = "Cmp">   --->   Core 9 'Cmp' <Latency = 0> <II = 1> <Delay = 1.14> <FuncUnit> <Opcode : 'icmp'> <InPorts = 2> <OutPorts = 1>
ST_73 : Operation 192 [1/1] (0.46ns)   --->   "%store_ln39 = store i64 %zext_ln39_4, i64 %reuse_addr_reg" [../../Code/radix/radix.c:39]   --->   Operation 192 'store' 'store_ln39' <Predicate = true> <Delay = 0.46>

State 74 <SV = 73> <Delay = 2.60>
ST_74 : Operation 193 [1/1] (0.00ns)   --->   "%specloopname_ln38 = specloopname void @_ssdm_op_SpecLoopName, void @empty_10" [../../Code/radix/radix.c:38]   --->   Operation 193 'specloopname' 'specloopname_ln38' <Predicate = true> <Delay = 0.00>
ST_74 : Operation 194 [1/1] (0.00ns)   --->   "%reuse_reg_load = load i32 %reuse_reg"   --->   Operation 194 'load' 'reuse_reg_load' <Predicate = (addr_cmp)> <Delay = 0.00>
ST_74 : Operation 195 [1/2] (0.73ns)   --->   "%count_load = load i3 %count_addr" [../../Code/radix/radix.c:39]   --->   Operation 195 'load' 'count_load' <Predicate = true> <Delay = 0.73> <CoreInst = "RAM">   --->   Core 83 'RAM' <Latency = 1> <II = 1> <Delay = 0.73> <Storage> <Opcode : 'load' 'store'> <Ports = 2> <Width = 32> <Depth = 6> <RAM>
ST_74 : Operation 196 [1/1] (0.00ns) (grouped into LUT with out node add_ln39)   --->   "%reuse_select = select i1 %addr_cmp, i32 %reuse_reg_load, i32 %count_load" [../../Code/radix/radix.c:39]   --->   Operation 196 'select' 'reuse_select' <Predicate = true> <Delay = 0.00> <CoreInst = "Sel">   --->   Core 73 'Sel' <Latency = 0> <II = 1> <Delay = 0.28> <FuncUnit> <Opcode : 'select'> <InPorts = 3> <OutPorts = 1>
ST_74 : Operation 197 [1/1] (1.14ns) (out node of the LUT)   --->   "%add_ln39 = add i32 %reuse_select, i32 4294967295" [../../Code/radix/radix.c:39]   --->   Operation 197 'add' 'add_ln39' <Predicate = true> <Delay = 1.14> <CoreInst = "Adder">   --->   Core 1 'Adder' <Latency = 0> <II = 1> <Delay = 1.14> <FuncUnit> <Opcode : 'add' 'sub'> <InPorts = 2> <OutPorts = 1>
ST_74 : Operation 198 [1/1] (0.00ns)   --->   "%zext_ln39_5 = zext i32 %add_ln39" [../../Code/radix/radix.c:39]   --->   Operation 198 'zext' 'zext_ln39_5' <Predicate = true> <Delay = 0.00>
ST_74 : Operation 199 [1/1] (0.00ns)   --->   "%output_addr = getelementptr i32 %output_r, i64 0, i64 %zext_ln39_5" [../../Code/radix/radix.c:39]   --->   Operation 199 'getelementptr' 'output_addr' <Predicate = true> <Delay = 0.00>
ST_74 : Operation 200 [1/1] (0.73ns)   --->   "%store_ln39 = store i32 %or_ln39_5, i4 %output_addr" [../../Code/radix/radix.c:39]   --->   Operation 200 'store' 'store_ln39' <Predicate = true> <Delay = 0.73> <CoreInst = "RAM">   --->   Core 83 'RAM' <Latency = 1> <II = 1> <Delay = 0.73> <Storage> <Opcode : 'load' 'store'> <Ports = 2> <Width = 32> <Depth = 9> <RAM>
ST_74 : Operation 201 [1/1] (0.73ns)   --->   "%store_ln40 = store i32 %add_ln39, i3 %count_addr" [../../Code/radix/radix.c:40]   --->   Operation 201 'store' 'store_ln40' <Predicate = true> <Delay = 0.73> <CoreInst = "RAM">   --->   Core 83 'RAM' <Latency = 1> <II = 1> <Delay = 0.73> <Storage> <Opcode : 'load' 'store'> <Ports = 2> <Width = 32> <Depth = 6> <RAM>
ST_74 : Operation 202 [1/1] (0.46ns)   --->   "%store_ln39 = store i32 %add_ln39, i32 %reuse_reg" [../../Code/radix/radix.c:39]   --->   Operation 202 'store' 'store_ln39' <Predicate = true> <Delay = 0.46>
ST_74 : Operation 203 [1/1] (0.00ns)   --->   "%br_ln38 = br void %for.inc64.i.i" [../../Code/radix/radix.c:38]   --->   Operation 203 'br' 'br_ln38' <Predicate = true> <Delay = 0.00>


============================================================
+ Verbose Summary: Timing violations
============================================================
Target clock period: 10ns, clock uncertainty: 2.7ns.

 <State 1>: 1.27ns
The critical path consists of the following:
	'alloca' operation ('countingSort_counter5') [7]  (0 ns)
	'load' operation ('countingSort_counter5', ../../Code/radix/radix.c:39) on local variable 'countingSort_counter5' [14]  (0 ns)
	'add' operation ('add_ln38', ../../Code/radix/radix.c:38) [56]  (0.809 ns)
	'store' operation ('store_ln38', ../../Code/radix/radix.c:38) of variable 'add_ln38', ../../Code/radix/radix.c:38 on local variable 'countingSort_counter5' [57]  (0.46 ns)

 <State 2>: 0.73ns
The critical path consists of the following:
	'load' operation ('vla13_load', ../../Code/radix/radix.c:39) on array 'vla13' [25]  (0.73 ns)

 <State 3>: 2.15ns
The critical path consists of the following:
	'load' operation ('vla13_load_5', ../../Code/radix/radix.c:39) on array 'vla13' [33]  (0.73 ns)
	'sdiv' operation ('sdiv_ln39', ../../Code/radix/radix.c:39) [39]  (1.42 ns)

 <State 4>: 1.42ns
The critical path consists of the following:
	'sdiv' operation ('sdiv_ln39', ../../Code/radix/radix.c:39) [39]  (1.42 ns)

 <State 5>: 1.42ns
The critical path consists of the following:
	'sdiv' operation ('sdiv_ln39', ../../Code/radix/radix.c:39) [39]  (1.42 ns)

 <State 6>: 1.42ns
The critical path consists of the following:
	'sdiv' operation ('sdiv_ln39', ../../Code/radix/radix.c:39) [39]  (1.42 ns)

 <State 7>: 1.42ns
The critical path consists of the following:
	'sdiv' operation ('sdiv_ln39', ../../Code/radix/radix.c:39) [39]  (1.42 ns)

 <State 8>: 1.42ns
The critical path consists of the following:
	'sdiv' operation ('sdiv_ln39', ../../Code/radix/radix.c:39) [39]  (1.42 ns)

 <State 9>: 1.42ns
The critical path consists of the following:
	'sdiv' operation ('sdiv_ln39', ../../Code/radix/radix.c:39) [39]  (1.42 ns)

 <State 10>: 1.42ns
The critical path consists of the following:
	'sdiv' operation ('sdiv_ln39', ../../Code/radix/radix.c:39) [39]  (1.42 ns)

 <State 11>: 1.42ns
The critical path consists of the following:
	'sdiv' operation ('sdiv_ln39', ../../Code/radix/radix.c:39) [39]  (1.42 ns)

 <State 12>: 1.42ns
The critical path consists of the following:
	'sdiv' operation ('sdiv_ln39', ../../Code/radix/radix.c:39) [39]  (1.42 ns)

 <State 13>: 1.42ns
The critical path consists of the following:
	'sdiv' operation ('sdiv_ln39', ../../Code/radix/radix.c:39) [39]  (1.42 ns)

 <State 14>: 1.42ns
The critical path consists of the following:
	'sdiv' operation ('sdiv_ln39', ../../Code/radix/radix.c:39) [39]  (1.42 ns)

 <State 15>: 1.42ns
The critical path consists of the following:
	'sdiv' operation ('sdiv_ln39', ../../Code/radix/radix.c:39) [39]  (1.42 ns)

 <State 16>: 1.42ns
The critical path consists of the following:
	'sdiv' operation ('sdiv_ln39', ../../Code/radix/radix.c:39) [39]  (1.42 ns)

 <State 17>: 1.42ns
The critical path consists of the following:
	'sdiv' operation ('sdiv_ln39', ../../Code/radix/radix.c:39) [39]  (1.42 ns)

 <State 18>: 1.42ns
The critical path consists of the following:
	'sdiv' operation ('sdiv_ln39', ../../Code/radix/radix.c:39) [39]  (1.42 ns)

 <State 19>: 1.42ns
The critical path consists of the following:
	'sdiv' operation ('sdiv_ln39', ../../Code/radix/radix.c:39) [39]  (1.42 ns)

 <State 20>: 1.42ns
The critical path consists of the following:
	'sdiv' operation ('sdiv_ln39', ../../Code/radix/radix.c:39) [39]  (1.42 ns)

 <State 21>: 1.42ns
The critical path consists of the following:
	'sdiv' operation ('sdiv_ln39', ../../Code/radix/radix.c:39) [39]  (1.42 ns)

 <State 22>: 1.42ns
The critical path consists of the following:
	'sdiv' operation ('sdiv_ln39', ../../Code/radix/radix.c:39) [39]  (1.42 ns)

 <State 23>: 1.42ns
The critical path consists of the following:
	'sdiv' operation ('sdiv_ln39', ../../Code/radix/radix.c:39) [39]  (1.42 ns)

 <State 24>: 1.42ns
The critical path consists of the following:
	'sdiv' operation ('sdiv_ln39', ../../Code/radix/radix.c:39) [39]  (1.42 ns)

 <State 25>: 1.42ns
The critical path consists of the following:
	'sdiv' operation ('sdiv_ln39', ../../Code/radix/radix.c:39) [39]  (1.42 ns)

 <State 26>: 1.42ns
The critical path consists of the following:
	'sdiv' operation ('sdiv_ln39', ../../Code/radix/radix.c:39) [39]  (1.42 ns)

 <State 27>: 1.42ns
The critical path consists of the following:
	'sdiv' operation ('sdiv_ln39', ../../Code/radix/radix.c:39) [39]  (1.42 ns)

 <State 28>: 1.42ns
The critical path consists of the following:
	'sdiv' operation ('sdiv_ln39', ../../Code/radix/radix.c:39) [39]  (1.42 ns)

 <State 29>: 1.42ns
The critical path consists of the following:
	'sdiv' operation ('sdiv_ln39', ../../Code/radix/radix.c:39) [39]  (1.42 ns)

 <State 30>: 1.42ns
The critical path consists of the following:
	'sdiv' operation ('sdiv_ln39', ../../Code/radix/radix.c:39) [39]  (1.42 ns)

 <State 31>: 1.42ns
The critical path consists of the following:
	'sdiv' operation ('sdiv_ln39', ../../Code/radix/radix.c:39) [39]  (1.42 ns)

 <State 32>: 1.42ns
The critical path consists of the following:
	'sdiv' operation ('sdiv_ln39', ../../Code/radix/radix.c:39) [39]  (1.42 ns)

 <State 33>: 1.42ns
The critical path consists of the following:
	'sdiv' operation ('sdiv_ln39', ../../Code/radix/radix.c:39) [39]  (1.42 ns)

 <State 34>: 1.42ns
The critical path consists of the following:
	'sdiv' operation ('sdiv_ln39', ../../Code/radix/radix.c:39) [39]  (1.42 ns)

 <State 35>: 1.42ns
The critical path consists of the following:
	'sdiv' operation ('sdiv_ln39', ../../Code/radix/radix.c:39) [39]  (1.42 ns)

 <State 36>: 1.42ns
The critical path consists of the following:
	'sdiv' operation ('sdiv_ln39', ../../Code/radix/radix.c:39) [39]  (1.42 ns)

 <State 37>: 1.42ns
The critical path consists of the following:
	'sdiv' operation ('sdiv_ln39', ../../Code/radix/radix.c:39) [39]  (1.42 ns)

 <State 38>: 2.85ns
The critical path consists of the following:
	'sdiv' operation ('sdiv_ln39', ../../Code/radix/radix.c:39) [39]  (1.42 ns)
	'srem' operation ('srem_ln39', ../../Code/radix/radix.c:39) [40]  (1.42 ns)

 <State 39>: 1.42ns
The critical path consists of the following:
	'srem' operation ('srem_ln39', ../../Code/radix/radix.c:39) [40]  (1.42 ns)

 <State 40>: 1.42ns
The critical path consists of the following:
	'srem' operation ('srem_ln39', ../../Code/radix/radix.c:39) [40]  (1.42 ns)

 <State 41>: 1.42ns
The critical path consists of the following:
	'srem' operation ('srem_ln39', ../../Code/radix/radix.c:39) [40]  (1.42 ns)

 <State 42>: 1.42ns
The critical path consists of the following:
	'srem' operation ('srem_ln39', ../../Code/radix/radix.c:39) [40]  (1.42 ns)

 <State 43>: 1.42ns
The critical path consists of the following:
	'srem' operation ('srem_ln39', ../../Code/radix/radix.c:39) [40]  (1.42 ns)

 <State 44>: 1.42ns
The critical path consists of the following:
	'srem' operation ('srem_ln39', ../../Code/radix/radix.c:39) [40]  (1.42 ns)

 <State 45>: 1.42ns
The critical path consists of the following:
	'srem' operation ('srem_ln39', ../../Code/radix/radix.c:39) [40]  (1.42 ns)

 <State 46>: 1.42ns
The critical path consists of the following:
	'srem' operation ('srem_ln39', ../../Code/radix/radix.c:39) [40]  (1.42 ns)

 <State 47>: 1.42ns
The critical path consists of the following:
	'srem' operation ('srem_ln39', ../../Code/radix/radix.c:39) [40]  (1.42 ns)

 <State 48>: 1.42ns
The critical path consists of the following:
	'srem' operation ('srem_ln39', ../../Code/radix/radix.c:39) [40]  (1.42 ns)

 <State 49>: 1.42ns
The critical path consists of the following:
	'srem' operation ('srem_ln39', ../../Code/radix/radix.c:39) [40]  (1.42 ns)

 <State 50>: 1.42ns
The critical path consists of the following:
	'srem' operation ('srem_ln39', ../../Code/radix/radix.c:39) [40]  (1.42 ns)

 <State 51>: 1.42ns
The critical path consists of the following:
	'srem' operation ('srem_ln39', ../../Code/radix/radix.c:39) [40]  (1.42 ns)

 <State 52>: 1.42ns
The critical path consists of the following:
	'srem' operation ('srem_ln39', ../../Code/radix/radix.c:39) [40]  (1.42 ns)

 <State 53>: 1.42ns
The critical path consists of the following:
	'srem' operation ('srem_ln39', ../../Code/radix/radix.c:39) [40]  (1.42 ns)

 <State 54>: 1.42ns
The critical path consists of the following:
	'srem' operation ('srem_ln39', ../../Code/radix/radix.c:39) [40]  (1.42 ns)

 <State 55>: 1.42ns
The critical path consists of the following:
	'srem' operation ('srem_ln39', ../../Code/radix/radix.c:39) [40]  (1.42 ns)

 <State 56>: 1.42ns
The critical path consists of the following:
	'srem' operation ('srem_ln39', ../../Code/radix/radix.c:39) [40]  (1.42 ns)

 <State 57>: 1.42ns
The critical path consists of the following:
	'srem' operation ('srem_ln39', ../../Code/radix/radix.c:39) [40]  (1.42 ns)

 <State 58>: 1.42ns
The critical path consists of the following:
	'srem' operation ('srem_ln39', ../../Code/radix/radix.c:39) [40]  (1.42 ns)

 <State 59>: 1.42ns
The critical path consists of the following:
	'srem' operation ('srem_ln39', ../../Code/radix/radix.c:39) [40]  (1.42 ns)

 <State 60>: 1.42ns
The critical path consists of the following:
	'srem' operation ('srem_ln39', ../../Code/radix/radix.c:39) [40]  (1.42 ns)

 <State 61>: 1.42ns
The critical path consists of the following:
	'srem' operation ('srem_ln39', ../../Code/radix/radix.c:39) [40]  (1.42 ns)

 <State 62>: 1.42ns
The critical path consists of the following:
	'srem' operation ('srem_ln39', ../../Code/radix/radix.c:39) [40]  (1.42 ns)

 <State 63>: 1.42ns
The critical path consists of the following:
	'srem' operation ('srem_ln39', ../../Code/radix/radix.c:39) [40]  (1.42 ns)

 <State 64>: 1.42ns
The critical path consists of the following:
	'srem' operation ('srem_ln39', ../../Code/radix/radix.c:39) [40]  (1.42 ns)

 <State 65>: 1.42ns
The critical path consists of the following:
	'srem' operation ('srem_ln39', ../../Code/radix/radix.c:39) [40]  (1.42 ns)

 <State 66>: 1.42ns
The critical path consists of the following:
	'srem' operation ('srem_ln39', ../../Code/radix/radix.c:39) [40]  (1.42 ns)

 <State 67>: 1.42ns
The critical path consists of the following:
	'srem' operation ('srem_ln39', ../../Code/radix/radix.c:39) [40]  (1.42 ns)

 <State 68>: 1.42ns
The critical path consists of the following:
	'srem' operation ('srem_ln39', ../../Code/radix/radix.c:39) [40]  (1.42 ns)

 <State 69>: 1.42ns
The critical path consists of the following:
	'srem' operation ('srem_ln39', ../../Code/radix/radix.c:39) [40]  (1.42 ns)

 <State 70>: 1.42ns
The critical path consists of the following:
	'srem' operation ('srem_ln39', ../../Code/radix/radix.c:39) [40]  (1.42 ns)

 <State 71>: 1.42ns
The critical path consists of the following:
	'srem' operation ('srem_ln39', ../../Code/radix/radix.c:39) [40]  (1.42 ns)

 <State 72>: 1.42ns
The critical path consists of the following:
	'srem' operation ('srem_ln39', ../../Code/radix/radix.c:39) [40]  (1.42 ns)

 <State 73>: 2.57ns
The critical path consists of the following:
	'srem' operation ('srem_ln39', ../../Code/radix/radix.c:39) [40]  (1.42 ns)
	'icmp' operation ('addr_cmp', ../../Code/radix/radix.c:39) [47]  (1.14 ns)

 <State 74>: 2.6ns
The critical path consists of the following:
	'load' operation ('count_load', ../../Code/radix/radix.c:39) on array 'count' [46]  (0.73 ns)
	'select' operation ('reuse_select', ../../Code/radix/radix.c:39) [48]  (0 ns)
	'add' operation ('add_ln39', ../../Code/radix/radix.c:39) [49]  (1.14 ns)
	'getelementptr' operation ('output_addr', ../../Code/radix/radix.c:39) [51]  (0 ns)
	'store' operation ('store_ln39', ../../Code/radix/radix.c:39) of variable 'or_ln39_5', ../../Code/radix/radix.c:39 on array 'output_r' [52]  (0.73 ns)


============================================================
+ Verbose Summary: Binding
============================================================
N/A
* FSMD analyzer results:
  - Output states:
 - Input state : 
  - Chain level:
	State 1
	State 2
	State 3
	State 4
	State 5
	State 6
	State 7
	State 8
	State 9
	State 10
	State 11
	State 12
	State 13
	State 14
	State 15
	State 16
	State 17
	State 18
	State 19
	State 20
	State 21
	State 22
	State 23
	State 24
	State 25
	State 26
	State 27
	State 28
	State 29
	State 30
	State 31
	State 32
	State 33
	State 34
	State 35
	State 36
	State 37
	State 38
	State 39
	State 40
	State 41
	State 42
	State 43
	State 44
	State 45
	State 46
	State 47
	State 48
	State 49
	State 50
	State 51
	State 52
	State 53
	State 54
	State 55
	State 56
	State 57
	State 58
	State 59
	State 60
	State 61
	State 62
	State 63
	State 64
	State 65
	State 66
	State 67
	State 68
	State 69
	State 70
	State 71
	State 72
	State 73
	State 74


============================================================
+ Verbose Summary: Datapath Resource usage 
============================================================
N/A
