

================================================================
== Vitis HLS Report for 'radix_Pipeline_VITIS_LOOP_67_1'
================================================================
* Date:           Wed Nov 30 10:23:27 2022

* Version:        2022.2 (Build 3670227 on Oct 13 2022)
* Project:        Radix
* Solution:       radix01 (Vivado IP Flow Target)
* Product family: virtexuplus
* Target device:  xcvu11p-flga2577-1-e


================================================================
== Performance Estimates
================================================================
+ Timing: 
    * Summary: 
    +--------+----------+----------+------------+
    |  Clock |  Target  | Estimated| Uncertainty|
    +--------+----------+----------+------------+
    |ap_clk  |  10.00 ns|  1.602 ns|     2.70 ns|
    +--------+----------+----------+------------+

+ Latency: 
    * Summary: 
    +---------+---------+----------+----------+-----+-----+---------+
    |  Latency (cycles) |  Latency (absolute) |  Interval | Pipeline|
    |   min   |   max   |    min   |    max   | min | max |   Type  |
    +---------+---------+----------+----------+-----+-----+---------+
    |       10|       10|  0.100 us|  0.100 us|   10|   10|       no|
    +---------+---------+----------+----------+-----+-----+---------+

    + Detail: 
        * Instance: 
        N/A

        * Loop: 
        +-------------------+---------+---------+----------+-----------+-----------+------+----------+
        |                   |  Latency (cycles) | Iteration|  Initiation Interval  | Trip |          |
        |     Loop Name     |   min   |   max   |  Latency |  achieved |   target  | Count| Pipelined|
        +-------------------+---------+---------+----------+-----------+-----------+------+----------+
        |- VITIS_LOOP_67_1  |        8|        8|         1|          1|          1|     8|       yes|
        +-------------------+---------+---------+----------+-----------+-----------+------+----------+

============================================================
+ Verbose Summary: Synthesis Manager
============================================================
InlineROM: 1
ExposeGlobal: 0
============================================================
+ Verbose Summary: CDFG Model
============================================================
IsTopModel: 0
ResetActiveHigh: 1
IsCombinational: 0
IsDatapathOnly: 0
HasWiredReturn: 1
HasMFsm: 2
HasVarLatency: 1
IsPipeline: 0
IsRtlPipelined: 0
IsInstanceOverlapped: 0
IsDontTouch: 0
HasImplIP: 0
IsGatedGlobalClock: 0

+ Individual pipeline summary: 
  * Pipeline-0: initiation interval (II) = 1, depth = 2


============================================================
+ Verbose Summary: Schedule
============================================================
* Number of FSM states : 2
* Pipeline : 1
  Pipeline-0 : II = 1, D = 2, States = { 1 2 }
* Dataflow Pipeline: 0

* FSM state transitions: 
1 --> 2 
2 --> 

* FSM state operations: 

State 1 <SV = 0> <Delay = 0.46>
ST_1 : Operation 4 [1/1] (0.00ns)   --->   "%counter = alloca i32 1"   --->   Operation 4 'alloca' 'counter' <Predicate = true> <Delay = 0.00>
ST_1 : Operation 5 [1/1] (0.00ns)   --->   "%arr_counter = alloca i32 1"   --->   Operation 5 'alloca' 'arr_counter' <Predicate = true> <Delay = 0.00>
ST_1 : Operation 6 [1/1] (0.00ns)   --->   "%sext_ln69_read = read i8 @_ssdm_op_Read.ap_auto.i8, i8 %sext_ln69"   --->   Operation 6 'read' 'sext_ln69_read' <Predicate = true> <Delay = 0.00>
ST_1 : Operation 7 [1/1] (0.00ns)   --->   "%icmp_ln70_read = read i1 @_ssdm_op_Read.ap_auto.i1, i1 %icmp_ln70"   --->   Operation 7 'read' 'icmp_ln70_read' <Predicate = true> <Delay = 0.00>
ST_1 : Operation 8 [1/1] (0.00ns)   --->   "%sext_ln69_cast = sext i8 %sext_ln69_read"   --->   Operation 8 'sext' 'sext_ln69_cast' <Predicate = true> <Delay = 0.00>
ST_1 : Operation 9 [1/1] (0.46ns)   --->   "%store_ln0 = store i32 0, i32 %arr_counter"   --->   Operation 9 'store' 'store_ln0' <Predicate = true> <Delay = 0.46>
ST_1 : Operation 10 [1/1] (0.46ns)   --->   "%store_ln0 = store i4 0, i4 %counter"   --->   Operation 10 'store' 'store_ln0' <Predicate = true> <Delay = 0.46>
ST_1 : Operation 11 [1/1] (0.00ns)   --->   "%br_ln0 = br void %while.cond"   --->   Operation 11 'br' 'br_ln0' <Predicate = true> <Delay = 0.00>

State 2 <SV = 1> <Delay = 1.60>
ST_2 : Operation 12 [1/1] (0.00ns)   --->   "%counter_1 = load i4 %counter" [../../Code/radix/radix.c:71]   --->   Operation 12 'load' 'counter_1' <Predicate = true> <Delay = 0.00>
ST_2 : Operation 13 [1/1] (0.00ns)   --->   "%specpipeline_ln0 = specpipeline void @_ssdm_op_SpecPipeline, i32 4294967295, i32 0, i32 1, i32 0, void @p_str"   --->   Operation 13 'specpipeline' 'specpipeline_ln0' <Predicate = true> <Delay = 0.00>
ST_2 : Operation 14 [1/1] (0.72ns)   --->   "%icmp_ln67 = icmp_eq  i4 %counter_1, i4 8" [../../Code/radix/radix.c:67]   --->   Operation 14 'icmp' 'icmp_ln67' <Predicate = true> <Delay = 0.72> <CoreInst = "Cmp">   --->   Core 9 'Cmp' <Latency = 0> <II = 1> <Delay = 0.72> <FuncUnit> <Opcode : 'icmp'> <InPorts = 2> <OutPorts = 1>
ST_2 : Operation 15 [1/1] (0.00ns)   --->   "%empty = speclooptripcount i32 @_ssdm_op_SpecLoopTripCount, i64 8, i64 8, i64 8"   --->   Operation 15 'speclooptripcount' 'empty' <Predicate = true> <Delay = 0.00>
ST_2 : Operation 16 [1/1] (0.80ns)   --->   "%add_ln71 = add i4 %counter_1, i4 1" [../../Code/radix/radix.c:71]   --->   Operation 16 'add' 'add_ln71' <Predicate = true> <Delay = 0.80> <CoreInst = "Adder">   --->   Core 1 'Adder' <Latency = 0> <II = 1> <Delay = 0.80> <FuncUnit> <Opcode : 'add' 'sub'> <InPorts = 2> <OutPorts = 1>
ST_2 : Operation 17 [1/1] (0.00ns)   --->   "%br_ln67 = br i1 %icmp_ln67, void %while.body, void %while.end.exitStub" [../../Code/radix/radix.c:67]   --->   Operation 17 'br' 'br_ln67' <Predicate = true> <Delay = 0.00>
ST_2 : Operation 18 [1/1] (0.00ns)   --->   "%specloopname_ln68 = specloopname void @_ssdm_op_SpecLoopName, void @empty_14" [../../Code/radix/radix.c:68]   --->   Operation 18 'specloopname' 'specloopname_ln68' <Predicate = (!icmp_ln67)> <Delay = 0.00>
ST_2 : Operation 19 [1/1] (0.00ns)   --->   "%br_ln70 = br i1 %icmp_ln70_read, void %if.else, void %if.end" [../../Code/radix/radix.c:70]   --->   Operation 19 'br' 'br_ln70' <Predicate = (!icmp_ln67)> <Delay = 0.00>
ST_2 : Operation 20 [1/1] (0.00ns)   --->   "%arr_counter_load = load i32 %arr_counter" [../../Code/radix/radix.c:76]   --->   Operation 20 'load' 'arr_counter_load' <Predicate = (!icmp_ln67 & !icmp_ln70_read)> <Delay = 0.00>
ST_2 : Operation 21 [1/1] (0.00ns)   --->   "%zext_ln74 = zext i32 %arr_counter_load" [../../Code/radix/radix.c:74]   --->   Operation 21 'zext' 'zext_ln74' <Predicate = (!icmp_ln67 & !icmp_ln70_read)> <Delay = 0.00>
ST_2 : Operation 22 [1/1] (0.00ns)   --->   "%vla13_addr = getelementptr i32 %vla13, i64 0, i64 %zext_ln74" [../../Code/radix/radix.c:74]   --->   Operation 22 'getelementptr' 'vla13_addr' <Predicate = (!icmp_ln67 & !icmp_ln70_read)> <Delay = 0.00>
ST_2 : Operation 23 [1/1] (0.73ns)   --->   "%store_ln74 = store i32 %sext_ln69_cast, i3 %vla13_addr" [../../Code/radix/radix.c:74]   --->   Operation 23 'store' 'store_ln74' <Predicate = (!icmp_ln67 & !icmp_ln70_read)> <Delay = 0.73> <CoreInst = "RAM">   --->   Core 83 'RAM' <Latency = 1> <II = 1> <Delay = 0.73> <Storage> <Opcode : 'load' 'store'> <Ports = 2> <Width = 32> <Depth = 8> <RAM>
ST_2 : Operation 24 [1/1] (1.14ns)   --->   "%arr_counter_1 = add i32 %arr_counter_load, i32 1" [../../Code/radix/radix.c:76]   --->   Operation 24 'add' 'arr_counter_1' <Predicate = (!icmp_ln67 & !icmp_ln70_read)> <Delay = 1.14> <CoreInst = "Adder">   --->   Core 1 'Adder' <Latency = 0> <II = 1> <Delay = 1.14> <FuncUnit> <Opcode : 'add' 'sub'> <InPorts = 2> <OutPorts = 1>
ST_2 : Operation 25 [1/1] (0.46ns)   --->   "%store_ln76 = store i32 %arr_counter_1, i32 %arr_counter" [../../Code/radix/radix.c:76]   --->   Operation 25 'store' 'store_ln76' <Predicate = (!icmp_ln67 & !icmp_ln70_read)> <Delay = 0.46>
ST_2 : Operation 26 [1/1] (0.00ns)   --->   "%br_ln0 = br void %if.end"   --->   Operation 26 'br' 'br_ln0' <Predicate = (!icmp_ln67 & !icmp_ln70_read)> <Delay = 0.00>
ST_2 : Operation 27 [1/1] (0.46ns)   --->   "%store_ln67 = store i4 %add_ln71, i4 %counter" [../../Code/radix/radix.c:67]   --->   Operation 27 'store' 'store_ln67' <Predicate = (!icmp_ln67)> <Delay = 0.46>
ST_2 : Operation 28 [1/1] (0.00ns)   --->   "%br_ln67 = br void %while.cond" [../../Code/radix/radix.c:67]   --->   Operation 28 'br' 'br_ln67' <Predicate = (!icmp_ln67)> <Delay = 0.00>
ST_2 : Operation 29 [1/1] (0.00ns)   --->   "%ret_ln0 = ret"   --->   Operation 29 'ret' 'ret_ln0' <Predicate = (icmp_ln67)> <Delay = 0.00>


============================================================
+ Verbose Summary: Timing violations
============================================================
Target clock period: 10ns, clock uncertainty: 2.7ns.

 <State 1>: 0.46ns
The critical path consists of the following:
	'alloca' operation ('arr_counter') [5]  (0 ns)
	'store' operation ('store_ln0') of constant 0 on local variable 'arr_counter' [9]  (0.46 ns)

 <State 2>: 1.6ns
The critical path consists of the following:
	'load' operation ('arr_counter_load', ../../Code/radix/radix.c:76) on local variable 'arr_counter' [23]  (0 ns)
	'add' operation ('arr_counter', ../../Code/radix/radix.c:76) [27]  (1.14 ns)
	'store' operation ('store_ln76', ../../Code/radix/radix.c:76) of variable 'arr_counter', ../../Code/radix/radix.c:76 on local variable 'arr_counter' [28]  (0.46 ns)


============================================================
+ Verbose Summary: Binding
============================================================
N/A
* FSMD analyzer results:
  - Output states:
 - Input state : 
  - Chain level:
	State 1
	State 2


============================================================
+ Verbose Summary: Datapath Resource usage 
============================================================
N/A
