

================================================================
== Vitis HLS Report for 'radix_Pipeline_VITIS_LOOP_20_1'
================================================================
* Date:           Fri Nov 25 09:13:44 2022

* Version:        2022.2 (Build 3670227 on Oct 13 2022)
* Project:        Radix
* Solution:       radix01 (Vivado IP Flow Target)
* Product family: virtexuplus
* Target device:  xcvu11p-flga2577-1-e


================================================================
== Performance Estimates
================================================================
+ Timing: 
    * Summary: 
    +--------+----------+----------+------------+
    |  Clock |  Target  | Estimated| Uncertainty|
    +--------+----------+----------+------------+
    |ap_clk  |  10.00 ns|  2.972 ns|     2.70 ns|
    +--------+----------+----------+------------+

+ Latency: 
    * Summary: 
    +---------+---------+----------+----------+-----+-----+---------+
    |  Latency (cycles) |  Latency (absolute) |  Interval | Pipeline|
    |   min   |   max   |    min   |    max   | min | max |   Type  |
    +---------+---------+----------+----------+-----+-----+---------+
    |       79|       79|  0.790 us|  0.790 us|   79|   79|       no|
    +---------+---------+----------+----------+-----+-----+---------+

    + Detail: 
        * Instance: 
        N/A

        * Loop: 
        +-------------------+---------+---------+----------+-----------+-----------+------+----------+
        |                   |  Latency (cycles) | Iteration|  Initiation Interval  | Trip |          |
        |     Loop Name     |   min   |   max   |  Latency |  achieved |   target  | Count| Pipelined|
        +-------------------+---------+---------+----------+-----------+-----------+------+----------+
        |- VITIS_LOOP_20_1  |       77|       77|        72|          1|          1|     7|       yes|
        +-------------------+---------+---------+----------+-----------+-----------+------+----------+

============================================================
+ Verbose Summary: Synthesis Manager
============================================================
InlineROM: 1
ExposeGlobal: 0
============================================================
+ Verbose Summary: CDFG Model
============================================================
IsTopModel: 0
ResetActiveHigh: 1
IsCombinational: 0
IsDatapathOnly: 0
HasWiredReturn: 1
HasMFsm: 2
HasVarLatency: 1
IsPipeline: 0
IsRtlPipelined: 0
IsInstanceOverlapped: 0
IsDontTouch: 0
HasImplIP: 0
IsGatedGlobalClock: 0

+ Individual pipeline summary: 
  * Pipeline-0: initiation interval (II) = 1, depth = 72


============================================================
+ Verbose Summary: Schedule
============================================================
* Number of FSM states : 72
* Pipeline : 1
  Pipeline-0 : II = 1, D = 72, States = { 1 2 3 4 5 6 7 8 9 10 11 12 13 14 15 16 17 18 19 20 21 22 23 24 25 26 27 28 29 30 31 32 33 34 35 36 37 38 39 40 41 42 43 44 45 46 47 48 49 50 51 52 53 54 55 56 57 58 59 60 61 62 63 64 65 66 67 68 69 70 71 72 }
* Dataflow Pipeline: 0

* FSM state transitions: 
1 --> 2 
2 --> 3 
3 --> 4 
4 --> 5 
5 --> 6 
6 --> 7 
7 --> 8 
8 --> 9 
9 --> 10 
10 --> 11 
11 --> 12 
12 --> 13 
13 --> 14 
14 --> 15 
15 --> 16 
16 --> 17 
17 --> 18 
18 --> 19 
19 --> 20 
20 --> 21 
21 --> 22 
22 --> 23 
23 --> 24 
24 --> 25 
25 --> 26 
26 --> 27 
27 --> 28 
28 --> 29 
29 --> 30 
30 --> 31 
31 --> 32 
32 --> 33 
33 --> 34 
34 --> 35 
35 --> 36 
36 --> 37 
37 --> 38 
38 --> 39 
39 --> 40 
40 --> 41 
41 --> 42 
42 --> 43 
43 --> 44 
44 --> 45 
45 --> 46 
46 --> 47 
47 --> 48 
48 --> 49 
49 --> 50 
50 --> 51 
51 --> 52 
52 --> 53 
53 --> 54 
54 --> 55 
55 --> 56 
56 --> 57 
57 --> 58 
58 --> 59 
59 --> 60 
60 --> 61 
61 --> 62 
62 --> 63 
63 --> 64 
64 --> 65 
65 --> 66 
66 --> 67 
67 --> 68 
68 --> 69 
69 --> 70 
70 --> 71 
71 --> 72 
72 --> 

* FSM state operations: 

State 1 <SV = 0> <Delay = 1.26>
ST_1 : Operation 75 [1/1] (0.00ns)   --->   "%max = alloca i32 1"   --->   Operation 75 'alloca' 'max' <Predicate = true> <Delay = 0.00>
ST_1 : Operation 76 [1/1] (0.00ns)   --->   "%i_1 = alloca i32 1"   --->   Operation 76 'alloca' 'i_1' <Predicate = true> <Delay = 0.00>
ST_1 : Operation 77 [1/1] (0.00ns)   --->   "%place_1_read = read i32 @_ssdm_op_Read.ap_auto.i32, i32 %place_1"   --->   Operation 77 'read' 'place_1_read' <Predicate = true> <Delay = 0.00>
ST_1 : Operation 78 [1/1] (0.00ns)   --->   "%max_4_read = read i5 @_ssdm_op_Read.ap_auto.i5, i5 %max_4"   --->   Operation 78 'read' 'max_4_read' <Predicate = true> <Delay = 0.00>
ST_1 : Operation 79 [1/1] (0.00ns)   --->   "%max_4_cast = sext i5 %max_4_read"   --->   Operation 79 'sext' 'max_4_cast' <Predicate = true> <Delay = 0.00>
ST_1 : Operation 80 [1/1] (0.46ns)   --->   "%store_ln0 = store i4 1, i4 %i_1"   --->   Operation 80 'store' 'store_ln0' <Predicate = true> <Delay = 0.46>
ST_1 : Operation 81 [1/1] (0.46ns)   --->   "%store_ln0 = store i32 %max_4_cast, i32 %max"   --->   Operation 81 'store' 'store_ln0' <Predicate = true> <Delay = 0.46>
ST_1 : Operation 82 [1/1] (0.00ns)   --->   "%br_ln0 = br void %for.body.i6.i"   --->   Operation 82 'br' 'br_ln0' <Predicate = true> <Delay = 0.00>
ST_1 : Operation 83 [1/1] (0.00ns)   --->   "%i = load i4 %i_1" [../../Code/radix/radix.c:20]   --->   Operation 83 'load' 'i' <Predicate = true> <Delay = 0.00>
ST_1 : Operation 84 [1/1] (0.00ns)   --->   "%specpipeline_ln0 = specpipeline void @_ssdm_op_SpecPipeline, i32 4294967295, i32 0, i32 1, i32 0, void @p_str"   --->   Operation 84 'specpipeline' 'specpipeline_ln0' <Predicate = true> <Delay = 0.00>
ST_1 : Operation 85 [1/1] (0.72ns)   --->   "%icmp_ln20 = icmp_eq  i4 %i, i4 8" [../../Code/radix/radix.c:20]   --->   Operation 85 'icmp' 'icmp_ln20' <Predicate = true> <Delay = 0.72> <CoreInst = "Cmp">   --->   Core 9 'Cmp' <Latency = 0> <II = 1> <Delay = 0.72> <FuncUnit> <Opcode : 'icmp'> <InPorts = 2> <OutPorts = 1>
ST_1 : Operation 86 [1/1] (0.00ns)   --->   "%empty = speclooptripcount i32 @_ssdm_op_SpecLoopTripCount, i64 7, i64 7, i64 7"   --->   Operation 86 'speclooptripcount' 'empty' <Predicate = true> <Delay = 0.00>
ST_1 : Operation 87 [1/1] (0.00ns)   --->   "%br_ln20 = br i1 %icmp_ln20, void %for.body.i6.i.split, void %for.inc14.i.i.preheader.exitStub" [../../Code/radix/radix.c:20]   --->   Operation 87 'br' 'br_ln20' <Predicate = true> <Delay = 0.00>
ST_1 : Operation 88 [1/1] (0.00ns)   --->   "%i_1_cast = zext i4 %i" [../../Code/radix/radix.c:20]   --->   Operation 88 'zext' 'i_1_cast' <Predicate = (!icmp_ln20)> <Delay = 0.00>
ST_1 : Operation 89 [1/1] (0.00ns)   --->   "%vla13_addr = getelementptr i32 %vla13, i64 0, i64 %i_1_cast" [../../Code/radix/radix.c:21]   --->   Operation 89 'getelementptr' 'vla13_addr' <Predicate = (!icmp_ln20)> <Delay = 0.00>
ST_1 : Operation 90 [2/2] (0.73ns)   --->   "%vla13_load = load i3 %vla13_addr" [../../Code/radix/radix.c:21]   --->   Operation 90 'load' 'vla13_load' <Predicate = (!icmp_ln20)> <Delay = 0.73> <CoreInst = "RAM">   --->   Core 83 'RAM' <Latency = 1> <II = 1> <Delay = 0.73> <Storage> <Opcode : 'load' 'store'> <Ports = 2> <Width = 32> <Depth = 8> <RAM>
ST_1 : Operation 91 [1/1] (0.80ns)   --->   "%add_ln20 = add i4 %i, i4 1" [../../Code/radix/radix.c:20]   --->   Operation 91 'add' 'add_ln20' <Predicate = (!icmp_ln20)> <Delay = 0.80> <CoreInst = "Adder">   --->   Core 1 'Adder' <Latency = 0> <II = 1> <Delay = 0.80> <FuncUnit> <Opcode : 'add' 'sub'> <InPorts = 2> <OutPorts = 1>
ST_1 : Operation 92 [1/1] (0.46ns)   --->   "%store_ln20 = store i4 %add_ln20, i4 %i_1" [../../Code/radix/radix.c:20]   --->   Operation 92 'store' 'store_ln20' <Predicate = (!icmp_ln20)> <Delay = 0.46>

State 2 <SV = 1> <Delay = 2.15>
ST_2 : Operation 93 [1/2] (0.73ns)   --->   "%vla13_load = load i3 %vla13_addr" [../../Code/radix/radix.c:21]   --->   Operation 93 'load' 'vla13_load' <Predicate = true> <Delay = 0.73> <CoreInst = "RAM">   --->   Core 83 'RAM' <Latency = 1> <II = 1> <Delay = 0.73> <Storage> <Opcode : 'load' 'store'> <Ports = 2> <Width = 32> <Depth = 8> <RAM>
ST_2 : Operation 94 [36/36] (1.42ns)   --->   "%sdiv_ln21 = sdiv i32 %vla13_load, i32 %place_1_read" [../../Code/radix/radix.c:21]   --->   Operation 94 'sdiv' 'sdiv_ln21' <Predicate = true> <Delay = 1.42> <CoreInst = "Divider">   --->   Core 6 'Divider' <Latency = 35> <II = 1> <Delay = 1.42> <FuncUnit> <Opcode : 'sdiv' 'srem' 'udiv' 'urem'> <InPorts = 2> <OutPorts = 1>

State 3 <SV = 2> <Delay = 1.42>
ST_3 : Operation 95 [35/36] (1.42ns)   --->   "%sdiv_ln21 = sdiv i32 %vla13_load, i32 %place_1_read" [../../Code/radix/radix.c:21]   --->   Operation 95 'sdiv' 'sdiv_ln21' <Predicate = true> <Delay = 1.42> <CoreInst = "Divider">   --->   Core 6 'Divider' <Latency = 35> <II = 1> <Delay = 1.42> <FuncUnit> <Opcode : 'sdiv' 'srem' 'udiv' 'urem'> <InPorts = 2> <OutPorts = 1>

State 4 <SV = 3> <Delay = 1.42>
ST_4 : Operation 96 [34/36] (1.42ns)   --->   "%sdiv_ln21 = sdiv i32 %vla13_load, i32 %place_1_read" [../../Code/radix/radix.c:21]   --->   Operation 96 'sdiv' 'sdiv_ln21' <Predicate = true> <Delay = 1.42> <CoreInst = "Divider">   --->   Core 6 'Divider' <Latency = 35> <II = 1> <Delay = 1.42> <FuncUnit> <Opcode : 'sdiv' 'srem' 'udiv' 'urem'> <InPorts = 2> <OutPorts = 1>

State 5 <SV = 4> <Delay = 1.42>
ST_5 : Operation 97 [33/36] (1.42ns)   --->   "%sdiv_ln21 = sdiv i32 %vla13_load, i32 %place_1_read" [../../Code/radix/radix.c:21]   --->   Operation 97 'sdiv' 'sdiv_ln21' <Predicate = true> <Delay = 1.42> <CoreInst = "Divider">   --->   Core 6 'Divider' <Latency = 35> <II = 1> <Delay = 1.42> <FuncUnit> <Opcode : 'sdiv' 'srem' 'udiv' 'urem'> <InPorts = 2> <OutPorts = 1>

State 6 <SV = 5> <Delay = 1.42>
ST_6 : Operation 98 [32/36] (1.42ns)   --->   "%sdiv_ln21 = sdiv i32 %vla13_load, i32 %place_1_read" [../../Code/radix/radix.c:21]   --->   Operation 98 'sdiv' 'sdiv_ln21' <Predicate = true> <Delay = 1.42> <CoreInst = "Divider">   --->   Core 6 'Divider' <Latency = 35> <II = 1> <Delay = 1.42> <FuncUnit> <Opcode : 'sdiv' 'srem' 'udiv' 'urem'> <InPorts = 2> <OutPorts = 1>

State 7 <SV = 6> <Delay = 1.42>
ST_7 : Operation 99 [31/36] (1.42ns)   --->   "%sdiv_ln21 = sdiv i32 %vla13_load, i32 %place_1_read" [../../Code/radix/radix.c:21]   --->   Operation 99 'sdiv' 'sdiv_ln21' <Predicate = true> <Delay = 1.42> <CoreInst = "Divider">   --->   Core 6 'Divider' <Latency = 35> <II = 1> <Delay = 1.42> <FuncUnit> <Opcode : 'sdiv' 'srem' 'udiv' 'urem'> <InPorts = 2> <OutPorts = 1>

State 8 <SV = 7> <Delay = 1.42>
ST_8 : Operation 100 [30/36] (1.42ns)   --->   "%sdiv_ln21 = sdiv i32 %vla13_load, i32 %place_1_read" [../../Code/radix/radix.c:21]   --->   Operation 100 'sdiv' 'sdiv_ln21' <Predicate = true> <Delay = 1.42> <CoreInst = "Divider">   --->   Core 6 'Divider' <Latency = 35> <II = 1> <Delay = 1.42> <FuncUnit> <Opcode : 'sdiv' 'srem' 'udiv' 'urem'> <InPorts = 2> <OutPorts = 1>

State 9 <SV = 8> <Delay = 1.42>
ST_9 : Operation 101 [29/36] (1.42ns)   --->   "%sdiv_ln21 = sdiv i32 %vla13_load, i32 %place_1_read" [../../Code/radix/radix.c:21]   --->   Operation 101 'sdiv' 'sdiv_ln21' <Predicate = true> <Delay = 1.42> <CoreInst = "Divider">   --->   Core 6 'Divider' <Latency = 35> <II = 1> <Delay = 1.42> <FuncUnit> <Opcode : 'sdiv' 'srem' 'udiv' 'urem'> <InPorts = 2> <OutPorts = 1>

State 10 <SV = 9> <Delay = 1.42>
ST_10 : Operation 102 [28/36] (1.42ns)   --->   "%sdiv_ln21 = sdiv i32 %vla13_load, i32 %place_1_read" [../../Code/radix/radix.c:21]   --->   Operation 102 'sdiv' 'sdiv_ln21' <Predicate = true> <Delay = 1.42> <CoreInst = "Divider">   --->   Core 6 'Divider' <Latency = 35> <II = 1> <Delay = 1.42> <FuncUnit> <Opcode : 'sdiv' 'srem' 'udiv' 'urem'> <InPorts = 2> <OutPorts = 1>

State 11 <SV = 10> <Delay = 1.42>
ST_11 : Operation 103 [27/36] (1.42ns)   --->   "%sdiv_ln21 = sdiv i32 %vla13_load, i32 %place_1_read" [../../Code/radix/radix.c:21]   --->   Operation 103 'sdiv' 'sdiv_ln21' <Predicate = true> <Delay = 1.42> <CoreInst = "Divider">   --->   Core 6 'Divider' <Latency = 35> <II = 1> <Delay = 1.42> <FuncUnit> <Opcode : 'sdiv' 'srem' 'udiv' 'urem'> <InPorts = 2> <OutPorts = 1>

State 12 <SV = 11> <Delay = 1.42>
ST_12 : Operation 104 [26/36] (1.42ns)   --->   "%sdiv_ln21 = sdiv i32 %vla13_load, i32 %place_1_read" [../../Code/radix/radix.c:21]   --->   Operation 104 'sdiv' 'sdiv_ln21' <Predicate = true> <Delay = 1.42> <CoreInst = "Divider">   --->   Core 6 'Divider' <Latency = 35> <II = 1> <Delay = 1.42> <FuncUnit> <Opcode : 'sdiv' 'srem' 'udiv' 'urem'> <InPorts = 2> <OutPorts = 1>

State 13 <SV = 12> <Delay = 1.42>
ST_13 : Operation 105 [25/36] (1.42ns)   --->   "%sdiv_ln21 = sdiv i32 %vla13_load, i32 %place_1_read" [../../Code/radix/radix.c:21]   --->   Operation 105 'sdiv' 'sdiv_ln21' <Predicate = true> <Delay = 1.42> <CoreInst = "Divider">   --->   Core 6 'Divider' <Latency = 35> <II = 1> <Delay = 1.42> <FuncUnit> <Opcode : 'sdiv' 'srem' 'udiv' 'urem'> <InPorts = 2> <OutPorts = 1>

State 14 <SV = 13> <Delay = 1.42>
ST_14 : Operation 106 [24/36] (1.42ns)   --->   "%sdiv_ln21 = sdiv i32 %vla13_load, i32 %place_1_read" [../../Code/radix/radix.c:21]   --->   Operation 106 'sdiv' 'sdiv_ln21' <Predicate = true> <Delay = 1.42> <CoreInst = "Divider">   --->   Core 6 'Divider' <Latency = 35> <II = 1> <Delay = 1.42> <FuncUnit> <Opcode : 'sdiv' 'srem' 'udiv' 'urem'> <InPorts = 2> <OutPorts = 1>

State 15 <SV = 14> <Delay = 1.42>
ST_15 : Operation 107 [23/36] (1.42ns)   --->   "%sdiv_ln21 = sdiv i32 %vla13_load, i32 %place_1_read" [../../Code/radix/radix.c:21]   --->   Operation 107 'sdiv' 'sdiv_ln21' <Predicate = true> <Delay = 1.42> <CoreInst = "Divider">   --->   Core 6 'Divider' <Latency = 35> <II = 1> <Delay = 1.42> <FuncUnit> <Opcode : 'sdiv' 'srem' 'udiv' 'urem'> <InPorts = 2> <OutPorts = 1>

State 16 <SV = 15> <Delay = 1.42>
ST_16 : Operation 108 [22/36] (1.42ns)   --->   "%sdiv_ln21 = sdiv i32 %vla13_load, i32 %place_1_read" [../../Code/radix/radix.c:21]   --->   Operation 108 'sdiv' 'sdiv_ln21' <Predicate = true> <Delay = 1.42> <CoreInst = "Divider">   --->   Core 6 'Divider' <Latency = 35> <II = 1> <Delay = 1.42> <FuncUnit> <Opcode : 'sdiv' 'srem' 'udiv' 'urem'> <InPorts = 2> <OutPorts = 1>

State 17 <SV = 16> <Delay = 1.42>
ST_17 : Operation 109 [21/36] (1.42ns)   --->   "%sdiv_ln21 = sdiv i32 %vla13_load, i32 %place_1_read" [../../Code/radix/radix.c:21]   --->   Operation 109 'sdiv' 'sdiv_ln21' <Predicate = true> <Delay = 1.42> <CoreInst = "Divider">   --->   Core 6 'Divider' <Latency = 35> <II = 1> <Delay = 1.42> <FuncUnit> <Opcode : 'sdiv' 'srem' 'udiv' 'urem'> <InPorts = 2> <OutPorts = 1>

State 18 <SV = 17> <Delay = 1.42>
ST_18 : Operation 110 [20/36] (1.42ns)   --->   "%sdiv_ln21 = sdiv i32 %vla13_load, i32 %place_1_read" [../../Code/radix/radix.c:21]   --->   Operation 110 'sdiv' 'sdiv_ln21' <Predicate = true> <Delay = 1.42> <CoreInst = "Divider">   --->   Core 6 'Divider' <Latency = 35> <II = 1> <Delay = 1.42> <FuncUnit> <Opcode : 'sdiv' 'srem' 'udiv' 'urem'> <InPorts = 2> <OutPorts = 1>

State 19 <SV = 18> <Delay = 1.42>
ST_19 : Operation 111 [19/36] (1.42ns)   --->   "%sdiv_ln21 = sdiv i32 %vla13_load, i32 %place_1_read" [../../Code/radix/radix.c:21]   --->   Operation 111 'sdiv' 'sdiv_ln21' <Predicate = true> <Delay = 1.42> <CoreInst = "Divider">   --->   Core 6 'Divider' <Latency = 35> <II = 1> <Delay = 1.42> <FuncUnit> <Opcode : 'sdiv' 'srem' 'udiv' 'urem'> <InPorts = 2> <OutPorts = 1>

State 20 <SV = 19> <Delay = 1.42>
ST_20 : Operation 112 [18/36] (1.42ns)   --->   "%sdiv_ln21 = sdiv i32 %vla13_load, i32 %place_1_read" [../../Code/radix/radix.c:21]   --->   Operation 112 'sdiv' 'sdiv_ln21' <Predicate = true> <Delay = 1.42> <CoreInst = "Divider">   --->   Core 6 'Divider' <Latency = 35> <II = 1> <Delay = 1.42> <FuncUnit> <Opcode : 'sdiv' 'srem' 'udiv' 'urem'> <InPorts = 2> <OutPorts = 1>

State 21 <SV = 20> <Delay = 1.42>
ST_21 : Operation 113 [17/36] (1.42ns)   --->   "%sdiv_ln21 = sdiv i32 %vla13_load, i32 %place_1_read" [../../Code/radix/radix.c:21]   --->   Operation 113 'sdiv' 'sdiv_ln21' <Predicate = true> <Delay = 1.42> <CoreInst = "Divider">   --->   Core 6 'Divider' <Latency = 35> <II = 1> <Delay = 1.42> <FuncUnit> <Opcode : 'sdiv' 'srem' 'udiv' 'urem'> <InPorts = 2> <OutPorts = 1>

State 22 <SV = 21> <Delay = 1.42>
ST_22 : Operation 114 [16/36] (1.42ns)   --->   "%sdiv_ln21 = sdiv i32 %vla13_load, i32 %place_1_read" [../../Code/radix/radix.c:21]   --->   Operation 114 'sdiv' 'sdiv_ln21' <Predicate = true> <Delay = 1.42> <CoreInst = "Divider">   --->   Core 6 'Divider' <Latency = 35> <II = 1> <Delay = 1.42> <FuncUnit> <Opcode : 'sdiv' 'srem' 'udiv' 'urem'> <InPorts = 2> <OutPorts = 1>

State 23 <SV = 22> <Delay = 1.42>
ST_23 : Operation 115 [15/36] (1.42ns)   --->   "%sdiv_ln21 = sdiv i32 %vla13_load, i32 %place_1_read" [../../Code/radix/radix.c:21]   --->   Operation 115 'sdiv' 'sdiv_ln21' <Predicate = true> <Delay = 1.42> <CoreInst = "Divider">   --->   Core 6 'Divider' <Latency = 35> <II = 1> <Delay = 1.42> <FuncUnit> <Opcode : 'sdiv' 'srem' 'udiv' 'urem'> <InPorts = 2> <OutPorts = 1>

State 24 <SV = 23> <Delay = 1.42>
ST_24 : Operation 116 [14/36] (1.42ns)   --->   "%sdiv_ln21 = sdiv i32 %vla13_load, i32 %place_1_read" [../../Code/radix/radix.c:21]   --->   Operation 116 'sdiv' 'sdiv_ln21' <Predicate = true> <Delay = 1.42> <CoreInst = "Divider">   --->   Core 6 'Divider' <Latency = 35> <II = 1> <Delay = 1.42> <FuncUnit> <Opcode : 'sdiv' 'srem' 'udiv' 'urem'> <InPorts = 2> <OutPorts = 1>

State 25 <SV = 24> <Delay = 1.42>
ST_25 : Operation 117 [13/36] (1.42ns)   --->   "%sdiv_ln21 = sdiv i32 %vla13_load, i32 %place_1_read" [../../Code/radix/radix.c:21]   --->   Operation 117 'sdiv' 'sdiv_ln21' <Predicate = true> <Delay = 1.42> <CoreInst = "Divider">   --->   Core 6 'Divider' <Latency = 35> <II = 1> <Delay = 1.42> <FuncUnit> <Opcode : 'sdiv' 'srem' 'udiv' 'urem'> <InPorts = 2> <OutPorts = 1>

State 26 <SV = 25> <Delay = 1.42>
ST_26 : Operation 118 [12/36] (1.42ns)   --->   "%sdiv_ln21 = sdiv i32 %vla13_load, i32 %place_1_read" [../../Code/radix/radix.c:21]   --->   Operation 118 'sdiv' 'sdiv_ln21' <Predicate = true> <Delay = 1.42> <CoreInst = "Divider">   --->   Core 6 'Divider' <Latency = 35> <II = 1> <Delay = 1.42> <FuncUnit> <Opcode : 'sdiv' 'srem' 'udiv' 'urem'> <InPorts = 2> <OutPorts = 1>

State 27 <SV = 26> <Delay = 1.42>
ST_27 : Operation 119 [11/36] (1.42ns)   --->   "%sdiv_ln21 = sdiv i32 %vla13_load, i32 %place_1_read" [../../Code/radix/radix.c:21]   --->   Operation 119 'sdiv' 'sdiv_ln21' <Predicate = true> <Delay = 1.42> <CoreInst = "Divider">   --->   Core 6 'Divider' <Latency = 35> <II = 1> <Delay = 1.42> <FuncUnit> <Opcode : 'sdiv' 'srem' 'udiv' 'urem'> <InPorts = 2> <OutPorts = 1>

State 28 <SV = 27> <Delay = 1.42>
ST_28 : Operation 120 [10/36] (1.42ns)   --->   "%sdiv_ln21 = sdiv i32 %vla13_load, i32 %place_1_read" [../../Code/radix/radix.c:21]   --->   Operation 120 'sdiv' 'sdiv_ln21' <Predicate = true> <Delay = 1.42> <CoreInst = "Divider">   --->   Core 6 'Divider' <Latency = 35> <II = 1> <Delay = 1.42> <FuncUnit> <Opcode : 'sdiv' 'srem' 'udiv' 'urem'> <InPorts = 2> <OutPorts = 1>

State 29 <SV = 28> <Delay = 1.42>
ST_29 : Operation 121 [9/36] (1.42ns)   --->   "%sdiv_ln21 = sdiv i32 %vla13_load, i32 %place_1_read" [../../Code/radix/radix.c:21]   --->   Operation 121 'sdiv' 'sdiv_ln21' <Predicate = true> <Delay = 1.42> <CoreInst = "Divider">   --->   Core 6 'Divider' <Latency = 35> <II = 1> <Delay = 1.42> <FuncUnit> <Opcode : 'sdiv' 'srem' 'udiv' 'urem'> <InPorts = 2> <OutPorts = 1>

State 30 <SV = 29> <Delay = 1.42>
ST_30 : Operation 122 [8/36] (1.42ns)   --->   "%sdiv_ln21 = sdiv i32 %vla13_load, i32 %place_1_read" [../../Code/radix/radix.c:21]   --->   Operation 122 'sdiv' 'sdiv_ln21' <Predicate = true> <Delay = 1.42> <CoreInst = "Divider">   --->   Core 6 'Divider' <Latency = 35> <II = 1> <Delay = 1.42> <FuncUnit> <Opcode : 'sdiv' 'srem' 'udiv' 'urem'> <InPorts = 2> <OutPorts = 1>

State 31 <SV = 30> <Delay = 1.42>
ST_31 : Operation 123 [7/36] (1.42ns)   --->   "%sdiv_ln21 = sdiv i32 %vla13_load, i32 %place_1_read" [../../Code/radix/radix.c:21]   --->   Operation 123 'sdiv' 'sdiv_ln21' <Predicate = true> <Delay = 1.42> <CoreInst = "Divider">   --->   Core 6 'Divider' <Latency = 35> <II = 1> <Delay = 1.42> <FuncUnit> <Opcode : 'sdiv' 'srem' 'udiv' 'urem'> <InPorts = 2> <OutPorts = 1>

State 32 <SV = 31> <Delay = 1.42>
ST_32 : Operation 124 [6/36] (1.42ns)   --->   "%sdiv_ln21 = sdiv i32 %vla13_load, i32 %place_1_read" [../../Code/radix/radix.c:21]   --->   Operation 124 'sdiv' 'sdiv_ln21' <Predicate = true> <Delay = 1.42> <CoreInst = "Divider">   --->   Core 6 'Divider' <Latency = 35> <II = 1> <Delay = 1.42> <FuncUnit> <Opcode : 'sdiv' 'srem' 'udiv' 'urem'> <InPorts = 2> <OutPorts = 1>

State 33 <SV = 32> <Delay = 1.42>
ST_33 : Operation 125 [5/36] (1.42ns)   --->   "%sdiv_ln21 = sdiv i32 %vla13_load, i32 %place_1_read" [../../Code/radix/radix.c:21]   --->   Operation 125 'sdiv' 'sdiv_ln21' <Predicate = true> <Delay = 1.42> <CoreInst = "Divider">   --->   Core 6 'Divider' <Latency = 35> <II = 1> <Delay = 1.42> <FuncUnit> <Opcode : 'sdiv' 'srem' 'udiv' 'urem'> <InPorts = 2> <OutPorts = 1>

State 34 <SV = 33> <Delay = 1.42>
ST_34 : Operation 126 [4/36] (1.42ns)   --->   "%sdiv_ln21 = sdiv i32 %vla13_load, i32 %place_1_read" [../../Code/radix/radix.c:21]   --->   Operation 126 'sdiv' 'sdiv_ln21' <Predicate = true> <Delay = 1.42> <CoreInst = "Divider">   --->   Core 6 'Divider' <Latency = 35> <II = 1> <Delay = 1.42> <FuncUnit> <Opcode : 'sdiv' 'srem' 'udiv' 'urem'> <InPorts = 2> <OutPorts = 1>

State 35 <SV = 34> <Delay = 1.42>
ST_35 : Operation 127 [3/36] (1.42ns)   --->   "%sdiv_ln21 = sdiv i32 %vla13_load, i32 %place_1_read" [../../Code/radix/radix.c:21]   --->   Operation 127 'sdiv' 'sdiv_ln21' <Predicate = true> <Delay = 1.42> <CoreInst = "Divider">   --->   Core 6 'Divider' <Latency = 35> <II = 1> <Delay = 1.42> <FuncUnit> <Opcode : 'sdiv' 'srem' 'udiv' 'urem'> <InPorts = 2> <OutPorts = 1>

State 36 <SV = 35> <Delay = 1.42>
ST_36 : Operation 128 [2/36] (1.42ns)   --->   "%sdiv_ln21 = sdiv i32 %vla13_load, i32 %place_1_read" [../../Code/radix/radix.c:21]   --->   Operation 128 'sdiv' 'sdiv_ln21' <Predicate = true> <Delay = 1.42> <CoreInst = "Divider">   --->   Core 6 'Divider' <Latency = 35> <II = 1> <Delay = 1.42> <FuncUnit> <Opcode : 'sdiv' 'srem' 'udiv' 'urem'> <InPorts = 2> <OutPorts = 1>

State 37 <SV = 36> <Delay = 2.84>
ST_37 : Operation 129 [1/36] (1.42ns)   --->   "%sdiv_ln21 = sdiv i32 %vla13_load, i32 %place_1_read" [../../Code/radix/radix.c:21]   --->   Operation 129 'sdiv' 'sdiv_ln21' <Predicate = true> <Delay = 1.42> <CoreInst = "Divider">   --->   Core 6 'Divider' <Latency = 35> <II = 1> <Delay = 1.42> <FuncUnit> <Opcode : 'sdiv' 'srem' 'udiv' 'urem'> <InPorts = 2> <OutPorts = 1>
ST_37 : Operation 130 [36/36] (1.42ns)   --->   "%srem_ln21 = srem i32 %sdiv_ln21, i32 10" [../../Code/radix/radix.c:21]   --->   Operation 130 'srem' 'srem_ln21' <Predicate = true> <Delay = 1.42> <CoreInst = "Divider">   --->   Core 6 'Divider' <Latency = 35> <II = 1> <Delay = 1.42> <FuncUnit> <Opcode : 'sdiv' 'srem' 'udiv' 'urem'> <InPorts = 2> <OutPorts = 1>

State 38 <SV = 37> <Delay = 1.42>
ST_38 : Operation 131 [35/36] (1.42ns)   --->   "%srem_ln21 = srem i32 %sdiv_ln21, i32 10" [../../Code/radix/radix.c:21]   --->   Operation 131 'srem' 'srem_ln21' <Predicate = true> <Delay = 1.42> <CoreInst = "Divider">   --->   Core 6 'Divider' <Latency = 35> <II = 1> <Delay = 1.42> <FuncUnit> <Opcode : 'sdiv' 'srem' 'udiv' 'urem'> <InPorts = 2> <OutPorts = 1>

State 39 <SV = 38> <Delay = 1.42>
ST_39 : Operation 132 [34/36] (1.42ns)   --->   "%srem_ln21 = srem i32 %sdiv_ln21, i32 10" [../../Code/radix/radix.c:21]   --->   Operation 132 'srem' 'srem_ln21' <Predicate = true> <Delay = 1.42> <CoreInst = "Divider">   --->   Core 6 'Divider' <Latency = 35> <II = 1> <Delay = 1.42> <FuncUnit> <Opcode : 'sdiv' 'srem' 'udiv' 'urem'> <InPorts = 2> <OutPorts = 1>

State 40 <SV = 39> <Delay = 1.42>
ST_40 : Operation 133 [33/36] (1.42ns)   --->   "%srem_ln21 = srem i32 %sdiv_ln21, i32 10" [../../Code/radix/radix.c:21]   --->   Operation 133 'srem' 'srem_ln21' <Predicate = true> <Delay = 1.42> <CoreInst = "Divider">   --->   Core 6 'Divider' <Latency = 35> <II = 1> <Delay = 1.42> <FuncUnit> <Opcode : 'sdiv' 'srem' 'udiv' 'urem'> <InPorts = 2> <OutPorts = 1>

State 41 <SV = 40> <Delay = 1.42>
ST_41 : Operation 134 [32/36] (1.42ns)   --->   "%srem_ln21 = srem i32 %sdiv_ln21, i32 10" [../../Code/radix/radix.c:21]   --->   Operation 134 'srem' 'srem_ln21' <Predicate = true> <Delay = 1.42> <CoreInst = "Divider">   --->   Core 6 'Divider' <Latency = 35> <II = 1> <Delay = 1.42> <FuncUnit> <Opcode : 'sdiv' 'srem' 'udiv' 'urem'> <InPorts = 2> <OutPorts = 1>

State 42 <SV = 41> <Delay = 1.42>
ST_42 : Operation 135 [31/36] (1.42ns)   --->   "%srem_ln21 = srem i32 %sdiv_ln21, i32 10" [../../Code/radix/radix.c:21]   --->   Operation 135 'srem' 'srem_ln21' <Predicate = true> <Delay = 1.42> <CoreInst = "Divider">   --->   Core 6 'Divider' <Latency = 35> <II = 1> <Delay = 1.42> <FuncUnit> <Opcode : 'sdiv' 'srem' 'udiv' 'urem'> <InPorts = 2> <OutPorts = 1>

State 43 <SV = 42> <Delay = 1.42>
ST_43 : Operation 136 [30/36] (1.42ns)   --->   "%srem_ln21 = srem i32 %sdiv_ln21, i32 10" [../../Code/radix/radix.c:21]   --->   Operation 136 'srem' 'srem_ln21' <Predicate = true> <Delay = 1.42> <CoreInst = "Divider">   --->   Core 6 'Divider' <Latency = 35> <II = 1> <Delay = 1.42> <FuncUnit> <Opcode : 'sdiv' 'srem' 'udiv' 'urem'> <InPorts = 2> <OutPorts = 1>

State 44 <SV = 43> <Delay = 1.42>
ST_44 : Operation 137 [29/36] (1.42ns)   --->   "%srem_ln21 = srem i32 %sdiv_ln21, i32 10" [../../Code/radix/radix.c:21]   --->   Operation 137 'srem' 'srem_ln21' <Predicate = true> <Delay = 1.42> <CoreInst = "Divider">   --->   Core 6 'Divider' <Latency = 35> <II = 1> <Delay = 1.42> <FuncUnit> <Opcode : 'sdiv' 'srem' 'udiv' 'urem'> <InPorts = 2> <OutPorts = 1>

State 45 <SV = 44> <Delay = 1.42>
ST_45 : Operation 138 [28/36] (1.42ns)   --->   "%srem_ln21 = srem i32 %sdiv_ln21, i32 10" [../../Code/radix/radix.c:21]   --->   Operation 138 'srem' 'srem_ln21' <Predicate = true> <Delay = 1.42> <CoreInst = "Divider">   --->   Core 6 'Divider' <Latency = 35> <II = 1> <Delay = 1.42> <FuncUnit> <Opcode : 'sdiv' 'srem' 'udiv' 'urem'> <InPorts = 2> <OutPorts = 1>

State 46 <SV = 45> <Delay = 1.42>
ST_46 : Operation 139 [27/36] (1.42ns)   --->   "%srem_ln21 = srem i32 %sdiv_ln21, i32 10" [../../Code/radix/radix.c:21]   --->   Operation 139 'srem' 'srem_ln21' <Predicate = true> <Delay = 1.42> <CoreInst = "Divider">   --->   Core 6 'Divider' <Latency = 35> <II = 1> <Delay = 1.42> <FuncUnit> <Opcode : 'sdiv' 'srem' 'udiv' 'urem'> <InPorts = 2> <OutPorts = 1>

State 47 <SV = 46> <Delay = 1.42>
ST_47 : Operation 140 [26/36] (1.42ns)   --->   "%srem_ln21 = srem i32 %sdiv_ln21, i32 10" [../../Code/radix/radix.c:21]   --->   Operation 140 'srem' 'srem_ln21' <Predicate = true> <Delay = 1.42> <CoreInst = "Divider">   --->   Core 6 'Divider' <Latency = 35> <II = 1> <Delay = 1.42> <FuncUnit> <Opcode : 'sdiv' 'srem' 'udiv' 'urem'> <InPorts = 2> <OutPorts = 1>

State 48 <SV = 47> <Delay = 1.42>
ST_48 : Operation 141 [25/36] (1.42ns)   --->   "%srem_ln21 = srem i32 %sdiv_ln21, i32 10" [../../Code/radix/radix.c:21]   --->   Operation 141 'srem' 'srem_ln21' <Predicate = true> <Delay = 1.42> <CoreInst = "Divider">   --->   Core 6 'Divider' <Latency = 35> <II = 1> <Delay = 1.42> <FuncUnit> <Opcode : 'sdiv' 'srem' 'udiv' 'urem'> <InPorts = 2> <OutPorts = 1>

State 49 <SV = 48> <Delay = 1.42>
ST_49 : Operation 142 [24/36] (1.42ns)   --->   "%srem_ln21 = srem i32 %sdiv_ln21, i32 10" [../../Code/radix/radix.c:21]   --->   Operation 142 'srem' 'srem_ln21' <Predicate = true> <Delay = 1.42> <CoreInst = "Divider">   --->   Core 6 'Divider' <Latency = 35> <II = 1> <Delay = 1.42> <FuncUnit> <Opcode : 'sdiv' 'srem' 'udiv' 'urem'> <InPorts = 2> <OutPorts = 1>

State 50 <SV = 49> <Delay = 1.42>
ST_50 : Operation 143 [23/36] (1.42ns)   --->   "%srem_ln21 = srem i32 %sdiv_ln21, i32 10" [../../Code/radix/radix.c:21]   --->   Operation 143 'srem' 'srem_ln21' <Predicate = true> <Delay = 1.42> <CoreInst = "Divider">   --->   Core 6 'Divider' <Latency = 35> <II = 1> <Delay = 1.42> <FuncUnit> <Opcode : 'sdiv' 'srem' 'udiv' 'urem'> <InPorts = 2> <OutPorts = 1>

State 51 <SV = 50> <Delay = 1.42>
ST_51 : Operation 144 [22/36] (1.42ns)   --->   "%srem_ln21 = srem i32 %sdiv_ln21, i32 10" [../../Code/radix/radix.c:21]   --->   Operation 144 'srem' 'srem_ln21' <Predicate = true> <Delay = 1.42> <CoreInst = "Divider">   --->   Core 6 'Divider' <Latency = 35> <II = 1> <Delay = 1.42> <FuncUnit> <Opcode : 'sdiv' 'srem' 'udiv' 'urem'> <InPorts = 2> <OutPorts = 1>

State 52 <SV = 51> <Delay = 1.42>
ST_52 : Operation 145 [21/36] (1.42ns)   --->   "%srem_ln21 = srem i32 %sdiv_ln21, i32 10" [../../Code/radix/radix.c:21]   --->   Operation 145 'srem' 'srem_ln21' <Predicate = true> <Delay = 1.42> <CoreInst = "Divider">   --->   Core 6 'Divider' <Latency = 35> <II = 1> <Delay = 1.42> <FuncUnit> <Opcode : 'sdiv' 'srem' 'udiv' 'urem'> <InPorts = 2> <OutPorts = 1>

State 53 <SV = 52> <Delay = 1.42>
ST_53 : Operation 146 [20/36] (1.42ns)   --->   "%srem_ln21 = srem i32 %sdiv_ln21, i32 10" [../../Code/radix/radix.c:21]   --->   Operation 146 'srem' 'srem_ln21' <Predicate = true> <Delay = 1.42> <CoreInst = "Divider">   --->   Core 6 'Divider' <Latency = 35> <II = 1> <Delay = 1.42> <FuncUnit> <Opcode : 'sdiv' 'srem' 'udiv' 'urem'> <InPorts = 2> <OutPorts = 1>

State 54 <SV = 53> <Delay = 1.42>
ST_54 : Operation 147 [19/36] (1.42ns)   --->   "%srem_ln21 = srem i32 %sdiv_ln21, i32 10" [../../Code/radix/radix.c:21]   --->   Operation 147 'srem' 'srem_ln21' <Predicate = true> <Delay = 1.42> <CoreInst = "Divider">   --->   Core 6 'Divider' <Latency = 35> <II = 1> <Delay = 1.42> <FuncUnit> <Opcode : 'sdiv' 'srem' 'udiv' 'urem'> <InPorts = 2> <OutPorts = 1>

State 55 <SV = 54> <Delay = 1.42>
ST_55 : Operation 148 [18/36] (1.42ns)   --->   "%srem_ln21 = srem i32 %sdiv_ln21, i32 10" [../../Code/radix/radix.c:21]   --->   Operation 148 'srem' 'srem_ln21' <Predicate = true> <Delay = 1.42> <CoreInst = "Divider">   --->   Core 6 'Divider' <Latency = 35> <II = 1> <Delay = 1.42> <FuncUnit> <Opcode : 'sdiv' 'srem' 'udiv' 'urem'> <InPorts = 2> <OutPorts = 1>

State 56 <SV = 55> <Delay = 1.42>
ST_56 : Operation 149 [17/36] (1.42ns)   --->   "%srem_ln21 = srem i32 %sdiv_ln21, i32 10" [../../Code/radix/radix.c:21]   --->   Operation 149 'srem' 'srem_ln21' <Predicate = true> <Delay = 1.42> <CoreInst = "Divider">   --->   Core 6 'Divider' <Latency = 35> <II = 1> <Delay = 1.42> <FuncUnit> <Opcode : 'sdiv' 'srem' 'udiv' 'urem'> <InPorts = 2> <OutPorts = 1>

State 57 <SV = 56> <Delay = 1.42>
ST_57 : Operation 150 [16/36] (1.42ns)   --->   "%srem_ln21 = srem i32 %sdiv_ln21, i32 10" [../../Code/radix/radix.c:21]   --->   Operation 150 'srem' 'srem_ln21' <Predicate = true> <Delay = 1.42> <CoreInst = "Divider">   --->   Core 6 'Divider' <Latency = 35> <II = 1> <Delay = 1.42> <FuncUnit> <Opcode : 'sdiv' 'srem' 'udiv' 'urem'> <InPorts = 2> <OutPorts = 1>

State 58 <SV = 57> <Delay = 1.42>
ST_58 : Operation 151 [15/36] (1.42ns)   --->   "%srem_ln21 = srem i32 %sdiv_ln21, i32 10" [../../Code/radix/radix.c:21]   --->   Operation 151 'srem' 'srem_ln21' <Predicate = true> <Delay = 1.42> <CoreInst = "Divider">   --->   Core 6 'Divider' <Latency = 35> <II = 1> <Delay = 1.42> <FuncUnit> <Opcode : 'sdiv' 'srem' 'udiv' 'urem'> <InPorts = 2> <OutPorts = 1>

State 59 <SV = 58> <Delay = 1.42>
ST_59 : Operation 152 [14/36] (1.42ns)   --->   "%srem_ln21 = srem i32 %sdiv_ln21, i32 10" [../../Code/radix/radix.c:21]   --->   Operation 152 'srem' 'srem_ln21' <Predicate = true> <Delay = 1.42> <CoreInst = "Divider">   --->   Core 6 'Divider' <Latency = 35> <II = 1> <Delay = 1.42> <FuncUnit> <Opcode : 'sdiv' 'srem' 'udiv' 'urem'> <InPorts = 2> <OutPorts = 1>

State 60 <SV = 59> <Delay = 1.42>
ST_60 : Operation 153 [13/36] (1.42ns)   --->   "%srem_ln21 = srem i32 %sdiv_ln21, i32 10" [../../Code/radix/radix.c:21]   --->   Operation 153 'srem' 'srem_ln21' <Predicate = true> <Delay = 1.42> <CoreInst = "Divider">   --->   Core 6 'Divider' <Latency = 35> <II = 1> <Delay = 1.42> <FuncUnit> <Opcode : 'sdiv' 'srem' 'udiv' 'urem'> <InPorts = 2> <OutPorts = 1>

State 61 <SV = 60> <Delay = 1.42>
ST_61 : Operation 154 [12/36] (1.42ns)   --->   "%srem_ln21 = srem i32 %sdiv_ln21, i32 10" [../../Code/radix/radix.c:21]   --->   Operation 154 'srem' 'srem_ln21' <Predicate = true> <Delay = 1.42> <CoreInst = "Divider">   --->   Core 6 'Divider' <Latency = 35> <II = 1> <Delay = 1.42> <FuncUnit> <Opcode : 'sdiv' 'srem' 'udiv' 'urem'> <InPorts = 2> <OutPorts = 1>

State 62 <SV = 61> <Delay = 1.42>
ST_62 : Operation 155 [11/36] (1.42ns)   --->   "%srem_ln21 = srem i32 %sdiv_ln21, i32 10" [../../Code/radix/radix.c:21]   --->   Operation 155 'srem' 'srem_ln21' <Predicate = true> <Delay = 1.42> <CoreInst = "Divider">   --->   Core 6 'Divider' <Latency = 35> <II = 1> <Delay = 1.42> <FuncUnit> <Opcode : 'sdiv' 'srem' 'udiv' 'urem'> <InPorts = 2> <OutPorts = 1>

State 63 <SV = 62> <Delay = 1.42>
ST_63 : Operation 156 [10/36] (1.42ns)   --->   "%srem_ln21 = srem i32 %sdiv_ln21, i32 10" [../../Code/radix/radix.c:21]   --->   Operation 156 'srem' 'srem_ln21' <Predicate = true> <Delay = 1.42> <CoreInst = "Divider">   --->   Core 6 'Divider' <Latency = 35> <II = 1> <Delay = 1.42> <FuncUnit> <Opcode : 'sdiv' 'srem' 'udiv' 'urem'> <InPorts = 2> <OutPorts = 1>

State 64 <SV = 63> <Delay = 1.42>
ST_64 : Operation 157 [9/36] (1.42ns)   --->   "%srem_ln21 = srem i32 %sdiv_ln21, i32 10" [../../Code/radix/radix.c:21]   --->   Operation 157 'srem' 'srem_ln21' <Predicate = true> <Delay = 1.42> <CoreInst = "Divider">   --->   Core 6 'Divider' <Latency = 35> <II = 1> <Delay = 1.42> <FuncUnit> <Opcode : 'sdiv' 'srem' 'udiv' 'urem'> <InPorts = 2> <OutPorts = 1>

State 65 <SV = 64> <Delay = 1.42>
ST_65 : Operation 158 [8/36] (1.42ns)   --->   "%srem_ln21 = srem i32 %sdiv_ln21, i32 10" [../../Code/radix/radix.c:21]   --->   Operation 158 'srem' 'srem_ln21' <Predicate = true> <Delay = 1.42> <CoreInst = "Divider">   --->   Core 6 'Divider' <Latency = 35> <II = 1> <Delay = 1.42> <FuncUnit> <Opcode : 'sdiv' 'srem' 'udiv' 'urem'> <InPorts = 2> <OutPorts = 1>

State 66 <SV = 65> <Delay = 1.42>
ST_66 : Operation 159 [7/36] (1.42ns)   --->   "%srem_ln21 = srem i32 %sdiv_ln21, i32 10" [../../Code/radix/radix.c:21]   --->   Operation 159 'srem' 'srem_ln21' <Predicate = true> <Delay = 1.42> <CoreInst = "Divider">   --->   Core 6 'Divider' <Latency = 35> <II = 1> <Delay = 1.42> <FuncUnit> <Opcode : 'sdiv' 'srem' 'udiv' 'urem'> <InPorts = 2> <OutPorts = 1>

State 67 <SV = 66> <Delay = 1.42>
ST_67 : Operation 160 [6/36] (1.42ns)   --->   "%srem_ln21 = srem i32 %sdiv_ln21, i32 10" [../../Code/radix/radix.c:21]   --->   Operation 160 'srem' 'srem_ln21' <Predicate = true> <Delay = 1.42> <CoreInst = "Divider">   --->   Core 6 'Divider' <Latency = 35> <II = 1> <Delay = 1.42> <FuncUnit> <Opcode : 'sdiv' 'srem' 'udiv' 'urem'> <InPorts = 2> <OutPorts = 1>

State 68 <SV = 67> <Delay = 1.42>
ST_68 : Operation 161 [5/36] (1.42ns)   --->   "%srem_ln21 = srem i32 %sdiv_ln21, i32 10" [../../Code/radix/radix.c:21]   --->   Operation 161 'srem' 'srem_ln21' <Predicate = true> <Delay = 1.42> <CoreInst = "Divider">   --->   Core 6 'Divider' <Latency = 35> <II = 1> <Delay = 1.42> <FuncUnit> <Opcode : 'sdiv' 'srem' 'udiv' 'urem'> <InPorts = 2> <OutPorts = 1>

State 69 <SV = 68> <Delay = 1.42>
ST_69 : Operation 162 [4/36] (1.42ns)   --->   "%srem_ln21 = srem i32 %sdiv_ln21, i32 10" [../../Code/radix/radix.c:21]   --->   Operation 162 'srem' 'srem_ln21' <Predicate = true> <Delay = 1.42> <CoreInst = "Divider">   --->   Core 6 'Divider' <Latency = 35> <II = 1> <Delay = 1.42> <FuncUnit> <Opcode : 'sdiv' 'srem' 'udiv' 'urem'> <InPorts = 2> <OutPorts = 1>

State 70 <SV = 69> <Delay = 1.42>
ST_70 : Operation 163 [3/36] (1.42ns)   --->   "%srem_ln21 = srem i32 %sdiv_ln21, i32 10" [../../Code/radix/radix.c:21]   --->   Operation 163 'srem' 'srem_ln21' <Predicate = true> <Delay = 1.42> <CoreInst = "Divider">   --->   Core 6 'Divider' <Latency = 35> <II = 1> <Delay = 1.42> <FuncUnit> <Opcode : 'sdiv' 'srem' 'udiv' 'urem'> <InPorts = 2> <OutPorts = 1>

State 71 <SV = 70> <Delay = 1.42>
ST_71 : Operation 164 [2/36] (1.42ns)   --->   "%srem_ln21 = srem i32 %sdiv_ln21, i32 10" [../../Code/radix/radix.c:21]   --->   Operation 164 'srem' 'srem_ln21' <Predicate = true> <Delay = 1.42> <CoreInst = "Divider">   --->   Core 6 'Divider' <Latency = 35> <II = 1> <Delay = 1.42> <FuncUnit> <Opcode : 'sdiv' 'srem' 'udiv' 'urem'> <InPorts = 2> <OutPorts = 1>
ST_71 : Operation 172 [1/1] (0.00ns)   --->   "%max_load = load i32 %max"   --->   Operation 172 'load' 'max_load' <Predicate = (icmp_ln20)> <Delay = 0.00>
ST_71 : Operation 173 [1/1] (0.00ns)   --->   "%write_ln0 = write void @_ssdm_op_Write.ap_auto.i32P0A, i32 %max_5_out, i32 %max_load"   --->   Operation 173 'write' 'write_ln0' <Predicate = (icmp_ln20)> <Delay = 0.00>
ST_71 : Operation 174 [1/1] (0.00ns)   --->   "%ret_ln0 = ret"   --->   Operation 174 'ret' 'ret_ln0' <Predicate = (icmp_ln20)> <Delay = 0.00>

State 72 <SV = 71> <Delay = 2.97>
ST_72 : Operation 165 [1/1] (0.00ns)   --->   "%max_load_1 = load i32 %max" [../../Code/radix/radix.c:21]   --->   Operation 165 'load' 'max_load_1' <Predicate = true> <Delay = 0.00>
ST_72 : Operation 166 [1/1] (0.00ns)   --->   "%specloopname_ln20 = specloopname void @_ssdm_op_SpecLoopName, void @empty_6" [../../Code/radix/radix.c:20]   --->   Operation 166 'specloopname' 'specloopname_ln20' <Predicate = true> <Delay = 0.00>
ST_72 : Operation 167 [1/36] (1.42ns)   --->   "%srem_ln21 = srem i32 %sdiv_ln21, i32 10" [../../Code/radix/radix.c:21]   --->   Operation 167 'srem' 'srem_ln21' <Predicate = true> <Delay = 1.42> <CoreInst = "Divider">   --->   Core 6 'Divider' <Latency = 35> <II = 1> <Delay = 1.42> <FuncUnit> <Opcode : 'sdiv' 'srem' 'udiv' 'urem'> <InPorts = 2> <OutPorts = 1>
ST_72 : Operation 168 [1/1] (0.80ns)   --->   "%icmp_ln21 = icmp_slt  i32 %max_load_1, i32 %srem_ln21" [../../Code/radix/radix.c:21]   --->   Operation 168 'icmp' 'icmp_ln21' <Predicate = true> <Delay = 0.80> <CoreInst = "Cmp">   --->   Core 9 'Cmp' <Latency = 0> <II = 1> <Delay = 0.80> <FuncUnit> <Opcode : 'icmp'> <InPorts = 2> <OutPorts = 1>
ST_72 : Operation 169 [1/1] (0.28ns)   --->   "%max_3 = select i1 %icmp_ln21, i32 %vla13_load, i32 %max_load_1" [../../Code/radix/radix.c:21]   --->   Operation 169 'select' 'max_3' <Predicate = true> <Delay = 0.28> <CoreInst = "Sel">   --->   Core 73 'Sel' <Latency = 0> <II = 1> <Delay = 0.28> <FuncUnit> <Opcode : 'select'> <InPorts = 3> <OutPorts = 1>
ST_72 : Operation 170 [1/1] (0.46ns)   --->   "%store_ln20 = store i32 %max_3, i32 %max" [../../Code/radix/radix.c:20]   --->   Operation 170 'store' 'store_ln20' <Predicate = true> <Delay = 0.46>
ST_72 : Operation 171 [1/1] (0.00ns)   --->   "%br_ln20 = br void %for.body.i6.i" [../../Code/radix/radix.c:20]   --->   Operation 171 'br' 'br_ln20' <Predicate = true> <Delay = 0.00>


============================================================
+ Verbose Summary: Binding
============================================================
STG Binding: 
---------------- STG Properties BEGIN ----------------
- Is combinational: 0
- Is one-state seq: 0
- Is datapath-only: 0
- Is pipelined: 0
- Is top level: 0
Port [ Return ] is wired: 1; IO mode=ap_ctrl_hs:ce=0
Port [ max_4]:  wired=1; compound=0; hidden=0; nouse=0; global=0; static=0; extern=0; dir=0; type=0; pingpong=0; private_global=0; IO mode=ap_none:ce=0
Port [ vla13]:  wired=1; compound=1; hidden=0; nouse=0; global=0; static=0; extern=0; dir=0; type=1; pingpong=0; private_global=0; MemPort=[13]; IO mode=ap_memory:ce=0
Port [ place_1]:  wired=1; compound=0; hidden=0; nouse=0; global=0; static=0; extern=0; dir=0; type=0; pingpong=0; private_global=0; IO mode=ap_none:ce=0
Port [ max_5_out]:  wired=1; compound=0; hidden=0; nouse=0; global=0; static=0; extern=0; dir=1; type=0; pingpong=0; private_global=0; IO mode=ap_vld:ce=0
---------------- STG Properties END ------------------

---------------- Datapath Model BEGIN ----------------

<LifeTime>
<method=bitvector/>
max               (alloca           ) [ 0111111111111111111111111111111111111111111111111111111111111111111111111]
i_1               (alloca           ) [ 0100000000000000000000000000000000000000000000000000000000000000000000000]
place_1_read      (read             ) [ 0111111111111111111111111111111111111100000000000000000000000000000000000]
max_4_read        (read             ) [ 0000000000000000000000000000000000000000000000000000000000000000000000000]
max_4_cast        (sext             ) [ 0000000000000000000000000000000000000000000000000000000000000000000000000]
store_ln0         (store            ) [ 0000000000000000000000000000000000000000000000000000000000000000000000000]
store_ln0         (store            ) [ 0000000000000000000000000000000000000000000000000000000000000000000000000]
br_ln0            (br               ) [ 0000000000000000000000000000000000000000000000000000000000000000000000000]
i                 (load             ) [ 0000000000000000000000000000000000000000000000000000000000000000000000000]
specpipeline_ln0  (specpipeline     ) [ 0000000000000000000000000000000000000000000000000000000000000000000000000]
icmp_ln20         (icmp             ) [ 0111111111111111111111111111111111111111111111111111111111111111111111110]
empty             (speclooptripcount) [ 0000000000000000000000000000000000000000000000000000000000000000000000000]
br_ln20           (br               ) [ 0000000000000000000000000000000000000000000000000000000000000000000000000]
i_1_cast          (zext             ) [ 0000000000000000000000000000000000000000000000000000000000000000000000000]
vla13_addr        (getelementptr    ) [ 0110000000000000000000000000000000000000000000000000000000000000000000000]
add_ln20          (add              ) [ 0000000000000000000000000000000000000000000000000000000000000000000000000]
store_ln20        (store            ) [ 0000000000000000000000000000000000000000000000000000000000000000000000000]
vla13_load        (load             ) [ 0101111111111111111111111111111111111111111111111111111111111111111111111]
sdiv_ln21         (sdiv             ) [ 0100000000000000000000000000000000000011111111111111111111111111111111111]
max_load_1        (load             ) [ 0000000000000000000000000000000000000000000000000000000000000000000000000]
specloopname_ln20 (specloopname     ) [ 0000000000000000000000000000000000000000000000000000000000000000000000000]
srem_ln21         (srem             ) [ 0000000000000000000000000000000000000000000000000000000000000000000000000]
icmp_ln21         (icmp             ) [ 0000000000000000000000000000000000000000000000000000000000000000000000000]
max_3             (select           ) [ 0000000000000000000000000000000000000000000000000000000000000000000000000]
store_ln20        (store            ) [ 0000000000000000000000000000000000000000000000000000000000000000000000000]
br_ln20           (br               ) [ 0000000000000000000000000000000000000000000000000000000000000000000000000]
max_load          (load             ) [ 0000000000000000000000000000000000000000000000000000000000000000000000000]
write_ln0         (write            ) [ 0000000000000000000000000000000000000000000000000000000000000000000000000]
ret_ln0           (ret              ) [ 0000000000000000000000000000000000000000000000000000000000000000000000000]
</LifeTime>

<model>

<comp_list>
<comp id="0" class="1000" name="max_4">
<pin_list>
<pin id="1" dir="1" index="0" bw="1" slack="0"/>
</pin_list>
<bind>
<StgValue><ssdm name="max_4"/></StgValue>
</bind>
</comp>

<comp id="2" class="1000" name="vla13">
<pin_list>
<pin id="3" dir="1" index="0" bw="1" slack="0"/>
</pin_list>
<bind>
<StgValue><ssdm name="vla13"/><MemPortTyVec>1 3 </MemPortTyVec>
</StgValue>
</bind>
</comp>

<comp id="4" class="1000" name="place_1">
<pin_list>
<pin id="5" dir="1" index="0" bw="1" slack="0"/>
</pin_list>
<bind>
<StgValue><ssdm name="place_1"/></StgValue>
</bind>
</comp>

<comp id="6" class="1000" name="max_5_out">
<pin_list>
<pin id="7" dir="1" index="0" bw="1" slack="0"/>
</pin_list>
<bind>
<StgValue><ssdm name="max_5_out"/></StgValue>
</bind>
</comp>

<comp id="8" class="1001" name="const_8">
<pin_list>
<pin id="9" dir="1" index="0" bw="1" slack="0"/>
</pin_list>
<bind>
<StgValue><ssdm name=""/></StgValue>
</bind>
</comp>

<comp id="10" class="1001" name="const_10">
<pin_list>
<pin id="11" dir="1" index="0" bw="1" slack="0"/>
</pin_list>
<bind>
<StgValue><ssdm name="_ssdm_op_Read.ap_auto.i32"/></StgValue>
</bind>
</comp>

<comp id="12" class="1001" name="const_12">
<pin_list>
<pin id="13" dir="1" index="0" bw="1" slack="0"/>
</pin_list>
<bind>
<StgValue><ssdm name="_ssdm_op_Read.ap_auto.i5"/></StgValue>
</bind>
</comp>

<comp id="14" class="1001" name="const_14">
<pin_list>
<pin id="15" dir="1" index="0" bw="1" slack="0"/>
</pin_list>
<bind>
<StgValue><ssdm name=""/></StgValue>
</bind>
</comp>

<comp id="16" class="1001" name="const_16">
<pin_list>
<pin id="17" dir="1" index="0" bw="1" slack="2147483647"/>
</pin_list>
<bind>
<StgValue><ssdm name="_ssdm_op_SpecPipeline"/></StgValue>
</bind>
</comp>

<comp id="18" class="1001" name="const_18">
<pin_list>
<pin id="19" dir="1" index="0" bw="1" slack="2147483647"/>
</pin_list>
<bind>
<StgValue><ssdm name=""/></StgValue>
</bind>
</comp>

<comp id="20" class="1001" name="const_20">
<pin_list>
<pin id="21" dir="1" index="0" bw="1" slack="2147483647"/>
</pin_list>
<bind>
<StgValue><ssdm name=""/></StgValue>
</bind>
</comp>

<comp id="22" class="1001" name="const_22">
<pin_list>
<pin id="23" dir="1" index="0" bw="1" slack="2147483647"/>
</pin_list>
<bind>
<StgValue><ssdm name="p_str"/></StgValue>
</bind>
</comp>

<comp id="24" class="1001" name="const_24">
<pin_list>
<pin id="25" dir="1" index="0" bw="1" slack="0"/>
</pin_list>
<bind>
<StgValue><ssdm name=""/></StgValue>
</bind>
</comp>

<comp id="26" class="1001" name="const_26">
<pin_list>
<pin id="27" dir="1" index="0" bw="1" slack="2147483647"/>
</pin_list>
<bind>
<StgValue><ssdm name="_ssdm_op_SpecLoopTripCount"/></StgValue>
</bind>
</comp>

<comp id="28" class="1001" name="const_28">
<pin_list>
<pin id="29" dir="1" index="0" bw="1" slack="2147483647"/>
</pin_list>
<bind>
<StgValue><ssdm name=""/></StgValue>
</bind>
</comp>

<comp id="30" class="1001" name="const_30">
<pin_list>
<pin id="31" dir="1" index="0" bw="1" slack="0"/>
</pin_list>
<bind>
<StgValue><ssdm name=""/></StgValue>
</bind>
</comp>

<comp id="32" class="1001" name="const_32">
<pin_list>
<pin id="33" dir="1" index="0" bw="1" slack="0"/>
</pin_list>
<bind>
<StgValue><ssdm name=""/></StgValue>
</bind>
</comp>

<comp id="34" class="1001" name="const_34">
<pin_list>
<pin id="35" dir="1" index="0" bw="1" slack="2147483647"/>
</pin_list>
<bind>
<StgValue><ssdm name="_ssdm_op_SpecLoopName"/></StgValue>
</bind>
</comp>

<comp id="36" class="1001" name="const_36">
<pin_list>
<pin id="37" dir="1" index="0" bw="1" slack="2147483647"/>
</pin_list>
<bind>
<StgValue><ssdm name="empty_6"/></StgValue>
</bind>
</comp>

<comp id="38" class="1001" name="const_38">
<pin_list>
<pin id="39" dir="1" index="0" bw="1" slack="0"/>
</pin_list>
<bind>
<StgValue><ssdm name="_ssdm_op_Write.ap_auto.i32P0A"/></StgValue>
</bind>
</comp>

<comp id="40" class="1004" name="max_fu_40">
<pin_list>
<pin id="41" dir="0" index="0" bw="1" slack="0"/>
<pin id="42" dir="1" index="1" bw="32" slack="0"/>
</pin_list>
<bind>
<opcode="alloca(26) " fcode="alloca"/>
<opset="max/1 "/>
</bind>
</comp>

<comp id="44" class="1004" name="i_1_fu_44">
<pin_list>
<pin id="45" dir="0" index="0" bw="1" slack="0"/>
<pin id="46" dir="1" index="1" bw="4" slack="0"/>
</pin_list>
<bind>
<opcode="alloca(26) " fcode="alloca"/>
<opset="i_1/1 "/>
</bind>
</comp>

<comp id="48" class="1004" name="place_1_read_read_fu_48">
<pin_list>
<pin id="49" dir="0" index="0" bw="32" slack="0"/>
<pin id="50" dir="0" index="1" bw="32" slack="0"/>
<pin id="51" dir="1" index="2" bw="32" slack="1"/>
</pin_list>
<bind>
<opcode="read(1150) " fcode="read"/>
<opset="place_1_read/1 "/>
</bind>
</comp>

<comp id="54" class="1004" name="max_4_read_read_fu_54">
<pin_list>
<pin id="55" dir="0" index="0" bw="5" slack="0"/>
<pin id="56" dir="0" index="1" bw="5" slack="0"/>
<pin id="57" dir="1" index="2" bw="5" slack="0"/>
</pin_list>
<bind>
<opcode="read(1150) " fcode="read"/>
<opset="max_4_read/1 "/>
</bind>
</comp>

<comp id="60" class="1004" name="write_ln0_write_fu_60">
<pin_list>
<pin id="61" dir="0" index="0" bw="0" slack="0"/>
<pin id="62" dir="0" index="1" bw="32" slack="0"/>
<pin id="63" dir="0" index="2" bw="32" slack="0"/>
<pin id="64" dir="1" index="3" bw="0" slack="2147483647"/>
</pin_list>
<bind>
<opcode="write(1151) " fcode="write"/>
<opset="write_ln0/71 "/>
</bind>
</comp>

<comp id="67" class="1004" name="vla13_addr_gep_fu_67">
<pin_list>
<pin id="68" dir="0" index="0" bw="32" slack="0"/>
<pin id="69" dir="0" index="1" bw="1" slack="0"/>
<pin id="70" dir="0" index="2" bw="4" slack="0"/>
<pin id="71" dir="1" index="3" bw="3" slack="0"/>
</pin_list>
<bind>
<opcode="getelementptr(29) " fcode="getelementptr"/>
<opset="vla13_addr/1 "/>
</bind>
</comp>

<comp id="74" class="1004" name="grp_access_fu_74">
<pin_list>
<pin id="75" dir="0" index="0" bw="3" slack="0"/>
<pin id="76" dir="0" index="1" bw="32" slack="2147483647"/>
<pin id="77" dir="0" index="2" bw="0" slack="2147483647"/>
<pin id="78" dir="1" index="3" bw="32" slack="0"/>
</pin_list>
<bind>
<opcode="load(27) " fcode="load"/>
<opset="vla13_load/1 "/>
</bind>
</comp>

<comp id="80" class="1004" name="max_4_cast_fu_80">
<pin_list>
<pin id="81" dir="0" index="0" bw="5" slack="0"/>
<pin id="82" dir="1" index="1" bw="32" slack="0"/>
</pin_list>
<bind>
<opcode="sext(35) " fcode="sext"/>
<opset="max_4_cast/1 "/>
</bind>
</comp>

<comp id="84" class="1004" name="store_ln0_store_fu_84">
<pin_list>
<pin id="85" dir="0" index="0" bw="1" slack="0"/>
<pin id="86" dir="0" index="1" bw="4" slack="0"/>
<pin id="87" dir="1" index="2" bw="0" slack="2147483647"/>
</pin_list>
<bind>
<opcode="store(28) " fcode="store"/>
<opset="store_ln0/1 "/>
</bind>
</comp>

<comp id="89" class="1004" name="store_ln0_store_fu_89">
<pin_list>
<pin id="90" dir="0" index="0" bw="5" slack="0"/>
<pin id="91" dir="0" index="1" bw="32" slack="0"/>
<pin id="92" dir="1" index="2" bw="0" slack="2147483647"/>
</pin_list>
<bind>
<opcode="store(28) " fcode="store"/>
<opset="store_ln0/1 "/>
</bind>
</comp>

<comp id="94" class="1004" name="i_load_fu_94">
<pin_list>
<pin id="95" dir="0" index="0" bw="4" slack="0"/>
<pin id="96" dir="1" index="1" bw="4" slack="0"/>
</pin_list>
<bind>
<opcode="load(27) " fcode="load"/>
<opset="i/1 "/>
</bind>
</comp>

<comp id="97" class="1004" name="icmp_ln20_fu_97">
<pin_list>
<pin id="98" dir="0" index="0" bw="4" slack="0"/>
<pin id="99" dir="0" index="1" bw="4" slack="0"/>
<pin id="100" dir="1" index="2" bw="1" slack="70"/>
</pin_list>
<bind>
<opcode="icmp(45) " fcode="icmp"/>
<opset="icmp_ln20/1 "/>
</bind>
</comp>

<comp id="103" class="1004" name="i_1_cast_fu_103">
<pin_list>
<pin id="104" dir="0" index="0" bw="4" slack="0"/>
<pin id="105" dir="1" index="1" bw="64" slack="0"/>
</pin_list>
<bind>
<opcode="zext(34) " fcode="zext"/>
<opset="i_1_cast/1 "/>
</bind>
</comp>

<comp id="108" class="1004" name="add_ln20_fu_108">
<pin_list>
<pin id="109" dir="0" index="0" bw="4" slack="0"/>
<pin id="110" dir="0" index="1" bw="1" slack="0"/>
<pin id="111" dir="1" index="2" bw="4" slack="0"/>
</pin_list>
<bind>
<opcode="add(8) " fcode="add"/>
<opset="add_ln20/1 "/>
</bind>
</comp>

<comp id="114" class="1004" name="store_ln20_store_fu_114">
<pin_list>
<pin id="115" dir="0" index="0" bw="4" slack="0"/>
<pin id="116" dir="0" index="1" bw="4" slack="0"/>
<pin id="117" dir="1" index="2" bw="0" slack="2147483647"/>
</pin_list>
<bind>
<opcode="store(28) " fcode="store"/>
<opset="store_ln20/1 "/>
</bind>
</comp>

<comp id="119" class="1004" name="grp_fu_119">
<pin_list>
<pin id="120" dir="0" index="0" bw="32" slack="0"/>
<pin id="121" dir="0" index="1" bw="32" slack="1"/>
<pin id="122" dir="1" index="2" bw="32" slack="0"/>
</pin_list>
<bind>
<opcode="sdiv(15) " fcode="sdiv"/>
<opset="sdiv_ln21/2 "/>
</bind>
</comp>

<comp id="124" class="1004" name="grp_fu_124">
<pin_list>
<pin id="125" dir="0" index="0" bw="32" slack="0"/>
<pin id="126" dir="0" index="1" bw="5" slack="0"/>
<pin id="127" dir="1" index="2" bw="32" slack="0"/>
</pin_list>
<bind>
<opcode="srem(18) " fcode="srem"/>
<opset="srem_ln21/37 "/>
</bind>
</comp>

<comp id="130" class="1004" name="max_load_1_load_fu_130">
<pin_list>
<pin id="131" dir="0" index="0" bw="32" slack="71"/>
<pin id="132" dir="1" index="1" bw="32" slack="0"/>
</pin_list>
<bind>
<opcode="load(27) " fcode="load"/>
<opset="max_load_1/72 "/>
</bind>
</comp>

<comp id="133" class="1004" name="icmp_ln21_fu_133">
<pin_list>
<pin id="134" dir="0" index="0" bw="32" slack="0"/>
<pin id="135" dir="0" index="1" bw="5" slack="0"/>
<pin id="136" dir="1" index="2" bw="1" slack="0"/>
</pin_list>
<bind>
<opcode="icmp(45) " fcode="icmp"/>
<opset="icmp_ln21/72 "/>
</bind>
</comp>

<comp id="139" class="1004" name="max_3_fu_139">
<pin_list>
<pin id="140" dir="0" index="0" bw="1" slack="0"/>
<pin id="141" dir="0" index="1" bw="32" slack="70"/>
<pin id="142" dir="0" index="2" bw="32" slack="0"/>
<pin id="143" dir="1" index="3" bw="32" slack="0"/>
</pin_list>
<bind>
<opcode="select(49) " fcode="select"/>
<opset="max_3/72 "/>
</bind>
</comp>

<comp id="146" class="1004" name="store_ln20_store_fu_146">
<pin_list>
<pin id="147" dir="0" index="0" bw="32" slack="0"/>
<pin id="148" dir="0" index="1" bw="32" slack="71"/>
<pin id="149" dir="1" index="2" bw="0" slack="2147483647"/>
</pin_list>
<bind>
<opcode="store(28) " fcode="store"/>
<opset="store_ln20/72 "/>
</bind>
</comp>

<comp id="151" class="1004" name="max_load_load_fu_151">
<pin_list>
<pin id="152" dir="0" index="0" bw="32" slack="70"/>
<pin id="153" dir="1" index="1" bw="32" slack="0"/>
</pin_list>
<bind>
<opcode="load(27) " fcode="load"/>
<opset="max_load/71 "/>
</bind>
</comp>

<comp id="155" class="1005" name="max_reg_155">
<pin_list>
<pin id="156" dir="0" index="0" bw="32" slack="0"/>
<pin id="157" dir="1" index="1" bw="32" slack="0"/>
</pin_list>
<bind>
<opset="max "/>
</bind>
</comp>

<comp id="163" class="1005" name="i_1_reg_163">
<pin_list>
<pin id="164" dir="0" index="0" bw="4" slack="0"/>
<pin id="165" dir="1" index="1" bw="4" slack="0"/>
</pin_list>
<bind>
<opset="i_1 "/>
</bind>
</comp>

<comp id="170" class="1005" name="place_1_read_reg_170">
<pin_list>
<pin id="171" dir="0" index="0" bw="32" slack="1"/>
<pin id="172" dir="1" index="1" bw="32" slack="1"/>
</pin_list>
<bind>
<opset="place_1_read "/>
</bind>
</comp>

<comp id="175" class="1005" name="icmp_ln20_reg_175">
<pin_list>
<pin id="176" dir="0" index="0" bw="1" slack="70"/>
<pin id="177" dir="1" index="1" bw="1" slack="2147483647"/>
</pin_list>
<bind>
<opset="icmp_ln20 "/>
</bind>
</comp>

<comp id="179" class="1005" name="vla13_addr_reg_179">
<pin_list>
<pin id="180" dir="0" index="0" bw="3" slack="1"/>
<pin id="181" dir="1" index="1" bw="3" slack="1"/>
</pin_list>
<bind>
<opset="vla13_addr "/>
</bind>
</comp>

<comp id="184" class="1005" name="vla13_load_reg_184">
<pin_list>
<pin id="185" dir="0" index="0" bw="32" slack="1"/>
<pin id="186" dir="1" index="1" bw="32" slack="1"/>
</pin_list>
<bind>
<opset="vla13_load "/>
</bind>
</comp>

<comp id="190" class="1005" name="sdiv_ln21_reg_190">
<pin_list>
<pin id="191" dir="0" index="0" bw="32" slack="1"/>
<pin id="192" dir="1" index="1" bw="32" slack="1"/>
</pin_list>
<bind>
<opset="sdiv_ln21 "/>
</bind>
</comp>

</comp_list>

<net_list>
<net id="43"><net_src comp="8" pin="0"/><net_sink comp="40" pin=0"/></net>

<net id="47"><net_src comp="8" pin="0"/><net_sink comp="44" pin=0"/></net>

<net id="52"><net_src comp="10" pin="0"/><net_sink comp="48" pin=0"/></net>

<net id="53"><net_src comp="4" pin="0"/><net_sink comp="48" pin=1"/></net>

<net id="58"><net_src comp="12" pin="0"/><net_sink comp="54" pin=0"/></net>

<net id="59"><net_src comp="0" pin="0"/><net_sink comp="54" pin=1"/></net>

<net id="65"><net_src comp="38" pin="0"/><net_sink comp="60" pin=0"/></net>

<net id="66"><net_src comp="6" pin="0"/><net_sink comp="60" pin=1"/></net>

<net id="72"><net_src comp="2" pin="0"/><net_sink comp="67" pin=0"/></net>

<net id="73"><net_src comp="30" pin="0"/><net_sink comp="67" pin=1"/></net>

<net id="79"><net_src comp="67" pin="3"/><net_sink comp="74" pin=0"/></net>

<net id="83"><net_src comp="54" pin="2"/><net_sink comp="80" pin=0"/></net>

<net id="88"><net_src comp="14" pin="0"/><net_sink comp="84" pin=0"/></net>

<net id="93"><net_src comp="80" pin="1"/><net_sink comp="89" pin=0"/></net>

<net id="101"><net_src comp="94" pin="1"/><net_sink comp="97" pin=0"/></net>

<net id="102"><net_src comp="24" pin="0"/><net_sink comp="97" pin=1"/></net>

<net id="106"><net_src comp="94" pin="1"/><net_sink comp="103" pin=0"/></net>

<net id="107"><net_src comp="103" pin="1"/><net_sink comp="67" pin=2"/></net>

<net id="112"><net_src comp="94" pin="1"/><net_sink comp="108" pin=0"/></net>

<net id="113"><net_src comp="14" pin="0"/><net_sink comp="108" pin=1"/></net>

<net id="118"><net_src comp="108" pin="2"/><net_sink comp="114" pin=0"/></net>

<net id="123"><net_src comp="74" pin="3"/><net_sink comp="119" pin=0"/></net>

<net id="128"><net_src comp="119" pin="2"/><net_sink comp="124" pin=0"/></net>

<net id="129"><net_src comp="32" pin="0"/><net_sink comp="124" pin=1"/></net>

<net id="137"><net_src comp="130" pin="1"/><net_sink comp="133" pin=0"/></net>

<net id="138"><net_src comp="124" pin="2"/><net_sink comp="133" pin=1"/></net>

<net id="144"><net_src comp="133" pin="2"/><net_sink comp="139" pin=0"/></net>

<net id="145"><net_src comp="130" pin="1"/><net_sink comp="139" pin=2"/></net>

<net id="150"><net_src comp="139" pin="3"/><net_sink comp="146" pin=0"/></net>

<net id="154"><net_src comp="151" pin="1"/><net_sink comp="60" pin=2"/></net>

<net id="158"><net_src comp="40" pin="1"/><net_sink comp="155" pin=0"/></net>

<net id="159"><net_src comp="155" pin="1"/><net_sink comp="89" pin=1"/></net>

<net id="160"><net_src comp="155" pin="1"/><net_sink comp="130" pin=0"/></net>

<net id="161"><net_src comp="155" pin="1"/><net_sink comp="146" pin=1"/></net>

<net id="162"><net_src comp="155" pin="1"/><net_sink comp="151" pin=0"/></net>

<net id="166"><net_src comp="44" pin="1"/><net_sink comp="163" pin=0"/></net>

<net id="167"><net_src comp="163" pin="1"/><net_sink comp="84" pin=1"/></net>

<net id="168"><net_src comp="163" pin="1"/><net_sink comp="94" pin=0"/></net>

<net id="169"><net_src comp="163" pin="1"/><net_sink comp="114" pin=1"/></net>

<net id="173"><net_src comp="48" pin="2"/><net_sink comp="170" pin=0"/></net>

<net id="174"><net_src comp="170" pin="1"/><net_sink comp="119" pin=1"/></net>

<net id="178"><net_src comp="97" pin="2"/><net_sink comp="175" pin=0"/></net>

<net id="182"><net_src comp="67" pin="3"/><net_sink comp="179" pin=0"/></net>

<net id="183"><net_src comp="179" pin="1"/><net_sink comp="74" pin=0"/></net>

<net id="187"><net_src comp="74" pin="3"/><net_sink comp="184" pin=0"/></net>

<net id="188"><net_src comp="184" pin="1"/><net_sink comp="119" pin=0"/></net>

<net id="189"><net_src comp="184" pin="1"/><net_sink comp="139" pin=1"/></net>

<net id="193"><net_src comp="119" pin="2"/><net_sink comp="190" pin=0"/></net>

<net id="194"><net_src comp="190" pin="1"/><net_sink comp="124" pin=0"/></net>

</net_list>

</model> 
---------------- Datapath Model END ------------------

* FSMD analyzer results:
  - Output states:
	Port: max_5_out | {71 }
 - Input state : 
	Port: radix_Pipeline_VITIS_LOOP_20_1 : max_4 | {1 }
	Port: radix_Pipeline_VITIS_LOOP_20_1 : vla13 | {1 2 }
	Port: radix_Pipeline_VITIS_LOOP_20_1 : place_1 | {1 }
  - Chain level:
	State 1
		store_ln0 : 1
		store_ln0 : 1
		i : 1
		icmp_ln20 : 2
		br_ln20 : 3
		i_1_cast : 2
		vla13_addr : 3
		vla13_load : 4
		add_ln20 : 2
		store_ln20 : 3
	State 2
		sdiv_ln21 : 1
	State 3
	State 4
	State 5
	State 6
	State 7
	State 8
	State 9
	State 10
	State 11
	State 12
	State 13
	State 14
	State 15
	State 16
	State 17
	State 18
	State 19
	State 20
	State 21
	State 22
	State 23
	State 24
	State 25
	State 26
	State 27
	State 28
	State 29
	State 30
	State 31
	State 32
	State 33
	State 34
	State 35
	State 36
	State 37
		srem_ln21 : 1
	State 38
	State 39
	State 40
	State 41
	State 42
	State 43
	State 44
	State 45
	State 46
	State 47
	State 48
	State 49
	State 50
	State 51
	State 52
	State 53
	State 54
	State 55
	State 56
	State 57
	State 58
	State 59
	State 60
	State 61
	State 62
	State 63
	State 64
	State 65
	State 66
	State 67
	State 68
	State 69
	State 70
	State 71
		write_ln0 : 1
	State 72
		icmp_ln21 : 1
		max_3 : 2
		store_ln20 : 3


============================================================
+ Verbose Summary: Datapath Resource usage 
============================================================

* Functional unit list:
|----------|-------------------------|---------|---------|
| Operation|     Functional Unit     |    FF   |   LUT   |
|----------|-------------------------|---------|---------|
|   sdiv   |        grp_fu_119       |   2283  |   1738  |
|----------|-------------------------|---------|---------|
|   srem   |        grp_fu_124       |   2283  |   1738  |
|----------|-------------------------|---------|---------|
|  select  |       max_3_fu_139      |    0    |    32   |
|----------|-------------------------|---------|---------|
|   icmp   |     icmp_ln20_fu_97     |    0    |    9    |
|          |     icmp_ln21_fu_133    |    0    |    20   |
|----------|-------------------------|---------|---------|
|    add   |     add_ln20_fu_108     |    0    |    12   |
|----------|-------------------------|---------|---------|
|   read   | place_1_read_read_fu_48 |    0    |    0    |
|          |  max_4_read_read_fu_54  |    0    |    0    |
|----------|-------------------------|---------|---------|
|   write  |  write_ln0_write_fu_60  |    0    |    0    |
|----------|-------------------------|---------|---------|
|   sext   |     max_4_cast_fu_80    |    0    |    0    |
|----------|-------------------------|---------|---------|
|   zext   |     i_1_cast_fu_103     |    0    |    0    |
|----------|-------------------------|---------|---------|
|   Total  |                         |   4566  |   3549  |
|----------|-------------------------|---------|---------|

Memories:
N/A

* Register list:
+--------------------+--------+
|                    |   FF   |
+--------------------+--------+
|     i_1_reg_163    |    4   |
|  icmp_ln20_reg_175 |    1   |
|     max_reg_155    |   32   |
|place_1_read_reg_170|   32   |
|  sdiv_ln21_reg_190 |   32   |
| vla13_addr_reg_179 |    3   |
| vla13_load_reg_184 |   32   |
+--------------------+--------+
|        Total       |   136  |
+--------------------+--------+

* Multiplexer (MUX) list: 
|------------------|------|------|------|--------||---------||---------|
|       Comp       |  Pin | Size |  BW  | S x BW ||  Delay  ||   LUT   |
|------------------|------|------|------|--------||---------||---------|
| grp_access_fu_74 |  p0  |   2  |   3  |    6   ||    9    |
|    grp_fu_119    |  p0  |   2  |  32  |   64   ||    9    |
|    grp_fu_124    |  p0  |   2  |  32  |   64   ||    9    |
|------------------|------|------|------|--------||---------||---------|
|       Total      |      |      |      |   134  ||   1.38  ||    27   |
|------------------|------|------|------|--------||---------||---------|



* Summary:
+-----------+--------+--------+--------+
|           |  Delay |   FF   |   LUT  |
+-----------+--------+--------+--------+
|  Function |    -   |  4566  |  3549  |
|   Memory  |    -   |    -   |    -   |
|Multiplexer|    1   |    -   |   27   |
|  Register |    -   |   136  |    -   |
+-----------+--------+--------+--------+
|   Total   |    1   |  4702  |  3576  |
+-----------+--------+--------+--------+
