

================================================================
== Vitis HLS Report for 'radix_Pipeline_VITIS_LOOP_38_5'
================================================================
* Date:           Mon Nov 28 20:43:52 2022

* Version:        2022.2 (Build 3670227 on Oct 13 2022)
* Project:        Radix
* Solution:       radix01 (Vivado IP Flow Target)
* Product family: virtexuplus
* Target device:  xcvu11p-flga2577-1-e


================================================================
== Performance Estimates
================================================================
+ Timing: 
    * Summary: 
    +--------+----------+----------+------------+
    |  Clock |  Target  | Estimated| Uncertainty|
    +--------+----------+----------+------------+
    |ap_clk  |  10.00 ns|  2.848 ns|     2.70 ns|
    +--------+----------+----------+------------+

+ Latency: 
    * Summary: 
    +---------+---------+----------+----------+-----+-----+---------+
    |  Latency (cycles) |  Latency (absolute) |  Interval | Pipeline|
    |   min   |   max   |    min   |    max   | min | max |   Type  |
    +---------+---------+----------+----------+-----+-----+---------+
    |       81|       81|  0.810 us|  0.810 us|   81|   81|       no|
    +---------+---------+----------+----------+-----+-----+---------+

    + Detail: 
        * Instance: 
        N/A

        * Loop: 
        +-------------------+---------+---------+----------+-----------+-----------+------+----------+
        |                   |  Latency (cycles) | Iteration|  Initiation Interval  | Trip |          |
        |     Loop Name     |   min   |   max   |  Latency |  achieved |   target  | Count| Pipelined|
        +-------------------+---------+---------+----------+-----------+-----------+------+----------+
        |- VITIS_LOOP_38_5  |       79|       79|        73|          1|          1|     8|       yes|
        +-------------------+---------+---------+----------+-----------+-----------+------+----------+



================================================================
== Utilization Estimates
================================================================
* Summary: 
+---------------------+---------+------+---------+---------+-----+
|         Name        | BRAM_18K|  DSP |    FF   |   LUT   | URAM|
+---------------------+---------+------+---------+---------+-----+
|DSP                  |        -|     -|        -|        -|    -|
|Expression           |        -|     -|        0|      114|    -|
|FIFO                 |        -|     -|        -|        -|    -|
|Instance             |        -|     -|     4566|     3476|    -|
|Memory               |        -|     -|        -|        -|    -|
|Multiplexer          |        -|     -|        -|       54|    -|
|Register             |        -|     -|      345|       32|    -|
+---------------------+---------+------+---------+---------+-----+
|Total                |        0|     0|     4911|     3676|    0|
+---------------------+---------+------+---------+---------+-----+
|Available SLR        |     1344|  3072|   864000|   432000|  320|
+---------------------+---------+------+---------+---------+-----+
|Utilization SLR (%)  |        0|     0|       ~0|       ~0|    0|
+---------------------+---------+------+---------+---------+-----+
|Available            |     4032|  9216|  2592000|  1296000|  960|
+---------------------+---------+------+---------+---------+-----+
|Utilization (%)      |        0|     0|       ~0|       ~0|    0|
+---------------------+---------+------+---------+---------+-----+

+ Detail: 
    * Instance: 
    +----------------------------+------------------------+---------+----+------+------+-----+
    |          Instance          |         Module         | BRAM_18K| DSP|  FF  |  LUT | URAM|
    +----------------------------+------------------------+---------+----+------+------+-----+
    |sdiv_32ns_32ns_32_36_1_U25  |sdiv_32ns_32ns_32_36_1  |        0|   0|  2283|  1738|    0|
    |srem_32ns_5ns_3_36_1_U26    |srem_32ns_5ns_3_36_1    |        0|   0|  2283|  1738|    0|
    +----------------------------+------------------------+---------+----+------+------+-----+
    |Total                       |                        |        0|   0|  4566|  3476|    0|
    +----------------------------+------------------------+---------+----+------+------+-----+

    * DSP: 
    N/A

    * Memory: 
    N/A

    * FIFO: 
    N/A

    * Expression: 
    +------------------------+----------+----+---+----+------------+------------+
    |      Variable Name     | Operation| DSP| FF| LUT| Bitwidth P0| Bitwidth P1|
    +------------------------+----------+----+---+----+------------+------------+
    |add_ln38_fu_134_p2      |         +|   0|  0|  12|           4|           2|
    |add_ln39_fu_189_p2      |         +|   0|  0|  39|          32|           2|
    |addr_cmp_fu_168_p2      |      icmp|   0|  0|  29|          64|          64|
    |reuse_select_fu_182_p3  |    select|   0|  0|  32|           1|          32|
    |ap_enable_pp0           |       xor|   0|  0|   2|           1|           2|
    +------------------------+----------+----+---+----+------------+------------+
    |Total                   |          |   0|  0| 114|         102|         102|
    +------------------------+----------+----+---+----+------------+------------+

    * Multiplexer: 
    +------------------------------------------+----+-----------+-----+-----------+
    |                   Name                   | LUT| Input Size| Bits| Total Bits|
    +------------------------------------------+----+-----------+-----+-----------+
    |ap_done_int                               |   9|          2|    1|          2|
    |ap_enable_reg_pp0_iter1                   |   9|          2|    1|          2|
    |ap_sig_allocacmp_countingSort_counter5_1  |   9|          2|    4|          8|
    |countingSort_counter5_fu_50               |   9|          2|    4|          8|
    |reuse_addr_reg_fu_42                      |   9|          2|   64|        128|
    |reuse_reg_fu_46                           |   9|          2|   32|         64|
    +------------------------------------------+----+-----------+-----+-----------+
    |Total                                     |  54|         12|  106|        212|
    +------------------------------------------+----+-----------+-----+-----------+

    * Register: 
    +-----------------------------------+----+----+-----+-----------+
    |                Name               | FF | LUT| Bits| Const Bits|
    +-----------------------------------+----+----+-----+-----------+
    |addr_cmp_reg_258                   |   1|   0|    1|          0|
    |ap_CS_fsm                          |   1|   0|    1|          0|
    |ap_done_reg                        |   1|   0|    1|          0|
    |ap_enable_reg_pp0_iter1            |   1|   0|    1|          0|
    |ap_enable_reg_pp0_iter10           |   1|   0|    1|          0|
    |ap_enable_reg_pp0_iter11           |   1|   0|    1|          0|
    |ap_enable_reg_pp0_iter12           |   1|   0|    1|          0|
    |ap_enable_reg_pp0_iter13           |   1|   0|    1|          0|
    |ap_enable_reg_pp0_iter14           |   1|   0|    1|          0|
    |ap_enable_reg_pp0_iter15           |   1|   0|    1|          0|
    |ap_enable_reg_pp0_iter16           |   1|   0|    1|          0|
    |ap_enable_reg_pp0_iter17           |   1|   0|    1|          0|
    |ap_enable_reg_pp0_iter18           |   1|   0|    1|          0|
    |ap_enable_reg_pp0_iter19           |   1|   0|    1|          0|
    |ap_enable_reg_pp0_iter2            |   1|   0|    1|          0|
    |ap_enable_reg_pp0_iter20           |   1|   0|    1|          0|
    |ap_enable_reg_pp0_iter21           |   1|   0|    1|          0|
    |ap_enable_reg_pp0_iter22           |   1|   0|    1|          0|
    |ap_enable_reg_pp0_iter23           |   1|   0|    1|          0|
    |ap_enable_reg_pp0_iter24           |   1|   0|    1|          0|
    |ap_enable_reg_pp0_iter25           |   1|   0|    1|          0|
    |ap_enable_reg_pp0_iter26           |   1|   0|    1|          0|
    |ap_enable_reg_pp0_iter27           |   1|   0|    1|          0|
    |ap_enable_reg_pp0_iter28           |   1|   0|    1|          0|
    |ap_enable_reg_pp0_iter29           |   1|   0|    1|          0|
    |ap_enable_reg_pp0_iter3            |   1|   0|    1|          0|
    |ap_enable_reg_pp0_iter30           |   1|   0|    1|          0|
    |ap_enable_reg_pp0_iter31           |   1|   0|    1|          0|
    |ap_enable_reg_pp0_iter32           |   1|   0|    1|          0|
    |ap_enable_reg_pp0_iter33           |   1|   0|    1|          0|
    |ap_enable_reg_pp0_iter34           |   1|   0|    1|          0|
    |ap_enable_reg_pp0_iter35           |   1|   0|    1|          0|
    |ap_enable_reg_pp0_iter36           |   1|   0|    1|          0|
    |ap_enable_reg_pp0_iter37           |   1|   0|    1|          0|
    |ap_enable_reg_pp0_iter38           |   1|   0|    1|          0|
    |ap_enable_reg_pp0_iter39           |   1|   0|    1|          0|
    |ap_enable_reg_pp0_iter4            |   1|   0|    1|          0|
    |ap_enable_reg_pp0_iter40           |   1|   0|    1|          0|
    |ap_enable_reg_pp0_iter41           |   1|   0|    1|          0|
    |ap_enable_reg_pp0_iter42           |   1|   0|    1|          0|
    |ap_enable_reg_pp0_iter43           |   1|   0|    1|          0|
    |ap_enable_reg_pp0_iter44           |   1|   0|    1|          0|
    |ap_enable_reg_pp0_iter45           |   1|   0|    1|          0|
    |ap_enable_reg_pp0_iter46           |   1|   0|    1|          0|
    |ap_enable_reg_pp0_iter47           |   1|   0|    1|          0|
    |ap_enable_reg_pp0_iter48           |   1|   0|    1|          0|
    |ap_enable_reg_pp0_iter49           |   1|   0|    1|          0|
    |ap_enable_reg_pp0_iter5            |   1|   0|    1|          0|
    |ap_enable_reg_pp0_iter50           |   1|   0|    1|          0|
    |ap_enable_reg_pp0_iter51           |   1|   0|    1|          0|
    |ap_enable_reg_pp0_iter52           |   1|   0|    1|          0|
    |ap_enable_reg_pp0_iter53           |   1|   0|    1|          0|
    |ap_enable_reg_pp0_iter54           |   1|   0|    1|          0|
    |ap_enable_reg_pp0_iter55           |   1|   0|    1|          0|
    |ap_enable_reg_pp0_iter56           |   1|   0|    1|          0|
    |ap_enable_reg_pp0_iter57           |   1|   0|    1|          0|
    |ap_enable_reg_pp0_iter58           |   1|   0|    1|          0|
    |ap_enable_reg_pp0_iter59           |   1|   0|    1|          0|
    |ap_enable_reg_pp0_iter6            |   1|   0|    1|          0|
    |ap_enable_reg_pp0_iter60           |   1|   0|    1|          0|
    |ap_enable_reg_pp0_iter61           |   1|   0|    1|          0|
    |ap_enable_reg_pp0_iter62           |   1|   0|    1|          0|
    |ap_enable_reg_pp0_iter63           |   1|   0|    1|          0|
    |ap_enable_reg_pp0_iter64           |   1|   0|    1|          0|
    |ap_enable_reg_pp0_iter65           |   1|   0|    1|          0|
    |ap_enable_reg_pp0_iter66           |   1|   0|    1|          0|
    |ap_enable_reg_pp0_iter67           |   1|   0|    1|          0|
    |ap_enable_reg_pp0_iter68           |   1|   0|    1|          0|
    |ap_enable_reg_pp0_iter69           |   1|   0|    1|          0|
    |ap_enable_reg_pp0_iter7            |   1|   0|    1|          0|
    |ap_enable_reg_pp0_iter70           |   1|   0|    1|          0|
    |ap_enable_reg_pp0_iter71           |   1|   0|    1|          0|
    |ap_enable_reg_pp0_iter72           |   1|   0|    1|          0|
    |ap_enable_reg_pp0_iter8            |   1|   0|    1|          0|
    |ap_enable_reg_pp0_iter9            |   1|   0|    1|          0|
    |ap_loop_exit_ready_pp0_iter10_reg  |   1|   0|    1|          0|
    |ap_loop_exit_ready_pp0_iter11_reg  |   1|   0|    1|          0|
    |ap_loop_exit_ready_pp0_iter12_reg  |   1|   0|    1|          0|
    |ap_loop_exit_ready_pp0_iter13_reg  |   1|   0|    1|          0|
    |ap_loop_exit_ready_pp0_iter14_reg  |   1|   0|    1|          0|
    |ap_loop_exit_ready_pp0_iter15_reg  |   1|   0|    1|          0|
    |ap_loop_exit_ready_pp0_iter16_reg  |   1|   0|    1|          0|
    |ap_loop_exit_ready_pp0_iter17_reg  |   1|   0|    1|          0|
    |ap_loop_exit_ready_pp0_iter18_reg  |   1|   0|    1|          0|
    |ap_loop_exit_ready_pp0_iter19_reg  |   1|   0|    1|          0|
    |ap_loop_exit_ready_pp0_iter1_reg   |   1|   0|    1|          0|
    |ap_loop_exit_ready_pp0_iter20_reg  |   1|   0|    1|          0|
    |ap_loop_exit_ready_pp0_iter21_reg  |   1|   0|    1|          0|
    |ap_loop_exit_ready_pp0_iter22_reg  |   1|   0|    1|          0|
    |ap_loop_exit_ready_pp0_iter23_reg  |   1|   0|    1|          0|
    |ap_loop_exit_ready_pp0_iter24_reg  |   1|   0|    1|          0|
    |ap_loop_exit_ready_pp0_iter25_reg  |   1|   0|    1|          0|
    |ap_loop_exit_ready_pp0_iter26_reg  |   1|   0|    1|          0|
    |ap_loop_exit_ready_pp0_iter27_reg  |   1|   0|    1|          0|
    |ap_loop_exit_ready_pp0_iter28_reg  |   1|   0|    1|          0|
    |ap_loop_exit_ready_pp0_iter29_reg  |   1|   0|    1|          0|
    |ap_loop_exit_ready_pp0_iter2_reg   |   1|   0|    1|          0|
    |ap_loop_exit_ready_pp0_iter30_reg  |   1|   0|    1|          0|
    |ap_loop_exit_ready_pp0_iter31_reg  |   1|   0|    1|          0|
    |ap_loop_exit_ready_pp0_iter32_reg  |   1|   0|    1|          0|
    |ap_loop_exit_ready_pp0_iter33_reg  |   1|   0|    1|          0|
    |ap_loop_exit_ready_pp0_iter34_reg  |   1|   0|    1|          0|
    |ap_loop_exit_ready_pp0_iter35_reg  |   1|   0|    1|          0|
    |ap_loop_exit_ready_pp0_iter36_reg  |   1|   0|    1|          0|
    |ap_loop_exit_ready_pp0_iter37_reg  |   1|   0|    1|          0|
    |ap_loop_exit_ready_pp0_iter38_reg  |   1|   0|    1|          0|
    |ap_loop_exit_ready_pp0_iter39_reg  |   1|   0|    1|          0|
    |ap_loop_exit_ready_pp0_iter3_reg   |   1|   0|    1|          0|
    |ap_loop_exit_ready_pp0_iter40_reg  |   1|   0|    1|          0|
    |ap_loop_exit_ready_pp0_iter41_reg  |   1|   0|    1|          0|
    |ap_loop_exit_ready_pp0_iter42_reg  |   1|   0|    1|          0|
    |ap_loop_exit_ready_pp0_iter43_reg  |   1|   0|    1|          0|
    |ap_loop_exit_ready_pp0_iter44_reg  |   1|   0|    1|          0|
    |ap_loop_exit_ready_pp0_iter45_reg  |   1|   0|    1|          0|
    |ap_loop_exit_ready_pp0_iter46_reg  |   1|   0|    1|          0|
    |ap_loop_exit_ready_pp0_iter47_reg  |   1|   0|    1|          0|
    |ap_loop_exit_ready_pp0_iter48_reg  |   1|   0|    1|          0|
    |ap_loop_exit_ready_pp0_iter49_reg  |   1|   0|    1|          0|
    |ap_loop_exit_ready_pp0_iter4_reg   |   1|   0|    1|          0|
    |ap_loop_exit_ready_pp0_iter50_reg  |   1|   0|    1|          0|
    |ap_loop_exit_ready_pp0_iter51_reg  |   1|   0|    1|          0|
    |ap_loop_exit_ready_pp0_iter52_reg  |   1|   0|    1|          0|
    |ap_loop_exit_ready_pp0_iter53_reg  |   1|   0|    1|          0|
    |ap_loop_exit_ready_pp0_iter54_reg  |   1|   0|    1|          0|
    |ap_loop_exit_ready_pp0_iter55_reg  |   1|   0|    1|          0|
    |ap_loop_exit_ready_pp0_iter56_reg  |   1|   0|    1|          0|
    |ap_loop_exit_ready_pp0_iter57_reg  |   1|   0|    1|          0|
    |ap_loop_exit_ready_pp0_iter58_reg  |   1|   0|    1|          0|
    |ap_loop_exit_ready_pp0_iter59_reg  |   1|   0|    1|          0|
    |ap_loop_exit_ready_pp0_iter5_reg   |   1|   0|    1|          0|
    |ap_loop_exit_ready_pp0_iter60_reg  |   1|   0|    1|          0|
    |ap_loop_exit_ready_pp0_iter61_reg  |   1|   0|    1|          0|
    |ap_loop_exit_ready_pp0_iter62_reg  |   1|   0|    1|          0|
    |ap_loop_exit_ready_pp0_iter63_reg  |   1|   0|    1|          0|
    |ap_loop_exit_ready_pp0_iter64_reg  |   1|   0|    1|          0|
    |ap_loop_exit_ready_pp0_iter65_reg  |   1|   0|    1|          0|
    |ap_loop_exit_ready_pp0_iter66_reg  |   1|   0|    1|          0|
    |ap_loop_exit_ready_pp0_iter67_reg  |   1|   0|    1|          0|
    |ap_loop_exit_ready_pp0_iter68_reg  |   1|   0|    1|          0|
    |ap_loop_exit_ready_pp0_iter69_reg  |   1|   0|    1|          0|
    |ap_loop_exit_ready_pp0_iter6_reg   |   1|   0|    1|          0|
    |ap_loop_exit_ready_pp0_iter70_reg  |   1|   0|    1|          0|
    |ap_loop_exit_ready_pp0_iter71_reg  |   1|   0|    1|          0|
    |ap_loop_exit_ready_pp0_iter7_reg   |   1|   0|    1|          0|
    |ap_loop_exit_ready_pp0_iter8_reg   |   1|   0|    1|          0|
    |ap_loop_exit_ready_pp0_iter9_reg   |   1|   0|    1|          0|
    |count_addr_reg_252                 |   3|   0|    3|          0|
    |countingSort_counter5_fu_50        |   4|   0|    4|          0|
    |reuse_addr_reg_fu_42               |  64|   0|   64|          0|
    |reuse_reg_fu_46                    |  32|   0|   32|          0|
    |vla13_load_reg_241                 |  32|   0|   32|          0|
    |vla13_load_reg_241                 |  64|  32|   32|          0|
    +-----------------------------------+----+----+-----+-----------+
    |Total                              | 345|  32|  313|          0|
    +-----------------------------------+----+----+-----+-----------+



================================================================
== Interface
================================================================
* Summary: 
+-------------------+-----+-----+------------+--------------------------------+--------------+
|     RTL Ports     | Dir | Bits|  Protocol  |          Source Object         |    C Type    |
+-------------------+-----+-----+------------+--------------------------------+--------------+
|ap_clk             |   in|    1|  ap_ctrl_hs|  radix_Pipeline_VITIS_LOOP_38_5|  return value|
|ap_rst             |   in|    1|  ap_ctrl_hs|  radix_Pipeline_VITIS_LOOP_38_5|  return value|
|ap_start           |   in|    1|  ap_ctrl_hs|  radix_Pipeline_VITIS_LOOP_38_5|  return value|
|ap_done            |  out|    1|  ap_ctrl_hs|  radix_Pipeline_VITIS_LOOP_38_5|  return value|
|ap_idle            |  out|    1|  ap_ctrl_hs|  radix_Pipeline_VITIS_LOOP_38_5|  return value|
|ap_ready           |  out|    1|  ap_ctrl_hs|  radix_Pipeline_VITIS_LOOP_38_5|  return value|
|vla13_address0     |  out|    3|   ap_memory|                           vla13|         array|
|vla13_ce0          |  out|    1|   ap_memory|                           vla13|         array|
|vla13_q0           |   in|   32|   ap_memory|                           vla13|         array|
|place_1            |   in|   32|     ap_none|                         place_1|        scalar|
|count_address0     |  out|    3|   ap_memory|                           count|         array|
|count_ce0          |  out|    1|   ap_memory|                           count|         array|
|count_we0          |  out|    1|   ap_memory|                           count|         array|
|count_d0           |  out|   32|   ap_memory|                           count|         array|
|count_address1     |  out|    3|   ap_memory|                           count|         array|
|count_ce1          |  out|    1|   ap_memory|                           count|         array|
|count_q1           |   in|   32|   ap_memory|                           count|         array|
|output_r_address0  |  out|    4|   ap_memory|                        output_r|         array|
|output_r_ce0       |  out|    1|   ap_memory|                        output_r|         array|
|output_r_we0       |  out|    1|   ap_memory|                        output_r|         array|
|output_r_d0        |  out|   32|   ap_memory|                        output_r|         array|
+-------------------+-----+-----+------------+--------------------------------+--------------+

============================================================
+ Verbose Summary: Synthesis Manager
============================================================
InlineROM: 1
ExposeGlobal: 0
============================================================
+ Verbose Summary: CDFG Model
============================================================
IsTopModel: 0
ResetActiveHigh: 1
IsCombinational: 2
IsDatapathOnly: 2
HasWiredReturn: 1
HasMFsm: 2
HasVarLatency: 1
IsPipeline: 0
IsRtlPipelined: 0
IsInstanceOverlapped: 0
IsDontTouch: 0
HasImplIP: 0
IsGatedGlobalClock: 0

+ Individual pipeline summary: 
  * Pipeline-0: initiation interval (II) = 1, depth = 73


============================================================
+ Verbose Summary: Schedule
============================================================
* Number of FSM states : 73
* Pipeline : 1
  Pipeline-0 : II = 1, D = 73, States = { 1 2 3 4 5 6 7 8 9 10 11 12 13 14 15 16 17 18 19 20 21 22 23 24 25 26 27 28 29 30 31 32 33 34 35 36 37 38 39 40 41 42 43 44 45 46 47 48 49 50 51 52 53 54 55 56 57 58 59 60 61 62 63 64 65 66 67 68 69 70 71 72 73 }
* Dataflow Pipeline: 0

* FSM state transitions: 
1 --> 2 
2 --> 3 
3 --> 4 
4 --> 5 
5 --> 6 
6 --> 7 
7 --> 8 
8 --> 9 
9 --> 10 
10 --> 11 
11 --> 12 
12 --> 13 
13 --> 14 
14 --> 15 
15 --> 16 
16 --> 17 
17 --> 18 
18 --> 19 
19 --> 20 
20 --> 21 
21 --> 22 
22 --> 23 
23 --> 24 
24 --> 25 
25 --> 26 
26 --> 27 
27 --> 28 
28 --> 29 
29 --> 30 
30 --> 31 
31 --> 32 
32 --> 33 
33 --> 34 
34 --> 35 
35 --> 36 
36 --> 37 
37 --> 38 
38 --> 39 
39 --> 40 
40 --> 41 
41 --> 42 
42 --> 43 
43 --> 44 
44 --> 45 
45 --> 46 
46 --> 47 
47 --> 48 
48 --> 49 
49 --> 50 
50 --> 51 
51 --> 52 
52 --> 53 
53 --> 54 
54 --> 55 
55 --> 56 
56 --> 57 
57 --> 58 
58 --> 59 
59 --> 60 
60 --> 61 
61 --> 62 
62 --> 63 
63 --> 64 
64 --> 65 
65 --> 66 
66 --> 67 
67 --> 68 
68 --> 69 
69 --> 70 
70 --> 71 
71 --> 72 
72 --> 73 
73 --> 

* FSM state operations: 

State 1 <SV = 0> <Delay = 1.26>
ST_1 : Operation 76 [1/1] (0.00ns)   --->   "%reuse_addr_reg = alloca i32 1"   --->   Operation 76 'alloca' 'reuse_addr_reg' <Predicate = true> <Delay = 0.00>
ST_1 : Operation 77 [1/1] (0.00ns)   --->   "%reuse_reg = alloca i32 1"   --->   Operation 77 'alloca' 'reuse_reg' <Predicate = true> <Delay = 0.00>
ST_1 : Operation 78 [1/1] (0.00ns)   --->   "%countingSort_counter5 = alloca i32 1"   --->   Operation 78 'alloca' 'countingSort_counter5' <Predicate = true> <Delay = 0.00>
ST_1 : Operation 79 [1/1] (0.00ns)   --->   "%place_1_read = read i32 @_ssdm_op_Read.ap_auto.i32, i32 %place_1"   --->   Operation 79 'read' 'place_1_read' <Predicate = true> <Delay = 0.00>
ST_1 : Operation 80 [1/1] (0.46ns)   --->   "%store_ln0 = store i4 7, i4 %countingSort_counter5"   --->   Operation 80 'store' 'store_ln0' <Predicate = true> <Delay = 0.46>
ST_1 : Operation 81 [1/1] (0.46ns)   --->   "%store_ln0 = store i32 0, i32 %reuse_reg"   --->   Operation 81 'store' 'store_ln0' <Predicate = true> <Delay = 0.46>
ST_1 : Operation 82 [1/1] (0.46ns)   --->   "%store_ln0 = store i64 18446744073709551615, i64 %reuse_addr_reg"   --->   Operation 82 'store' 'store_ln0' <Predicate = true> <Delay = 0.46>
ST_1 : Operation 83 [1/1] (0.00ns)   --->   "%br_ln0 = br void %for.inc64.i.i"   --->   Operation 83 'br' 'br_ln0' <Predicate = true> <Delay = 0.00>
ST_1 : Operation 84 [1/1] (0.00ns)   --->   "%countingSort_counter5_1 = load i4 %countingSort_counter5" [../../Code/radix/radix.c:38]   --->   Operation 84 'load' 'countingSort_counter5_1' <Predicate = true> <Delay = 0.00>
ST_1 : Operation 85 [1/1] (0.00ns)   --->   "%specpipeline_ln0 = specpipeline void @_ssdm_op_SpecPipeline, i32 4294967295, i32 0, i32 1, i32 0, void @p_str"   --->   Operation 85 'specpipeline' 'specpipeline_ln0' <Predicate = true> <Delay = 0.00>
ST_1 : Operation 86 [1/1] (0.00ns)   --->   "%tmp = bitselect i1 @_ssdm_op_BitSelect.i1.i4.i32, i4 %countingSort_counter5_1, i32 3" [../../Code/radix/radix.c:38]   --->   Operation 86 'bitselect' 'tmp' <Predicate = true> <Delay = 0.00>
ST_1 : Operation 87 [1/1] (0.00ns)   --->   "%empty = speclooptripcount i32 @_ssdm_op_SpecLoopTripCount, i64 8, i64 8, i64 8"   --->   Operation 87 'speclooptripcount' 'empty' <Predicate = true> <Delay = 0.00>
ST_1 : Operation 88 [1/1] (0.00ns)   --->   "%br_ln38 = br i1 %tmp, void %for.inc64.i.i.split, void %for.inc75.i.i.preheader.exitStub" [../../Code/radix/radix.c:38]   --->   Operation 88 'br' 'br_ln38' <Predicate = true> <Delay = 0.00>
ST_1 : Operation 89 [1/1] (0.00ns)   --->   "%countingSort_counter5_cast = zext i4 %countingSort_counter5_1" [../../Code/radix/radix.c:38]   --->   Operation 89 'zext' 'countingSort_counter5_cast' <Predicate = (!tmp)> <Delay = 0.00>
ST_1 : Operation 90 [1/1] (0.00ns)   --->   "%vla13_addr = getelementptr i32 %vla13, i64 0, i64 %countingSort_counter5_cast" [../../Code/radix/radix.c:39]   --->   Operation 90 'getelementptr' 'vla13_addr' <Predicate = (!tmp)> <Delay = 0.00>
ST_1 : Operation 91 [2/2] (0.73ns)   --->   "%vla13_load = load i3 %vla13_addr" [../../Code/radix/radix.c:39]   --->   Operation 91 'load' 'vla13_load' <Predicate = (!tmp)> <Delay = 0.73> <CoreInst = "RAM">   --->   Core 83 'RAM' <Latency = 1> <II = 1> <Delay = 0.73> <Storage> <Opcode : 'load' 'store'> <Ports = 2> <Width = 32> <Depth = 8> <RAM>
ST_1 : Operation 92 [1/1] (0.80ns)   --->   "%add_ln38 = add i4 %countingSort_counter5_1, i4 15" [../../Code/radix/radix.c:38]   --->   Operation 92 'add' 'add_ln38' <Predicate = (!tmp)> <Delay = 0.80> <CoreInst = "Adder">   --->   Core 1 'Adder' <Latency = 0> <II = 1> <Delay = 0.80> <FuncUnit> <Opcode : 'add' 'sub'> <InPorts = 2> <OutPorts = 1>
ST_1 : Operation 93 [1/1] (0.46ns)   --->   "%store_ln38 = store i4 %add_ln38, i4 %countingSort_counter5" [../../Code/radix/radix.c:38]   --->   Operation 93 'store' 'store_ln38' <Predicate = (!tmp)> <Delay = 0.46>

State 2 <SV = 1> <Delay = 2.15>
ST_2 : Operation 94 [1/2] (0.73ns)   --->   "%vla13_load = load i3 %vla13_addr" [../../Code/radix/radix.c:39]   --->   Operation 94 'load' 'vla13_load' <Predicate = true> <Delay = 0.73> <CoreInst = "RAM">   --->   Core 83 'RAM' <Latency = 1> <II = 1> <Delay = 0.73> <Storage> <Opcode : 'load' 'store'> <Ports = 2> <Width = 32> <Depth = 8> <RAM>
ST_2 : Operation 95 [36/36] (1.42ns)   --->   "%sdiv_ln39 = sdiv i32 %vla13_load, i32 %place_1_read" [../../Code/radix/radix.c:39]   --->   Operation 95 'sdiv' 'sdiv_ln39' <Predicate = true> <Delay = 1.42> <CoreInst = "Divider">   --->   Core 6 'Divider' <Latency = 35> <II = 1> <Delay = 1.42> <FuncUnit> <Opcode : 'sdiv' 'srem' 'udiv' 'urem'> <InPorts = 2> <OutPorts = 1>

State 3 <SV = 2> <Delay = 1.42>
ST_3 : Operation 96 [35/36] (1.42ns)   --->   "%sdiv_ln39 = sdiv i32 %vla13_load, i32 %place_1_read" [../../Code/radix/radix.c:39]   --->   Operation 96 'sdiv' 'sdiv_ln39' <Predicate = true> <Delay = 1.42> <CoreInst = "Divider">   --->   Core 6 'Divider' <Latency = 35> <II = 1> <Delay = 1.42> <FuncUnit> <Opcode : 'sdiv' 'srem' 'udiv' 'urem'> <InPorts = 2> <OutPorts = 1>

State 4 <SV = 3> <Delay = 1.42>
ST_4 : Operation 97 [34/36] (1.42ns)   --->   "%sdiv_ln39 = sdiv i32 %vla13_load, i32 %place_1_read" [../../Code/radix/radix.c:39]   --->   Operation 97 'sdiv' 'sdiv_ln39' <Predicate = true> <Delay = 1.42> <CoreInst = "Divider">   --->   Core 6 'Divider' <Latency = 35> <II = 1> <Delay = 1.42> <FuncUnit> <Opcode : 'sdiv' 'srem' 'udiv' 'urem'> <InPorts = 2> <OutPorts = 1>

State 5 <SV = 4> <Delay = 1.42>
ST_5 : Operation 98 [33/36] (1.42ns)   --->   "%sdiv_ln39 = sdiv i32 %vla13_load, i32 %place_1_read" [../../Code/radix/radix.c:39]   --->   Operation 98 'sdiv' 'sdiv_ln39' <Predicate = true> <Delay = 1.42> <CoreInst = "Divider">   --->   Core 6 'Divider' <Latency = 35> <II = 1> <Delay = 1.42> <FuncUnit> <Opcode : 'sdiv' 'srem' 'udiv' 'urem'> <InPorts = 2> <OutPorts = 1>

State 6 <SV = 5> <Delay = 1.42>
ST_6 : Operation 99 [32/36] (1.42ns)   --->   "%sdiv_ln39 = sdiv i32 %vla13_load, i32 %place_1_read" [../../Code/radix/radix.c:39]   --->   Operation 99 'sdiv' 'sdiv_ln39' <Predicate = true> <Delay = 1.42> <CoreInst = "Divider">   --->   Core 6 'Divider' <Latency = 35> <II = 1> <Delay = 1.42> <FuncUnit> <Opcode : 'sdiv' 'srem' 'udiv' 'urem'> <InPorts = 2> <OutPorts = 1>

State 7 <SV = 6> <Delay = 1.42>
ST_7 : Operation 100 [31/36] (1.42ns)   --->   "%sdiv_ln39 = sdiv i32 %vla13_load, i32 %place_1_read" [../../Code/radix/radix.c:39]   --->   Operation 100 'sdiv' 'sdiv_ln39' <Predicate = true> <Delay = 1.42> <CoreInst = "Divider">   --->   Core 6 'Divider' <Latency = 35> <II = 1> <Delay = 1.42> <FuncUnit> <Opcode : 'sdiv' 'srem' 'udiv' 'urem'> <InPorts = 2> <OutPorts = 1>

State 8 <SV = 7> <Delay = 1.42>
ST_8 : Operation 101 [30/36] (1.42ns)   --->   "%sdiv_ln39 = sdiv i32 %vla13_load, i32 %place_1_read" [../../Code/radix/radix.c:39]   --->   Operation 101 'sdiv' 'sdiv_ln39' <Predicate = true> <Delay = 1.42> <CoreInst = "Divider">   --->   Core 6 'Divider' <Latency = 35> <II = 1> <Delay = 1.42> <FuncUnit> <Opcode : 'sdiv' 'srem' 'udiv' 'urem'> <InPorts = 2> <OutPorts = 1>

State 9 <SV = 8> <Delay = 1.42>
ST_9 : Operation 102 [29/36] (1.42ns)   --->   "%sdiv_ln39 = sdiv i32 %vla13_load, i32 %place_1_read" [../../Code/radix/radix.c:39]   --->   Operation 102 'sdiv' 'sdiv_ln39' <Predicate = true> <Delay = 1.42> <CoreInst = "Divider">   --->   Core 6 'Divider' <Latency = 35> <II = 1> <Delay = 1.42> <FuncUnit> <Opcode : 'sdiv' 'srem' 'udiv' 'urem'> <InPorts = 2> <OutPorts = 1>

State 10 <SV = 9> <Delay = 1.42>
ST_10 : Operation 103 [28/36] (1.42ns)   --->   "%sdiv_ln39 = sdiv i32 %vla13_load, i32 %place_1_read" [../../Code/radix/radix.c:39]   --->   Operation 103 'sdiv' 'sdiv_ln39' <Predicate = true> <Delay = 1.42> <CoreInst = "Divider">   --->   Core 6 'Divider' <Latency = 35> <II = 1> <Delay = 1.42> <FuncUnit> <Opcode : 'sdiv' 'srem' 'udiv' 'urem'> <InPorts = 2> <OutPorts = 1>

State 11 <SV = 10> <Delay = 1.42>
ST_11 : Operation 104 [27/36] (1.42ns)   --->   "%sdiv_ln39 = sdiv i32 %vla13_load, i32 %place_1_read" [../../Code/radix/radix.c:39]   --->   Operation 104 'sdiv' 'sdiv_ln39' <Predicate = true> <Delay = 1.42> <CoreInst = "Divider">   --->   Core 6 'Divider' <Latency = 35> <II = 1> <Delay = 1.42> <FuncUnit> <Opcode : 'sdiv' 'srem' 'udiv' 'urem'> <InPorts = 2> <OutPorts = 1>

State 12 <SV = 11> <Delay = 1.42>
ST_12 : Operation 105 [26/36] (1.42ns)   --->   "%sdiv_ln39 = sdiv i32 %vla13_load, i32 %place_1_read" [../../Code/radix/radix.c:39]   --->   Operation 105 'sdiv' 'sdiv_ln39' <Predicate = true> <Delay = 1.42> <CoreInst = "Divider">   --->   Core 6 'Divider' <Latency = 35> <II = 1> <Delay = 1.42> <FuncUnit> <Opcode : 'sdiv' 'srem' 'udiv' 'urem'> <InPorts = 2> <OutPorts = 1>

State 13 <SV = 12> <Delay = 1.42>
ST_13 : Operation 106 [25/36] (1.42ns)   --->   "%sdiv_ln39 = sdiv i32 %vla13_load, i32 %place_1_read" [../../Code/radix/radix.c:39]   --->   Operation 106 'sdiv' 'sdiv_ln39' <Predicate = true> <Delay = 1.42> <CoreInst = "Divider">   --->   Core 6 'Divider' <Latency = 35> <II = 1> <Delay = 1.42> <FuncUnit> <Opcode : 'sdiv' 'srem' 'udiv' 'urem'> <InPorts = 2> <OutPorts = 1>

State 14 <SV = 13> <Delay = 1.42>
ST_14 : Operation 107 [24/36] (1.42ns)   --->   "%sdiv_ln39 = sdiv i32 %vla13_load, i32 %place_1_read" [../../Code/radix/radix.c:39]   --->   Operation 107 'sdiv' 'sdiv_ln39' <Predicate = true> <Delay = 1.42> <CoreInst = "Divider">   --->   Core 6 'Divider' <Latency = 35> <II = 1> <Delay = 1.42> <FuncUnit> <Opcode : 'sdiv' 'srem' 'udiv' 'urem'> <InPorts = 2> <OutPorts = 1>

State 15 <SV = 14> <Delay = 1.42>
ST_15 : Operation 108 [23/36] (1.42ns)   --->   "%sdiv_ln39 = sdiv i32 %vla13_load, i32 %place_1_read" [../../Code/radix/radix.c:39]   --->   Operation 108 'sdiv' 'sdiv_ln39' <Predicate = true> <Delay = 1.42> <CoreInst = "Divider">   --->   Core 6 'Divider' <Latency = 35> <II = 1> <Delay = 1.42> <FuncUnit> <Opcode : 'sdiv' 'srem' 'udiv' 'urem'> <InPorts = 2> <OutPorts = 1>

State 16 <SV = 15> <Delay = 1.42>
ST_16 : Operation 109 [22/36] (1.42ns)   --->   "%sdiv_ln39 = sdiv i32 %vla13_load, i32 %place_1_read" [../../Code/radix/radix.c:39]   --->   Operation 109 'sdiv' 'sdiv_ln39' <Predicate = true> <Delay = 1.42> <CoreInst = "Divider">   --->   Core 6 'Divider' <Latency = 35> <II = 1> <Delay = 1.42> <FuncUnit> <Opcode : 'sdiv' 'srem' 'udiv' 'urem'> <InPorts = 2> <OutPorts = 1>

State 17 <SV = 16> <Delay = 1.42>
ST_17 : Operation 110 [21/36] (1.42ns)   --->   "%sdiv_ln39 = sdiv i32 %vla13_load, i32 %place_1_read" [../../Code/radix/radix.c:39]   --->   Operation 110 'sdiv' 'sdiv_ln39' <Predicate = true> <Delay = 1.42> <CoreInst = "Divider">   --->   Core 6 'Divider' <Latency = 35> <II = 1> <Delay = 1.42> <FuncUnit> <Opcode : 'sdiv' 'srem' 'udiv' 'urem'> <InPorts = 2> <OutPorts = 1>

State 18 <SV = 17> <Delay = 1.42>
ST_18 : Operation 111 [20/36] (1.42ns)   --->   "%sdiv_ln39 = sdiv i32 %vla13_load, i32 %place_1_read" [../../Code/radix/radix.c:39]   --->   Operation 111 'sdiv' 'sdiv_ln39' <Predicate = true> <Delay = 1.42> <CoreInst = "Divider">   --->   Core 6 'Divider' <Latency = 35> <II = 1> <Delay = 1.42> <FuncUnit> <Opcode : 'sdiv' 'srem' 'udiv' 'urem'> <InPorts = 2> <OutPorts = 1>

State 19 <SV = 18> <Delay = 1.42>
ST_19 : Operation 112 [19/36] (1.42ns)   --->   "%sdiv_ln39 = sdiv i32 %vla13_load, i32 %place_1_read" [../../Code/radix/radix.c:39]   --->   Operation 112 'sdiv' 'sdiv_ln39' <Predicate = true> <Delay = 1.42> <CoreInst = "Divider">   --->   Core 6 'Divider' <Latency = 35> <II = 1> <Delay = 1.42> <FuncUnit> <Opcode : 'sdiv' 'srem' 'udiv' 'urem'> <InPorts = 2> <OutPorts = 1>

State 20 <SV = 19> <Delay = 1.42>
ST_20 : Operation 113 [18/36] (1.42ns)   --->   "%sdiv_ln39 = sdiv i32 %vla13_load, i32 %place_1_read" [../../Code/radix/radix.c:39]   --->   Operation 113 'sdiv' 'sdiv_ln39' <Predicate = true> <Delay = 1.42> <CoreInst = "Divider">   --->   Core 6 'Divider' <Latency = 35> <II = 1> <Delay = 1.42> <FuncUnit> <Opcode : 'sdiv' 'srem' 'udiv' 'urem'> <InPorts = 2> <OutPorts = 1>

State 21 <SV = 20> <Delay = 1.42>
ST_21 : Operation 114 [17/36] (1.42ns)   --->   "%sdiv_ln39 = sdiv i32 %vla13_load, i32 %place_1_read" [../../Code/radix/radix.c:39]   --->   Operation 114 'sdiv' 'sdiv_ln39' <Predicate = true> <Delay = 1.42> <CoreInst = "Divider">   --->   Core 6 'Divider' <Latency = 35> <II = 1> <Delay = 1.42> <FuncUnit> <Opcode : 'sdiv' 'srem' 'udiv' 'urem'> <InPorts = 2> <OutPorts = 1>

State 22 <SV = 21> <Delay = 1.42>
ST_22 : Operation 115 [16/36] (1.42ns)   --->   "%sdiv_ln39 = sdiv i32 %vla13_load, i32 %place_1_read" [../../Code/radix/radix.c:39]   --->   Operation 115 'sdiv' 'sdiv_ln39' <Predicate = true> <Delay = 1.42> <CoreInst = "Divider">   --->   Core 6 'Divider' <Latency = 35> <II = 1> <Delay = 1.42> <FuncUnit> <Opcode : 'sdiv' 'srem' 'udiv' 'urem'> <InPorts = 2> <OutPorts = 1>

State 23 <SV = 22> <Delay = 1.42>
ST_23 : Operation 116 [15/36] (1.42ns)   --->   "%sdiv_ln39 = sdiv i32 %vla13_load, i32 %place_1_read" [../../Code/radix/radix.c:39]   --->   Operation 116 'sdiv' 'sdiv_ln39' <Predicate = true> <Delay = 1.42> <CoreInst = "Divider">   --->   Core 6 'Divider' <Latency = 35> <II = 1> <Delay = 1.42> <FuncUnit> <Opcode : 'sdiv' 'srem' 'udiv' 'urem'> <InPorts = 2> <OutPorts = 1>

State 24 <SV = 23> <Delay = 1.42>
ST_24 : Operation 117 [14/36] (1.42ns)   --->   "%sdiv_ln39 = sdiv i32 %vla13_load, i32 %place_1_read" [../../Code/radix/radix.c:39]   --->   Operation 117 'sdiv' 'sdiv_ln39' <Predicate = true> <Delay = 1.42> <CoreInst = "Divider">   --->   Core 6 'Divider' <Latency = 35> <II = 1> <Delay = 1.42> <FuncUnit> <Opcode : 'sdiv' 'srem' 'udiv' 'urem'> <InPorts = 2> <OutPorts = 1>

State 25 <SV = 24> <Delay = 1.42>
ST_25 : Operation 118 [13/36] (1.42ns)   --->   "%sdiv_ln39 = sdiv i32 %vla13_load, i32 %place_1_read" [../../Code/radix/radix.c:39]   --->   Operation 118 'sdiv' 'sdiv_ln39' <Predicate = true> <Delay = 1.42> <CoreInst = "Divider">   --->   Core 6 'Divider' <Latency = 35> <II = 1> <Delay = 1.42> <FuncUnit> <Opcode : 'sdiv' 'srem' 'udiv' 'urem'> <InPorts = 2> <OutPorts = 1>

State 26 <SV = 25> <Delay = 1.42>
ST_26 : Operation 119 [12/36] (1.42ns)   --->   "%sdiv_ln39 = sdiv i32 %vla13_load, i32 %place_1_read" [../../Code/radix/radix.c:39]   --->   Operation 119 'sdiv' 'sdiv_ln39' <Predicate = true> <Delay = 1.42> <CoreInst = "Divider">   --->   Core 6 'Divider' <Latency = 35> <II = 1> <Delay = 1.42> <FuncUnit> <Opcode : 'sdiv' 'srem' 'udiv' 'urem'> <InPorts = 2> <OutPorts = 1>

State 27 <SV = 26> <Delay = 1.42>
ST_27 : Operation 120 [11/36] (1.42ns)   --->   "%sdiv_ln39 = sdiv i32 %vla13_load, i32 %place_1_read" [../../Code/radix/radix.c:39]   --->   Operation 120 'sdiv' 'sdiv_ln39' <Predicate = true> <Delay = 1.42> <CoreInst = "Divider">   --->   Core 6 'Divider' <Latency = 35> <II = 1> <Delay = 1.42> <FuncUnit> <Opcode : 'sdiv' 'srem' 'udiv' 'urem'> <InPorts = 2> <OutPorts = 1>

State 28 <SV = 27> <Delay = 1.42>
ST_28 : Operation 121 [10/36] (1.42ns)   --->   "%sdiv_ln39 = sdiv i32 %vla13_load, i32 %place_1_read" [../../Code/radix/radix.c:39]   --->   Operation 121 'sdiv' 'sdiv_ln39' <Predicate = true> <Delay = 1.42> <CoreInst = "Divider">   --->   Core 6 'Divider' <Latency = 35> <II = 1> <Delay = 1.42> <FuncUnit> <Opcode : 'sdiv' 'srem' 'udiv' 'urem'> <InPorts = 2> <OutPorts = 1>

State 29 <SV = 28> <Delay = 1.42>
ST_29 : Operation 122 [9/36] (1.42ns)   --->   "%sdiv_ln39 = sdiv i32 %vla13_load, i32 %place_1_read" [../../Code/radix/radix.c:39]   --->   Operation 122 'sdiv' 'sdiv_ln39' <Predicate = true> <Delay = 1.42> <CoreInst = "Divider">   --->   Core 6 'Divider' <Latency = 35> <II = 1> <Delay = 1.42> <FuncUnit> <Opcode : 'sdiv' 'srem' 'udiv' 'urem'> <InPorts = 2> <OutPorts = 1>

State 30 <SV = 29> <Delay = 1.42>
ST_30 : Operation 123 [8/36] (1.42ns)   --->   "%sdiv_ln39 = sdiv i32 %vla13_load, i32 %place_1_read" [../../Code/radix/radix.c:39]   --->   Operation 123 'sdiv' 'sdiv_ln39' <Predicate = true> <Delay = 1.42> <CoreInst = "Divider">   --->   Core 6 'Divider' <Latency = 35> <II = 1> <Delay = 1.42> <FuncUnit> <Opcode : 'sdiv' 'srem' 'udiv' 'urem'> <InPorts = 2> <OutPorts = 1>

State 31 <SV = 30> <Delay = 1.42>
ST_31 : Operation 124 [7/36] (1.42ns)   --->   "%sdiv_ln39 = sdiv i32 %vla13_load, i32 %place_1_read" [../../Code/radix/radix.c:39]   --->   Operation 124 'sdiv' 'sdiv_ln39' <Predicate = true> <Delay = 1.42> <CoreInst = "Divider">   --->   Core 6 'Divider' <Latency = 35> <II = 1> <Delay = 1.42> <FuncUnit> <Opcode : 'sdiv' 'srem' 'udiv' 'urem'> <InPorts = 2> <OutPorts = 1>

State 32 <SV = 31> <Delay = 1.42>
ST_32 : Operation 125 [6/36] (1.42ns)   --->   "%sdiv_ln39 = sdiv i32 %vla13_load, i32 %place_1_read" [../../Code/radix/radix.c:39]   --->   Operation 125 'sdiv' 'sdiv_ln39' <Predicate = true> <Delay = 1.42> <CoreInst = "Divider">   --->   Core 6 'Divider' <Latency = 35> <II = 1> <Delay = 1.42> <FuncUnit> <Opcode : 'sdiv' 'srem' 'udiv' 'urem'> <InPorts = 2> <OutPorts = 1>

State 33 <SV = 32> <Delay = 1.42>
ST_33 : Operation 126 [5/36] (1.42ns)   --->   "%sdiv_ln39 = sdiv i32 %vla13_load, i32 %place_1_read" [../../Code/radix/radix.c:39]   --->   Operation 126 'sdiv' 'sdiv_ln39' <Predicate = true> <Delay = 1.42> <CoreInst = "Divider">   --->   Core 6 'Divider' <Latency = 35> <II = 1> <Delay = 1.42> <FuncUnit> <Opcode : 'sdiv' 'srem' 'udiv' 'urem'> <InPorts = 2> <OutPorts = 1>

State 34 <SV = 33> <Delay = 1.42>
ST_34 : Operation 127 [4/36] (1.42ns)   --->   "%sdiv_ln39 = sdiv i32 %vla13_load, i32 %place_1_read" [../../Code/radix/radix.c:39]   --->   Operation 127 'sdiv' 'sdiv_ln39' <Predicate = true> <Delay = 1.42> <CoreInst = "Divider">   --->   Core 6 'Divider' <Latency = 35> <II = 1> <Delay = 1.42> <FuncUnit> <Opcode : 'sdiv' 'srem' 'udiv' 'urem'> <InPorts = 2> <OutPorts = 1>

State 35 <SV = 34> <Delay = 1.42>
ST_35 : Operation 128 [3/36] (1.42ns)   --->   "%sdiv_ln39 = sdiv i32 %vla13_load, i32 %place_1_read" [../../Code/radix/radix.c:39]   --->   Operation 128 'sdiv' 'sdiv_ln39' <Predicate = true> <Delay = 1.42> <CoreInst = "Divider">   --->   Core 6 'Divider' <Latency = 35> <II = 1> <Delay = 1.42> <FuncUnit> <Opcode : 'sdiv' 'srem' 'udiv' 'urem'> <InPorts = 2> <OutPorts = 1>

State 36 <SV = 35> <Delay = 1.42>
ST_36 : Operation 129 [2/36] (1.42ns)   --->   "%sdiv_ln39 = sdiv i32 %vla13_load, i32 %place_1_read" [../../Code/radix/radix.c:39]   --->   Operation 129 'sdiv' 'sdiv_ln39' <Predicate = true> <Delay = 1.42> <CoreInst = "Divider">   --->   Core 6 'Divider' <Latency = 35> <II = 1> <Delay = 1.42> <FuncUnit> <Opcode : 'sdiv' 'srem' 'udiv' 'urem'> <InPorts = 2> <OutPorts = 1>

State 37 <SV = 36> <Delay = 2.84>
ST_37 : Operation 130 [1/36] (1.42ns)   --->   "%sdiv_ln39 = sdiv i32 %vla13_load, i32 %place_1_read" [../../Code/radix/radix.c:39]   --->   Operation 130 'sdiv' 'sdiv_ln39' <Predicate = true> <Delay = 1.42> <CoreInst = "Divider">   --->   Core 6 'Divider' <Latency = 35> <II = 1> <Delay = 1.42> <FuncUnit> <Opcode : 'sdiv' 'srem' 'udiv' 'urem'> <InPorts = 2> <OutPorts = 1>
ST_37 : Operation 131 [36/36] (1.42ns)   --->   "%srem_ln39 = srem i32 %sdiv_ln39, i32 10" [../../Code/radix/radix.c:39]   --->   Operation 131 'srem' 'srem_ln39' <Predicate = true> <Delay = 1.42> <CoreInst = "Divider">   --->   Core 6 'Divider' <Latency = 35> <II = 1> <Delay = 1.42> <FuncUnit> <Opcode : 'sdiv' 'srem' 'udiv' 'urem'> <InPorts = 2> <OutPorts = 1>

State 38 <SV = 37> <Delay = 1.42>
ST_38 : Operation 132 [35/36] (1.42ns)   --->   "%srem_ln39 = srem i32 %sdiv_ln39, i32 10" [../../Code/radix/radix.c:39]   --->   Operation 132 'srem' 'srem_ln39' <Predicate = true> <Delay = 1.42> <CoreInst = "Divider">   --->   Core 6 'Divider' <Latency = 35> <II = 1> <Delay = 1.42> <FuncUnit> <Opcode : 'sdiv' 'srem' 'udiv' 'urem'> <InPorts = 2> <OutPorts = 1>

State 39 <SV = 38> <Delay = 1.42>
ST_39 : Operation 133 [34/36] (1.42ns)   --->   "%srem_ln39 = srem i32 %sdiv_ln39, i32 10" [../../Code/radix/radix.c:39]   --->   Operation 133 'srem' 'srem_ln39' <Predicate = true> <Delay = 1.42> <CoreInst = "Divider">   --->   Core 6 'Divider' <Latency = 35> <II = 1> <Delay = 1.42> <FuncUnit> <Opcode : 'sdiv' 'srem' 'udiv' 'urem'> <InPorts = 2> <OutPorts = 1>

State 40 <SV = 39> <Delay = 1.42>
ST_40 : Operation 134 [33/36] (1.42ns)   --->   "%srem_ln39 = srem i32 %sdiv_ln39, i32 10" [../../Code/radix/radix.c:39]   --->   Operation 134 'srem' 'srem_ln39' <Predicate = true> <Delay = 1.42> <CoreInst = "Divider">   --->   Core 6 'Divider' <Latency = 35> <II = 1> <Delay = 1.42> <FuncUnit> <Opcode : 'sdiv' 'srem' 'udiv' 'urem'> <InPorts = 2> <OutPorts = 1>

State 41 <SV = 40> <Delay = 1.42>
ST_41 : Operation 135 [32/36] (1.42ns)   --->   "%srem_ln39 = srem i32 %sdiv_ln39, i32 10" [../../Code/radix/radix.c:39]   --->   Operation 135 'srem' 'srem_ln39' <Predicate = true> <Delay = 1.42> <CoreInst = "Divider">   --->   Core 6 'Divider' <Latency = 35> <II = 1> <Delay = 1.42> <FuncUnit> <Opcode : 'sdiv' 'srem' 'udiv' 'urem'> <InPorts = 2> <OutPorts = 1>

State 42 <SV = 41> <Delay = 1.42>
ST_42 : Operation 136 [31/36] (1.42ns)   --->   "%srem_ln39 = srem i32 %sdiv_ln39, i32 10" [../../Code/radix/radix.c:39]   --->   Operation 136 'srem' 'srem_ln39' <Predicate = true> <Delay = 1.42> <CoreInst = "Divider">   --->   Core 6 'Divider' <Latency = 35> <II = 1> <Delay = 1.42> <FuncUnit> <Opcode : 'sdiv' 'srem' 'udiv' 'urem'> <InPorts = 2> <OutPorts = 1>

State 43 <SV = 42> <Delay = 1.42>
ST_43 : Operation 137 [30/36] (1.42ns)   --->   "%srem_ln39 = srem i32 %sdiv_ln39, i32 10" [../../Code/radix/radix.c:39]   --->   Operation 137 'srem' 'srem_ln39' <Predicate = true> <Delay = 1.42> <CoreInst = "Divider">   --->   Core 6 'Divider' <Latency = 35> <II = 1> <Delay = 1.42> <FuncUnit> <Opcode : 'sdiv' 'srem' 'udiv' 'urem'> <InPorts = 2> <OutPorts = 1>

State 44 <SV = 43> <Delay = 1.42>
ST_44 : Operation 138 [29/36] (1.42ns)   --->   "%srem_ln39 = srem i32 %sdiv_ln39, i32 10" [../../Code/radix/radix.c:39]   --->   Operation 138 'srem' 'srem_ln39' <Predicate = true> <Delay = 1.42> <CoreInst = "Divider">   --->   Core 6 'Divider' <Latency = 35> <II = 1> <Delay = 1.42> <FuncUnit> <Opcode : 'sdiv' 'srem' 'udiv' 'urem'> <InPorts = 2> <OutPorts = 1>

State 45 <SV = 44> <Delay = 1.42>
ST_45 : Operation 139 [28/36] (1.42ns)   --->   "%srem_ln39 = srem i32 %sdiv_ln39, i32 10" [../../Code/radix/radix.c:39]   --->   Operation 139 'srem' 'srem_ln39' <Predicate = true> <Delay = 1.42> <CoreInst = "Divider">   --->   Core 6 'Divider' <Latency = 35> <II = 1> <Delay = 1.42> <FuncUnit> <Opcode : 'sdiv' 'srem' 'udiv' 'urem'> <InPorts = 2> <OutPorts = 1>

State 46 <SV = 45> <Delay = 1.42>
ST_46 : Operation 140 [27/36] (1.42ns)   --->   "%srem_ln39 = srem i32 %sdiv_ln39, i32 10" [../../Code/radix/radix.c:39]   --->   Operation 140 'srem' 'srem_ln39' <Predicate = true> <Delay = 1.42> <CoreInst = "Divider">   --->   Core 6 'Divider' <Latency = 35> <II = 1> <Delay = 1.42> <FuncUnit> <Opcode : 'sdiv' 'srem' 'udiv' 'urem'> <InPorts = 2> <OutPorts = 1>

State 47 <SV = 46> <Delay = 1.42>
ST_47 : Operation 141 [26/36] (1.42ns)   --->   "%srem_ln39 = srem i32 %sdiv_ln39, i32 10" [../../Code/radix/radix.c:39]   --->   Operation 141 'srem' 'srem_ln39' <Predicate = true> <Delay = 1.42> <CoreInst = "Divider">   --->   Core 6 'Divider' <Latency = 35> <II = 1> <Delay = 1.42> <FuncUnit> <Opcode : 'sdiv' 'srem' 'udiv' 'urem'> <InPorts = 2> <OutPorts = 1>

State 48 <SV = 47> <Delay = 1.42>
ST_48 : Operation 142 [25/36] (1.42ns)   --->   "%srem_ln39 = srem i32 %sdiv_ln39, i32 10" [../../Code/radix/radix.c:39]   --->   Operation 142 'srem' 'srem_ln39' <Predicate = true> <Delay = 1.42> <CoreInst = "Divider">   --->   Core 6 'Divider' <Latency = 35> <II = 1> <Delay = 1.42> <FuncUnit> <Opcode : 'sdiv' 'srem' 'udiv' 'urem'> <InPorts = 2> <OutPorts = 1>

State 49 <SV = 48> <Delay = 1.42>
ST_49 : Operation 143 [24/36] (1.42ns)   --->   "%srem_ln39 = srem i32 %sdiv_ln39, i32 10" [../../Code/radix/radix.c:39]   --->   Operation 143 'srem' 'srem_ln39' <Predicate = true> <Delay = 1.42> <CoreInst = "Divider">   --->   Core 6 'Divider' <Latency = 35> <II = 1> <Delay = 1.42> <FuncUnit> <Opcode : 'sdiv' 'srem' 'udiv' 'urem'> <InPorts = 2> <OutPorts = 1>

State 50 <SV = 49> <Delay = 1.42>
ST_50 : Operation 144 [23/36] (1.42ns)   --->   "%srem_ln39 = srem i32 %sdiv_ln39, i32 10" [../../Code/radix/radix.c:39]   --->   Operation 144 'srem' 'srem_ln39' <Predicate = true> <Delay = 1.42> <CoreInst = "Divider">   --->   Core 6 'Divider' <Latency = 35> <II = 1> <Delay = 1.42> <FuncUnit> <Opcode : 'sdiv' 'srem' 'udiv' 'urem'> <InPorts = 2> <OutPorts = 1>

State 51 <SV = 50> <Delay = 1.42>
ST_51 : Operation 145 [22/36] (1.42ns)   --->   "%srem_ln39 = srem i32 %sdiv_ln39, i32 10" [../../Code/radix/radix.c:39]   --->   Operation 145 'srem' 'srem_ln39' <Predicate = true> <Delay = 1.42> <CoreInst = "Divider">   --->   Core 6 'Divider' <Latency = 35> <II = 1> <Delay = 1.42> <FuncUnit> <Opcode : 'sdiv' 'srem' 'udiv' 'urem'> <InPorts = 2> <OutPorts = 1>

State 52 <SV = 51> <Delay = 1.42>
ST_52 : Operation 146 [21/36] (1.42ns)   --->   "%srem_ln39 = srem i32 %sdiv_ln39, i32 10" [../../Code/radix/radix.c:39]   --->   Operation 146 'srem' 'srem_ln39' <Predicate = true> <Delay = 1.42> <CoreInst = "Divider">   --->   Core 6 'Divider' <Latency = 35> <II = 1> <Delay = 1.42> <FuncUnit> <Opcode : 'sdiv' 'srem' 'udiv' 'urem'> <InPorts = 2> <OutPorts = 1>

State 53 <SV = 52> <Delay = 1.42>
ST_53 : Operation 147 [20/36] (1.42ns)   --->   "%srem_ln39 = srem i32 %sdiv_ln39, i32 10" [../../Code/radix/radix.c:39]   --->   Operation 147 'srem' 'srem_ln39' <Predicate = true> <Delay = 1.42> <CoreInst = "Divider">   --->   Core 6 'Divider' <Latency = 35> <II = 1> <Delay = 1.42> <FuncUnit> <Opcode : 'sdiv' 'srem' 'udiv' 'urem'> <InPorts = 2> <OutPorts = 1>

State 54 <SV = 53> <Delay = 1.42>
ST_54 : Operation 148 [19/36] (1.42ns)   --->   "%srem_ln39 = srem i32 %sdiv_ln39, i32 10" [../../Code/radix/radix.c:39]   --->   Operation 148 'srem' 'srem_ln39' <Predicate = true> <Delay = 1.42> <CoreInst = "Divider">   --->   Core 6 'Divider' <Latency = 35> <II = 1> <Delay = 1.42> <FuncUnit> <Opcode : 'sdiv' 'srem' 'udiv' 'urem'> <InPorts = 2> <OutPorts = 1>

State 55 <SV = 54> <Delay = 1.42>
ST_55 : Operation 149 [18/36] (1.42ns)   --->   "%srem_ln39 = srem i32 %sdiv_ln39, i32 10" [../../Code/radix/radix.c:39]   --->   Operation 149 'srem' 'srem_ln39' <Predicate = true> <Delay = 1.42> <CoreInst = "Divider">   --->   Core 6 'Divider' <Latency = 35> <II = 1> <Delay = 1.42> <FuncUnit> <Opcode : 'sdiv' 'srem' 'udiv' 'urem'> <InPorts = 2> <OutPorts = 1>

State 56 <SV = 55> <Delay = 1.42>
ST_56 : Operation 150 [17/36] (1.42ns)   --->   "%srem_ln39 = srem i32 %sdiv_ln39, i32 10" [../../Code/radix/radix.c:39]   --->   Operation 150 'srem' 'srem_ln39' <Predicate = true> <Delay = 1.42> <CoreInst = "Divider">   --->   Core 6 'Divider' <Latency = 35> <II = 1> <Delay = 1.42> <FuncUnit> <Opcode : 'sdiv' 'srem' 'udiv' 'urem'> <InPorts = 2> <OutPorts = 1>

State 57 <SV = 56> <Delay = 1.42>
ST_57 : Operation 151 [16/36] (1.42ns)   --->   "%srem_ln39 = srem i32 %sdiv_ln39, i32 10" [../../Code/radix/radix.c:39]   --->   Operation 151 'srem' 'srem_ln39' <Predicate = true> <Delay = 1.42> <CoreInst = "Divider">   --->   Core 6 'Divider' <Latency = 35> <II = 1> <Delay = 1.42> <FuncUnit> <Opcode : 'sdiv' 'srem' 'udiv' 'urem'> <InPorts = 2> <OutPorts = 1>

State 58 <SV = 57> <Delay = 1.42>
ST_58 : Operation 152 [15/36] (1.42ns)   --->   "%srem_ln39 = srem i32 %sdiv_ln39, i32 10" [../../Code/radix/radix.c:39]   --->   Operation 152 'srem' 'srem_ln39' <Predicate = true> <Delay = 1.42> <CoreInst = "Divider">   --->   Core 6 'Divider' <Latency = 35> <II = 1> <Delay = 1.42> <FuncUnit> <Opcode : 'sdiv' 'srem' 'udiv' 'urem'> <InPorts = 2> <OutPorts = 1>

State 59 <SV = 58> <Delay = 1.42>
ST_59 : Operation 153 [14/36] (1.42ns)   --->   "%srem_ln39 = srem i32 %sdiv_ln39, i32 10" [../../Code/radix/radix.c:39]   --->   Operation 153 'srem' 'srem_ln39' <Predicate = true> <Delay = 1.42> <CoreInst = "Divider">   --->   Core 6 'Divider' <Latency = 35> <II = 1> <Delay = 1.42> <FuncUnit> <Opcode : 'sdiv' 'srem' 'udiv' 'urem'> <InPorts = 2> <OutPorts = 1>

State 60 <SV = 59> <Delay = 1.42>
ST_60 : Operation 154 [13/36] (1.42ns)   --->   "%srem_ln39 = srem i32 %sdiv_ln39, i32 10" [../../Code/radix/radix.c:39]   --->   Operation 154 'srem' 'srem_ln39' <Predicate = true> <Delay = 1.42> <CoreInst = "Divider">   --->   Core 6 'Divider' <Latency = 35> <II = 1> <Delay = 1.42> <FuncUnit> <Opcode : 'sdiv' 'srem' 'udiv' 'urem'> <InPorts = 2> <OutPorts = 1>

State 61 <SV = 60> <Delay = 1.42>
ST_61 : Operation 155 [12/36] (1.42ns)   --->   "%srem_ln39 = srem i32 %sdiv_ln39, i32 10" [../../Code/radix/radix.c:39]   --->   Operation 155 'srem' 'srem_ln39' <Predicate = true> <Delay = 1.42> <CoreInst = "Divider">   --->   Core 6 'Divider' <Latency = 35> <II = 1> <Delay = 1.42> <FuncUnit> <Opcode : 'sdiv' 'srem' 'udiv' 'urem'> <InPorts = 2> <OutPorts = 1>

State 62 <SV = 61> <Delay = 1.42>
ST_62 : Operation 156 [11/36] (1.42ns)   --->   "%srem_ln39 = srem i32 %sdiv_ln39, i32 10" [../../Code/radix/radix.c:39]   --->   Operation 156 'srem' 'srem_ln39' <Predicate = true> <Delay = 1.42> <CoreInst = "Divider">   --->   Core 6 'Divider' <Latency = 35> <II = 1> <Delay = 1.42> <FuncUnit> <Opcode : 'sdiv' 'srem' 'udiv' 'urem'> <InPorts = 2> <OutPorts = 1>

State 63 <SV = 62> <Delay = 1.42>
ST_63 : Operation 157 [10/36] (1.42ns)   --->   "%srem_ln39 = srem i32 %sdiv_ln39, i32 10" [../../Code/radix/radix.c:39]   --->   Operation 157 'srem' 'srem_ln39' <Predicate = true> <Delay = 1.42> <CoreInst = "Divider">   --->   Core 6 'Divider' <Latency = 35> <II = 1> <Delay = 1.42> <FuncUnit> <Opcode : 'sdiv' 'srem' 'udiv' 'urem'> <InPorts = 2> <OutPorts = 1>

State 64 <SV = 63> <Delay = 1.42>
ST_64 : Operation 158 [9/36] (1.42ns)   --->   "%srem_ln39 = srem i32 %sdiv_ln39, i32 10" [../../Code/radix/radix.c:39]   --->   Operation 158 'srem' 'srem_ln39' <Predicate = true> <Delay = 1.42> <CoreInst = "Divider">   --->   Core 6 'Divider' <Latency = 35> <II = 1> <Delay = 1.42> <FuncUnit> <Opcode : 'sdiv' 'srem' 'udiv' 'urem'> <InPorts = 2> <OutPorts = 1>

State 65 <SV = 64> <Delay = 1.42>
ST_65 : Operation 159 [8/36] (1.42ns)   --->   "%srem_ln39 = srem i32 %sdiv_ln39, i32 10" [../../Code/radix/radix.c:39]   --->   Operation 159 'srem' 'srem_ln39' <Predicate = true> <Delay = 1.42> <CoreInst = "Divider">   --->   Core 6 'Divider' <Latency = 35> <II = 1> <Delay = 1.42> <FuncUnit> <Opcode : 'sdiv' 'srem' 'udiv' 'urem'> <InPorts = 2> <OutPorts = 1>

State 66 <SV = 65> <Delay = 1.42>
ST_66 : Operation 160 [7/36] (1.42ns)   --->   "%srem_ln39 = srem i32 %sdiv_ln39, i32 10" [../../Code/radix/radix.c:39]   --->   Operation 160 'srem' 'srem_ln39' <Predicate = true> <Delay = 1.42> <CoreInst = "Divider">   --->   Core 6 'Divider' <Latency = 35> <II = 1> <Delay = 1.42> <FuncUnit> <Opcode : 'sdiv' 'srem' 'udiv' 'urem'> <InPorts = 2> <OutPorts = 1>

State 67 <SV = 66> <Delay = 1.42>
ST_67 : Operation 161 [6/36] (1.42ns)   --->   "%srem_ln39 = srem i32 %sdiv_ln39, i32 10" [../../Code/radix/radix.c:39]   --->   Operation 161 'srem' 'srem_ln39' <Predicate = true> <Delay = 1.42> <CoreInst = "Divider">   --->   Core 6 'Divider' <Latency = 35> <II = 1> <Delay = 1.42> <FuncUnit> <Opcode : 'sdiv' 'srem' 'udiv' 'urem'> <InPorts = 2> <OutPorts = 1>

State 68 <SV = 67> <Delay = 1.42>
ST_68 : Operation 162 [5/36] (1.42ns)   --->   "%srem_ln39 = srem i32 %sdiv_ln39, i32 10" [../../Code/radix/radix.c:39]   --->   Operation 162 'srem' 'srem_ln39' <Predicate = true> <Delay = 1.42> <CoreInst = "Divider">   --->   Core 6 'Divider' <Latency = 35> <II = 1> <Delay = 1.42> <FuncUnit> <Opcode : 'sdiv' 'srem' 'udiv' 'urem'> <InPorts = 2> <OutPorts = 1>

State 69 <SV = 68> <Delay = 1.42>
ST_69 : Operation 163 [4/36] (1.42ns)   --->   "%srem_ln39 = srem i32 %sdiv_ln39, i32 10" [../../Code/radix/radix.c:39]   --->   Operation 163 'srem' 'srem_ln39' <Predicate = true> <Delay = 1.42> <CoreInst = "Divider">   --->   Core 6 'Divider' <Latency = 35> <II = 1> <Delay = 1.42> <FuncUnit> <Opcode : 'sdiv' 'srem' 'udiv' 'urem'> <InPorts = 2> <OutPorts = 1>

State 70 <SV = 69> <Delay = 1.42>
ST_70 : Operation 164 [3/36] (1.42ns)   --->   "%srem_ln39 = srem i32 %sdiv_ln39, i32 10" [../../Code/radix/radix.c:39]   --->   Operation 164 'srem' 'srem_ln39' <Predicate = true> <Delay = 1.42> <CoreInst = "Divider">   --->   Core 6 'Divider' <Latency = 35> <II = 1> <Delay = 1.42> <FuncUnit> <Opcode : 'sdiv' 'srem' 'udiv' 'urem'> <InPorts = 2> <OutPorts = 1>

State 71 <SV = 70> <Delay = 1.42>
ST_71 : Operation 165 [2/36] (1.42ns)   --->   "%srem_ln39 = srem i32 %sdiv_ln39, i32 10" [../../Code/radix/radix.c:39]   --->   Operation 165 'srem' 'srem_ln39' <Predicate = true> <Delay = 1.42> <CoreInst = "Divider">   --->   Core 6 'Divider' <Latency = 35> <II = 1> <Delay = 1.42> <FuncUnit> <Opcode : 'sdiv' 'srem' 'udiv' 'urem'> <InPorts = 2> <OutPorts = 1>

State 72 <SV = 71> <Delay = 2.56>
ST_72 : Operation 166 [1/36] (1.42ns)   --->   "%srem_ln39 = srem i32 %sdiv_ln39, i32 10" [../../Code/radix/radix.c:39]   --->   Operation 166 'srem' 'srem_ln39' <Predicate = true> <Delay = 1.42> <CoreInst = "Divider">   --->   Core 6 'Divider' <Latency = 35> <II = 1> <Delay = 1.42> <FuncUnit> <Opcode : 'sdiv' 'srem' 'udiv' 'urem'> <InPorts = 2> <OutPorts = 1>
ST_72 : Operation 167 [1/1] (0.00ns)   --->   "%trunc_ln39 = trunc i3 %srem_ln39" [../../Code/radix/radix.c:39]   --->   Operation 167 'trunc' 'trunc_ln39' <Predicate = true> <Delay = 0.00>
ST_72 : Operation 168 [1/1] (0.00ns)   --->   "%zext_ln39 = zext i3 %trunc_ln39" [../../Code/radix/radix.c:39]   --->   Operation 168 'zext' 'zext_ln39' <Predicate = true> <Delay = 0.00>
ST_72 : Operation 169 [1/1] (0.00ns)   --->   "%count_addr = getelementptr i32 %count, i64 0, i64 %zext_ln39" [../../Code/radix/radix.c:39]   --->   Operation 169 'getelementptr' 'count_addr' <Predicate = true> <Delay = 0.00>
ST_72 : Operation 170 [1/1] (0.00ns)   --->   "%reuse_addr_reg_load = load i64 %reuse_addr_reg"   --->   Operation 170 'load' 'reuse_addr_reg_load' <Predicate = true> <Delay = 0.00>
ST_72 : Operation 171 [2/2] (0.73ns)   --->   "%count_load = load i3 %count_addr" [../../Code/radix/radix.c:39]   --->   Operation 171 'load' 'count_load' <Predicate = true> <Delay = 0.73> <CoreInst = "RAM">   --->   Core 83 'RAM' <Latency = 1> <II = 1> <Delay = 0.73> <Storage> <Opcode : 'load' 'store'> <Ports = 2> <Width = 32> <Depth = 6> <RAM>
ST_72 : Operation 172 [1/1] (1.14ns)   --->   "%addr_cmp = icmp_eq  i64 %reuse_addr_reg_load, i64 %zext_ln39" [../../Code/radix/radix.c:39]   --->   Operation 172 'icmp' 'addr_cmp' <Predicate = true> <Delay = 1.14> <CoreInst = "Cmp">   --->   Core 9 'Cmp' <Latency = 0> <II = 1> <Delay = 1.14> <FuncUnit> <Opcode : 'icmp'> <InPorts = 2> <OutPorts = 1>
ST_72 : Operation 173 [1/1] (0.46ns)   --->   "%store_ln39 = store i64 %zext_ln39, i64 %reuse_addr_reg" [../../Code/radix/radix.c:39]   --->   Operation 173 'store' 'store_ln39' <Predicate = true> <Delay = 0.46>
ST_72 : Operation 185 [1/1] (0.00ns)   --->   "%ret_ln0 = ret"   --->   Operation 185 'ret' 'ret_ln0' <Predicate = (tmp)> <Delay = 0.00>

State 73 <SV = 72> <Delay = 2.60>
ST_73 : Operation 174 [1/1] (0.00ns)   --->   "%specloopname_ln38 = specloopname void @_ssdm_op_SpecLoopName, void @empty_10" [../../Code/radix/radix.c:38]   --->   Operation 174 'specloopname' 'specloopname_ln38' <Predicate = true> <Delay = 0.00>
ST_73 : Operation 175 [1/1] (0.00ns)   --->   "%reuse_reg_load = load i32 %reuse_reg"   --->   Operation 175 'load' 'reuse_reg_load' <Predicate = (addr_cmp)> <Delay = 0.00>
ST_73 : Operation 176 [1/2] (0.73ns)   --->   "%count_load = load i3 %count_addr" [../../Code/radix/radix.c:39]   --->   Operation 176 'load' 'count_load' <Predicate = true> <Delay = 0.73> <CoreInst = "RAM">   --->   Core 83 'RAM' <Latency = 1> <II = 1> <Delay = 0.73> <Storage> <Opcode : 'load' 'store'> <Ports = 2> <Width = 32> <Depth = 6> <RAM>
ST_73 : Operation 177 [1/1] (0.00ns) (grouped into LUT with out node add_ln39)   --->   "%reuse_select = select i1 %addr_cmp, i32 %reuse_reg_load, i32 %count_load" [../../Code/radix/radix.c:39]   --->   Operation 177 'select' 'reuse_select' <Predicate = true> <Delay = 0.00> <CoreInst = "Sel">   --->   Core 73 'Sel' <Latency = 0> <II = 1> <Delay = 0.28> <FuncUnit> <Opcode : 'select'> <InPorts = 3> <OutPorts = 1>
ST_73 : Operation 178 [1/1] (1.14ns) (out node of the LUT)   --->   "%add_ln39 = add i32 %reuse_select, i32 4294967295" [../../Code/radix/radix.c:39]   --->   Operation 178 'add' 'add_ln39' <Predicate = true> <Delay = 1.14> <CoreInst = "Adder">   --->   Core 1 'Adder' <Latency = 0> <II = 1> <Delay = 1.14> <FuncUnit> <Opcode : 'add' 'sub'> <InPorts = 2> <OutPorts = 1>
ST_73 : Operation 179 [1/1] (0.00ns)   --->   "%zext_ln39_1 = zext i32 %add_ln39" [../../Code/radix/radix.c:39]   --->   Operation 179 'zext' 'zext_ln39_1' <Predicate = true> <Delay = 0.00>
ST_73 : Operation 180 [1/1] (0.00ns)   --->   "%output_addr = getelementptr i32 %output_r, i64 0, i64 %zext_ln39_1" [../../Code/radix/radix.c:39]   --->   Operation 180 'getelementptr' 'output_addr' <Predicate = true> <Delay = 0.00>
ST_73 : Operation 181 [1/1] (0.73ns)   --->   "%store_ln39 = store i32 %vla13_load, i4 %output_addr" [../../Code/radix/radix.c:39]   --->   Operation 181 'store' 'store_ln39' <Predicate = true> <Delay = 0.73> <CoreInst = "RAM">   --->   Core 83 'RAM' <Latency = 1> <II = 1> <Delay = 0.73> <Storage> <Opcode : 'load' 'store'> <Ports = 2> <Width = 32> <Depth = 9> <RAM>
ST_73 : Operation 182 [1/1] (0.73ns)   --->   "%store_ln40 = store i32 %add_ln39, i3 %count_addr" [../../Code/radix/radix.c:40]   --->   Operation 182 'store' 'store_ln40' <Predicate = true> <Delay = 0.73> <CoreInst = "RAM">   --->   Core 83 'RAM' <Latency = 1> <II = 1> <Delay = 0.73> <Storage> <Opcode : 'load' 'store'> <Ports = 2> <Width = 32> <Depth = 6> <RAM>
ST_73 : Operation 183 [1/1] (0.46ns)   --->   "%store_ln39 = store i32 %add_ln39, i32 %reuse_reg" [../../Code/radix/radix.c:39]   --->   Operation 183 'store' 'store_ln39' <Predicate = true> <Delay = 0.46>
ST_73 : Operation 184 [1/1] (0.00ns)   --->   "%br_ln38 = br void %for.inc64.i.i" [../../Code/radix/radix.c:38]   --->   Operation 184 'br' 'br_ln38' <Predicate = true> <Delay = 0.00>


============================================================
+ Verbose Summary: Binding
============================================================
STG Binding: 
---------------- STG Properties BEGIN ----------------
- Is combinational: 0
- Is one-state seq: 0
- Is datapath-only: 0
- Is pipelined: 0
- Is top level: 0
Port [ Return ] is wired: 1; IO mode=ap_ctrl_hs:ce=0
Port [ vla13]:  wired=1; compound=1; hidden=0; nouse=0; global=0; static=0; extern=0; dir=0; type=1; pingpong=0; private_global=0; MemPort=[13]; IO mode=ap_memory:ce=0
Port [ place_1]:  wired=1; compound=0; hidden=0; nouse=0; global=0; static=0; extern=0; dir=0; type=0; pingpong=0; private_global=0; IO mode=ap_none:ce=0
Port [ count]:  wired=1; compound=1; hidden=0; nouse=0; global=0; static=0; extern=0; dir=2; type=1; pingpong=0; private_global=0; MemPort=[01]; IO mode=ap_memory:ce=0
Port [ output_r]:  wired=1; compound=1; hidden=0; nouse=0; global=0; static=0; extern=0; dir=1; type=1; pingpong=0; private_global=0; MemPort=[03]; IO mode=ap_memory:ce=0
---------------- STG Properties END ------------------

---------------- Datapath Model BEGIN ----------------

<LifeTime>
<method=bitvector/>
reuse_addr_reg             (alloca           ) [ 01111111111111111111111111111111111111111111111111111111111111111111111110]
reuse_reg                  (alloca           ) [ 01111111111111111111111111111111111111111111111111111111111111111111111111]
countingSort_counter5      (alloca           ) [ 01000000000000000000000000000000000000000000000000000000000000000000000000]
place_1_read               (read             ) [ 01111111111111111111111111111111111111000000000000000000000000000000000000]
store_ln0                  (store            ) [ 00000000000000000000000000000000000000000000000000000000000000000000000000]
store_ln0                  (store            ) [ 00000000000000000000000000000000000000000000000000000000000000000000000000]
store_ln0                  (store            ) [ 00000000000000000000000000000000000000000000000000000000000000000000000000]
br_ln0                     (br               ) [ 00000000000000000000000000000000000000000000000000000000000000000000000000]
countingSort_counter5_1    (load             ) [ 00000000000000000000000000000000000000000000000000000000000000000000000000]
specpipeline_ln0           (specpipeline     ) [ 00000000000000000000000000000000000000000000000000000000000000000000000000]
tmp                        (bitselect        ) [ 01111111111111111111111111111111111111111111111111111111111111111111111110]
empty                      (speclooptripcount) [ 00000000000000000000000000000000000000000000000000000000000000000000000000]
br_ln38                    (br               ) [ 00000000000000000000000000000000000000000000000000000000000000000000000000]
countingSort_counter5_cast (zext             ) [ 00000000000000000000000000000000000000000000000000000000000000000000000000]
vla13_addr                 (getelementptr    ) [ 01100000000000000000000000000000000000000000000000000000000000000000000000]
add_ln38                   (add              ) [ 00000000000000000000000000000000000000000000000000000000000000000000000000]
store_ln38                 (store            ) [ 00000000000000000000000000000000000000000000000000000000000000000000000000]
vla13_load                 (load             ) [ 01011111111111111111111111111111111111111111111111111111111111111111111111]
sdiv_ln39                  (sdiv             ) [ 01000000000000000000000000000000000000111111111111111111111111111111111110]
srem_ln39                  (srem             ) [ 00000000000000000000000000000000000000000000000000000000000000000000000000]
trunc_ln39                 (trunc            ) [ 00000000000000000000000000000000000000000000000000000000000000000000000000]
zext_ln39                  (zext             ) [ 00000000000000000000000000000000000000000000000000000000000000000000000000]
count_addr                 (getelementptr    ) [ 01000000000000000000000000000000000000000000000000000000000000000000000001]
reuse_addr_reg_load        (load             ) [ 00000000000000000000000000000000000000000000000000000000000000000000000000]
addr_cmp                   (icmp             ) [ 01000000000000000000000000000000000000000000000000000000000000000000000001]
store_ln39                 (store            ) [ 00000000000000000000000000000000000000000000000000000000000000000000000000]
specloopname_ln38          (specloopname     ) [ 00000000000000000000000000000000000000000000000000000000000000000000000000]
reuse_reg_load             (load             ) [ 00000000000000000000000000000000000000000000000000000000000000000000000000]
count_load                 (load             ) [ 00000000000000000000000000000000000000000000000000000000000000000000000000]
reuse_select               (select           ) [ 00000000000000000000000000000000000000000000000000000000000000000000000000]
add_ln39                   (add              ) [ 00000000000000000000000000000000000000000000000000000000000000000000000000]
zext_ln39_1                (zext             ) [ 00000000000000000000000000000000000000000000000000000000000000000000000000]
output_addr                (getelementptr    ) [ 00000000000000000000000000000000000000000000000000000000000000000000000000]
store_ln39                 (store            ) [ 00000000000000000000000000000000000000000000000000000000000000000000000000]
store_ln40                 (store            ) [ 00000000000000000000000000000000000000000000000000000000000000000000000000]
store_ln39                 (store            ) [ 00000000000000000000000000000000000000000000000000000000000000000000000000]
br_ln38                    (br               ) [ 00000000000000000000000000000000000000000000000000000000000000000000000000]
ret_ln0                    (ret              ) [ 00000000000000000000000000000000000000000000000000000000000000000000000000]
</LifeTime>

<model>

<comp_list>
<comp id="0" class="1000" name="vla13">
<pin_list>
<pin id="1" dir="1" index="0" bw="1" slack="0"/>
</pin_list>
<bind>
<StgValue><ssdm name="vla13"/><MemPortTyVec>1 3 </MemPortTyVec>
</StgValue>
</bind>
</comp>

<comp id="2" class="1000" name="place_1">
<pin_list>
<pin id="3" dir="1" index="0" bw="1" slack="0"/>
</pin_list>
<bind>
<StgValue><ssdm name="place_1"/></StgValue>
</bind>
</comp>

<comp id="4" class="1000" name="count">
<pin_list>
<pin id="5" dir="1" index="0" bw="1" slack="0"/>
</pin_list>
<bind>
<StgValue><ssdm name="count"/><MemPortTyVec>0 1 </MemPortTyVec>
</StgValue>
</bind>
</comp>

<comp id="6" class="1000" name="output_r">
<pin_list>
<pin id="7" dir="1" index="0" bw="1" slack="0"/>
</pin_list>
<bind>
<StgValue><ssdm name="output_r"/><MemPortTyVec>0 3 </MemPortTyVec>
</StgValue>
</bind>
</comp>

<comp id="8" class="1001" name="const_8">
<pin_list>
<pin id="9" dir="1" index="0" bw="1" slack="0"/>
</pin_list>
<bind>
<StgValue><ssdm name=""/></StgValue>
</bind>
</comp>

<comp id="10" class="1001" name="const_10">
<pin_list>
<pin id="11" dir="1" index="0" bw="1" slack="0"/>
</pin_list>
<bind>
<StgValue><ssdm name="_ssdm_op_Read.ap_auto.i32"/></StgValue>
</bind>
</comp>

<comp id="12" class="1001" name="const_12">
<pin_list>
<pin id="13" dir="1" index="0" bw="1" slack="0"/>
</pin_list>
<bind>
<StgValue><ssdm name=""/></StgValue>
</bind>
</comp>

<comp id="14" class="1001" name="const_14">
<pin_list>
<pin id="15" dir="1" index="0" bw="1" slack="0"/>
</pin_list>
<bind>
<StgValue><ssdm name=""/></StgValue>
</bind>
</comp>

<comp id="16" class="1001" name="const_16">
<pin_list>
<pin id="17" dir="1" index="0" bw="1" slack="0"/>
</pin_list>
<bind>
<StgValue><ssdm name=""/></StgValue>
</bind>
</comp>

<comp id="18" class="1001" name="const_18">
<pin_list>
<pin id="19" dir="1" index="0" bw="1" slack="2147483647"/>
</pin_list>
<bind>
<StgValue><ssdm name="_ssdm_op_SpecPipeline"/></StgValue>
</bind>
</comp>

<comp id="20" class="1001" name="const_20">
<pin_list>
<pin id="21" dir="1" index="0" bw="1" slack="0"/>
</pin_list>
<bind>
<StgValue><ssdm name=""/></StgValue>
</bind>
</comp>

<comp id="22" class="1001" name="const_22">
<pin_list>
<pin id="23" dir="1" index="0" bw="1" slack="2147483647"/>
</pin_list>
<bind>
<StgValue><ssdm name="p_str"/></StgValue>
</bind>
</comp>

<comp id="24" class="1001" name="const_24">
<pin_list>
<pin id="25" dir="1" index="0" bw="1" slack="0"/>
</pin_list>
<bind>
<StgValue><ssdm name="_ssdm_op_BitSelect.i1.i4.i32"/></StgValue>
</bind>
</comp>

<comp id="26" class="1001" name="const_26">
<pin_list>
<pin id="27" dir="1" index="0" bw="1" slack="0"/>
</pin_list>
<bind>
<StgValue><ssdm name=""/></StgValue>
</bind>
</comp>

<comp id="28" class="1001" name="const_28">
<pin_list>
<pin id="29" dir="1" index="0" bw="1" slack="2147483647"/>
</pin_list>
<bind>
<StgValue><ssdm name="_ssdm_op_SpecLoopTripCount"/></StgValue>
</bind>
</comp>

<comp id="30" class="1001" name="const_30">
<pin_list>
<pin id="31" dir="1" index="0" bw="1" slack="2147483647"/>
</pin_list>
<bind>
<StgValue><ssdm name=""/></StgValue>
</bind>
</comp>

<comp id="32" class="1001" name="const_32">
<pin_list>
<pin id="33" dir="1" index="0" bw="1" slack="0"/>
</pin_list>
<bind>
<StgValue><ssdm name=""/></StgValue>
</bind>
</comp>

<comp id="34" class="1001" name="const_34">
<pin_list>
<pin id="35" dir="1" index="0" bw="1" slack="0"/>
</pin_list>
<bind>
<StgValue><ssdm name=""/></StgValue>
</bind>
</comp>

<comp id="36" class="1001" name="const_36">
<pin_list>
<pin id="37" dir="1" index="0" bw="1" slack="0"/>
</pin_list>
<bind>
<StgValue><ssdm name=""/></StgValue>
</bind>
</comp>

<comp id="38" class="1001" name="const_38">
<pin_list>
<pin id="39" dir="1" index="0" bw="1" slack="2147483647"/>
</pin_list>
<bind>
<StgValue><ssdm name="_ssdm_op_SpecLoopName"/></StgValue>
</bind>
</comp>

<comp id="40" class="1001" name="const_40">
<pin_list>
<pin id="41" dir="1" index="0" bw="1" slack="2147483647"/>
</pin_list>
<bind>
<StgValue><ssdm name="empty_10"/></StgValue>
</bind>
</comp>

<comp id="42" class="1004" name="reuse_addr_reg_fu_42">
<pin_list>
<pin id="43" dir="0" index="0" bw="1" slack="0"/>
<pin id="44" dir="1" index="1" bw="64" slack="0"/>
</pin_list>
<bind>
<opcode="alloca(26) " fcode="alloca"/>
<opset="reuse_addr_reg/1 "/>
</bind>
</comp>

<comp id="46" class="1004" name="reuse_reg_fu_46">
<pin_list>
<pin id="47" dir="0" index="0" bw="1" slack="0"/>
<pin id="48" dir="1" index="1" bw="32" slack="0"/>
</pin_list>
<bind>
<opcode="alloca(26) " fcode="alloca"/>
<opset="reuse_reg/1 "/>
</bind>
</comp>

<comp id="50" class="1004" name="countingSort_counter5_fu_50">
<pin_list>
<pin id="51" dir="0" index="0" bw="1" slack="0"/>
<pin id="52" dir="1" index="1" bw="4" slack="0"/>
</pin_list>
<bind>
<opcode="alloca(26) " fcode="alloca"/>
<opset="countingSort_counter5/1 "/>
</bind>
</comp>

<comp id="54" class="1004" name="place_1_read_read_fu_54">
<pin_list>
<pin id="55" dir="0" index="0" bw="32" slack="0"/>
<pin id="56" dir="0" index="1" bw="32" slack="0"/>
<pin id="57" dir="1" index="2" bw="32" slack="1"/>
</pin_list>
<bind>
<opcode="read(1150) " fcode="read"/>
<opset="place_1_read/1 "/>
</bind>
</comp>

<comp id="60" class="1004" name="vla13_addr_gep_fu_60">
<pin_list>
<pin id="61" dir="0" index="0" bw="32" slack="0"/>
<pin id="62" dir="0" index="1" bw="1" slack="0"/>
<pin id="63" dir="0" index="2" bw="4" slack="0"/>
<pin id="64" dir="1" index="3" bw="3" slack="0"/>
</pin_list>
<bind>
<opcode="getelementptr(29) " fcode="getelementptr"/>
<opset="vla13_addr/1 "/>
</bind>
</comp>

<comp id="67" class="1004" name="grp_access_fu_67">
<pin_list>
<pin id="68" dir="0" index="0" bw="3" slack="0"/>
<pin id="69" dir="0" index="1" bw="32" slack="2147483647"/>
<pin id="70" dir="0" index="2" bw="0" slack="2147483647"/>
<pin id="71" dir="1" index="3" bw="32" slack="0"/>
</pin_list>
<bind>
<opcode="load(27) " fcode="load"/>
<opset="vla13_load/1 "/>
</bind>
</comp>

<comp id="73" class="1004" name="count_addr_gep_fu_73">
<pin_list>
<pin id="74" dir="0" index="0" bw="32" slack="0"/>
<pin id="75" dir="0" index="1" bw="1" slack="0"/>
<pin id="76" dir="0" index="2" bw="3" slack="0"/>
<pin id="77" dir="1" index="3" bw="3" slack="0"/>
</pin_list>
<bind>
<opcode="getelementptr(29) " fcode="getelementptr"/>
<opset="count_addr/72 "/>
</bind>
</comp>

<comp id="80" class="1004" name="grp_access_fu_80">
<pin_list>
<pin id="81" dir="0" index="0" bw="3" slack="1"/>
<pin id="82" dir="0" index="1" bw="32" slack="0"/>
<pin id="83" dir="0" index="2" bw="0" slack="0"/>
<pin id="85" dir="0" index="4" bw="3" slack="2147483647"/>
<pin id="86" dir="0" index="5" bw="32" slack="2147483647"/>
<pin id="87" dir="0" index="6" bw="0" slack="2147483647"/>
<pin id="84" dir="1" index="3" bw="32" slack="2147483647"/>
<pin id="88" dir="1" index="7" bw="32" slack="0"/>
</pin_list>
<bind>
<opcode="load(27) store(28) " fcode="store"/>
<opset="count_load/72 store_ln40/73 "/>
</bind>
</comp>

<comp id="90" class="1004" name="output_addr_gep_fu_90">
<pin_list>
<pin id="91" dir="0" index="0" bw="32" slack="0"/>
<pin id="92" dir="0" index="1" bw="1" slack="0"/>
<pin id="93" dir="0" index="2" bw="32" slack="0"/>
<pin id="94" dir="1" index="3" bw="4" slack="0"/>
</pin_list>
<bind>
<opcode="getelementptr(29) " fcode="getelementptr"/>
<opset="output_addr/73 "/>
</bind>
</comp>

<comp id="97" class="1004" name="store_ln39_access_fu_97">
<pin_list>
<pin id="98" dir="0" index="0" bw="4" slack="0"/>
<pin id="99" dir="0" index="1" bw="32" slack="71"/>
<pin id="100" dir="0" index="2" bw="0" slack="2147483647"/>
<pin id="101" dir="1" index="3" bw="32" slack="2147483647"/>
</pin_list>
<bind>
<opcode="store(28) " fcode="store"/>
<opset="store_ln39/73 "/>
</bind>
</comp>

<comp id="103" class="1004" name="store_ln0_store_fu_103">
<pin_list>
<pin id="104" dir="0" index="0" bw="4" slack="0"/>
<pin id="105" dir="0" index="1" bw="4" slack="0"/>
<pin id="106" dir="1" index="2" bw="0" slack="2147483647"/>
</pin_list>
<bind>
<opcode="store(28) " fcode="store"/>
<opset="store_ln0/1 "/>
</bind>
</comp>

<comp id="108" class="1004" name="store_ln0_store_fu_108">
<pin_list>
<pin id="109" dir="0" index="0" bw="1" slack="0"/>
<pin id="110" dir="0" index="1" bw="32" slack="0"/>
<pin id="111" dir="1" index="2" bw="0" slack="2147483647"/>
</pin_list>
<bind>
<opcode="store(28) " fcode="store"/>
<opset="store_ln0/1 "/>
</bind>
</comp>

<comp id="113" class="1004" name="store_ln0_store_fu_113">
<pin_list>
<pin id="114" dir="0" index="0" bw="1" slack="0"/>
<pin id="115" dir="0" index="1" bw="64" slack="0"/>
<pin id="116" dir="1" index="2" bw="0" slack="2147483647"/>
</pin_list>
<bind>
<opcode="store(28) " fcode="store"/>
<opset="store_ln0/1 "/>
</bind>
</comp>

<comp id="118" class="1004" name="countingSort_counter5_1_load_fu_118">
<pin_list>
<pin id="119" dir="0" index="0" bw="4" slack="0"/>
<pin id="120" dir="1" index="1" bw="4" slack="0"/>
</pin_list>
<bind>
<opcode="load(27) " fcode="load"/>
<opset="countingSort_counter5_1/1 "/>
</bind>
</comp>

<comp id="121" class="1004" name="tmp_fu_121">
<pin_list>
<pin id="122" dir="0" index="0" bw="1" slack="0"/>
<pin id="123" dir="0" index="1" bw="4" slack="0"/>
<pin id="124" dir="0" index="2" bw="3" slack="0"/>
<pin id="125" dir="1" index="3" bw="1" slack="71"/>
</pin_list>
<bind>
<opcode="bitselect(1000) " fcode="bitselect"/>
<opset="tmp/1 "/>
</bind>
</comp>

<comp id="129" class="1004" name="countingSort_counter5_cast_fu_129">
<pin_list>
<pin id="130" dir="0" index="0" bw="4" slack="0"/>
<pin id="131" dir="1" index="1" bw="64" slack="0"/>
</pin_list>
<bind>
<opcode="zext(34) " fcode="zext"/>
<opset="countingSort_counter5_cast/1 "/>
</bind>
</comp>

<comp id="134" class="1004" name="add_ln38_fu_134">
<pin_list>
<pin id="135" dir="0" index="0" bw="4" slack="0"/>
<pin id="136" dir="0" index="1" bw="1" slack="0"/>
<pin id="137" dir="1" index="2" bw="4" slack="0"/>
</pin_list>
<bind>
<opcode="add(8) " fcode="add"/>
<opset="add_ln38/1 "/>
</bind>
</comp>

<comp id="140" class="1004" name="store_ln38_store_fu_140">
<pin_list>
<pin id="141" dir="0" index="0" bw="4" slack="0"/>
<pin id="142" dir="0" index="1" bw="4" slack="0"/>
<pin id="143" dir="1" index="2" bw="0" slack="2147483647"/>
</pin_list>
<bind>
<opcode="store(28) " fcode="store"/>
<opset="store_ln38/1 "/>
</bind>
</comp>

<comp id="145" class="1004" name="grp_fu_145">
<pin_list>
<pin id="146" dir="0" index="0" bw="32" slack="0"/>
<pin id="147" dir="0" index="1" bw="32" slack="1"/>
<pin id="148" dir="1" index="2" bw="32" slack="0"/>
</pin_list>
<bind>
<opcode="sdiv(15) " fcode="sdiv"/>
<opset="sdiv_ln39/2 "/>
</bind>
</comp>

<comp id="150" class="1004" name="grp_fu_150">
<pin_list>
<pin id="151" dir="0" index="0" bw="32" slack="0"/>
<pin id="152" dir="0" index="1" bw="5" slack="0"/>
<pin id="153" dir="1" index="2" bw="3" slack="0"/>
</pin_list>
<bind>
<opcode="srem(18) " fcode="srem"/>
<opset="srem_ln39/37 "/>
</bind>
</comp>

<comp id="156" class="1004" name="trunc_ln39_fu_156">
<pin_list>
<pin id="157" dir="0" index="0" bw="3" slack="0"/>
<pin id="158" dir="1" index="1" bw="3" slack="0"/>
</pin_list>
<bind>
<opcode="trunc(33) " fcode="trunc"/>
<opset="trunc_ln39/72 "/>
</bind>
</comp>

<comp id="160" class="1004" name="zext_ln39_fu_160">
<pin_list>
<pin id="161" dir="0" index="0" bw="3" slack="0"/>
<pin id="162" dir="1" index="1" bw="64" slack="0"/>
</pin_list>
<bind>
<opcode="zext(34) " fcode="zext"/>
<opset="zext_ln39/72 "/>
</bind>
</comp>

<comp id="165" class="1004" name="reuse_addr_reg_load_load_fu_165">
<pin_list>
<pin id="166" dir="0" index="0" bw="64" slack="71"/>
<pin id="167" dir="1" index="1" bw="64" slack="0"/>
</pin_list>
<bind>
<opcode="load(27) " fcode="load"/>
<opset="reuse_addr_reg_load/72 "/>
</bind>
</comp>

<comp id="168" class="1004" name="addr_cmp_fu_168">
<pin_list>
<pin id="169" dir="0" index="0" bw="64" slack="0"/>
<pin id="170" dir="0" index="1" bw="64" slack="0"/>
<pin id="171" dir="1" index="2" bw="1" slack="1"/>
</pin_list>
<bind>
<opcode="icmp(45) " fcode="icmp"/>
<opset="addr_cmp/72 "/>
</bind>
</comp>

<comp id="174" class="1004" name="store_ln39_store_fu_174">
<pin_list>
<pin id="175" dir="0" index="0" bw="3" slack="0"/>
<pin id="176" dir="0" index="1" bw="64" slack="71"/>
<pin id="177" dir="1" index="2" bw="0" slack="2147483647"/>
</pin_list>
<bind>
<opcode="store(28) " fcode="store"/>
<opset="store_ln39/72 "/>
</bind>
</comp>

<comp id="179" class="1004" name="reuse_reg_load_load_fu_179">
<pin_list>
<pin id="180" dir="0" index="0" bw="32" slack="72"/>
<pin id="181" dir="1" index="1" bw="32" slack="0"/>
</pin_list>
<bind>
<opcode="load(27) " fcode="load"/>
<opset="reuse_reg_load/73 "/>
</bind>
</comp>

<comp id="182" class="1004" name="reuse_select_fu_182">
<pin_list>
<pin id="183" dir="0" index="0" bw="1" slack="1"/>
<pin id="184" dir="0" index="1" bw="32" slack="0"/>
<pin id="185" dir="0" index="2" bw="32" slack="0"/>
<pin id="186" dir="1" index="3" bw="32" slack="0"/>
</pin_list>
<bind>
<opcode="select(49) " fcode="select"/>
<opset="reuse_select/73 "/>
</bind>
</comp>

<comp id="189" class="1004" name="add_ln39_fu_189">
<pin_list>
<pin id="190" dir="0" index="0" bw="32" slack="0"/>
<pin id="191" dir="0" index="1" bw="1" slack="0"/>
<pin id="192" dir="1" index="2" bw="32" slack="0"/>
</pin_list>
<bind>
<opcode="add(8) " fcode="add"/>
<opset="add_ln39/73 "/>
</bind>
</comp>

<comp id="196" class="1004" name="zext_ln39_1_fu_196">
<pin_list>
<pin id="197" dir="0" index="0" bw="32" slack="0"/>
<pin id="198" dir="1" index="1" bw="64" slack="0"/>
</pin_list>
<bind>
<opcode="zext(34) " fcode="zext"/>
<opset="zext_ln39_1/73 "/>
</bind>
</comp>

<comp id="201" class="1004" name="store_ln39_store_fu_201">
<pin_list>
<pin id="202" dir="0" index="0" bw="32" slack="0"/>
<pin id="203" dir="0" index="1" bw="32" slack="72"/>
<pin id="204" dir="1" index="2" bw="0" slack="2147483647"/>
</pin_list>
<bind>
<opcode="store(28) " fcode="store"/>
<opset="store_ln39/73 "/>
</bind>
</comp>

<comp id="206" class="1005" name="reuse_addr_reg_reg_206">
<pin_list>
<pin id="207" dir="0" index="0" bw="64" slack="0"/>
<pin id="208" dir="1" index="1" bw="64" slack="0"/>
</pin_list>
<bind>
<opset="reuse_addr_reg "/>
</bind>
</comp>

<comp id="213" class="1005" name="reuse_reg_reg_213">
<pin_list>
<pin id="214" dir="0" index="0" bw="32" slack="0"/>
<pin id="215" dir="1" index="1" bw="32" slack="0"/>
</pin_list>
<bind>
<opset="reuse_reg "/>
</bind>
</comp>

<comp id="220" class="1005" name="countingSort_counter5_reg_220">
<pin_list>
<pin id="221" dir="0" index="0" bw="4" slack="0"/>
<pin id="222" dir="1" index="1" bw="4" slack="0"/>
</pin_list>
<bind>
<opset="countingSort_counter5 "/>
</bind>
</comp>

<comp id="227" class="1005" name="place_1_read_reg_227">
<pin_list>
<pin id="228" dir="0" index="0" bw="32" slack="1"/>
<pin id="229" dir="1" index="1" bw="32" slack="1"/>
</pin_list>
<bind>
<opset="place_1_read "/>
</bind>
</comp>

<comp id="232" class="1005" name="tmp_reg_232">
<pin_list>
<pin id="233" dir="0" index="0" bw="1" slack="71"/>
<pin id="234" dir="1" index="1" bw="1" slack="2147483647"/>
</pin_list>
<bind>
<opset="tmp "/>
</bind>
</comp>

<comp id="236" class="1005" name="vla13_addr_reg_236">
<pin_list>
<pin id="237" dir="0" index="0" bw="3" slack="1"/>
<pin id="238" dir="1" index="1" bw="3" slack="1"/>
</pin_list>
<bind>
<opset="vla13_addr "/>
</bind>
</comp>

<comp id="241" class="1005" name="vla13_load_reg_241">
<pin_list>
<pin id="242" dir="0" index="0" bw="32" slack="1"/>
<pin id="243" dir="1" index="1" bw="32" slack="1"/>
</pin_list>
<bind>
<opset="vla13_load "/>
</bind>
</comp>

<comp id="247" class="1005" name="sdiv_ln39_reg_247">
<pin_list>
<pin id="248" dir="0" index="0" bw="32" slack="1"/>
<pin id="249" dir="1" index="1" bw="32" slack="1"/>
</pin_list>
<bind>
<opset="sdiv_ln39 "/>
</bind>
</comp>

<comp id="252" class="1005" name="count_addr_reg_252">
<pin_list>
<pin id="253" dir="0" index="0" bw="3" slack="1"/>
<pin id="254" dir="1" index="1" bw="3" slack="1"/>
</pin_list>
<bind>
<opset="count_addr "/>
</bind>
</comp>

<comp id="258" class="1005" name="addr_cmp_reg_258">
<pin_list>
<pin id="259" dir="0" index="0" bw="1" slack="1"/>
<pin id="260" dir="1" index="1" bw="1" slack="1"/>
</pin_list>
<bind>
<opset="addr_cmp "/>
</bind>
</comp>

</comp_list>

<net_list>
<net id="45"><net_src comp="8" pin="0"/><net_sink comp="42" pin=0"/></net>

<net id="49"><net_src comp="8" pin="0"/><net_sink comp="46" pin=0"/></net>

<net id="53"><net_src comp="8" pin="0"/><net_sink comp="50" pin=0"/></net>

<net id="58"><net_src comp="10" pin="0"/><net_sink comp="54" pin=0"/></net>

<net id="59"><net_src comp="2" pin="0"/><net_sink comp="54" pin=1"/></net>

<net id="65"><net_src comp="0" pin="0"/><net_sink comp="60" pin=0"/></net>

<net id="66"><net_src comp="32" pin="0"/><net_sink comp="60" pin=1"/></net>

<net id="72"><net_src comp="60" pin="3"/><net_sink comp="67" pin=0"/></net>

<net id="78"><net_src comp="4" pin="0"/><net_sink comp="73" pin=0"/></net>

<net id="79"><net_src comp="32" pin="0"/><net_sink comp="73" pin=1"/></net>

<net id="89"><net_src comp="73" pin="3"/><net_sink comp="80" pin=2"/></net>

<net id="95"><net_src comp="6" pin="0"/><net_sink comp="90" pin=0"/></net>

<net id="96"><net_src comp="32" pin="0"/><net_sink comp="90" pin=1"/></net>

<net id="102"><net_src comp="90" pin="3"/><net_sink comp="97" pin=0"/></net>

<net id="107"><net_src comp="12" pin="0"/><net_sink comp="103" pin=0"/></net>

<net id="112"><net_src comp="14" pin="0"/><net_sink comp="108" pin=0"/></net>

<net id="117"><net_src comp="16" pin="0"/><net_sink comp="113" pin=0"/></net>

<net id="126"><net_src comp="24" pin="0"/><net_sink comp="121" pin=0"/></net>

<net id="127"><net_src comp="118" pin="1"/><net_sink comp="121" pin=1"/></net>

<net id="128"><net_src comp="26" pin="0"/><net_sink comp="121" pin=2"/></net>

<net id="132"><net_src comp="118" pin="1"/><net_sink comp="129" pin=0"/></net>

<net id="133"><net_src comp="129" pin="1"/><net_sink comp="60" pin=2"/></net>

<net id="138"><net_src comp="118" pin="1"/><net_sink comp="134" pin=0"/></net>

<net id="139"><net_src comp="34" pin="0"/><net_sink comp="134" pin=1"/></net>

<net id="144"><net_src comp="134" pin="2"/><net_sink comp="140" pin=0"/></net>

<net id="149"><net_src comp="67" pin="3"/><net_sink comp="145" pin=0"/></net>

<net id="154"><net_src comp="145" pin="2"/><net_sink comp="150" pin=0"/></net>

<net id="155"><net_src comp="36" pin="0"/><net_sink comp="150" pin=1"/></net>

<net id="159"><net_src comp="150" pin="2"/><net_sink comp="156" pin=0"/></net>

<net id="163"><net_src comp="156" pin="1"/><net_sink comp="160" pin=0"/></net>

<net id="164"><net_src comp="160" pin="1"/><net_sink comp="73" pin=2"/></net>

<net id="172"><net_src comp="165" pin="1"/><net_sink comp="168" pin=0"/></net>

<net id="173"><net_src comp="160" pin="1"/><net_sink comp="168" pin=1"/></net>

<net id="178"><net_src comp="160" pin="1"/><net_sink comp="174" pin=0"/></net>

<net id="187"><net_src comp="179" pin="1"/><net_sink comp="182" pin=1"/></net>

<net id="188"><net_src comp="80" pin="7"/><net_sink comp="182" pin=2"/></net>

<net id="193"><net_src comp="182" pin="3"/><net_sink comp="189" pin=0"/></net>

<net id="194"><net_src comp="20" pin="0"/><net_sink comp="189" pin=1"/></net>

<net id="195"><net_src comp="189" pin="2"/><net_sink comp="80" pin=1"/></net>

<net id="199"><net_src comp="189" pin="2"/><net_sink comp="196" pin=0"/></net>

<net id="200"><net_src comp="196" pin="1"/><net_sink comp="90" pin=2"/></net>

<net id="205"><net_src comp="189" pin="2"/><net_sink comp="201" pin=0"/></net>

<net id="209"><net_src comp="42" pin="1"/><net_sink comp="206" pin=0"/></net>

<net id="210"><net_src comp="206" pin="1"/><net_sink comp="113" pin=1"/></net>

<net id="211"><net_src comp="206" pin="1"/><net_sink comp="165" pin=0"/></net>

<net id="212"><net_src comp="206" pin="1"/><net_sink comp="174" pin=1"/></net>

<net id="216"><net_src comp="46" pin="1"/><net_sink comp="213" pin=0"/></net>

<net id="217"><net_src comp="213" pin="1"/><net_sink comp="108" pin=1"/></net>

<net id="218"><net_src comp="213" pin="1"/><net_sink comp="179" pin=0"/></net>

<net id="219"><net_src comp="213" pin="1"/><net_sink comp="201" pin=1"/></net>

<net id="223"><net_src comp="50" pin="1"/><net_sink comp="220" pin=0"/></net>

<net id="224"><net_src comp="220" pin="1"/><net_sink comp="103" pin=1"/></net>

<net id="225"><net_src comp="220" pin="1"/><net_sink comp="118" pin=0"/></net>

<net id="226"><net_src comp="220" pin="1"/><net_sink comp="140" pin=1"/></net>

<net id="230"><net_src comp="54" pin="2"/><net_sink comp="227" pin=0"/></net>

<net id="231"><net_src comp="227" pin="1"/><net_sink comp="145" pin=1"/></net>

<net id="235"><net_src comp="121" pin="3"/><net_sink comp="232" pin=0"/></net>

<net id="239"><net_src comp="60" pin="3"/><net_sink comp="236" pin=0"/></net>

<net id="240"><net_src comp="236" pin="1"/><net_sink comp="67" pin=0"/></net>

<net id="244"><net_src comp="67" pin="3"/><net_sink comp="241" pin=0"/></net>

<net id="245"><net_src comp="241" pin="1"/><net_sink comp="145" pin=0"/></net>

<net id="246"><net_src comp="241" pin="1"/><net_sink comp="97" pin=1"/></net>

<net id="250"><net_src comp="145" pin="2"/><net_sink comp="247" pin=0"/></net>

<net id="251"><net_src comp="247" pin="1"/><net_sink comp="150" pin=0"/></net>

<net id="255"><net_src comp="73" pin="3"/><net_sink comp="252" pin=0"/></net>

<net id="256"><net_src comp="252" pin="1"/><net_sink comp="80" pin=2"/></net>

<net id="257"><net_src comp="252" pin="1"/><net_sink comp="80" pin=0"/></net>

<net id="261"><net_src comp="168" pin="2"/><net_sink comp="258" pin=0"/></net>

<net id="262"><net_src comp="258" pin="1"/><net_sink comp="182" pin=0"/></net>

</net_list>

</model> 
---------------- Datapath Model END ------------------

* FSMD analyzer results:
  - Output states:
	Port: count | {73 }
	Port: output_r | {73 }
 - Input state : 
	Port: radix_Pipeline_VITIS_LOOP_38_5 : vla13 | {1 2 }
	Port: radix_Pipeline_VITIS_LOOP_38_5 : place_1 | {1 }
	Port: radix_Pipeline_VITIS_LOOP_38_5 : count | {72 73 }
  - Chain level:
	State 1
		store_ln0 : 1
		store_ln0 : 1
		store_ln0 : 1
		countingSort_counter5_1 : 1
		tmp : 2
		br_ln38 : 3
		countingSort_counter5_cast : 2
		vla13_addr : 3
		vla13_load : 4
		add_ln38 : 2
		store_ln38 : 3
	State 2
		sdiv_ln39 : 1
	State 3
	State 4
	State 5
	State 6
	State 7
	State 8
	State 9
	State 10
	State 11
	State 12
	State 13
	State 14
	State 15
	State 16
	State 17
	State 18
	State 19
	State 20
	State 21
	State 22
	State 23
	State 24
	State 25
	State 26
	State 27
	State 28
	State 29
	State 30
	State 31
	State 32
	State 33
	State 34
	State 35
	State 36
	State 37
		srem_ln39 : 1
	State 38
	State 39
	State 40
	State 41
	State 42
	State 43
	State 44
	State 45
	State 46
	State 47
	State 48
	State 49
	State 50
	State 51
	State 52
	State 53
	State 54
	State 55
	State 56
	State 57
	State 58
	State 59
	State 60
	State 61
	State 62
	State 63
	State 64
	State 65
	State 66
	State 67
	State 68
	State 69
	State 70
	State 71
	State 72
		trunc_ln39 : 1
		zext_ln39 : 2
		count_addr : 3
		count_load : 4
		addr_cmp : 3
		store_ln39 : 3
	State 73
		reuse_select : 1
		add_ln39 : 2
		zext_ln39_1 : 3
		output_addr : 4
		store_ln39 : 5
		store_ln40 : 3
		store_ln39 : 3


============================================================
+ Verbose Summary: Datapath Resource usage 
============================================================

* Functional unit list:
|----------|-----------------------------------|---------|---------|
| Operation|          Functional Unit          |    FF   |   LUT   |
|----------|-----------------------------------|---------|---------|
|   sdiv   |             grp_fu_145            |   2283  |   1738  |
|----------|-----------------------------------|---------|---------|
|   srem   |             grp_fu_150            |   2283  |   1738  |
|----------|-----------------------------------|---------|---------|
|    add   |          add_ln38_fu_134          |    0    |    12   |
|          |          add_ln39_fu_189          |    0    |    39   |
|----------|-----------------------------------|---------|---------|
|  select  |        reuse_select_fu_182        |    0    |    32   |
|----------|-----------------------------------|---------|---------|
|   icmp   |          addr_cmp_fu_168          |    0    |    29   |
|----------|-----------------------------------|---------|---------|
|   read   |      place_1_read_read_fu_54      |    0    |    0    |
|----------|-----------------------------------|---------|---------|
| bitselect|             tmp_fu_121            |    0    |    0    |
|----------|-----------------------------------|---------|---------|
|          | countingSort_counter5_cast_fu_129 |    0    |    0    |
|   zext   |          zext_ln39_fu_160         |    0    |    0    |
|          |         zext_ln39_1_fu_196        |    0    |    0    |
|----------|-----------------------------------|---------|---------|
|   trunc  |         trunc_ln39_fu_156         |    0    |    0    |
|----------|-----------------------------------|---------|---------|
|   Total  |                                   |   4566  |   3588  |
|----------|-----------------------------------|---------|---------|

Memories:
N/A

* Register list:
+-----------------------------+--------+
|                             |   FF   |
+-----------------------------+--------+
|       addr_cmp_reg_258      |    1   |
|      count_addr_reg_252     |    3   |
|countingSort_counter5_reg_220|    4   |
|     place_1_read_reg_227    |   32   |
|    reuse_addr_reg_reg_206   |   64   |
|      reuse_reg_reg_213      |   32   |
|      sdiv_ln39_reg_247      |   32   |
|         tmp_reg_232         |    1   |
|      vla13_addr_reg_236     |    3   |
|      vla13_load_reg_241     |   32   |
+-----------------------------+--------+
|            Total            |   204  |
+-----------------------------+--------+

* Multiplexer (MUX) list: 
|------------------|------|------|------|--------||---------||---------|
|       Comp       |  Pin | Size |  BW  | S x BW ||  Delay  ||   LUT   |
|------------------|------|------|------|--------||---------||---------|
| grp_access_fu_67 |  p0  |   2  |   3  |    6   ||    9    |
| grp_access_fu_80 |  p2  |   2  |   0  |    0   ||    9    |
|    grp_fu_145    |  p0  |   2  |  32  |   64   ||    9    |
|    grp_fu_150    |  p0  |   2  |  32  |   64   ||    9    |
|------------------|------|------|------|--------||---------||---------|
|       Total      |      |      |      |   134  ||   1.84  ||    36   |
|------------------|------|------|------|--------||---------||---------|



* Summary:
+-----------+--------+--------+--------+
|           |  Delay |   FF   |   LUT  |
+-----------+--------+--------+--------+
|  Function |    -   |  4566  |  3588  |
|   Memory  |    -   |    -   |    -   |
|Multiplexer|    1   |    -   |   36   |
|  Register |    -   |   204  |    -   |
+-----------+--------+--------+--------+
|   Total   |    1   |  4770  |  3624  |
+-----------+--------+--------+--------+
