S:\Dokumenter\Skole\CS-Master\CS4110\Project\HLS\Radix\radix01\.autopilot\db\radix.pp.0.c:1088:5: warning: Added loop label VITIS_LOOP_9_1:   [xilinx-label-all-loops]
    for (int i = 1; i < n; i++)
    ^~~
    VITIS_LOOP_9_1: 
S:\Dokumenter\Skole\CS-Master\CS4110\Project\HLS\Radix\radix01\.autopilot\db\radix.pp.0.c:1088:5: note: FIX-IT applied suggested code changes
S:\Dokumenter\Skole\CS-Master\CS4110\Project\HLS\Radix\radix01\.autopilot\db\radix.pp.0.c:1099:5: warning: Added loop label VITIS_LOOP_20_1:   [xilinx-label-all-loops]
    for (int i = 1; i < size; i++) {
    ^~~
    VITIS_LOOP_20_1: 
S:\Dokumenter\Skole\CS-Master\CS4110\Project\HLS\Radix\radix01\.autopilot\db\radix.pp.0.c:1099:5: note: FIX-IT applied suggested code changes
S:\Dokumenter\Skole\CS-Master\CS4110\Project\HLS\Radix\radix01\.autopilot\db\radix.pp.0.c:1105:5: warning: Added loop label VITIS_LOOP_26_2:   [xilinx-label-all-loops]
    for (int i = 0; i < max; ++i)
    ^~~
    VITIS_LOOP_26_2: 
S:\Dokumenter\Skole\CS-Master\CS4110\Project\HLS\Radix\radix01\.autopilot\db\radix.pp.0.c:1105:5: note: FIX-IT applied suggested code changes
S:\Dokumenter\Skole\CS-Master\CS4110\Project\HLS\Radix\radix01\.autopilot\db\radix.pp.0.c:1109:5: warning: Added loop label VITIS_LOOP_30_3:   [xilinx-label-all-loops]
    for (int i = 0; i < size; i++)
    ^~~
    VITIS_LOOP_30_3: 
S:\Dokumenter\Skole\CS-Master\CS4110\Project\HLS\Radix\radix01\.autopilot\db\radix.pp.0.c:1109:5: note: FIX-IT applied suggested code changes
S:\Dokumenter\Skole\CS-Master\CS4110\Project\HLS\Radix\radix01\.autopilot\db\radix.pp.0.c:1113:5: warning: Added loop label VITIS_LOOP_34_4:   [xilinx-label-all-loops]
    for (int i = 1; i < 10; i++)
    ^~~
    VITIS_LOOP_34_4: 
S:\Dokumenter\Skole\CS-Master\CS4110\Project\HLS\Radix\radix01\.autopilot\db\radix.pp.0.c:1113:5: note: FIX-IT applied suggested code changes
S:\Dokumenter\Skole\CS-Master\CS4110\Project\HLS\Radix\radix01\.autopilot\db\radix.pp.0.c:1117:5: warning: Added loop label VITIS_LOOP_38_5:   [xilinx-label-all-loops]
    for (int i = size - 1; i >= 0; i--) {
    ^~~
    VITIS_LOOP_38_5: 
S:\Dokumenter\Skole\CS-Master\CS4110\Project\HLS\Radix\radix01\.autopilot\db\radix.pp.0.c:1117:5: note: FIX-IT applied suggested code changes
S:\Dokumenter\Skole\CS-Master\CS4110\Project\HLS\Radix\radix01\.autopilot\db\radix.pp.0.c:1122:5: warning: Added loop label VITIS_LOOP_43_6:   [xilinx-label-all-loops]
    for (int i = 0; i < size; i++)
    ^~~
    VITIS_LOOP_43_6: 
S:\Dokumenter\Skole\CS-Master\CS4110\Project\HLS\Radix\radix01\.autopilot\db\radix.pp.0.c:1122:5: note: FIX-IT applied suggested code changes
S:\Dokumenter\Skole\CS-Master\CS4110\Project\HLS\Radix\radix01\.autopilot\db\radix.pp.0.c:1132:5: warning: Added loop label VITIS_LOOP_53_1:   [xilinx-label-all-loops]
    for (int place = 1; max / place > 0; place *= 10)
    ^~~
    VITIS_LOOP_53_1: 
S:\Dokumenter\Skole\CS-Master\CS4110\Project\HLS\Radix\radix01\.autopilot\db\radix.pp.0.c:1132:5: note: FIX-IT applied suggested code changes
S:\Dokumenter\Skole\CS-Master\CS4110\Project\HLS\Radix\radix01\.autopilot\db\radix.pp.0.c:1154:5: warning: Added loop label VITIS_LOOP_67_1:   [xilinx-label-all-loops]
    while (counter<size_str){
    ^~~~~
    VITIS_LOOP_67_1: 
S:\Dokumenter\Skole\CS-Master\CS4110\Project\HLS\Radix\radix01\.autopilot\db\radix.pp.0.c:1154:5: note: FIX-IT applied suggested code changes
