

================================================================
== Vitis HLS Report for 'radix_Pipeline_VITIS_LOOP_20_1'
================================================================
* Date:           Wed Dec  7 16:13:42 2022

* Version:        2022.2 (Build 3670227 on Oct 13 2022)
* Project:        Radix
* Solution:       radix01 (Vivado IP Flow Target)
* Product family: virtexuplus
* Target device:  xcvu11p-flga2577-1-e


================================================================
== Performance Estimates
================================================================
+ Timing: 
    * Summary: 
    +--------+----------+----------+------------+
    |  Clock |  Target  | Estimated| Uncertainty|
    +--------+----------+----------+------------+
    |ap_clk  |  10.00 ns|  2.972 ns|     2.70 ns|
    +--------+----------+----------+------------+

+ Latency: 
    * Summary: 
    +---------+---------+----------+----------+-----+-----+---------+
    |  Latency (cycles) |  Latency (absolute) |  Interval | Pipeline|
    |   min   |   max   |    min   |    max   | min | max |   Type  |
    +---------+---------+----------+----------+-----+-----+---------+
    |       86|       86|  0.860 us|  0.860 us|   86|   86|       no|
    +---------+---------+----------+----------+-----+-----+---------+

    + Detail: 
        * Instance: 
        N/A

        * Loop: 
        +-------------------+---------+---------+----------+-----------+-----------+------+----------+
        |                   |  Latency (cycles) | Iteration|  Initiation Interval  | Trip |          |
        |     Loop Name     |   min   |   max   |  Latency |  achieved |   target  | Count| Pipelined|
        +-------------------+---------+---------+----------+-----------+-----------+------+----------+
        |- VITIS_LOOP_20_1  |       84|       84|        73|          2|          1|     7|       yes|
        +-------------------+---------+---------+----------+-----------+-----------+------+----------+



================================================================
== Utilization Estimates
================================================================
* Summary: 
+---------------------+---------+------+---------+---------+-----+
|         Name        | BRAM_18K|  DSP |    FF   |   LUT   | URAM|
+---------------------+---------+------+---------+---------+-----+
|DSP                  |        -|     -|        -|        -|    -|
|Expression           |        -|     -|        0|       84|    -|
|FIFO                 |        -|     -|        -|        -|    -|
|Instance             |        -|     -|     4566|     3476|    -|
|Memory               |        -|     -|        -|        -|    -|
|Multiplexer          |        -|     -|        -|      420|    -|
|Register             |        -|     -|      289|       64|    -|
+---------------------+---------+------+---------+---------+-----+
|Total                |        0|     0|     4855|     4044|    0|
+---------------------+---------+------+---------+---------+-----+
|Available SLR        |     1344|  3072|   864000|   432000|  320|
+---------------------+---------+------+---------+---------+-----+
|Utilization SLR (%)  |        0|     0|       ~0|       ~0|    0|
+---------------------+---------+------+---------+---------+-----+
|Available            |     4032|  9216|  2592000|  1296000|  960|
+---------------------+---------+------+---------+---------+-----+
|Utilization (%)      |        0|     0|       ~0|       ~0|    0|
+---------------------+---------+------+---------+---------+-----+

+ Detail: 
    * Instance: 
    +---------------------------+------------------------+---------+----+------+------+-----+
    |          Instance         |         Module         | BRAM_18K| DSP|  FF  |  LUT | URAM|
    +---------------------------+------------------------+---------+----+------+------+-----+
    |sdiv_32ns_32ns_32_36_1_U7  |sdiv_32ns_32ns_32_36_1  |        0|   0|  2283|  1738|    0|
    |srem_32ns_5ns_32_36_1_U8   |srem_32ns_5ns_32_36_1   |        0|   0|  2283|  1738|    0|
    +---------------------------+------------------------+---------+----+------+------+-----+
    |Total                      |                        |        0|   0|  4566|  3476|    0|
    +---------------------------+------------------------+---------+----+------+------+-----+

    * DSP: 
    N/A

    * Memory: 
    N/A

    * FIFO: 
    N/A

    * Expression: 
    +---------------------+----------+----+---+----+------------+------------+
    |    Variable Name    | Operation| DSP| FF| LUT| Bitwidth P0| Bitwidth P1|
    +---------------------+----------+----+---+----+------------+------------+
    |add_ln20_fu_171_p2   |         +|   0|  0|  12|           4|           1|
    |icmp_ln20_fu_137_p2  |      icmp|   0|  0|   9|           4|           5|
    |icmp_ln21_fu_226_p2  |      icmp|   0|  0|  20|          32|          32|
    |or_ln21_1_fu_182_p2  |        or|   0|  0|   3|           3|           2|
    |or_ln21_2_fu_192_p2  |        or|   0|  0|   3|           3|           2|
    |or_ln21_fu_160_p2    |        or|   0|  0|   3|           3|           1|
    |max_3_fu_232_p3      |    select|   0|  0|  32|           1|          32|
    |ap_enable_pp0        |       xor|   0|  0|   2|           1|           2|
    +---------------------+----------+----+---+----+------------+------------+
    |Total                |          |   0|  0|  84|          51|          77|
    +---------------------+----------+----+---+----+------------+------------+

    * Multiplexer: 
    +------------------------------------------+----+-----------+-----+-----------+
    |                   Name                   | LUT| Input Size| Bits| Total Bits|
    +------------------------------------------+----+-----------+-----+-----------+
    |ap_NS_fsm                                 |  14|          3|    1|          3|
    |ap_done_int                               |   9|          2|    1|          2|
    |ap_enable_reg_pp0_iter0                   |   9|          2|    1|          2|
    |ap_enable_reg_pp0_iter1                   |   9|          2|    1|          2|
    |ap_enable_reg_pp0_iter36                  |   9|          2|    1|          2|
    |ap_loop_exit_ready_pp0_iter10_reg         |   9|          2|    1|          2|
    |ap_loop_exit_ready_pp0_iter11_reg         |   9|          2|    1|          2|
    |ap_loop_exit_ready_pp0_iter12_reg         |   9|          2|    1|          2|
    |ap_loop_exit_ready_pp0_iter13_reg         |   9|          2|    1|          2|
    |ap_loop_exit_ready_pp0_iter14_reg         |   9|          2|    1|          2|
    |ap_loop_exit_ready_pp0_iter15_reg         |   9|          2|    1|          2|
    |ap_loop_exit_ready_pp0_iter16_reg         |   9|          2|    1|          2|
    |ap_loop_exit_ready_pp0_iter17_reg         |   9|          2|    1|          2|
    |ap_loop_exit_ready_pp0_iter18_reg         |   9|          2|    1|          2|
    |ap_loop_exit_ready_pp0_iter19_reg         |   9|          2|    1|          2|
    |ap_loop_exit_ready_pp0_iter1_reg          |   9|          2|    1|          2|
    |ap_loop_exit_ready_pp0_iter20_reg         |   9|          2|    1|          2|
    |ap_loop_exit_ready_pp0_iter21_reg         |   9|          2|    1|          2|
    |ap_loop_exit_ready_pp0_iter22_reg         |   9|          2|    1|          2|
    |ap_loop_exit_ready_pp0_iter23_reg         |   9|          2|    1|          2|
    |ap_loop_exit_ready_pp0_iter24_reg         |   9|          2|    1|          2|
    |ap_loop_exit_ready_pp0_iter25_reg         |   9|          2|    1|          2|
    |ap_loop_exit_ready_pp0_iter26_reg         |   9|          2|    1|          2|
    |ap_loop_exit_ready_pp0_iter27_reg         |   9|          2|    1|          2|
    |ap_loop_exit_ready_pp0_iter28_reg         |   9|          2|    1|          2|
    |ap_loop_exit_ready_pp0_iter29_reg         |   9|          2|    1|          2|
    |ap_loop_exit_ready_pp0_iter2_reg          |   9|          2|    1|          2|
    |ap_loop_exit_ready_pp0_iter30_reg         |   9|          2|    1|          2|
    |ap_loop_exit_ready_pp0_iter31_reg         |   9|          2|    1|          2|
    |ap_loop_exit_ready_pp0_iter32_reg         |   9|          2|    1|          2|
    |ap_loop_exit_ready_pp0_iter33_reg         |   9|          2|    1|          2|
    |ap_loop_exit_ready_pp0_iter34_reg         |   9|          2|    1|          2|
    |ap_loop_exit_ready_pp0_iter35_reg         |   9|          2|    1|          2|
    |ap_loop_exit_ready_pp0_iter3_reg          |   9|          2|    1|          2|
    |ap_loop_exit_ready_pp0_iter4_reg          |   9|          2|    1|          2|
    |ap_loop_exit_ready_pp0_iter5_reg          |   9|          2|    1|          2|
    |ap_loop_exit_ready_pp0_iter6_reg          |   9|          2|    1|          2|
    |ap_loop_exit_ready_pp0_iter7_reg          |   9|          2|    1|          2|
    |ap_loop_exit_ready_pp0_iter8_reg          |   9|          2|    1|          2|
    |ap_loop_exit_ready_pp0_iter9_reg          |   9|          2|    1|          2|
    |ap_sig_allocacmp_countingSort_counter1_1  |   9|          2|    4|          8|
    |countingSort_counter1_fu_56               |   9|          2|    4|          8|
    |max_fu_52                                 |   9|          2|   32|         64|
    |vla13_address0                            |  14|          3|    3|          9|
    |vla13_address1                            |  14|          3|    3|          9|
    +------------------------------------------+----+-----------+-----+-----------+
    |Total                                     | 420|         93|   86|        179|
    +------------------------------------------+----+-----------+-----+-----------+

    * Register: 
    +-----------------------------------+----+----+-----+-----------+
    |                Name               | FF | LUT| Bits| Const Bits|
    +-----------------------------------+----+----+-----+-----------+
    |ap_CS_fsm                          |   2|   0|    2|          0|
    |ap_done_reg                        |   1|   0|    1|          0|
    |ap_enable_reg_pp0_iter0_reg        |   1|   0|    1|          0|
    |ap_enable_reg_pp0_iter1            |   1|   0|    1|          0|
    |ap_enable_reg_pp0_iter10           |   1|   0|    1|          0|
    |ap_enable_reg_pp0_iter11           |   1|   0|    1|          0|
    |ap_enable_reg_pp0_iter12           |   1|   0|    1|          0|
    |ap_enable_reg_pp0_iter13           |   1|   0|    1|          0|
    |ap_enable_reg_pp0_iter14           |   1|   0|    1|          0|
    |ap_enable_reg_pp0_iter15           |   1|   0|    1|          0|
    |ap_enable_reg_pp0_iter16           |   1|   0|    1|          0|
    |ap_enable_reg_pp0_iter17           |   1|   0|    1|          0|
    |ap_enable_reg_pp0_iter18           |   1|   0|    1|          0|
    |ap_enable_reg_pp0_iter19           |   1|   0|    1|          0|
    |ap_enable_reg_pp0_iter2            |   1|   0|    1|          0|
    |ap_enable_reg_pp0_iter20           |   1|   0|    1|          0|
    |ap_enable_reg_pp0_iter21           |   1|   0|    1|          0|
    |ap_enable_reg_pp0_iter22           |   1|   0|    1|          0|
    |ap_enable_reg_pp0_iter23           |   1|   0|    1|          0|
    |ap_enable_reg_pp0_iter24           |   1|   0|    1|          0|
    |ap_enable_reg_pp0_iter25           |   1|   0|    1|          0|
    |ap_enable_reg_pp0_iter26           |   1|   0|    1|          0|
    |ap_enable_reg_pp0_iter27           |   1|   0|    1|          0|
    |ap_enable_reg_pp0_iter28           |   1|   0|    1|          0|
    |ap_enable_reg_pp0_iter29           |   1|   0|    1|          0|
    |ap_enable_reg_pp0_iter3            |   1|   0|    1|          0|
    |ap_enable_reg_pp0_iter30           |   1|   0|    1|          0|
    |ap_enable_reg_pp0_iter31           |   1|   0|    1|          0|
    |ap_enable_reg_pp0_iter32           |   1|   0|    1|          0|
    |ap_enable_reg_pp0_iter33           |   1|   0|    1|          0|
    |ap_enable_reg_pp0_iter34           |   1|   0|    1|          0|
    |ap_enable_reg_pp0_iter35           |   1|   0|    1|          0|
    |ap_enable_reg_pp0_iter36           |   1|   0|    1|          0|
    |ap_enable_reg_pp0_iter4            |   1|   0|    1|          0|
    |ap_enable_reg_pp0_iter5            |   1|   0|    1|          0|
    |ap_enable_reg_pp0_iter6            |   1|   0|    1|          0|
    |ap_enable_reg_pp0_iter7            |   1|   0|    1|          0|
    |ap_enable_reg_pp0_iter8            |   1|   0|    1|          0|
    |ap_enable_reg_pp0_iter9            |   1|   0|    1|          0|
    |ap_loop_exit_ready_pp0_iter10_reg  |   1|   0|    1|          0|
    |ap_loop_exit_ready_pp0_iter11_reg  |   1|   0|    1|          0|
    |ap_loop_exit_ready_pp0_iter12_reg  |   1|   0|    1|          0|
    |ap_loop_exit_ready_pp0_iter13_reg  |   1|   0|    1|          0|
    |ap_loop_exit_ready_pp0_iter14_reg  |   1|   0|    1|          0|
    |ap_loop_exit_ready_pp0_iter15_reg  |   1|   0|    1|          0|
    |ap_loop_exit_ready_pp0_iter16_reg  |   1|   0|    1|          0|
    |ap_loop_exit_ready_pp0_iter17_reg  |   1|   0|    1|          0|
    |ap_loop_exit_ready_pp0_iter18_reg  |   1|   0|    1|          0|
    |ap_loop_exit_ready_pp0_iter19_reg  |   1|   0|    1|          0|
    |ap_loop_exit_ready_pp0_iter1_reg   |   1|   0|    1|          0|
    |ap_loop_exit_ready_pp0_iter20_reg  |   1|   0|    1|          0|
    |ap_loop_exit_ready_pp0_iter21_reg  |   1|   0|    1|          0|
    |ap_loop_exit_ready_pp0_iter22_reg  |   1|   0|    1|          0|
    |ap_loop_exit_ready_pp0_iter23_reg  |   1|   0|    1|          0|
    |ap_loop_exit_ready_pp0_iter24_reg  |   1|   0|    1|          0|
    |ap_loop_exit_ready_pp0_iter25_reg  |   1|   0|    1|          0|
    |ap_loop_exit_ready_pp0_iter26_reg  |   1|   0|    1|          0|
    |ap_loop_exit_ready_pp0_iter27_reg  |   1|   0|    1|          0|
    |ap_loop_exit_ready_pp0_iter28_reg  |   1|   0|    1|          0|
    |ap_loop_exit_ready_pp0_iter29_reg  |   1|   0|    1|          0|
    |ap_loop_exit_ready_pp0_iter2_reg   |   1|   0|    1|          0|
    |ap_loop_exit_ready_pp0_iter30_reg  |   1|   0|    1|          0|
    |ap_loop_exit_ready_pp0_iter31_reg  |   1|   0|    1|          0|
    |ap_loop_exit_ready_pp0_iter32_reg  |   1|   0|    1|          0|
    |ap_loop_exit_ready_pp0_iter33_reg  |   1|   0|    1|          0|
    |ap_loop_exit_ready_pp0_iter34_reg  |   1|   0|    1|          0|
    |ap_loop_exit_ready_pp0_iter35_reg  |   1|   0|    1|          0|
    |ap_loop_exit_ready_pp0_iter3_reg   |   1|   0|    1|          0|
    |ap_loop_exit_ready_pp0_iter4_reg   |   1|   0|    1|          0|
    |ap_loop_exit_ready_pp0_iter5_reg   |   1|   0|    1|          0|
    |ap_loop_exit_ready_pp0_iter6_reg   |   1|   0|    1|          0|
    |ap_loop_exit_ready_pp0_iter7_reg   |   1|   0|    1|          0|
    |ap_loop_exit_ready_pp0_iter8_reg   |   1|   0|    1|          0|
    |ap_loop_exit_ready_pp0_iter9_reg   |   1|   0|    1|          0|
    |countingSort_counter1_fu_56        |   4|   0|    4|          0|
    |icmp_ln20_reg_268                  |   1|   0|    1|          0|
    |max_fu_52                          |  32|   0|   32|          0|
    |or_ln21_5_reg_308                  |  32|   0|   32|          0|
    |shl_ln1_reg_272                    |   1|   0|    3|          2|
    |vla13_load_10_reg_293              |   8|   0|    8|          0|
    |vla13_load_reg_288                 |   8|   0|    8|          0|
    |icmp_ln20_reg_268                  |  64|  32|    1|          0|
    |or_ln21_5_reg_308                  |  64|  32|   32|          0|
    +-----------------------------------+----+----+-----+-----------+
    |Total                              | 289|  64|  196|          2|
    +-----------------------------------+----+----+-----+-----------+



================================================================
== Interface
================================================================
* Summary: 
+------------------+-----+-----+------------+--------------------------------+--------------+
|     RTL Ports    | Dir | Bits|  Protocol  |          Source Object         |    C Type    |
+------------------+-----+-----+------------+--------------------------------+--------------+
|ap_clk            |   in|    1|  ap_ctrl_hs|  radix_Pipeline_VITIS_LOOP_20_1|  return value|
|ap_rst            |   in|    1|  ap_ctrl_hs|  radix_Pipeline_VITIS_LOOP_20_1|  return value|
|ap_start          |   in|    1|  ap_ctrl_hs|  radix_Pipeline_VITIS_LOOP_20_1|  return value|
|ap_done           |  out|    1|  ap_ctrl_hs|  radix_Pipeline_VITIS_LOOP_20_1|  return value|
|ap_idle           |  out|    1|  ap_ctrl_hs|  radix_Pipeline_VITIS_LOOP_20_1|  return value|
|ap_ready          |  out|    1|  ap_ctrl_hs|  radix_Pipeline_VITIS_LOOP_20_1|  return value|
|max_4             |   in|    5|     ap_none|                           max_4|        scalar|
|vla13_address0    |  out|    3|   ap_memory|                           vla13|         array|
|vla13_ce0         |  out|    1|   ap_memory|                           vla13|         array|
|vla13_q0          |   in|    8|   ap_memory|                           vla13|         array|
|vla13_address1    |  out|    3|   ap_memory|                           vla13|         array|
|vla13_ce1         |  out|    1|   ap_memory|                           vla13|         array|
|vla13_q1          |   in|    8|   ap_memory|                           vla13|         array|
|place_1           |   in|   32|     ap_none|                         place_1|        scalar|
|max_5_out         |  out|   32|      ap_vld|                       max_5_out|       pointer|
|max_5_out_ap_vld  |  out|    1|      ap_vld|                       max_5_out|       pointer|
+------------------+-----+-----+------------+--------------------------------+--------------+

============================================================
+ Verbose Summary: Synthesis Manager
============================================================
InlineROM: 1
ExposeGlobal: 0
============================================================
+ Verbose Summary: CDFG Model
============================================================
IsTopModel: 0
ResetActiveHigh: 1
IsCombinational: 2
IsDatapathOnly: 2
HasWiredReturn: 1
HasMFsm: 2
HasVarLatency: 1
IsPipeline: 0
IsRtlPipelined: 0
IsInstanceOverlapped: 0
IsDontTouch: 0
HasImplIP: 0
IsGatedGlobalClock: 0

+ Individual pipeline summary: 
  * Pipeline-0: initiation interval (II) = 2, depth = 73


============================================================
+ Verbose Summary: Schedule
============================================================
* Number of FSM states : 73
* Pipeline : 1
  Pipeline-0 : II = 2, D = 73, States = { 1 2 3 4 5 6 7 8 9 10 11 12 13 14 15 16 17 18 19 20 21 22 23 24 25 26 27 28 29 30 31 32 33 34 35 36 37 38 39 40 41 42 43 44 45 46 47 48 49 50 51 52 53 54 55 56 57 58 59 60 61 62 63 64 65 66 67 68 69 70 71 72 73 }
* Dataflow Pipeline: 0

* FSM state transitions: 
1 --> 2 
2 --> 3 
3 --> 4 
4 --> 5 
5 --> 6 
6 --> 7 
7 --> 8 
8 --> 9 
9 --> 10 
10 --> 11 
11 --> 12 
12 --> 13 
13 --> 14 
14 --> 15 
15 --> 16 
16 --> 17 
17 --> 18 
18 --> 19 
19 --> 20 
20 --> 21 
21 --> 22 
22 --> 23 
23 --> 24 
24 --> 25 
25 --> 26 
26 --> 27 
27 --> 28 
28 --> 29 
29 --> 30 
30 --> 31 
31 --> 32 
32 --> 33 
33 --> 34 
34 --> 35 
35 --> 36 
36 --> 37 
37 --> 38 
38 --> 39 
39 --> 40 
40 --> 41 
41 --> 42 
42 --> 43 
43 --> 44 
44 --> 45 
45 --> 46 
46 --> 47 
47 --> 48 
48 --> 49 
49 --> 50 
50 --> 51 
51 --> 52 
52 --> 53 
53 --> 54 
54 --> 55 
55 --> 56 
56 --> 57 
57 --> 58 
58 --> 59 
59 --> 60 
60 --> 61 
61 --> 62 
62 --> 63 
63 --> 64 
64 --> 65 
65 --> 66 
66 --> 67 
67 --> 68 
68 --> 69 
69 --> 70 
70 --> 71 
71 --> 72 
72 --> 73 
73 --> 

* FSM state operations: 

State 1 <SV = 0> <Delay = 1.26>
ST_1 : Operation 76 [1/1] (0.00ns)   --->   "%max = alloca i32 1"   --->   Operation 76 'alloca' 'max' <Predicate = true> <Delay = 0.00>
ST_1 : Operation 77 [1/1] (0.00ns)   --->   "%countingSort_counter1 = alloca i32 1"   --->   Operation 77 'alloca' 'countingSort_counter1' <Predicate = true> <Delay = 0.00>
ST_1 : Operation 78 [1/1] (0.00ns)   --->   "%place_1_read = read i32 @_ssdm_op_Read.ap_auto.i32, i32 %place_1"   --->   Operation 78 'read' 'place_1_read' <Predicate = true> <Delay = 0.00>
ST_1 : Operation 79 [1/1] (0.00ns)   --->   "%max_4_read = read i5 @_ssdm_op_Read.ap_auto.i5, i5 %max_4"   --->   Operation 79 'read' 'max_4_read' <Predicate = true> <Delay = 0.00>
ST_1 : Operation 80 [1/1] (0.00ns)   --->   "%max_4_cast = sext i5 %max_4_read"   --->   Operation 80 'sext' 'max_4_cast' <Predicate = true> <Delay = 0.00>
ST_1 : Operation 81 [1/1] (0.46ns)   --->   "%store_ln0 = store i4 1, i4 %countingSort_counter1"   --->   Operation 81 'store' 'store_ln0' <Predicate = true> <Delay = 0.46>
ST_1 : Operation 82 [1/1] (0.46ns)   --->   "%store_ln0 = store i32 %max_4_cast, i32 %max"   --->   Operation 82 'store' 'store_ln0' <Predicate = true> <Delay = 0.46>
ST_1 : Operation 83 [1/1] (0.00ns)   --->   "%br_ln0 = br void %for.body.i6.i"   --->   Operation 83 'br' 'br_ln0' <Predicate = true> <Delay = 0.00>
ST_1 : Operation 84 [1/1] (0.00ns)   --->   "%countingSort_counter1_1 = load i4 %countingSort_counter1" [../../Code/radix/radix.c:21]   --->   Operation 84 'load' 'countingSort_counter1_1' <Predicate = true> <Delay = 0.00>
ST_1 : Operation 85 [1/1] (0.00ns)   --->   "%specpipeline_ln0 = specpipeline void @_ssdm_op_SpecPipeline, i32 4294967295, i32 0, i32 1, i32 0, void @p_str"   --->   Operation 85 'specpipeline' 'specpipeline_ln0' <Predicate = true> <Delay = 0.00>
ST_1 : Operation 86 [1/1] (0.72ns)   --->   "%icmp_ln20 = icmp_eq  i4 %countingSort_counter1_1, i4 8" [../../Code/radix/radix.c:20]   --->   Operation 86 'icmp' 'icmp_ln20' <Predicate = true> <Delay = 0.72> <CoreInst = "Cmp">   --->   Core 9 'Cmp' <Latency = 0> <II = 1> <Delay = 0.72> <FuncUnit> <Opcode : 'icmp'> <InPorts = 2> <OutPorts = 1>
ST_1 : Operation 87 [1/1] (0.00ns)   --->   "%empty = speclooptripcount i32 @_ssdm_op_SpecLoopTripCount, i64 7, i64 7, i64 7"   --->   Operation 87 'speclooptripcount' 'empty' <Predicate = true> <Delay = 0.00>
ST_1 : Operation 88 [1/1] (0.00ns)   --->   "%br_ln20 = br i1 %icmp_ln20, void %for.body.i6.i.split, void %for.inc13.i.i.preheader.exitStub" [../../Code/radix/radix.c:20]   --->   Operation 88 'br' 'br_ln20' <Predicate = true> <Delay = 0.00>
ST_1 : Operation 89 [1/1] (0.00ns)   --->   "%trunc_ln21 = trunc i4 %countingSort_counter1_1" [../../Code/radix/radix.c:21]   --->   Operation 89 'trunc' 'trunc_ln21' <Predicate = (!icmp_ln20)> <Delay = 0.00>
ST_1 : Operation 90 [1/1] (0.00ns)   --->   "%shl_ln1 = bitconcatenate i3 @_ssdm_op_BitConcatenate.i3.i1.i2, i1 %trunc_ln21, i2 0" [../../Code/radix/radix.c:21]   --->   Operation 90 'bitconcatenate' 'shl_ln1' <Predicate = (!icmp_ln20)> <Delay = 0.00>
ST_1 : Operation 91 [1/1] (0.00ns)   --->   "%zext_ln21 = zext i3 %shl_ln1" [../../Code/radix/radix.c:21]   --->   Operation 91 'zext' 'zext_ln21' <Predicate = (!icmp_ln20)> <Delay = 0.00>
ST_1 : Operation 92 [1/1] (0.00ns)   --->   "%vla13_addr_9 = getelementptr i8 %vla13, i64 0, i64 %zext_ln21" [../../Code/radix/radix.c:21]   --->   Operation 92 'getelementptr' 'vla13_addr_9' <Predicate = (!icmp_ln20)> <Delay = 0.00>
ST_1 : Operation 93 [2/2] (0.73ns)   --->   "%vla13_load = load i3 %vla13_addr_9" [../../Code/radix/radix.c:21]   --->   Operation 93 'load' 'vla13_load' <Predicate = (!icmp_ln20)> <Delay = 0.73> <CoreInst = "RAM">   --->   Core 83 'RAM' <Latency = 1> <II = 1> <Delay = 0.73> <Storage> <Opcode : 'load' 'store'> <Ports = 2> <Width = 8> <Depth = 8> <RAM>
ST_1 : Operation 94 [1/1] (0.00ns)   --->   "%or_ln21 = or i3 %shl_ln1, i3 1" [../../Code/radix/radix.c:21]   --->   Operation 94 'or' 'or_ln21' <Predicate = (!icmp_ln20)> <Delay = 0.00>
ST_1 : Operation 95 [1/1] (0.00ns)   --->   "%zext_ln21_1 = zext i3 %or_ln21" [../../Code/radix/radix.c:21]   --->   Operation 95 'zext' 'zext_ln21_1' <Predicate = (!icmp_ln20)> <Delay = 0.00>
ST_1 : Operation 96 [1/1] (0.00ns)   --->   "%vla13_addr_10 = getelementptr i8 %vla13, i64 0, i64 %zext_ln21_1" [../../Code/radix/radix.c:21]   --->   Operation 96 'getelementptr' 'vla13_addr_10' <Predicate = (!icmp_ln20)> <Delay = 0.00>
ST_1 : Operation 97 [2/2] (0.73ns)   --->   "%vla13_load_10 = load i3 %vla13_addr_10" [../../Code/radix/radix.c:21]   --->   Operation 97 'load' 'vla13_load_10' <Predicate = (!icmp_ln20)> <Delay = 0.73> <CoreInst = "RAM">   --->   Core 83 'RAM' <Latency = 1> <II = 1> <Delay = 0.73> <Storage> <Opcode : 'load' 'store'> <Ports = 2> <Width = 8> <Depth = 8> <RAM>
ST_1 : Operation 98 [1/1] (0.80ns)   --->   "%add_ln20 = add i4 %countingSort_counter1_1, i4 1" [../../Code/radix/radix.c:20]   --->   Operation 98 'add' 'add_ln20' <Predicate = (!icmp_ln20)> <Delay = 0.80> <CoreInst = "Adder">   --->   Core 1 'Adder' <Latency = 0> <II = 1> <Delay = 0.80> <FuncUnit> <Opcode : 'add' 'sub'> <InPorts = 2> <OutPorts = 1>
ST_1 : Operation 99 [1/1] (0.46ns)   --->   "%store_ln20 = store i4 %add_ln20, i4 %countingSort_counter1" [../../Code/radix/radix.c:20]   --->   Operation 99 'store' 'store_ln20' <Predicate = (!icmp_ln20)> <Delay = 0.46>

State 2 <SV = 1> <Delay = 0.73>
ST_2 : Operation 100 [1/2] (0.73ns)   --->   "%vla13_load = load i3 %vla13_addr_9" [../../Code/radix/radix.c:21]   --->   Operation 100 'load' 'vla13_load' <Predicate = (!icmp_ln20)> <Delay = 0.73> <CoreInst = "RAM">   --->   Core 83 'RAM' <Latency = 1> <II = 1> <Delay = 0.73> <Storage> <Opcode : 'load' 'store'> <Ports = 2> <Width = 8> <Depth = 8> <RAM>
ST_2 : Operation 101 [1/2] (0.73ns)   --->   "%vla13_load_10 = load i3 %vla13_addr_10" [../../Code/radix/radix.c:21]   --->   Operation 101 'load' 'vla13_load_10' <Predicate = (!icmp_ln20)> <Delay = 0.73> <CoreInst = "RAM">   --->   Core 83 'RAM' <Latency = 1> <II = 1> <Delay = 0.73> <Storage> <Opcode : 'load' 'store'> <Ports = 2> <Width = 8> <Depth = 8> <RAM>
ST_2 : Operation 102 [1/1] (0.00ns)   --->   "%or_ln21_1 = or i3 %shl_ln1, i3 2" [../../Code/radix/radix.c:21]   --->   Operation 102 'or' 'or_ln21_1' <Predicate = (!icmp_ln20)> <Delay = 0.00>
ST_2 : Operation 103 [1/1] (0.00ns)   --->   "%zext_ln21_2 = zext i3 %or_ln21_1" [../../Code/radix/radix.c:21]   --->   Operation 103 'zext' 'zext_ln21_2' <Predicate = (!icmp_ln20)> <Delay = 0.00>
ST_2 : Operation 104 [1/1] (0.00ns)   --->   "%vla13_addr_11 = getelementptr i8 %vla13, i64 0, i64 %zext_ln21_2" [../../Code/radix/radix.c:21]   --->   Operation 104 'getelementptr' 'vla13_addr_11' <Predicate = (!icmp_ln20)> <Delay = 0.00>
ST_2 : Operation 105 [2/2] (0.73ns)   --->   "%vla13_load_11 = load i3 %vla13_addr_11" [../../Code/radix/radix.c:21]   --->   Operation 105 'load' 'vla13_load_11' <Predicate = (!icmp_ln20)> <Delay = 0.73> <CoreInst = "RAM">   --->   Core 83 'RAM' <Latency = 1> <II = 1> <Delay = 0.73> <Storage> <Opcode : 'load' 'store'> <Ports = 2> <Width = 8> <Depth = 8> <RAM>
ST_2 : Operation 106 [1/1] (0.00ns)   --->   "%or_ln21_2 = or i3 %shl_ln1, i3 3" [../../Code/radix/radix.c:21]   --->   Operation 106 'or' 'or_ln21_2' <Predicate = (!icmp_ln20)> <Delay = 0.00>
ST_2 : Operation 107 [1/1] (0.00ns)   --->   "%zext_ln21_3 = zext i3 %or_ln21_2" [../../Code/radix/radix.c:21]   --->   Operation 107 'zext' 'zext_ln21_3' <Predicate = (!icmp_ln20)> <Delay = 0.00>
ST_2 : Operation 108 [1/1] (0.00ns)   --->   "%vla13_addr_12 = getelementptr i8 %vla13, i64 0, i64 %zext_ln21_3" [../../Code/radix/radix.c:21]   --->   Operation 108 'getelementptr' 'vla13_addr_12' <Predicate = (!icmp_ln20)> <Delay = 0.00>
ST_2 : Operation 109 [2/2] (0.73ns)   --->   "%vla13_load_12 = load i3 %vla13_addr_12" [../../Code/radix/radix.c:21]   --->   Operation 109 'load' 'vla13_load_12' <Predicate = (!icmp_ln20)> <Delay = 0.73> <CoreInst = "RAM">   --->   Core 83 'RAM' <Latency = 1> <II = 1> <Delay = 0.73> <Storage> <Opcode : 'load' 'store'> <Ports = 2> <Width = 8> <Depth = 8> <RAM>

State 3 <SV = 2> <Delay = 2.15>
ST_3 : Operation 110 [1/2] (0.73ns)   --->   "%vla13_load_11 = load i3 %vla13_addr_11" [../../Code/radix/radix.c:21]   --->   Operation 110 'load' 'vla13_load_11' <Predicate = true> <Delay = 0.73> <CoreInst = "RAM">   --->   Core 83 'RAM' <Latency = 1> <II = 1> <Delay = 0.73> <Storage> <Opcode : 'load' 'store'> <Ports = 2> <Width = 8> <Depth = 8> <RAM>
ST_3 : Operation 111 [1/2] (0.73ns)   --->   "%vla13_load_12 = load i3 %vla13_addr_12" [../../Code/radix/radix.c:21]   --->   Operation 111 'load' 'vla13_load_12' <Predicate = true> <Delay = 0.73> <CoreInst = "RAM">   --->   Core 83 'RAM' <Latency = 1> <II = 1> <Delay = 0.73> <Storage> <Opcode : 'load' 'store'> <Ports = 2> <Width = 8> <Depth = 8> <RAM>
ST_3 : Operation 112 [1/1] (0.00ns)   --->   "%or_ln21_5 = bitconcatenate i32 @_ssdm_op_BitConcatenate.i32.i8.i8.i8.i8, i8 %vla13_load_12, i8 %vla13_load_11, i8 %vla13_load_10, i8 %vla13_load" [../../Code/radix/radix.c:21]   --->   Operation 112 'bitconcatenate' 'or_ln21_5' <Predicate = true> <Delay = 0.00>
ST_3 : Operation 113 [36/36] (1.42ns)   --->   "%sdiv_ln21 = sdiv i32 %or_ln21_5, i32 %place_1_read" [../../Code/radix/radix.c:21]   --->   Operation 113 'sdiv' 'sdiv_ln21' <Predicate = true> <Delay = 1.42> <CoreInst = "Divider">   --->   Core 6 'Divider' <Latency = 35> <II = 1> <Delay = 1.42> <FuncUnit> <Opcode : 'sdiv' 'srem' 'udiv' 'urem'> <InPorts = 2> <OutPorts = 1>

State 4 <SV = 3> <Delay = 1.42>
ST_4 : Operation 114 [35/36] (1.42ns)   --->   "%sdiv_ln21 = sdiv i32 %or_ln21_5, i32 %place_1_read" [../../Code/radix/radix.c:21]   --->   Operation 114 'sdiv' 'sdiv_ln21' <Predicate = true> <Delay = 1.42> <CoreInst = "Divider">   --->   Core 6 'Divider' <Latency = 35> <II = 1> <Delay = 1.42> <FuncUnit> <Opcode : 'sdiv' 'srem' 'udiv' 'urem'> <InPorts = 2> <OutPorts = 1>

State 5 <SV = 4> <Delay = 1.42>
ST_5 : Operation 115 [34/36] (1.42ns)   --->   "%sdiv_ln21 = sdiv i32 %or_ln21_5, i32 %place_1_read" [../../Code/radix/radix.c:21]   --->   Operation 115 'sdiv' 'sdiv_ln21' <Predicate = true> <Delay = 1.42> <CoreInst = "Divider">   --->   Core 6 'Divider' <Latency = 35> <II = 1> <Delay = 1.42> <FuncUnit> <Opcode : 'sdiv' 'srem' 'udiv' 'urem'> <InPorts = 2> <OutPorts = 1>

State 6 <SV = 5> <Delay = 1.42>
ST_6 : Operation 116 [33/36] (1.42ns)   --->   "%sdiv_ln21 = sdiv i32 %or_ln21_5, i32 %place_1_read" [../../Code/radix/radix.c:21]   --->   Operation 116 'sdiv' 'sdiv_ln21' <Predicate = true> <Delay = 1.42> <CoreInst = "Divider">   --->   Core 6 'Divider' <Latency = 35> <II = 1> <Delay = 1.42> <FuncUnit> <Opcode : 'sdiv' 'srem' 'udiv' 'urem'> <InPorts = 2> <OutPorts = 1>

State 7 <SV = 6> <Delay = 1.42>
ST_7 : Operation 117 [32/36] (1.42ns)   --->   "%sdiv_ln21 = sdiv i32 %or_ln21_5, i32 %place_1_read" [../../Code/radix/radix.c:21]   --->   Operation 117 'sdiv' 'sdiv_ln21' <Predicate = true> <Delay = 1.42> <CoreInst = "Divider">   --->   Core 6 'Divider' <Latency = 35> <II = 1> <Delay = 1.42> <FuncUnit> <Opcode : 'sdiv' 'srem' 'udiv' 'urem'> <InPorts = 2> <OutPorts = 1>

State 8 <SV = 7> <Delay = 1.42>
ST_8 : Operation 118 [31/36] (1.42ns)   --->   "%sdiv_ln21 = sdiv i32 %or_ln21_5, i32 %place_1_read" [../../Code/radix/radix.c:21]   --->   Operation 118 'sdiv' 'sdiv_ln21' <Predicate = true> <Delay = 1.42> <CoreInst = "Divider">   --->   Core 6 'Divider' <Latency = 35> <II = 1> <Delay = 1.42> <FuncUnit> <Opcode : 'sdiv' 'srem' 'udiv' 'urem'> <InPorts = 2> <OutPorts = 1>

State 9 <SV = 8> <Delay = 1.42>
ST_9 : Operation 119 [30/36] (1.42ns)   --->   "%sdiv_ln21 = sdiv i32 %or_ln21_5, i32 %place_1_read" [../../Code/radix/radix.c:21]   --->   Operation 119 'sdiv' 'sdiv_ln21' <Predicate = true> <Delay = 1.42> <CoreInst = "Divider">   --->   Core 6 'Divider' <Latency = 35> <II = 1> <Delay = 1.42> <FuncUnit> <Opcode : 'sdiv' 'srem' 'udiv' 'urem'> <InPorts = 2> <OutPorts = 1>

State 10 <SV = 9> <Delay = 1.42>
ST_10 : Operation 120 [29/36] (1.42ns)   --->   "%sdiv_ln21 = sdiv i32 %or_ln21_5, i32 %place_1_read" [../../Code/radix/radix.c:21]   --->   Operation 120 'sdiv' 'sdiv_ln21' <Predicate = true> <Delay = 1.42> <CoreInst = "Divider">   --->   Core 6 'Divider' <Latency = 35> <II = 1> <Delay = 1.42> <FuncUnit> <Opcode : 'sdiv' 'srem' 'udiv' 'urem'> <InPorts = 2> <OutPorts = 1>

State 11 <SV = 10> <Delay = 1.42>
ST_11 : Operation 121 [28/36] (1.42ns)   --->   "%sdiv_ln21 = sdiv i32 %or_ln21_5, i32 %place_1_read" [../../Code/radix/radix.c:21]   --->   Operation 121 'sdiv' 'sdiv_ln21' <Predicate = true> <Delay = 1.42> <CoreInst = "Divider">   --->   Core 6 'Divider' <Latency = 35> <II = 1> <Delay = 1.42> <FuncUnit> <Opcode : 'sdiv' 'srem' 'udiv' 'urem'> <InPorts = 2> <OutPorts = 1>

State 12 <SV = 11> <Delay = 1.42>
ST_12 : Operation 122 [27/36] (1.42ns)   --->   "%sdiv_ln21 = sdiv i32 %or_ln21_5, i32 %place_1_read" [../../Code/radix/radix.c:21]   --->   Operation 122 'sdiv' 'sdiv_ln21' <Predicate = true> <Delay = 1.42> <CoreInst = "Divider">   --->   Core 6 'Divider' <Latency = 35> <II = 1> <Delay = 1.42> <FuncUnit> <Opcode : 'sdiv' 'srem' 'udiv' 'urem'> <InPorts = 2> <OutPorts = 1>

State 13 <SV = 12> <Delay = 1.42>
ST_13 : Operation 123 [26/36] (1.42ns)   --->   "%sdiv_ln21 = sdiv i32 %or_ln21_5, i32 %place_1_read" [../../Code/radix/radix.c:21]   --->   Operation 123 'sdiv' 'sdiv_ln21' <Predicate = true> <Delay = 1.42> <CoreInst = "Divider">   --->   Core 6 'Divider' <Latency = 35> <II = 1> <Delay = 1.42> <FuncUnit> <Opcode : 'sdiv' 'srem' 'udiv' 'urem'> <InPorts = 2> <OutPorts = 1>

State 14 <SV = 13> <Delay = 1.42>
ST_14 : Operation 124 [25/36] (1.42ns)   --->   "%sdiv_ln21 = sdiv i32 %or_ln21_5, i32 %place_1_read" [../../Code/radix/radix.c:21]   --->   Operation 124 'sdiv' 'sdiv_ln21' <Predicate = true> <Delay = 1.42> <CoreInst = "Divider">   --->   Core 6 'Divider' <Latency = 35> <II = 1> <Delay = 1.42> <FuncUnit> <Opcode : 'sdiv' 'srem' 'udiv' 'urem'> <InPorts = 2> <OutPorts = 1>

State 15 <SV = 14> <Delay = 1.42>
ST_15 : Operation 125 [24/36] (1.42ns)   --->   "%sdiv_ln21 = sdiv i32 %or_ln21_5, i32 %place_1_read" [../../Code/radix/radix.c:21]   --->   Operation 125 'sdiv' 'sdiv_ln21' <Predicate = true> <Delay = 1.42> <CoreInst = "Divider">   --->   Core 6 'Divider' <Latency = 35> <II = 1> <Delay = 1.42> <FuncUnit> <Opcode : 'sdiv' 'srem' 'udiv' 'urem'> <InPorts = 2> <OutPorts = 1>

State 16 <SV = 15> <Delay = 1.42>
ST_16 : Operation 126 [23/36] (1.42ns)   --->   "%sdiv_ln21 = sdiv i32 %or_ln21_5, i32 %place_1_read" [../../Code/radix/radix.c:21]   --->   Operation 126 'sdiv' 'sdiv_ln21' <Predicate = true> <Delay = 1.42> <CoreInst = "Divider">   --->   Core 6 'Divider' <Latency = 35> <II = 1> <Delay = 1.42> <FuncUnit> <Opcode : 'sdiv' 'srem' 'udiv' 'urem'> <InPorts = 2> <OutPorts = 1>

State 17 <SV = 16> <Delay = 1.42>
ST_17 : Operation 127 [22/36] (1.42ns)   --->   "%sdiv_ln21 = sdiv i32 %or_ln21_5, i32 %place_1_read" [../../Code/radix/radix.c:21]   --->   Operation 127 'sdiv' 'sdiv_ln21' <Predicate = true> <Delay = 1.42> <CoreInst = "Divider">   --->   Core 6 'Divider' <Latency = 35> <II = 1> <Delay = 1.42> <FuncUnit> <Opcode : 'sdiv' 'srem' 'udiv' 'urem'> <InPorts = 2> <OutPorts = 1>

State 18 <SV = 17> <Delay = 1.42>
ST_18 : Operation 128 [21/36] (1.42ns)   --->   "%sdiv_ln21 = sdiv i32 %or_ln21_5, i32 %place_1_read" [../../Code/radix/radix.c:21]   --->   Operation 128 'sdiv' 'sdiv_ln21' <Predicate = true> <Delay = 1.42> <CoreInst = "Divider">   --->   Core 6 'Divider' <Latency = 35> <II = 1> <Delay = 1.42> <FuncUnit> <Opcode : 'sdiv' 'srem' 'udiv' 'urem'> <InPorts = 2> <OutPorts = 1>

State 19 <SV = 18> <Delay = 1.42>
ST_19 : Operation 129 [20/36] (1.42ns)   --->   "%sdiv_ln21 = sdiv i32 %or_ln21_5, i32 %place_1_read" [../../Code/radix/radix.c:21]   --->   Operation 129 'sdiv' 'sdiv_ln21' <Predicate = true> <Delay = 1.42> <CoreInst = "Divider">   --->   Core 6 'Divider' <Latency = 35> <II = 1> <Delay = 1.42> <FuncUnit> <Opcode : 'sdiv' 'srem' 'udiv' 'urem'> <InPorts = 2> <OutPorts = 1>

State 20 <SV = 19> <Delay = 1.42>
ST_20 : Operation 130 [19/36] (1.42ns)   --->   "%sdiv_ln21 = sdiv i32 %or_ln21_5, i32 %place_1_read" [../../Code/radix/radix.c:21]   --->   Operation 130 'sdiv' 'sdiv_ln21' <Predicate = true> <Delay = 1.42> <CoreInst = "Divider">   --->   Core 6 'Divider' <Latency = 35> <II = 1> <Delay = 1.42> <FuncUnit> <Opcode : 'sdiv' 'srem' 'udiv' 'urem'> <InPorts = 2> <OutPorts = 1>

State 21 <SV = 20> <Delay = 1.42>
ST_21 : Operation 131 [18/36] (1.42ns)   --->   "%sdiv_ln21 = sdiv i32 %or_ln21_5, i32 %place_1_read" [../../Code/radix/radix.c:21]   --->   Operation 131 'sdiv' 'sdiv_ln21' <Predicate = true> <Delay = 1.42> <CoreInst = "Divider">   --->   Core 6 'Divider' <Latency = 35> <II = 1> <Delay = 1.42> <FuncUnit> <Opcode : 'sdiv' 'srem' 'udiv' 'urem'> <InPorts = 2> <OutPorts = 1>

State 22 <SV = 21> <Delay = 1.42>
ST_22 : Operation 132 [17/36] (1.42ns)   --->   "%sdiv_ln21 = sdiv i32 %or_ln21_5, i32 %place_1_read" [../../Code/radix/radix.c:21]   --->   Operation 132 'sdiv' 'sdiv_ln21' <Predicate = true> <Delay = 1.42> <CoreInst = "Divider">   --->   Core 6 'Divider' <Latency = 35> <II = 1> <Delay = 1.42> <FuncUnit> <Opcode : 'sdiv' 'srem' 'udiv' 'urem'> <InPorts = 2> <OutPorts = 1>

State 23 <SV = 22> <Delay = 1.42>
ST_23 : Operation 133 [16/36] (1.42ns)   --->   "%sdiv_ln21 = sdiv i32 %or_ln21_5, i32 %place_1_read" [../../Code/radix/radix.c:21]   --->   Operation 133 'sdiv' 'sdiv_ln21' <Predicate = true> <Delay = 1.42> <CoreInst = "Divider">   --->   Core 6 'Divider' <Latency = 35> <II = 1> <Delay = 1.42> <FuncUnit> <Opcode : 'sdiv' 'srem' 'udiv' 'urem'> <InPorts = 2> <OutPorts = 1>

State 24 <SV = 23> <Delay = 1.42>
ST_24 : Operation 134 [15/36] (1.42ns)   --->   "%sdiv_ln21 = sdiv i32 %or_ln21_5, i32 %place_1_read" [../../Code/radix/radix.c:21]   --->   Operation 134 'sdiv' 'sdiv_ln21' <Predicate = true> <Delay = 1.42> <CoreInst = "Divider">   --->   Core 6 'Divider' <Latency = 35> <II = 1> <Delay = 1.42> <FuncUnit> <Opcode : 'sdiv' 'srem' 'udiv' 'urem'> <InPorts = 2> <OutPorts = 1>

State 25 <SV = 24> <Delay = 1.42>
ST_25 : Operation 135 [14/36] (1.42ns)   --->   "%sdiv_ln21 = sdiv i32 %or_ln21_5, i32 %place_1_read" [../../Code/radix/radix.c:21]   --->   Operation 135 'sdiv' 'sdiv_ln21' <Predicate = true> <Delay = 1.42> <CoreInst = "Divider">   --->   Core 6 'Divider' <Latency = 35> <II = 1> <Delay = 1.42> <FuncUnit> <Opcode : 'sdiv' 'srem' 'udiv' 'urem'> <InPorts = 2> <OutPorts = 1>

State 26 <SV = 25> <Delay = 1.42>
ST_26 : Operation 136 [13/36] (1.42ns)   --->   "%sdiv_ln21 = sdiv i32 %or_ln21_5, i32 %place_1_read" [../../Code/radix/radix.c:21]   --->   Operation 136 'sdiv' 'sdiv_ln21' <Predicate = true> <Delay = 1.42> <CoreInst = "Divider">   --->   Core 6 'Divider' <Latency = 35> <II = 1> <Delay = 1.42> <FuncUnit> <Opcode : 'sdiv' 'srem' 'udiv' 'urem'> <InPorts = 2> <OutPorts = 1>

State 27 <SV = 26> <Delay = 1.42>
ST_27 : Operation 137 [12/36] (1.42ns)   --->   "%sdiv_ln21 = sdiv i32 %or_ln21_5, i32 %place_1_read" [../../Code/radix/radix.c:21]   --->   Operation 137 'sdiv' 'sdiv_ln21' <Predicate = true> <Delay = 1.42> <CoreInst = "Divider">   --->   Core 6 'Divider' <Latency = 35> <II = 1> <Delay = 1.42> <FuncUnit> <Opcode : 'sdiv' 'srem' 'udiv' 'urem'> <InPorts = 2> <OutPorts = 1>

State 28 <SV = 27> <Delay = 1.42>
ST_28 : Operation 138 [11/36] (1.42ns)   --->   "%sdiv_ln21 = sdiv i32 %or_ln21_5, i32 %place_1_read" [../../Code/radix/radix.c:21]   --->   Operation 138 'sdiv' 'sdiv_ln21' <Predicate = true> <Delay = 1.42> <CoreInst = "Divider">   --->   Core 6 'Divider' <Latency = 35> <II = 1> <Delay = 1.42> <FuncUnit> <Opcode : 'sdiv' 'srem' 'udiv' 'urem'> <InPorts = 2> <OutPorts = 1>

State 29 <SV = 28> <Delay = 1.42>
ST_29 : Operation 139 [10/36] (1.42ns)   --->   "%sdiv_ln21 = sdiv i32 %or_ln21_5, i32 %place_1_read" [../../Code/radix/radix.c:21]   --->   Operation 139 'sdiv' 'sdiv_ln21' <Predicate = true> <Delay = 1.42> <CoreInst = "Divider">   --->   Core 6 'Divider' <Latency = 35> <II = 1> <Delay = 1.42> <FuncUnit> <Opcode : 'sdiv' 'srem' 'udiv' 'urem'> <InPorts = 2> <OutPorts = 1>

State 30 <SV = 29> <Delay = 1.42>
ST_30 : Operation 140 [9/36] (1.42ns)   --->   "%sdiv_ln21 = sdiv i32 %or_ln21_5, i32 %place_1_read" [../../Code/radix/radix.c:21]   --->   Operation 140 'sdiv' 'sdiv_ln21' <Predicate = true> <Delay = 1.42> <CoreInst = "Divider">   --->   Core 6 'Divider' <Latency = 35> <II = 1> <Delay = 1.42> <FuncUnit> <Opcode : 'sdiv' 'srem' 'udiv' 'urem'> <InPorts = 2> <OutPorts = 1>

State 31 <SV = 30> <Delay = 1.42>
ST_31 : Operation 141 [8/36] (1.42ns)   --->   "%sdiv_ln21 = sdiv i32 %or_ln21_5, i32 %place_1_read" [../../Code/radix/radix.c:21]   --->   Operation 141 'sdiv' 'sdiv_ln21' <Predicate = true> <Delay = 1.42> <CoreInst = "Divider">   --->   Core 6 'Divider' <Latency = 35> <II = 1> <Delay = 1.42> <FuncUnit> <Opcode : 'sdiv' 'srem' 'udiv' 'urem'> <InPorts = 2> <OutPorts = 1>

State 32 <SV = 31> <Delay = 1.42>
ST_32 : Operation 142 [7/36] (1.42ns)   --->   "%sdiv_ln21 = sdiv i32 %or_ln21_5, i32 %place_1_read" [../../Code/radix/radix.c:21]   --->   Operation 142 'sdiv' 'sdiv_ln21' <Predicate = true> <Delay = 1.42> <CoreInst = "Divider">   --->   Core 6 'Divider' <Latency = 35> <II = 1> <Delay = 1.42> <FuncUnit> <Opcode : 'sdiv' 'srem' 'udiv' 'urem'> <InPorts = 2> <OutPorts = 1>

State 33 <SV = 32> <Delay = 1.42>
ST_33 : Operation 143 [6/36] (1.42ns)   --->   "%sdiv_ln21 = sdiv i32 %or_ln21_5, i32 %place_1_read" [../../Code/radix/radix.c:21]   --->   Operation 143 'sdiv' 'sdiv_ln21' <Predicate = true> <Delay = 1.42> <CoreInst = "Divider">   --->   Core 6 'Divider' <Latency = 35> <II = 1> <Delay = 1.42> <FuncUnit> <Opcode : 'sdiv' 'srem' 'udiv' 'urem'> <InPorts = 2> <OutPorts = 1>

State 34 <SV = 33> <Delay = 1.42>
ST_34 : Operation 144 [5/36] (1.42ns)   --->   "%sdiv_ln21 = sdiv i32 %or_ln21_5, i32 %place_1_read" [../../Code/radix/radix.c:21]   --->   Operation 144 'sdiv' 'sdiv_ln21' <Predicate = true> <Delay = 1.42> <CoreInst = "Divider">   --->   Core 6 'Divider' <Latency = 35> <II = 1> <Delay = 1.42> <FuncUnit> <Opcode : 'sdiv' 'srem' 'udiv' 'urem'> <InPorts = 2> <OutPorts = 1>

State 35 <SV = 34> <Delay = 1.42>
ST_35 : Operation 145 [4/36] (1.42ns)   --->   "%sdiv_ln21 = sdiv i32 %or_ln21_5, i32 %place_1_read" [../../Code/radix/radix.c:21]   --->   Operation 145 'sdiv' 'sdiv_ln21' <Predicate = true> <Delay = 1.42> <CoreInst = "Divider">   --->   Core 6 'Divider' <Latency = 35> <II = 1> <Delay = 1.42> <FuncUnit> <Opcode : 'sdiv' 'srem' 'udiv' 'urem'> <InPorts = 2> <OutPorts = 1>

State 36 <SV = 35> <Delay = 1.42>
ST_36 : Operation 146 [3/36] (1.42ns)   --->   "%sdiv_ln21 = sdiv i32 %or_ln21_5, i32 %place_1_read" [../../Code/radix/radix.c:21]   --->   Operation 146 'sdiv' 'sdiv_ln21' <Predicate = true> <Delay = 1.42> <CoreInst = "Divider">   --->   Core 6 'Divider' <Latency = 35> <II = 1> <Delay = 1.42> <FuncUnit> <Opcode : 'sdiv' 'srem' 'udiv' 'urem'> <InPorts = 2> <OutPorts = 1>

State 37 <SV = 36> <Delay = 1.42>
ST_37 : Operation 147 [2/36] (1.42ns)   --->   "%sdiv_ln21 = sdiv i32 %or_ln21_5, i32 %place_1_read" [../../Code/radix/radix.c:21]   --->   Operation 147 'sdiv' 'sdiv_ln21' <Predicate = true> <Delay = 1.42> <CoreInst = "Divider">   --->   Core 6 'Divider' <Latency = 35> <II = 1> <Delay = 1.42> <FuncUnit> <Opcode : 'sdiv' 'srem' 'udiv' 'urem'> <InPorts = 2> <OutPorts = 1>

State 38 <SV = 37> <Delay = 2.84>
ST_38 : Operation 148 [1/36] (1.42ns)   --->   "%sdiv_ln21 = sdiv i32 %or_ln21_5, i32 %place_1_read" [../../Code/radix/radix.c:21]   --->   Operation 148 'sdiv' 'sdiv_ln21' <Predicate = true> <Delay = 1.42> <CoreInst = "Divider">   --->   Core 6 'Divider' <Latency = 35> <II = 1> <Delay = 1.42> <FuncUnit> <Opcode : 'sdiv' 'srem' 'udiv' 'urem'> <InPorts = 2> <OutPorts = 1>
ST_38 : Operation 149 [36/36] (1.42ns)   --->   "%srem_ln21 = srem i32 %sdiv_ln21, i32 10" [../../Code/radix/radix.c:21]   --->   Operation 149 'srem' 'srem_ln21' <Predicate = true> <Delay = 1.42> <CoreInst = "Divider">   --->   Core 6 'Divider' <Latency = 35> <II = 1> <Delay = 1.42> <FuncUnit> <Opcode : 'sdiv' 'srem' 'udiv' 'urem'> <InPorts = 2> <OutPorts = 1>

State 39 <SV = 38> <Delay = 1.42>
ST_39 : Operation 150 [35/36] (1.42ns)   --->   "%srem_ln21 = srem i32 %sdiv_ln21, i32 10" [../../Code/radix/radix.c:21]   --->   Operation 150 'srem' 'srem_ln21' <Predicate = true> <Delay = 1.42> <CoreInst = "Divider">   --->   Core 6 'Divider' <Latency = 35> <II = 1> <Delay = 1.42> <FuncUnit> <Opcode : 'sdiv' 'srem' 'udiv' 'urem'> <InPorts = 2> <OutPorts = 1>

State 40 <SV = 39> <Delay = 1.42>
ST_40 : Operation 151 [34/36] (1.42ns)   --->   "%srem_ln21 = srem i32 %sdiv_ln21, i32 10" [../../Code/radix/radix.c:21]   --->   Operation 151 'srem' 'srem_ln21' <Predicate = true> <Delay = 1.42> <CoreInst = "Divider">   --->   Core 6 'Divider' <Latency = 35> <II = 1> <Delay = 1.42> <FuncUnit> <Opcode : 'sdiv' 'srem' 'udiv' 'urem'> <InPorts = 2> <OutPorts = 1>

State 41 <SV = 40> <Delay = 1.42>
ST_41 : Operation 152 [33/36] (1.42ns)   --->   "%srem_ln21 = srem i32 %sdiv_ln21, i32 10" [../../Code/radix/radix.c:21]   --->   Operation 152 'srem' 'srem_ln21' <Predicate = true> <Delay = 1.42> <CoreInst = "Divider">   --->   Core 6 'Divider' <Latency = 35> <II = 1> <Delay = 1.42> <FuncUnit> <Opcode : 'sdiv' 'srem' 'udiv' 'urem'> <InPorts = 2> <OutPorts = 1>

State 42 <SV = 41> <Delay = 1.42>
ST_42 : Operation 153 [32/36] (1.42ns)   --->   "%srem_ln21 = srem i32 %sdiv_ln21, i32 10" [../../Code/radix/radix.c:21]   --->   Operation 153 'srem' 'srem_ln21' <Predicate = true> <Delay = 1.42> <CoreInst = "Divider">   --->   Core 6 'Divider' <Latency = 35> <II = 1> <Delay = 1.42> <FuncUnit> <Opcode : 'sdiv' 'srem' 'udiv' 'urem'> <InPorts = 2> <OutPorts = 1>

State 43 <SV = 42> <Delay = 1.42>
ST_43 : Operation 154 [31/36] (1.42ns)   --->   "%srem_ln21 = srem i32 %sdiv_ln21, i32 10" [../../Code/radix/radix.c:21]   --->   Operation 154 'srem' 'srem_ln21' <Predicate = true> <Delay = 1.42> <CoreInst = "Divider">   --->   Core 6 'Divider' <Latency = 35> <II = 1> <Delay = 1.42> <FuncUnit> <Opcode : 'sdiv' 'srem' 'udiv' 'urem'> <InPorts = 2> <OutPorts = 1>

State 44 <SV = 43> <Delay = 1.42>
ST_44 : Operation 155 [30/36] (1.42ns)   --->   "%srem_ln21 = srem i32 %sdiv_ln21, i32 10" [../../Code/radix/radix.c:21]   --->   Operation 155 'srem' 'srem_ln21' <Predicate = true> <Delay = 1.42> <CoreInst = "Divider">   --->   Core 6 'Divider' <Latency = 35> <II = 1> <Delay = 1.42> <FuncUnit> <Opcode : 'sdiv' 'srem' 'udiv' 'urem'> <InPorts = 2> <OutPorts = 1>

State 45 <SV = 44> <Delay = 1.42>
ST_45 : Operation 156 [29/36] (1.42ns)   --->   "%srem_ln21 = srem i32 %sdiv_ln21, i32 10" [../../Code/radix/radix.c:21]   --->   Operation 156 'srem' 'srem_ln21' <Predicate = true> <Delay = 1.42> <CoreInst = "Divider">   --->   Core 6 'Divider' <Latency = 35> <II = 1> <Delay = 1.42> <FuncUnit> <Opcode : 'sdiv' 'srem' 'udiv' 'urem'> <InPorts = 2> <OutPorts = 1>

State 46 <SV = 45> <Delay = 1.42>
ST_46 : Operation 157 [28/36] (1.42ns)   --->   "%srem_ln21 = srem i32 %sdiv_ln21, i32 10" [../../Code/radix/radix.c:21]   --->   Operation 157 'srem' 'srem_ln21' <Predicate = true> <Delay = 1.42> <CoreInst = "Divider">   --->   Core 6 'Divider' <Latency = 35> <II = 1> <Delay = 1.42> <FuncUnit> <Opcode : 'sdiv' 'srem' 'udiv' 'urem'> <InPorts = 2> <OutPorts = 1>

State 47 <SV = 46> <Delay = 1.42>
ST_47 : Operation 158 [27/36] (1.42ns)   --->   "%srem_ln21 = srem i32 %sdiv_ln21, i32 10" [../../Code/radix/radix.c:21]   --->   Operation 158 'srem' 'srem_ln21' <Predicate = true> <Delay = 1.42> <CoreInst = "Divider">   --->   Core 6 'Divider' <Latency = 35> <II = 1> <Delay = 1.42> <FuncUnit> <Opcode : 'sdiv' 'srem' 'udiv' 'urem'> <InPorts = 2> <OutPorts = 1>

State 48 <SV = 47> <Delay = 1.42>
ST_48 : Operation 159 [26/36] (1.42ns)   --->   "%srem_ln21 = srem i32 %sdiv_ln21, i32 10" [../../Code/radix/radix.c:21]   --->   Operation 159 'srem' 'srem_ln21' <Predicate = true> <Delay = 1.42> <CoreInst = "Divider">   --->   Core 6 'Divider' <Latency = 35> <II = 1> <Delay = 1.42> <FuncUnit> <Opcode : 'sdiv' 'srem' 'udiv' 'urem'> <InPorts = 2> <OutPorts = 1>

State 49 <SV = 48> <Delay = 1.42>
ST_49 : Operation 160 [25/36] (1.42ns)   --->   "%srem_ln21 = srem i32 %sdiv_ln21, i32 10" [../../Code/radix/radix.c:21]   --->   Operation 160 'srem' 'srem_ln21' <Predicate = true> <Delay = 1.42> <CoreInst = "Divider">   --->   Core 6 'Divider' <Latency = 35> <II = 1> <Delay = 1.42> <FuncUnit> <Opcode : 'sdiv' 'srem' 'udiv' 'urem'> <InPorts = 2> <OutPorts = 1>

State 50 <SV = 49> <Delay = 1.42>
ST_50 : Operation 161 [24/36] (1.42ns)   --->   "%srem_ln21 = srem i32 %sdiv_ln21, i32 10" [../../Code/radix/radix.c:21]   --->   Operation 161 'srem' 'srem_ln21' <Predicate = true> <Delay = 1.42> <CoreInst = "Divider">   --->   Core 6 'Divider' <Latency = 35> <II = 1> <Delay = 1.42> <FuncUnit> <Opcode : 'sdiv' 'srem' 'udiv' 'urem'> <InPorts = 2> <OutPorts = 1>

State 51 <SV = 50> <Delay = 1.42>
ST_51 : Operation 162 [23/36] (1.42ns)   --->   "%srem_ln21 = srem i32 %sdiv_ln21, i32 10" [../../Code/radix/radix.c:21]   --->   Operation 162 'srem' 'srem_ln21' <Predicate = true> <Delay = 1.42> <CoreInst = "Divider">   --->   Core 6 'Divider' <Latency = 35> <II = 1> <Delay = 1.42> <FuncUnit> <Opcode : 'sdiv' 'srem' 'udiv' 'urem'> <InPorts = 2> <OutPorts = 1>

State 52 <SV = 51> <Delay = 1.42>
ST_52 : Operation 163 [22/36] (1.42ns)   --->   "%srem_ln21 = srem i32 %sdiv_ln21, i32 10" [../../Code/radix/radix.c:21]   --->   Operation 163 'srem' 'srem_ln21' <Predicate = true> <Delay = 1.42> <CoreInst = "Divider">   --->   Core 6 'Divider' <Latency = 35> <II = 1> <Delay = 1.42> <FuncUnit> <Opcode : 'sdiv' 'srem' 'udiv' 'urem'> <InPorts = 2> <OutPorts = 1>

State 53 <SV = 52> <Delay = 1.42>
ST_53 : Operation 164 [21/36] (1.42ns)   --->   "%srem_ln21 = srem i32 %sdiv_ln21, i32 10" [../../Code/radix/radix.c:21]   --->   Operation 164 'srem' 'srem_ln21' <Predicate = true> <Delay = 1.42> <CoreInst = "Divider">   --->   Core 6 'Divider' <Latency = 35> <II = 1> <Delay = 1.42> <FuncUnit> <Opcode : 'sdiv' 'srem' 'udiv' 'urem'> <InPorts = 2> <OutPorts = 1>

State 54 <SV = 53> <Delay = 1.42>
ST_54 : Operation 165 [20/36] (1.42ns)   --->   "%srem_ln21 = srem i32 %sdiv_ln21, i32 10" [../../Code/radix/radix.c:21]   --->   Operation 165 'srem' 'srem_ln21' <Predicate = true> <Delay = 1.42> <CoreInst = "Divider">   --->   Core 6 'Divider' <Latency = 35> <II = 1> <Delay = 1.42> <FuncUnit> <Opcode : 'sdiv' 'srem' 'udiv' 'urem'> <InPorts = 2> <OutPorts = 1>

State 55 <SV = 54> <Delay = 1.42>
ST_55 : Operation 166 [19/36] (1.42ns)   --->   "%srem_ln21 = srem i32 %sdiv_ln21, i32 10" [../../Code/radix/radix.c:21]   --->   Operation 166 'srem' 'srem_ln21' <Predicate = true> <Delay = 1.42> <CoreInst = "Divider">   --->   Core 6 'Divider' <Latency = 35> <II = 1> <Delay = 1.42> <FuncUnit> <Opcode : 'sdiv' 'srem' 'udiv' 'urem'> <InPorts = 2> <OutPorts = 1>

State 56 <SV = 55> <Delay = 1.42>
ST_56 : Operation 167 [18/36] (1.42ns)   --->   "%srem_ln21 = srem i32 %sdiv_ln21, i32 10" [../../Code/radix/radix.c:21]   --->   Operation 167 'srem' 'srem_ln21' <Predicate = true> <Delay = 1.42> <CoreInst = "Divider">   --->   Core 6 'Divider' <Latency = 35> <II = 1> <Delay = 1.42> <FuncUnit> <Opcode : 'sdiv' 'srem' 'udiv' 'urem'> <InPorts = 2> <OutPorts = 1>

State 57 <SV = 56> <Delay = 1.42>
ST_57 : Operation 168 [17/36] (1.42ns)   --->   "%srem_ln21 = srem i32 %sdiv_ln21, i32 10" [../../Code/radix/radix.c:21]   --->   Operation 168 'srem' 'srem_ln21' <Predicate = true> <Delay = 1.42> <CoreInst = "Divider">   --->   Core 6 'Divider' <Latency = 35> <II = 1> <Delay = 1.42> <FuncUnit> <Opcode : 'sdiv' 'srem' 'udiv' 'urem'> <InPorts = 2> <OutPorts = 1>

State 58 <SV = 57> <Delay = 1.42>
ST_58 : Operation 169 [16/36] (1.42ns)   --->   "%srem_ln21 = srem i32 %sdiv_ln21, i32 10" [../../Code/radix/radix.c:21]   --->   Operation 169 'srem' 'srem_ln21' <Predicate = true> <Delay = 1.42> <CoreInst = "Divider">   --->   Core 6 'Divider' <Latency = 35> <II = 1> <Delay = 1.42> <FuncUnit> <Opcode : 'sdiv' 'srem' 'udiv' 'urem'> <InPorts = 2> <OutPorts = 1>

State 59 <SV = 58> <Delay = 1.42>
ST_59 : Operation 170 [15/36] (1.42ns)   --->   "%srem_ln21 = srem i32 %sdiv_ln21, i32 10" [../../Code/radix/radix.c:21]   --->   Operation 170 'srem' 'srem_ln21' <Predicate = true> <Delay = 1.42> <CoreInst = "Divider">   --->   Core 6 'Divider' <Latency = 35> <II = 1> <Delay = 1.42> <FuncUnit> <Opcode : 'sdiv' 'srem' 'udiv' 'urem'> <InPorts = 2> <OutPorts = 1>

State 60 <SV = 59> <Delay = 1.42>
ST_60 : Operation 171 [14/36] (1.42ns)   --->   "%srem_ln21 = srem i32 %sdiv_ln21, i32 10" [../../Code/radix/radix.c:21]   --->   Operation 171 'srem' 'srem_ln21' <Predicate = true> <Delay = 1.42> <CoreInst = "Divider">   --->   Core 6 'Divider' <Latency = 35> <II = 1> <Delay = 1.42> <FuncUnit> <Opcode : 'sdiv' 'srem' 'udiv' 'urem'> <InPorts = 2> <OutPorts = 1>

State 61 <SV = 60> <Delay = 1.42>
ST_61 : Operation 172 [13/36] (1.42ns)   --->   "%srem_ln21 = srem i32 %sdiv_ln21, i32 10" [../../Code/radix/radix.c:21]   --->   Operation 172 'srem' 'srem_ln21' <Predicate = true> <Delay = 1.42> <CoreInst = "Divider">   --->   Core 6 'Divider' <Latency = 35> <II = 1> <Delay = 1.42> <FuncUnit> <Opcode : 'sdiv' 'srem' 'udiv' 'urem'> <InPorts = 2> <OutPorts = 1>

State 62 <SV = 61> <Delay = 1.42>
ST_62 : Operation 173 [12/36] (1.42ns)   --->   "%srem_ln21 = srem i32 %sdiv_ln21, i32 10" [../../Code/radix/radix.c:21]   --->   Operation 173 'srem' 'srem_ln21' <Predicate = true> <Delay = 1.42> <CoreInst = "Divider">   --->   Core 6 'Divider' <Latency = 35> <II = 1> <Delay = 1.42> <FuncUnit> <Opcode : 'sdiv' 'srem' 'udiv' 'urem'> <InPorts = 2> <OutPorts = 1>

State 63 <SV = 62> <Delay = 1.42>
ST_63 : Operation 174 [11/36] (1.42ns)   --->   "%srem_ln21 = srem i32 %sdiv_ln21, i32 10" [../../Code/radix/radix.c:21]   --->   Operation 174 'srem' 'srem_ln21' <Predicate = true> <Delay = 1.42> <CoreInst = "Divider">   --->   Core 6 'Divider' <Latency = 35> <II = 1> <Delay = 1.42> <FuncUnit> <Opcode : 'sdiv' 'srem' 'udiv' 'urem'> <InPorts = 2> <OutPorts = 1>

State 64 <SV = 63> <Delay = 1.42>
ST_64 : Operation 175 [10/36] (1.42ns)   --->   "%srem_ln21 = srem i32 %sdiv_ln21, i32 10" [../../Code/radix/radix.c:21]   --->   Operation 175 'srem' 'srem_ln21' <Predicate = true> <Delay = 1.42> <CoreInst = "Divider">   --->   Core 6 'Divider' <Latency = 35> <II = 1> <Delay = 1.42> <FuncUnit> <Opcode : 'sdiv' 'srem' 'udiv' 'urem'> <InPorts = 2> <OutPorts = 1>

State 65 <SV = 64> <Delay = 1.42>
ST_65 : Operation 176 [9/36] (1.42ns)   --->   "%srem_ln21 = srem i32 %sdiv_ln21, i32 10" [../../Code/radix/radix.c:21]   --->   Operation 176 'srem' 'srem_ln21' <Predicate = true> <Delay = 1.42> <CoreInst = "Divider">   --->   Core 6 'Divider' <Latency = 35> <II = 1> <Delay = 1.42> <FuncUnit> <Opcode : 'sdiv' 'srem' 'udiv' 'urem'> <InPorts = 2> <OutPorts = 1>

State 66 <SV = 65> <Delay = 1.42>
ST_66 : Operation 177 [8/36] (1.42ns)   --->   "%srem_ln21 = srem i32 %sdiv_ln21, i32 10" [../../Code/radix/radix.c:21]   --->   Operation 177 'srem' 'srem_ln21' <Predicate = true> <Delay = 1.42> <CoreInst = "Divider">   --->   Core 6 'Divider' <Latency = 35> <II = 1> <Delay = 1.42> <FuncUnit> <Opcode : 'sdiv' 'srem' 'udiv' 'urem'> <InPorts = 2> <OutPorts = 1>

State 67 <SV = 66> <Delay = 1.42>
ST_67 : Operation 178 [7/36] (1.42ns)   --->   "%srem_ln21 = srem i32 %sdiv_ln21, i32 10" [../../Code/radix/radix.c:21]   --->   Operation 178 'srem' 'srem_ln21' <Predicate = true> <Delay = 1.42> <CoreInst = "Divider">   --->   Core 6 'Divider' <Latency = 35> <II = 1> <Delay = 1.42> <FuncUnit> <Opcode : 'sdiv' 'srem' 'udiv' 'urem'> <InPorts = 2> <OutPorts = 1>

State 68 <SV = 67> <Delay = 1.42>
ST_68 : Operation 179 [6/36] (1.42ns)   --->   "%srem_ln21 = srem i32 %sdiv_ln21, i32 10" [../../Code/radix/radix.c:21]   --->   Operation 179 'srem' 'srem_ln21' <Predicate = true> <Delay = 1.42> <CoreInst = "Divider">   --->   Core 6 'Divider' <Latency = 35> <II = 1> <Delay = 1.42> <FuncUnit> <Opcode : 'sdiv' 'srem' 'udiv' 'urem'> <InPorts = 2> <OutPorts = 1>

State 69 <SV = 68> <Delay = 1.42>
ST_69 : Operation 180 [5/36] (1.42ns)   --->   "%srem_ln21 = srem i32 %sdiv_ln21, i32 10" [../../Code/radix/radix.c:21]   --->   Operation 180 'srem' 'srem_ln21' <Predicate = true> <Delay = 1.42> <CoreInst = "Divider">   --->   Core 6 'Divider' <Latency = 35> <II = 1> <Delay = 1.42> <FuncUnit> <Opcode : 'sdiv' 'srem' 'udiv' 'urem'> <InPorts = 2> <OutPorts = 1>

State 70 <SV = 69> <Delay = 1.42>
ST_70 : Operation 181 [4/36] (1.42ns)   --->   "%srem_ln21 = srem i32 %sdiv_ln21, i32 10" [../../Code/radix/radix.c:21]   --->   Operation 181 'srem' 'srem_ln21' <Predicate = true> <Delay = 1.42> <CoreInst = "Divider">   --->   Core 6 'Divider' <Latency = 35> <II = 1> <Delay = 1.42> <FuncUnit> <Opcode : 'sdiv' 'srem' 'udiv' 'urem'> <InPorts = 2> <OutPorts = 1>

State 71 <SV = 70> <Delay = 1.42>
ST_71 : Operation 182 [3/36] (1.42ns)   --->   "%srem_ln21 = srem i32 %sdiv_ln21, i32 10" [../../Code/radix/radix.c:21]   --->   Operation 182 'srem' 'srem_ln21' <Predicate = true> <Delay = 1.42> <CoreInst = "Divider">   --->   Core 6 'Divider' <Latency = 35> <II = 1> <Delay = 1.42> <FuncUnit> <Opcode : 'sdiv' 'srem' 'udiv' 'urem'> <InPorts = 2> <OutPorts = 1>
ST_71 : Operation 191 [1/1] (0.00ns)   --->   "%max_load = load i32 %max"   --->   Operation 191 'load' 'max_load' <Predicate = (icmp_ln20)> <Delay = 0.00>
ST_71 : Operation 192 [1/1] (0.00ns)   --->   "%write_ln0 = write void @_ssdm_op_Write.ap_auto.i32P0A, i32 %max_5_out, i32 %max_load"   --->   Operation 192 'write' 'write_ln0' <Predicate = (icmp_ln20)> <Delay = 0.00>
ST_71 : Operation 193 [1/1] (0.00ns)   --->   "%ret_ln0 = ret"   --->   Operation 193 'ret' 'ret_ln0' <Predicate = (icmp_ln20)> <Delay = 0.00>

State 72 <SV = 71> <Delay = 1.42>
ST_72 : Operation 183 [2/36] (1.42ns)   --->   "%srem_ln21 = srem i32 %sdiv_ln21, i32 10" [../../Code/radix/radix.c:21]   --->   Operation 183 'srem' 'srem_ln21' <Predicate = true> <Delay = 1.42> <CoreInst = "Divider">   --->   Core 6 'Divider' <Latency = 35> <II = 1> <Delay = 1.42> <FuncUnit> <Opcode : 'sdiv' 'srem' 'udiv' 'urem'> <InPorts = 2> <OutPorts = 1>

State 73 <SV = 72> <Delay = 2.97>
ST_73 : Operation 184 [1/1] (0.00ns)   --->   "%max_load_1 = load i32 %max" [../../Code/radix/radix.c:21]   --->   Operation 184 'load' 'max_load_1' <Predicate = true> <Delay = 0.00>
ST_73 : Operation 185 [1/1] (0.00ns)   --->   "%specloopname_ln20 = specloopname void @_ssdm_op_SpecLoopName, void @empty_6" [../../Code/radix/radix.c:20]   --->   Operation 185 'specloopname' 'specloopname_ln20' <Predicate = true> <Delay = 0.00>
ST_73 : Operation 186 [1/36] (1.42ns)   --->   "%srem_ln21 = srem i32 %sdiv_ln21, i32 10" [../../Code/radix/radix.c:21]   --->   Operation 186 'srem' 'srem_ln21' <Predicate = true> <Delay = 1.42> <CoreInst = "Divider">   --->   Core 6 'Divider' <Latency = 35> <II = 1> <Delay = 1.42> <FuncUnit> <Opcode : 'sdiv' 'srem' 'udiv' 'urem'> <InPorts = 2> <OutPorts = 1>
ST_73 : Operation 187 [1/1] (0.80ns)   --->   "%icmp_ln21 = icmp_slt  i32 %max_load_1, i32 %srem_ln21" [../../Code/radix/radix.c:21]   --->   Operation 187 'icmp' 'icmp_ln21' <Predicate = true> <Delay = 0.80> <CoreInst = "Cmp">   --->   Core 9 'Cmp' <Latency = 0> <II = 1> <Delay = 0.80> <FuncUnit> <Opcode : 'icmp'> <InPorts = 2> <OutPorts = 1>
ST_73 : Operation 188 [1/1] (0.28ns)   --->   "%max_3 = select i1 %icmp_ln21, i32 %or_ln21_5, i32 %max_load_1" [../../Code/radix/radix.c:21]   --->   Operation 188 'select' 'max_3' <Predicate = true> <Delay = 0.28> <CoreInst = "Sel">   --->   Core 73 'Sel' <Latency = 0> <II = 1> <Delay = 0.28> <FuncUnit> <Opcode : 'select'> <InPorts = 3> <OutPorts = 1>
ST_73 : Operation 189 [1/1] (0.46ns)   --->   "%store_ln20 = store i32 %max_3, i32 %max" [../../Code/radix/radix.c:20]   --->   Operation 189 'store' 'store_ln20' <Predicate = true> <Delay = 0.46>
ST_73 : Operation 190 [1/1] (0.00ns)   --->   "%br_ln20 = br void %for.body.i6.i" [../../Code/radix/radix.c:20]   --->   Operation 190 'br' 'br_ln20' <Predicate = true> <Delay = 0.00>


============================================================
+ Verbose Summary: Binding
============================================================
STG Binding: 
---------------- STG Properties BEGIN ----------------
- Is combinational: 0
- Is one-state seq: 0
- Is datapath-only: 0
- Is pipelined: 0
- Is top level: 0
Port [ Return ] is wired: 1; IO mode=ap_ctrl_hs:ce=0
Port [ max_4]:  wired=1; compound=0; hidden=0; nouse=0; global=0; static=0; extern=0; dir=0; type=0; pingpong=0; private_global=0; IO mode=ap_none:ce=0
Port [ vla13]:  wired=1; compound=1; hidden=0; nouse=0; global=0; static=0; extern=0; dir=0; type=1; pingpong=0; private_global=0; MemPort=[11]; IO mode=ap_memory:ce=0
Port [ place_1]:  wired=1; compound=0; hidden=0; nouse=0; global=0; static=0; extern=0; dir=0; type=0; pingpong=0; private_global=0; IO mode=ap_none:ce=0
Port [ max_5_out]:  wired=1; compound=0; hidden=0; nouse=0; global=0; static=0; extern=0; dir=1; type=0; pingpong=0; private_global=0; IO mode=ap_vld:ce=0
---------------- STG Properties END ------------------

---------------- Datapath Model BEGIN ----------------

<LifeTime>
<method=bitvector/>
max                     (alloca           ) [ 01111111111111111111111111111111111111111111111111111111111111111111111111]
countingSort_counter1   (alloca           ) [ 01000000000000000000000000000000000000000000000000000000000000000000000000]
place_1_read            (read             ) [ 01111111111111111111111111111111111111100000000000000000000000000000000000]
max_4_read              (read             ) [ 00000000000000000000000000000000000000000000000000000000000000000000000000]
max_4_cast              (sext             ) [ 00000000000000000000000000000000000000000000000000000000000000000000000000]
store_ln0               (store            ) [ 00000000000000000000000000000000000000000000000000000000000000000000000000]
store_ln0               (store            ) [ 00000000000000000000000000000000000000000000000000000000000000000000000000]
br_ln0                  (br               ) [ 00000000000000000000000000000000000000000000000000000000000000000000000000]
countingSort_counter1_1 (load             ) [ 00000000000000000000000000000000000000000000000000000000000000000000000000]
specpipeline_ln0        (specpipeline     ) [ 00000000000000000000000000000000000000000000000000000000000000000000000000]
icmp_ln20               (icmp             ) [ 01111111111111111111111111111111111111111111111111111111111111111111111100]
empty                   (speclooptripcount) [ 00000000000000000000000000000000000000000000000000000000000000000000000000]
br_ln20                 (br               ) [ 00000000000000000000000000000000000000000000000000000000000000000000000000]
trunc_ln21              (trunc            ) [ 00000000000000000000000000000000000000000000000000000000000000000000000000]
shl_ln1                 (bitconcatenate   ) [ 00100000000000000000000000000000000000000000000000000000000000000000000000]
zext_ln21               (zext             ) [ 00000000000000000000000000000000000000000000000000000000000000000000000000]
vla13_addr_9            (getelementptr    ) [ 00100000000000000000000000000000000000000000000000000000000000000000000000]
or_ln21                 (or               ) [ 00000000000000000000000000000000000000000000000000000000000000000000000000]
zext_ln21_1             (zext             ) [ 00000000000000000000000000000000000000000000000000000000000000000000000000]
vla13_addr_10           (getelementptr    ) [ 00100000000000000000000000000000000000000000000000000000000000000000000000]
add_ln20                (add              ) [ 00000000000000000000000000000000000000000000000000000000000000000000000000]
store_ln20              (store            ) [ 00000000000000000000000000000000000000000000000000000000000000000000000000]
vla13_load              (load             ) [ 01010000000000000000000000000000000000000000000000000000000000000000000000]
vla13_load_10           (load             ) [ 01010000000000000000000000000000000000000000000000000000000000000000000000]
or_ln21_1               (or               ) [ 00000000000000000000000000000000000000000000000000000000000000000000000000]
zext_ln21_2             (zext             ) [ 00000000000000000000000000000000000000000000000000000000000000000000000000]
vla13_addr_11           (getelementptr    ) [ 01010000000000000000000000000000000000000000000000000000000000000000000000]
or_ln21_2               (or               ) [ 00000000000000000000000000000000000000000000000000000000000000000000000000]
zext_ln21_3             (zext             ) [ 00000000000000000000000000000000000000000000000000000000000000000000000000]
vla13_addr_12           (getelementptr    ) [ 01010000000000000000000000000000000000000000000000000000000000000000000000]
vla13_load_11           (load             ) [ 00000000000000000000000000000000000000000000000000000000000000000000000000]
vla13_load_12           (load             ) [ 00000000000000000000000000000000000000000000000000000000000000000000000000]
or_ln21_5               (bitconcatenate   ) [ 01101111111111111111111111111111111111111111111111111111111111111111111111]
sdiv_ln21               (sdiv             ) [ 01100000000000000000000000000000000000011111111111111111111111111111111111]
max_load_1              (load             ) [ 00000000000000000000000000000000000000000000000000000000000000000000000000]
specloopname_ln20       (specloopname     ) [ 00000000000000000000000000000000000000000000000000000000000000000000000000]
srem_ln21               (srem             ) [ 00000000000000000000000000000000000000000000000000000000000000000000000000]
icmp_ln21               (icmp             ) [ 00000000000000000000000000000000000000000000000000000000000000000000000000]
max_3                   (select           ) [ 00000000000000000000000000000000000000000000000000000000000000000000000000]
store_ln20              (store            ) [ 00000000000000000000000000000000000000000000000000000000000000000000000000]
br_ln20                 (br               ) [ 00000000000000000000000000000000000000000000000000000000000000000000000000]
max_load                (load             ) [ 00000000000000000000000000000000000000000000000000000000000000000000000000]
write_ln0               (write            ) [ 00000000000000000000000000000000000000000000000000000000000000000000000000]
ret_ln0                 (ret              ) [ 00000000000000000000000000000000000000000000000000000000000000000000000000]
</LifeTime>

<model>

<comp_list>
<comp id="0" class="1000" name="max_4">
<pin_list>
<pin id="1" dir="1" index="0" bw="1" slack="0"/>
</pin_list>
<bind>
<StgValue><ssdm name="max_4"/></StgValue>
</bind>
</comp>

<comp id="2" class="1000" name="vla13">
<pin_list>
<pin id="3" dir="1" index="0" bw="1" slack="0"/>
</pin_list>
<bind>
<StgValue><ssdm name="vla13"/><MemPortTyVec>1 1 </MemPortTyVec>
</StgValue>
</bind>
</comp>

<comp id="4" class="1000" name="place_1">
<pin_list>
<pin id="5" dir="1" index="0" bw="1" slack="0"/>
</pin_list>
<bind>
<StgValue><ssdm name="place_1"/></StgValue>
</bind>
</comp>

<comp id="6" class="1000" name="max_5_out">
<pin_list>
<pin id="7" dir="1" index="0" bw="1" slack="0"/>
</pin_list>
<bind>
<StgValue><ssdm name="max_5_out"/></StgValue>
</bind>
</comp>

<comp id="8" class="1001" name="const_8">
<pin_list>
<pin id="9" dir="1" index="0" bw="1" slack="0"/>
</pin_list>
<bind>
<StgValue><ssdm name=""/></StgValue>
</bind>
</comp>

<comp id="10" class="1001" name="const_10">
<pin_list>
<pin id="11" dir="1" index="0" bw="1" slack="0"/>
</pin_list>
<bind>
<StgValue><ssdm name="_ssdm_op_Read.ap_auto.i32"/></StgValue>
</bind>
</comp>

<comp id="12" class="1001" name="const_12">
<pin_list>
<pin id="13" dir="1" index="0" bw="1" slack="0"/>
</pin_list>
<bind>
<StgValue><ssdm name="_ssdm_op_Read.ap_auto.i5"/></StgValue>
</bind>
</comp>

<comp id="14" class="1001" name="const_14">
<pin_list>
<pin id="15" dir="1" index="0" bw="1" slack="0"/>
</pin_list>
<bind>
<StgValue><ssdm name=""/></StgValue>
</bind>
</comp>

<comp id="16" class="1001" name="const_16">
<pin_list>
<pin id="17" dir="1" index="0" bw="1" slack="2147483647"/>
</pin_list>
<bind>
<StgValue><ssdm name="_ssdm_op_SpecPipeline"/></StgValue>
</bind>
</comp>

<comp id="18" class="1001" name="const_18">
<pin_list>
<pin id="19" dir="1" index="0" bw="1" slack="2147483647"/>
</pin_list>
<bind>
<StgValue><ssdm name=""/></StgValue>
</bind>
</comp>

<comp id="20" class="1001" name="const_20">
<pin_list>
<pin id="21" dir="1" index="0" bw="1" slack="2147483647"/>
</pin_list>
<bind>
<StgValue><ssdm name=""/></StgValue>
</bind>
</comp>

<comp id="22" class="1001" name="const_22">
<pin_list>
<pin id="23" dir="1" index="0" bw="1" slack="2147483647"/>
</pin_list>
<bind>
<StgValue><ssdm name="p_str"/></StgValue>
</bind>
</comp>

<comp id="24" class="1001" name="const_24">
<pin_list>
<pin id="25" dir="1" index="0" bw="1" slack="0"/>
</pin_list>
<bind>
<StgValue><ssdm name=""/></StgValue>
</bind>
</comp>

<comp id="26" class="1001" name="const_26">
<pin_list>
<pin id="27" dir="1" index="0" bw="1" slack="2147483647"/>
</pin_list>
<bind>
<StgValue><ssdm name="_ssdm_op_SpecLoopTripCount"/></StgValue>
</bind>
</comp>

<comp id="28" class="1001" name="const_28">
<pin_list>
<pin id="29" dir="1" index="0" bw="1" slack="2147483647"/>
</pin_list>
<bind>
<StgValue><ssdm name=""/></StgValue>
</bind>
</comp>

<comp id="30" class="1001" name="const_30">
<pin_list>
<pin id="31" dir="1" index="0" bw="1" slack="0"/>
</pin_list>
<bind>
<StgValue><ssdm name="_ssdm_op_BitConcatenate.i3.i1.i2"/></StgValue>
</bind>
</comp>

<comp id="32" class="1001" name="const_32">
<pin_list>
<pin id="33" dir="1" index="0" bw="1" slack="0"/>
</pin_list>
<bind>
<StgValue><ssdm name=""/></StgValue>
</bind>
</comp>

<comp id="34" class="1001" name="const_34">
<pin_list>
<pin id="35" dir="1" index="0" bw="1" slack="0"/>
</pin_list>
<bind>
<StgValue><ssdm name=""/></StgValue>
</bind>
</comp>

<comp id="36" class="1001" name="const_36">
<pin_list>
<pin id="37" dir="1" index="0" bw="1" slack="0"/>
</pin_list>
<bind>
<StgValue><ssdm name=""/></StgValue>
</bind>
</comp>

<comp id="38" class="1001" name="const_38">
<pin_list>
<pin id="39" dir="1" index="0" bw="1" slack="0"/>
</pin_list>
<bind>
<StgValue><ssdm name=""/></StgValue>
</bind>
</comp>

<comp id="40" class="1001" name="const_40">
<pin_list>
<pin id="41" dir="1" index="0" bw="1" slack="0"/>
</pin_list>
<bind>
<StgValue><ssdm name=""/></StgValue>
</bind>
</comp>

<comp id="42" class="1001" name="const_42">
<pin_list>
<pin id="43" dir="1" index="0" bw="1" slack="0"/>
</pin_list>
<bind>
<StgValue><ssdm name="_ssdm_op_BitConcatenate.i32.i8.i8.i8.i8"/></StgValue>
</bind>
</comp>

<comp id="44" class="1001" name="const_44">
<pin_list>
<pin id="45" dir="1" index="0" bw="1" slack="0"/>
</pin_list>
<bind>
<StgValue><ssdm name=""/></StgValue>
</bind>
</comp>

<comp id="46" class="1001" name="const_46">
<pin_list>
<pin id="47" dir="1" index="0" bw="1" slack="2147483647"/>
</pin_list>
<bind>
<StgValue><ssdm name="_ssdm_op_SpecLoopName"/></StgValue>
</bind>
</comp>

<comp id="48" class="1001" name="const_48">
<pin_list>
<pin id="49" dir="1" index="0" bw="1" slack="2147483647"/>
</pin_list>
<bind>
<StgValue><ssdm name="empty_6"/></StgValue>
</bind>
</comp>

<comp id="50" class="1001" name="const_50">
<pin_list>
<pin id="51" dir="1" index="0" bw="1" slack="0"/>
</pin_list>
<bind>
<StgValue><ssdm name="_ssdm_op_Write.ap_auto.i32P0A"/></StgValue>
</bind>
</comp>

<comp id="52" class="1004" name="max_fu_52">
<pin_list>
<pin id="53" dir="0" index="0" bw="1" slack="0"/>
<pin id="54" dir="1" index="1" bw="32" slack="0"/>
</pin_list>
<bind>
<opcode="alloca(26) " fcode="alloca"/>
<opset="max/1 "/>
</bind>
</comp>

<comp id="56" class="1004" name="countingSort_counter1_fu_56">
<pin_list>
<pin id="57" dir="0" index="0" bw="1" slack="0"/>
<pin id="58" dir="1" index="1" bw="4" slack="0"/>
</pin_list>
<bind>
<opcode="alloca(26) " fcode="alloca"/>
<opset="countingSort_counter1/1 "/>
</bind>
</comp>

<comp id="60" class="1004" name="place_1_read_read_fu_60">
<pin_list>
<pin id="61" dir="0" index="0" bw="32" slack="0"/>
<pin id="62" dir="0" index="1" bw="32" slack="0"/>
<pin id="63" dir="1" index="2" bw="32" slack="2"/>
</pin_list>
<bind>
<opcode="read(1150) " fcode="read"/>
<opset="place_1_read/1 "/>
</bind>
</comp>

<comp id="66" class="1004" name="max_4_read_read_fu_66">
<pin_list>
<pin id="67" dir="0" index="0" bw="5" slack="0"/>
<pin id="68" dir="0" index="1" bw="5" slack="0"/>
<pin id="69" dir="1" index="2" bw="5" slack="0"/>
</pin_list>
<bind>
<opcode="read(1150) " fcode="read"/>
<opset="max_4_read/1 "/>
</bind>
</comp>

<comp id="72" class="1004" name="write_ln0_write_fu_72">
<pin_list>
<pin id="73" dir="0" index="0" bw="0" slack="0"/>
<pin id="74" dir="0" index="1" bw="32" slack="0"/>
<pin id="75" dir="0" index="2" bw="32" slack="0"/>
<pin id="76" dir="1" index="3" bw="0" slack="2147483647"/>
</pin_list>
<bind>
<opcode="write(1151) " fcode="write"/>
<opset="write_ln0/71 "/>
</bind>
</comp>

<comp id="79" class="1004" name="vla13_addr_9_gep_fu_79">
<pin_list>
<pin id="80" dir="0" index="0" bw="8" slack="0"/>
<pin id="81" dir="0" index="1" bw="1" slack="0"/>
<pin id="82" dir="0" index="2" bw="3" slack="0"/>
<pin id="83" dir="1" index="3" bw="3" slack="0"/>
</pin_list>
<bind>
<opcode="getelementptr(29) " fcode="getelementptr"/>
<opset="vla13_addr_9/1 "/>
</bind>
</comp>

<comp id="86" class="1004" name="grp_access_fu_86">
<pin_list>
<pin id="87" dir="0" index="0" bw="3" slack="0"/>
<pin id="88" dir="0" index="1" bw="8" slack="2147483647"/>
<pin id="89" dir="0" index="2" bw="0" slack="0"/>
<pin id="91" dir="0" index="4" bw="3" slack="2147483647"/>
<pin id="92" dir="0" index="5" bw="8" slack="2147483647"/>
<pin id="93" dir="0" index="6" bw="0" slack="2147483647"/>
<pin id="90" dir="1" index="3" bw="8" slack="0"/>
<pin id="94" dir="1" index="7" bw="8" slack="0"/>
</pin_list>
<bind>
<opcode="load(27) " fcode="load"/>
<opset="vla13_load/1 vla13_load_10/1 vla13_load_11/2 vla13_load_12/2 "/>
</bind>
</comp>

<comp id="96" class="1004" name="vla13_addr_10_gep_fu_96">
<pin_list>
<pin id="97" dir="0" index="0" bw="8" slack="0"/>
<pin id="98" dir="0" index="1" bw="1" slack="0"/>
<pin id="99" dir="0" index="2" bw="3" slack="0"/>
<pin id="100" dir="1" index="3" bw="3" slack="0"/>
</pin_list>
<bind>
<opcode="getelementptr(29) " fcode="getelementptr"/>
<opset="vla13_addr_10/1 "/>
</bind>
</comp>

<comp id="104" class="1004" name="vla13_addr_11_gep_fu_104">
<pin_list>
<pin id="105" dir="0" index="0" bw="8" slack="0"/>
<pin id="106" dir="0" index="1" bw="1" slack="0"/>
<pin id="107" dir="0" index="2" bw="3" slack="0"/>
<pin id="108" dir="1" index="3" bw="3" slack="0"/>
</pin_list>
<bind>
<opcode="getelementptr(29) " fcode="getelementptr"/>
<opset="vla13_addr_11/2 "/>
</bind>
</comp>

<comp id="112" class="1004" name="vla13_addr_12_gep_fu_112">
<pin_list>
<pin id="113" dir="0" index="0" bw="8" slack="0"/>
<pin id="114" dir="0" index="1" bw="1" slack="0"/>
<pin id="115" dir="0" index="2" bw="3" slack="0"/>
<pin id="116" dir="1" index="3" bw="3" slack="0"/>
</pin_list>
<bind>
<opcode="getelementptr(29) " fcode="getelementptr"/>
<opset="vla13_addr_12/2 "/>
</bind>
</comp>

<comp id="120" class="1004" name="max_4_cast_fu_120">
<pin_list>
<pin id="121" dir="0" index="0" bw="5" slack="0"/>
<pin id="122" dir="1" index="1" bw="32" slack="0"/>
</pin_list>
<bind>
<opcode="sext(35) " fcode="sext"/>
<opset="max_4_cast/1 "/>
</bind>
</comp>

<comp id="124" class="1004" name="store_ln0_store_fu_124">
<pin_list>
<pin id="125" dir="0" index="0" bw="1" slack="0"/>
<pin id="126" dir="0" index="1" bw="4" slack="0"/>
<pin id="127" dir="1" index="2" bw="0" slack="2147483647"/>
</pin_list>
<bind>
<opcode="store(28) " fcode="store"/>
<opset="store_ln0/1 "/>
</bind>
</comp>

<comp id="129" class="1004" name="store_ln0_store_fu_129">
<pin_list>
<pin id="130" dir="0" index="0" bw="5" slack="0"/>
<pin id="131" dir="0" index="1" bw="32" slack="0"/>
<pin id="132" dir="1" index="2" bw="0" slack="2147483647"/>
</pin_list>
<bind>
<opcode="store(28) " fcode="store"/>
<opset="store_ln0/1 "/>
</bind>
</comp>

<comp id="134" class="1004" name="countingSort_counter1_1_load_fu_134">
<pin_list>
<pin id="135" dir="0" index="0" bw="4" slack="0"/>
<pin id="136" dir="1" index="1" bw="4" slack="0"/>
</pin_list>
<bind>
<opcode="load(27) " fcode="load"/>
<opset="countingSort_counter1_1/1 "/>
</bind>
</comp>

<comp id="137" class="1004" name="icmp_ln20_fu_137">
<pin_list>
<pin id="138" dir="0" index="0" bw="4" slack="0"/>
<pin id="139" dir="0" index="1" bw="4" slack="0"/>
<pin id="140" dir="1" index="2" bw="1" slack="1"/>
</pin_list>
<bind>
<opcode="icmp(45) " fcode="icmp"/>
<opset="icmp_ln20/1 "/>
</bind>
</comp>

<comp id="143" class="1004" name="trunc_ln21_fu_143">
<pin_list>
<pin id="144" dir="0" index="0" bw="4" slack="0"/>
<pin id="145" dir="1" index="1" bw="1" slack="0"/>
</pin_list>
<bind>
<opcode="trunc(33) " fcode="trunc"/>
<opset="trunc_ln21/1 "/>
</bind>
</comp>

<comp id="147" class="1004" name="shl_ln1_fu_147">
<pin_list>
<pin id="148" dir="0" index="0" bw="3" slack="0"/>
<pin id="149" dir="0" index="1" bw="1" slack="0"/>
<pin id="150" dir="0" index="2" bw="1" slack="0"/>
<pin id="151" dir="1" index="3" bw="3" slack="0"/>
</pin_list>
<bind>
<opcode="bitconcatenate(1004) " fcode="bitconcatenate"/>
<opset="shl_ln1/1 "/>
</bind>
</comp>

<comp id="155" class="1004" name="zext_ln21_fu_155">
<pin_list>
<pin id="156" dir="0" index="0" bw="3" slack="0"/>
<pin id="157" dir="1" index="1" bw="64" slack="0"/>
</pin_list>
<bind>
<opcode="zext(34) " fcode="zext"/>
<opset="zext_ln21/1 "/>
</bind>
</comp>

<comp id="160" class="1004" name="or_ln21_fu_160">
<pin_list>
<pin id="161" dir="0" index="0" bw="3" slack="0"/>
<pin id="162" dir="0" index="1" bw="3" slack="0"/>
<pin id="163" dir="1" index="2" bw="3" slack="0"/>
</pin_list>
<bind>
<opcode="or(24) " fcode="or"/>
<opset="or_ln21/1 "/>
</bind>
</comp>

<comp id="166" class="1004" name="zext_ln21_1_fu_166">
<pin_list>
<pin id="167" dir="0" index="0" bw="3" slack="0"/>
<pin id="168" dir="1" index="1" bw="64" slack="0"/>
</pin_list>
<bind>
<opcode="zext(34) " fcode="zext"/>
<opset="zext_ln21_1/1 "/>
</bind>
</comp>

<comp id="171" class="1004" name="add_ln20_fu_171">
<pin_list>
<pin id="172" dir="0" index="0" bw="4" slack="0"/>
<pin id="173" dir="0" index="1" bw="1" slack="0"/>
<pin id="174" dir="1" index="2" bw="4" slack="0"/>
</pin_list>
<bind>
<opcode="add(8) " fcode="add"/>
<opset="add_ln20/1 "/>
</bind>
</comp>

<comp id="177" class="1004" name="store_ln20_store_fu_177">
<pin_list>
<pin id="178" dir="0" index="0" bw="4" slack="0"/>
<pin id="179" dir="0" index="1" bw="4" slack="0"/>
<pin id="180" dir="1" index="2" bw="0" slack="2147483647"/>
</pin_list>
<bind>
<opcode="store(28) " fcode="store"/>
<opset="store_ln20/1 "/>
</bind>
</comp>

<comp id="182" class="1004" name="or_ln21_1_fu_182">
<pin_list>
<pin id="183" dir="0" index="0" bw="3" slack="1"/>
<pin id="184" dir="0" index="1" bw="3" slack="0"/>
<pin id="185" dir="1" index="2" bw="3" slack="0"/>
</pin_list>
<bind>
<opcode="or(24) " fcode="or"/>
<opset="or_ln21_1/2 "/>
</bind>
</comp>

<comp id="187" class="1004" name="zext_ln21_2_fu_187">
<pin_list>
<pin id="188" dir="0" index="0" bw="3" slack="0"/>
<pin id="189" dir="1" index="1" bw="64" slack="0"/>
</pin_list>
<bind>
<opcode="zext(34) " fcode="zext"/>
<opset="zext_ln21_2/2 "/>
</bind>
</comp>

<comp id="192" class="1004" name="or_ln21_2_fu_192">
<pin_list>
<pin id="193" dir="0" index="0" bw="3" slack="1"/>
<pin id="194" dir="0" index="1" bw="3" slack="0"/>
<pin id="195" dir="1" index="2" bw="3" slack="0"/>
</pin_list>
<bind>
<opcode="or(24) " fcode="or"/>
<opset="or_ln21_2/2 "/>
</bind>
</comp>

<comp id="197" class="1004" name="zext_ln21_3_fu_197">
<pin_list>
<pin id="198" dir="0" index="0" bw="3" slack="0"/>
<pin id="199" dir="1" index="1" bw="64" slack="0"/>
</pin_list>
<bind>
<opcode="zext(34) " fcode="zext"/>
<opset="zext_ln21_3/2 "/>
</bind>
</comp>

<comp id="202" class="1004" name="or_ln21_5_fu_202">
<pin_list>
<pin id="203" dir="0" index="0" bw="32" slack="0"/>
<pin id="204" dir="0" index="1" bw="8" slack="0"/>
<pin id="205" dir="0" index="2" bw="8" slack="0"/>
<pin id="206" dir="0" index="3" bw="8" slack="1"/>
<pin id="207" dir="0" index="4" bw="8" slack="1"/>
<pin id="208" dir="1" index="5" bw="32" slack="0"/>
</pin_list>
<bind>
<opcode="bitconcatenate(1004) " fcode="bitconcatenate"/>
<opset="or_ln21_5/3 "/>
</bind>
</comp>

<comp id="212" class="1004" name="grp_fu_212">
<pin_list>
<pin id="213" dir="0" index="0" bw="32" slack="0"/>
<pin id="214" dir="0" index="1" bw="32" slack="2"/>
<pin id="215" dir="1" index="2" bw="32" slack="0"/>
</pin_list>
<bind>
<opcode="sdiv(15) " fcode="sdiv"/>
<opset="sdiv_ln21/3 "/>
</bind>
</comp>

<comp id="217" class="1004" name="grp_fu_217">
<pin_list>
<pin id="218" dir="0" index="0" bw="32" slack="0"/>
<pin id="219" dir="0" index="1" bw="5" slack="0"/>
<pin id="220" dir="1" index="2" bw="32" slack="0"/>
</pin_list>
<bind>
<opcode="srem(18) " fcode="srem"/>
<opset="srem_ln21/38 "/>
</bind>
</comp>

<comp id="223" class="1004" name="max_load_1_load_fu_223">
<pin_list>
<pin id="224" dir="0" index="0" bw="32" slack="72"/>
<pin id="225" dir="1" index="1" bw="32" slack="0"/>
</pin_list>
<bind>
<opcode="load(27) " fcode="load"/>
<opset="max_load_1/73 "/>
</bind>
</comp>

<comp id="226" class="1004" name="icmp_ln21_fu_226">
<pin_list>
<pin id="227" dir="0" index="0" bw="32" slack="0"/>
<pin id="228" dir="0" index="1" bw="32" slack="0"/>
<pin id="229" dir="1" index="2" bw="1" slack="0"/>
</pin_list>
<bind>
<opcode="icmp(45) " fcode="icmp"/>
<opset="icmp_ln21/73 "/>
</bind>
</comp>

<comp id="232" class="1004" name="max_3_fu_232">
<pin_list>
<pin id="233" dir="0" index="0" bw="1" slack="0"/>
<pin id="234" dir="0" index="1" bw="32" slack="70"/>
<pin id="235" dir="0" index="2" bw="32" slack="0"/>
<pin id="236" dir="1" index="3" bw="32" slack="0"/>
</pin_list>
<bind>
<opcode="select(49) " fcode="select"/>
<opset="max_3/73 "/>
</bind>
</comp>

<comp id="239" class="1004" name="store_ln20_store_fu_239">
<pin_list>
<pin id="240" dir="0" index="0" bw="32" slack="0"/>
<pin id="241" dir="0" index="1" bw="32" slack="72"/>
<pin id="242" dir="1" index="2" bw="0" slack="2147483647"/>
</pin_list>
<bind>
<opcode="store(28) " fcode="store"/>
<opset="store_ln20/73 "/>
</bind>
</comp>

<comp id="244" class="1004" name="max_load_load_fu_244">
<pin_list>
<pin id="245" dir="0" index="0" bw="32" slack="70"/>
<pin id="246" dir="1" index="1" bw="32" slack="0"/>
</pin_list>
<bind>
<opcode="load(27) " fcode="load"/>
<opset="max_load/71 "/>
</bind>
</comp>

<comp id="248" class="1005" name="max_reg_248">
<pin_list>
<pin id="249" dir="0" index="0" bw="32" slack="0"/>
<pin id="250" dir="1" index="1" bw="32" slack="0"/>
</pin_list>
<bind>
<opset="max "/>
</bind>
</comp>

<comp id="256" class="1005" name="countingSort_counter1_reg_256">
<pin_list>
<pin id="257" dir="0" index="0" bw="4" slack="0"/>
<pin id="258" dir="1" index="1" bw="4" slack="0"/>
</pin_list>
<bind>
<opset="countingSort_counter1 "/>
</bind>
</comp>

<comp id="263" class="1005" name="place_1_read_reg_263">
<pin_list>
<pin id="264" dir="0" index="0" bw="32" slack="2"/>
<pin id="265" dir="1" index="1" bw="32" slack="2"/>
</pin_list>
<bind>
<opset="place_1_read "/>
</bind>
</comp>

<comp id="268" class="1005" name="icmp_ln20_reg_268">
<pin_list>
<pin id="269" dir="0" index="0" bw="1" slack="1"/>
<pin id="270" dir="1" index="1" bw="1" slack="2147483647"/>
</pin_list>
<bind>
<opset="icmp_ln20 "/>
</bind>
</comp>

<comp id="272" class="1005" name="shl_ln1_reg_272">
<pin_list>
<pin id="273" dir="0" index="0" bw="3" slack="1"/>
<pin id="274" dir="1" index="1" bw="3" slack="1"/>
</pin_list>
<bind>
<opset="shl_ln1 "/>
</bind>
</comp>

<comp id="278" class="1005" name="vla13_addr_9_reg_278">
<pin_list>
<pin id="279" dir="0" index="0" bw="3" slack="1"/>
<pin id="280" dir="1" index="1" bw="3" slack="1"/>
</pin_list>
<bind>
<opset="vla13_addr_9 "/>
</bind>
</comp>

<comp id="283" class="1005" name="vla13_addr_10_reg_283">
<pin_list>
<pin id="284" dir="0" index="0" bw="3" slack="1"/>
<pin id="285" dir="1" index="1" bw="3" slack="1"/>
</pin_list>
<bind>
<opset="vla13_addr_10 "/>
</bind>
</comp>

<comp id="288" class="1005" name="vla13_load_reg_288">
<pin_list>
<pin id="289" dir="0" index="0" bw="8" slack="1"/>
<pin id="290" dir="1" index="1" bw="8" slack="1"/>
</pin_list>
<bind>
<opset="vla13_load "/>
</bind>
</comp>

<comp id="293" class="1005" name="vla13_load_10_reg_293">
<pin_list>
<pin id="294" dir="0" index="0" bw="8" slack="1"/>
<pin id="295" dir="1" index="1" bw="8" slack="1"/>
</pin_list>
<bind>
<opset="vla13_load_10 "/>
</bind>
</comp>

<comp id="298" class="1005" name="vla13_addr_11_reg_298">
<pin_list>
<pin id="299" dir="0" index="0" bw="3" slack="1"/>
<pin id="300" dir="1" index="1" bw="3" slack="1"/>
</pin_list>
<bind>
<opset="vla13_addr_11 "/>
</bind>
</comp>

<comp id="303" class="1005" name="vla13_addr_12_reg_303">
<pin_list>
<pin id="304" dir="0" index="0" bw="3" slack="1"/>
<pin id="305" dir="1" index="1" bw="3" slack="1"/>
</pin_list>
<bind>
<opset="vla13_addr_12 "/>
</bind>
</comp>

<comp id="308" class="1005" name="or_ln21_5_reg_308">
<pin_list>
<pin id="309" dir="0" index="0" bw="32" slack="1"/>
<pin id="310" dir="1" index="1" bw="32" slack="1"/>
</pin_list>
<bind>
<opset="or_ln21_5 "/>
</bind>
</comp>

<comp id="314" class="1005" name="sdiv_ln21_reg_314">
<pin_list>
<pin id="315" dir="0" index="0" bw="32" slack="1"/>
<pin id="316" dir="1" index="1" bw="32" slack="1"/>
</pin_list>
<bind>
<opset="sdiv_ln21 "/>
</bind>
</comp>

</comp_list>

<net_list>
<net id="55"><net_src comp="8" pin="0"/><net_sink comp="52" pin=0"/></net>

<net id="59"><net_src comp="8" pin="0"/><net_sink comp="56" pin=0"/></net>

<net id="64"><net_src comp="10" pin="0"/><net_sink comp="60" pin=0"/></net>

<net id="65"><net_src comp="4" pin="0"/><net_sink comp="60" pin=1"/></net>

<net id="70"><net_src comp="12" pin="0"/><net_sink comp="66" pin=0"/></net>

<net id="71"><net_src comp="0" pin="0"/><net_sink comp="66" pin=1"/></net>

<net id="77"><net_src comp="50" pin="0"/><net_sink comp="72" pin=0"/></net>

<net id="78"><net_src comp="6" pin="0"/><net_sink comp="72" pin=1"/></net>

<net id="84"><net_src comp="2" pin="0"/><net_sink comp="79" pin=0"/></net>

<net id="85"><net_src comp="34" pin="0"/><net_sink comp="79" pin=1"/></net>

<net id="95"><net_src comp="79" pin="3"/><net_sink comp="86" pin=2"/></net>

<net id="101"><net_src comp="2" pin="0"/><net_sink comp="96" pin=0"/></net>

<net id="102"><net_src comp="34" pin="0"/><net_sink comp="96" pin=1"/></net>

<net id="103"><net_src comp="96" pin="3"/><net_sink comp="86" pin=0"/></net>

<net id="109"><net_src comp="2" pin="0"/><net_sink comp="104" pin=0"/></net>

<net id="110"><net_src comp="34" pin="0"/><net_sink comp="104" pin=1"/></net>

<net id="111"><net_src comp="104" pin="3"/><net_sink comp="86" pin=2"/></net>

<net id="117"><net_src comp="2" pin="0"/><net_sink comp="112" pin=0"/></net>

<net id="118"><net_src comp="34" pin="0"/><net_sink comp="112" pin=1"/></net>

<net id="119"><net_src comp="112" pin="3"/><net_sink comp="86" pin=0"/></net>

<net id="123"><net_src comp="66" pin="2"/><net_sink comp="120" pin=0"/></net>

<net id="128"><net_src comp="14" pin="0"/><net_sink comp="124" pin=0"/></net>

<net id="133"><net_src comp="120" pin="1"/><net_sink comp="129" pin=0"/></net>

<net id="141"><net_src comp="134" pin="1"/><net_sink comp="137" pin=0"/></net>

<net id="142"><net_src comp="24" pin="0"/><net_sink comp="137" pin=1"/></net>

<net id="146"><net_src comp="134" pin="1"/><net_sink comp="143" pin=0"/></net>

<net id="152"><net_src comp="30" pin="0"/><net_sink comp="147" pin=0"/></net>

<net id="153"><net_src comp="143" pin="1"/><net_sink comp="147" pin=1"/></net>

<net id="154"><net_src comp="32" pin="0"/><net_sink comp="147" pin=2"/></net>

<net id="158"><net_src comp="147" pin="3"/><net_sink comp="155" pin=0"/></net>

<net id="159"><net_src comp="155" pin="1"/><net_sink comp="79" pin=2"/></net>

<net id="164"><net_src comp="147" pin="3"/><net_sink comp="160" pin=0"/></net>

<net id="165"><net_src comp="36" pin="0"/><net_sink comp="160" pin=1"/></net>

<net id="169"><net_src comp="160" pin="2"/><net_sink comp="166" pin=0"/></net>

<net id="170"><net_src comp="166" pin="1"/><net_sink comp="96" pin=2"/></net>

<net id="175"><net_src comp="134" pin="1"/><net_sink comp="171" pin=0"/></net>

<net id="176"><net_src comp="14" pin="0"/><net_sink comp="171" pin=1"/></net>

<net id="181"><net_src comp="171" pin="2"/><net_sink comp="177" pin=0"/></net>

<net id="186"><net_src comp="38" pin="0"/><net_sink comp="182" pin=1"/></net>

<net id="190"><net_src comp="182" pin="2"/><net_sink comp="187" pin=0"/></net>

<net id="191"><net_src comp="187" pin="1"/><net_sink comp="104" pin=2"/></net>

<net id="196"><net_src comp="40" pin="0"/><net_sink comp="192" pin=1"/></net>

<net id="200"><net_src comp="192" pin="2"/><net_sink comp="197" pin=0"/></net>

<net id="201"><net_src comp="197" pin="1"/><net_sink comp="112" pin=2"/></net>

<net id="209"><net_src comp="42" pin="0"/><net_sink comp="202" pin=0"/></net>

<net id="210"><net_src comp="86" pin="3"/><net_sink comp="202" pin=1"/></net>

<net id="211"><net_src comp="86" pin="7"/><net_sink comp="202" pin=2"/></net>

<net id="216"><net_src comp="202" pin="5"/><net_sink comp="212" pin=0"/></net>

<net id="221"><net_src comp="212" pin="2"/><net_sink comp="217" pin=0"/></net>

<net id="222"><net_src comp="44" pin="0"/><net_sink comp="217" pin=1"/></net>

<net id="230"><net_src comp="223" pin="1"/><net_sink comp="226" pin=0"/></net>

<net id="231"><net_src comp="217" pin="2"/><net_sink comp="226" pin=1"/></net>

<net id="237"><net_src comp="226" pin="2"/><net_sink comp="232" pin=0"/></net>

<net id="238"><net_src comp="223" pin="1"/><net_sink comp="232" pin=2"/></net>

<net id="243"><net_src comp="232" pin="3"/><net_sink comp="239" pin=0"/></net>

<net id="247"><net_src comp="244" pin="1"/><net_sink comp="72" pin=2"/></net>

<net id="251"><net_src comp="52" pin="1"/><net_sink comp="248" pin=0"/></net>

<net id="252"><net_src comp="248" pin="1"/><net_sink comp="129" pin=1"/></net>

<net id="253"><net_src comp="248" pin="1"/><net_sink comp="223" pin=0"/></net>

<net id="254"><net_src comp="248" pin="1"/><net_sink comp="239" pin=1"/></net>

<net id="255"><net_src comp="248" pin="1"/><net_sink comp="244" pin=0"/></net>

<net id="259"><net_src comp="56" pin="1"/><net_sink comp="256" pin=0"/></net>

<net id="260"><net_src comp="256" pin="1"/><net_sink comp="124" pin=1"/></net>

<net id="261"><net_src comp="256" pin="1"/><net_sink comp="134" pin=0"/></net>

<net id="262"><net_src comp="256" pin="1"/><net_sink comp="177" pin=1"/></net>

<net id="266"><net_src comp="60" pin="2"/><net_sink comp="263" pin=0"/></net>

<net id="267"><net_src comp="263" pin="1"/><net_sink comp="212" pin=1"/></net>

<net id="271"><net_src comp="137" pin="2"/><net_sink comp="268" pin=0"/></net>

<net id="275"><net_src comp="147" pin="3"/><net_sink comp="272" pin=0"/></net>

<net id="276"><net_src comp="272" pin="1"/><net_sink comp="182" pin=0"/></net>

<net id="277"><net_src comp="272" pin="1"/><net_sink comp="192" pin=0"/></net>

<net id="281"><net_src comp="79" pin="3"/><net_sink comp="278" pin=0"/></net>

<net id="282"><net_src comp="278" pin="1"/><net_sink comp="86" pin=2"/></net>

<net id="286"><net_src comp="96" pin="3"/><net_sink comp="283" pin=0"/></net>

<net id="287"><net_src comp="283" pin="1"/><net_sink comp="86" pin=0"/></net>

<net id="291"><net_src comp="86" pin="7"/><net_sink comp="288" pin=0"/></net>

<net id="292"><net_src comp="288" pin="1"/><net_sink comp="202" pin=4"/></net>

<net id="296"><net_src comp="86" pin="3"/><net_sink comp="293" pin=0"/></net>

<net id="297"><net_src comp="293" pin="1"/><net_sink comp="202" pin=3"/></net>

<net id="301"><net_src comp="104" pin="3"/><net_sink comp="298" pin=0"/></net>

<net id="302"><net_src comp="298" pin="1"/><net_sink comp="86" pin=2"/></net>

<net id="306"><net_src comp="112" pin="3"/><net_sink comp="303" pin=0"/></net>

<net id="307"><net_src comp="303" pin="1"/><net_sink comp="86" pin=0"/></net>

<net id="311"><net_src comp="202" pin="5"/><net_sink comp="308" pin=0"/></net>

<net id="312"><net_src comp="308" pin="1"/><net_sink comp="212" pin=0"/></net>

<net id="313"><net_src comp="308" pin="1"/><net_sink comp="232" pin=1"/></net>

<net id="317"><net_src comp="212" pin="2"/><net_sink comp="314" pin=0"/></net>

<net id="318"><net_src comp="314" pin="1"/><net_sink comp="217" pin=0"/></net>

</net_list>

</model> 
---------------- Datapath Model END ------------------

* FSMD analyzer results:
  - Output states:
	Port: max_5_out | {71 }
 - Input state : 
	Port: radix_Pipeline_VITIS_LOOP_20_1 : max_4 | {1 }
	Port: radix_Pipeline_VITIS_LOOP_20_1 : vla13 | {1 2 3 }
	Port: radix_Pipeline_VITIS_LOOP_20_1 : place_1 | {1 }
  - Chain level:
	State 1
		store_ln0 : 1
		store_ln0 : 1
		countingSort_counter1_1 : 1
		icmp_ln20 : 2
		br_ln20 : 3
		trunc_ln21 : 2
		shl_ln1 : 3
		zext_ln21 : 4
		vla13_addr_9 : 5
		vla13_load : 6
		or_ln21 : 4
		zext_ln21_1 : 4
		vla13_addr_10 : 5
		vla13_load_10 : 6
		add_ln20 : 2
		store_ln20 : 3
	State 2
		vla13_addr_11 : 1
		vla13_load_11 : 2
		vla13_addr_12 : 1
		vla13_load_12 : 2
	State 3
		or_ln21_5 : 1
		sdiv_ln21 : 2
	State 4
	State 5
	State 6
	State 7
	State 8
	State 9
	State 10
	State 11
	State 12
	State 13
	State 14
	State 15
	State 16
	State 17
	State 18
	State 19
	State 20
	State 21
	State 22
	State 23
	State 24
	State 25
	State 26
	State 27
	State 28
	State 29
	State 30
	State 31
	State 32
	State 33
	State 34
	State 35
	State 36
	State 37
	State 38
		srem_ln21 : 1
	State 39
	State 40
	State 41
	State 42
	State 43
	State 44
	State 45
	State 46
	State 47
	State 48
	State 49
	State 50
	State 51
	State 52
	State 53
	State 54
	State 55
	State 56
	State 57
	State 58
	State 59
	State 60
	State 61
	State 62
	State 63
	State 64
	State 65
	State 66
	State 67
	State 68
	State 69
	State 70
	State 71
		write_ln0 : 1
	State 72
	State 73
		icmp_ln21 : 1
		max_3 : 2
		store_ln20 : 3


============================================================
+ Verbose Summary: Datapath Resource usage 
============================================================

* Functional unit list:
|----------|-------------------------|---------|---------|
| Operation|     Functional Unit     |    FF   |   LUT   |
|----------|-------------------------|---------|---------|
|   sdiv   |        grp_fu_212       |   2283  |   1738  |
|----------|-------------------------|---------|---------|
|   srem   |        grp_fu_217       |   2283  |   1738  |
|----------|-------------------------|---------|---------|
|  select  |       max_3_fu_232      |    0    |    32   |
|----------|-------------------------|---------|---------|
|   icmp   |     icmp_ln20_fu_137    |    0    |    9    |
|          |     icmp_ln21_fu_226    |    0    |    20   |
|----------|-------------------------|---------|---------|
|    add   |     add_ln20_fu_171     |    0    |    12   |
|----------|-------------------------|---------|---------|
|   read   | place_1_read_read_fu_60 |    0    |    0    |
|          |  max_4_read_read_fu_66  |    0    |    0    |
|----------|-------------------------|---------|---------|
|   write  |  write_ln0_write_fu_72  |    0    |    0    |
|----------|-------------------------|---------|---------|
|   sext   |    max_4_cast_fu_120    |    0    |    0    |
|----------|-------------------------|---------|---------|
|   trunc  |    trunc_ln21_fu_143    |    0    |    0    |
|----------|-------------------------|---------|---------|
|bitconcatenate|      shl_ln1_fu_147     |    0    |    0    |
|          |     or_ln21_5_fu_202    |    0    |    0    |
|----------|-------------------------|---------|---------|
|          |     zext_ln21_fu_155    |    0    |    0    |
|   zext   |    zext_ln21_1_fu_166   |    0    |    0    |
|          |    zext_ln21_2_fu_187   |    0    |    0    |
|          |    zext_ln21_3_fu_197   |    0    |    0    |
|----------|-------------------------|---------|---------|
|          |      or_ln21_fu_160     |    0    |    0    |
|    or    |     or_ln21_1_fu_182    |    0    |    0    |
|          |     or_ln21_2_fu_192    |    0    |    0    |
|----------|-------------------------|---------|---------|
|   Total  |                         |   4566  |   3549  |
|----------|-------------------------|---------|---------|

Memories:
N/A

* Register list:
+-----------------------------+--------+
|                             |   FF   |
+-----------------------------+--------+
|countingSort_counter1_reg_256|    4   |
|      icmp_ln20_reg_268      |    1   |
|         max_reg_248         |   32   |
|      or_ln21_5_reg_308      |   32   |
|     place_1_read_reg_263    |   32   |
|      sdiv_ln21_reg_314      |   32   |
|       shl_ln1_reg_272       |    3   |
|    vla13_addr_10_reg_283    |    3   |
|    vla13_addr_11_reg_298    |    3   |
|    vla13_addr_12_reg_303    |    3   |
|     vla13_addr_9_reg_278    |    3   |
|    vla13_load_10_reg_293    |    8   |
|      vla13_load_reg_288     |    8   |
+-----------------------------+--------+
|            Total            |   164  |
+-----------------------------+--------+

* Multiplexer (MUX) list: 
|------------------|------|------|------|--------||---------||---------|
|       Comp       |  Pin | Size |  BW  | S x BW ||  Delay  ||   LUT   |
|------------------|------|------|------|--------||---------||---------|
| grp_access_fu_86 |  p0  |   4  |   3  |   12   ||    20   |
| grp_access_fu_86 |  p2  |   4  |   0  |    0   ||    20   |
|    grp_fu_212    |  p0  |   2  |  32  |   64   ||    9    |
|    grp_fu_217    |  p0  |   2  |  32  |   64   ||    9    |
|------------------|------|------|------|--------||---------||---------|
|       Total      |      |      |      |   140  || 2.00857 ||    58   |
|------------------|------|------|------|--------||---------||---------|



* Summary:
+-----------+--------+--------+--------+
|           |  Delay |   FF   |   LUT  |
+-----------+--------+--------+--------+
|  Function |    -   |  4566  |  3549  |
|   Memory  |    -   |    -   |    -   |
|Multiplexer|    2   |    -   |   58   |
|  Register |    -   |   164  |    -   |
+-----------+--------+--------+--------+
|   Total   |    2   |  4730  |  3607  |
+-----------+--------+--------+--------+
