==============================================================
Vitis HLS - High-Level Synthesis from C, C++ and OpenCL v2022.2 (64-bit)
Tool Version Limit: 2019.12
Copyright 1986-2022 Xilinx, Inc. All Rights Reserved.
==============================================================
INFO: [SYN 201-201] Setting up clock 'default' with a period of 10ns.
INFO: [HLS 200-1611] Setting target device to 'xc7z010-clg400-1'
INFO: [HLS 200-1505] Using flow_target 'vivado'
INFO: [HLS 200-1510] Running: set_part xc7z010clg400-1 
INFO: [HLS 200-1510] Running: create_clock -period 10 -name default 
INFO: [SYN 201-201] Setting up clock 'default' with a period of 10ns.
INFO: [HLS 200-1510] Running: csim_design -setup -quiet 
INFO: [SIM 211-2] *************** CSIM start ***************
INFO: [SIM 211-4] CSIM will launch GCC as the compiler.
INFO: [SIM 211-1] CSim file generation done with 0 errors.
INFO: [SIM 211-3] *************** CSIM finish ***************
INFO: [HLS 200-111] Finished Command csim_design CPU user time: 0 seconds. CPU system time: 0 seconds. Elapsed time: 11.812 seconds; current allocated memory: 0.438 MB.
INFO: [HLS 200-112] Total CPU user time: 4 seconds. Total CPU system time: 2 seconds. Total elapsed time: 26.876 seconds; peak allocated memory: 677.395 MB.
==============================================================
Vitis HLS - High-Level Synthesis from C, C++ and OpenCL v2022.2 (64-bit)
Tool Version Limit: 2019.12
Copyright 1986-2022 Xilinx, Inc. All Rights Reserved.
==============================================================
INFO: [SYN 201-201] Setting up clock 'default' with a period of 10ns.
INFO: [HLS 200-1611] Setting target device to 'xc7z010-clg400-1'
INFO: [HLS 200-1505] Using flow_target 'vivado'
INFO: [HLS 200-1510] Running: set_part xc7z010clg400-1 
INFO: [HLS 200-1510] Running: create_clock -period 10 -name default 
INFO: [HLS 200-1510] Running: csynth_design 
INFO: [HLS 200-111] Finished File checks and directory preparation: CPU user time: 0 seconds. CPU system time: 0 seconds. Elapsed time: 10.11 seconds; current allocated memory: 676.988 MB.
INFO: [HLS 200-10] Analyzing design file 'CS4110-HLS-Tutorial-master/CS4110-HLS-Tutorial-master/src/hls/fir.c' ... 
INFO: [HLS 200-111] Finished Source Code Analysis and Preprocessing: CPU user time: 1 seconds. CPU system time: 1 seconds. Elapsed time: 2.493 seconds; current allocated memory: 677.730 MB.
INFO: [HLS 200-777] Using interface defaults for 'Vivado' flow target.
INFO: [HLS 214-131] Inlining function 'ssdm_int<32, false>::ssdm_int(unsigned int)' into 'ap_int_base<32, false>::ap_int_base(unsigned int)' (C:\scratch\2022.2\hls_product\608\2022.2\src\shared\hls\clib/include/header_files\ap_int_base.h:215:76)
INFO: [HLS 214-131] Inlining function 'ap_int_base<32, false>::ap_int_base(unsigned int)' into 'ap_uint<32>::ap_uint(unsigned int)'
INFO: [HLS 214-131] Inlining function 'ap_bit_ref<32, false>::ap_bit_ref(ap_int_base<32, false>*, int)' into 'ap_int_base<32, false>::operator[](int)' (C:\scratch\2022.2\hls_product\608\2022.2\src\shared\hls\clib/include/header_files\ap_int_base.h:1129:30)
INFO: [HLS 214-131] Inlining function 'ap_bit_ref<1, false>::ap_bit_ref(ap_int_base<1, false>*, int)' into 'ap_int_base<1, false>::operator[](int)' (C:\scratch\2022.2\hls_product\608\2022.2\src\shared\hls\clib/include/header_files\ap_int_base.h:1129:30)
INFO: [HLS 214-131] Inlining function 'ap_bit_ref<32, false>::operator bool() const' into 'ap_bit_ref<1, false>& ap_bit_ref<1, false>::operator=<32, false>(ap_bit_ref<32, false> const&)' (C:\scratch\2022.2\hls_product\608\2022.2\src\shared\hls\clib/include/header_files\ap_int_ref.h:845:38)
INFO: [HLS 214-131] Inlining function 'ap_bit_ref<1, false>::operator=(unsigned long long)' into 'ap_bit_ref<1, false>& ap_bit_ref<1, false>::operator=<32, false>(ap_bit_ref<32, false> const&)' (C:\scratch\2022.2\hls_product\608\2022.2\src\shared\hls\clib/include/header_files\ap_int_ref.h:845:12)
INFO: [HLS 214-131] Inlining function 'ap_range_ref<32, false>::ap_range_ref(ap_int_base<32, false>*, int, int)' into 'ap_int_base<32, false>::range(int, int)' (C:\scratch\2022.2\hls_product\608\2022.2\src\shared\hls\clib/include/header_files\ap_int_base.h:1048:12)
INFO: [HLS 214-131] Inlining function 'ap_int_base<32, false>::range(int, int)' into 'ap_int_base<32, false>::operator()(int, int)' (C:\scratch\2022.2\hls_product\608\2022.2\src\shared\hls\clib/include/header_files\ap_int_base.h:1085:18)
INFO: [HLS 214-131] Inlining function 'ap_range_ref<8, false>::ap_range_ref(ap_int_base<8, false>*, int, int)' into 'ap_int_base<8, false>::range(int, int)' (C:\scratch\2022.2\hls_product\608\2022.2\src\shared\hls\clib/include/header_files\ap_int_base.h:1048:12)
INFO: [HLS 214-131] Inlining function 'ap_int_base<8, false>::range(int, int)' into 'ap_int_base<8, false>::operator()(int, int)' (C:\scratch\2022.2\hls_product\608\2022.2\src\shared\hls\clib/include/header_files\ap_int_base.h:1085:18)
INFO: [HLS 214-131] Inlining function 'ap_range_ref<32, false>::get() const' into 'ap_int_base<32, false>::ap_int_base<32, false>(ap_range_ref<32, false> const&)' (C:\scratch\2022.2\hls_product\608\2022.2\src\shared\hls\clib/include/header_files\ap_int_base.h:358:20)
INFO: [HLS 214-131] Inlining function 'ssdm_int<8, false>::ssdm_int(unsigned char)' into 'ap_int_base<8, false>::ap_int_base<32, false>(ap_int_base<32, false> const&)' (C:\scratch\2022.2\hls_product\608\2022.2\src\shared\hls\clib/include/header_files\ap_int_base.h:185:106)
INFO: [HLS 214-131] Inlining function 'ap_int_base<8, false>::ap_int_base<32, false>(ap_int_base<32, false> const&)' into 'ap_range_ref<8, false>& ap_range_ref<8, false>::operator=<32, false>(ap_int_base<32, false> const&)' (C:\scratch\2022.2\hls_product\608\2022.2\src\shared\hls\clib/include/header_files\ap_int_ref.h:367:31)
INFO: [HLS 214-131] Inlining function 'ap_int_base<32, false>::ap_int_base<32, false>(ap_range_ref<32, false> const&)' into 'ap_range_ref<8, false>& ap_range_ref<8, false>::operator=<32, false>(ap_range_ref<32, false> const&)' (C:\scratch\2022.2\hls_product\608\2022.2\src\shared\hls\clib/include/header_files\ap_int_ref.h:382:22)
INFO: [HLS 214-131] Inlining function 'ap_range_ref<8, false>& ap_range_ref<8, false>::operator=<32, false>(ap_int_base<32, false> const&)' into 'ap_range_ref<8, false>& ap_range_ref<8, false>::operator=<32, false>(ap_range_ref<32, false> const&)' (C:\scratch\2022.2\hls_product\608\2022.2\src\shared\hls\clib/include/header_files\ap_int_ref.h:382:12)
INFO: [HLS 214-131] Inlining function 'ap_range_ref<23, false>::ap_range_ref(ap_int_base<23, false>*, int, int)' into 'ap_int_base<23, false>::range(int, int)' (C:\scratch\2022.2\hls_product\608\2022.2\src\shared\hls\clib/include/header_files\ap_int_base.h:1048:12)
INFO: [HLS 214-131] Inlining function 'ap_int_base<23, false>::range(int, int)' into 'ap_int_base<23, false>::operator()(int, int)' (C:\scratch\2022.2\hls_product\608\2022.2\src\shared\hls\clib/include/header_files\ap_int_base.h:1085:18)
INFO: [HLS 214-131] Inlining function '_ZN8ssdm_intILi23ELb0EEC2EDq23_j' into 'ap_int_base<23, false>::ap_int_base<32, false>(ap_int_base<32, false> const&)' (C:\scratch\2022.2\hls_product\608\2022.2\src\shared\hls\clib/include/header_files\ap_int_base.h:185:106)
INFO: [HLS 214-131] Inlining function 'ap_int_base<23, false>::ap_int_base<32, false>(ap_int_base<32, false> const&)' into 'ap_range_ref<23, false>& ap_range_ref<23, false>::operator=<32, false>(ap_int_base<32, false> const&)' (C:\scratch\2022.2\hls_product\608\2022.2\src\shared\hls\clib/include/header_files\ap_int_ref.h:367:31)
INFO: [HLS 214-131] Inlining function 'ap_int_base<32, false>::ap_int_base<32, false>(ap_range_ref<32, false> const&)' into 'ap_range_ref<23, false>& ap_range_ref<23, false>::operator=<32, false>(ap_range_ref<32, false> const&)' (C:\scratch\2022.2\hls_product\608\2022.2\src\shared\hls\clib/include/header_files\ap_int_ref.h:382:22)
INFO: [HLS 214-131] Inlining function 'ap_range_ref<23, false>& ap_range_ref<23, false>::operator=<32, false>(ap_int_base<32, false> const&)' into 'ap_range_ref<23, false>& ap_range_ref<23, false>::operator=<32, false>(ap_range_ref<32, false> const&)' (C:\scratch\2022.2\hls_product\608\2022.2\src\shared\hls\clib/include/header_files\ap_int_ref.h:382:12)
INFO: [HLS 214-131] Inlining function 'ap_range_ref<23, false>& ap_range_ref<23, false>::operator=<32, false>(ap_range_ref<32, false> const&)' into 'fp_struct<float>::fp_struct(float)' (C:\scratch\2022.2\hls_product\608\2022.2\src\shared\hls\clib/src/hls\utils/x_hls_utils.h:325:18)
INFO: [HLS 214-131] Inlining function 'ap_int_base<23, false>::operator()(int, int)' into 'fp_struct<float>::fp_struct(float)' (C:\scratch\2022.2\hls_product\608\2022.2\src\shared\hls\clib/src/hls\utils/x_hls_utils.h:325:9)
INFO: [HLS 214-131] Inlining function 'ap_int_base<32, false>::operator()(int, int)' into 'fp_struct<float>::fp_struct(float)' (C:\scratch\2022.2\hls_product\608\2022.2\src\shared\hls\clib/src/hls\utils/x_hls_utils.h:325:20)
INFO: [HLS 214-131] Inlining function 'ap_range_ref<8, false>& ap_range_ref<8, false>::operator=<32, false>(ap_range_ref<32, false> const&)' into 'fp_struct<float>::fp_struct(float)' (C:\scratch\2022.2\hls_product\608\2022.2\src\shared\hls\clib/src/hls\utils/x_hls_utils.h:324:17)
INFO: [HLS 214-131] Inlining function 'ap_int_base<8, false>::operator()(int, int)' into 'fp_struct<float>::fp_struct(float)' (C:\scratch\2022.2\hls_product\608\2022.2\src\shared\hls\clib/src/hls\utils/x_hls_utils.h:324:9)
INFO: [HLS 214-131] Inlining function 'ap_int_base<32, false>::operator()(int, int)' into 'fp_struct<float>::fp_struct(float)' (C:\scratch\2022.2\hls_product\608\2022.2\src\shared\hls\clib/src/hls\utils/x_hls_utils.h:324:19)
INFO: [HLS 214-131] Inlining function 'ap_bit_ref<1, false>& ap_bit_ref<1, false>::operator=<32, false>(ap_bit_ref<32, false> const&)' into 'fp_struct<float>::fp_struct(float)' (C:\scratch\2022.2\hls_product\608\2022.2\src\shared\hls\clib/src/hls\utils/x_hls_utils.h:323:17)
INFO: [HLS 214-131] Inlining function 'ap_int_base<1, false>::operator[](int)' into 'fp_struct<float>::fp_struct(float)' (C:\scratch\2022.2\hls_product\608\2022.2\src\shared\hls\clib/src/hls\utils/x_hls_utils.h:323:9)
INFO: [HLS 214-131] Inlining function 'ap_int_base<32, false>::operator[](int)' into 'fp_struct<float>::fp_struct(float)' (C:\scratch\2022.2\hls_product\608\2022.2\src\shared\hls\clib/src/hls\utils/x_hls_utils.h:323:19)
INFO: [HLS 214-131] Inlining function 'ap_fixed_base<32, 32, true, (ap_q_mode)5, (ap_o_mode)3, 0>::operator!() const' into 'ap_fixed_base<24, 1, false, (ap_q_mode)5, (ap_o_mode)3, 0>& ap_fixed_base<24, 1, false, (ap_q_mode)5, (ap_o_mode)3, 0>::operator=<32, 32, true, (ap_q_mode)5, (ap_o_mode)3, 0>(ap_fixed_base<32, 32, true, (ap_q_mode)5, (ap_o_mode)3, 0> const&)' (C:\scratch\2022.2\hls_product\608\2022.2\src\shared\hls\clib/include/header_files\ap_fixed_base.h:808:9)
INFO: [HLS 214-131] Inlining function 'ap_fixed_base<24, 1, false, (ap_q_mode)5, (ap_o_mode)3, 0>& ap_fixed_base<24, 1, false, (ap_q_mode)5, (ap_o_mode)3, 0>::operator=<32, 32, true, (ap_q_mode)5, (ap_o_mode)3, 0>(ap_fixed_base<32, 32, true, (ap_q_mode)5, (ap_o_mode)3, 0> const&)' into 'ap_fixed_base<24, 1, false, (ap_q_mode)5, (ap_o_mode)3, 0>::ap_fixed_base(int)' (C:\scratch\2022.2\hls_product\608\2022.2\src\shared\hls\clib/include/header_files\ap_fixed_base.h:530:146)
INFO: [HLS 214-131] Inlining function 'ap_fixed_base<24, 1, false, (ap_q_mode)5, (ap_o_mode)3, 0>::ap_fixed_base(int)' into 'ap_ufixed<24, 1, (ap_q_mode)5, (ap_o_mode)3, 0>::ap_ufixed(int)'
INFO: [HLS 214-131] Inlining function 'ap_range_ref<23, false>::ap_range_ref(ap_int_base<23, false>*, int, int)' into 'ap_int_base<23, false>::range(int, int) const' (C:\scratch\2022.2\hls_product\608\2022.2\src\shared\hls\clib/include/header_files\ap_int_base.h:1055:12)
INFO: [HLS 214-131] Inlining function 'ap_int_base<23, false>::range(int, int) const' into 'ap_int_base<23, false>::operator()(int, int) const' (C:\scratch\2022.2\hls_product\608\2022.2\src\shared\hls\clib/include/header_files\ap_int_base.h:1089:18)
INFO: [HLS 214-131] Inlining function 'af_range_ref<24, 1, false, (ap_q_mode)5, (ap_o_mode)3, 0>::af_range_ref(ap_fixed_base<24, 1, false, (ap_q_mode)5, (ap_o_mode)3, 0>*, int, int)' into 'ap_fixed_base<24, 1, false, (ap_q_mode)5, (ap_o_mode)3, 0>::range(int, int)' (C:\scratch\2022.2\hls_product\608\2022.2\src\shared\hls\clib/include/header_files\ap_fixed_base.h:1746:12)
INFO: [HLS 214-131] Inlining function 'ap_fixed_base<24, 1, false, (ap_q_mode)5, (ap_o_mode)3, 0>::range(int, int)' into 'ap_fixed_base<24, 1, false, (ap_q_mode)5, (ap_o_mode)3, 0>::operator()(int, int)' (C:\scratch\2022.2\hls_product\608\2022.2\src\shared\hls\clib/include/header_files\ap_fixed_base.h:1785:18)
INFO: [HLS 214-131] Inlining function 'ap_range_ref<23, false>::get() const' into 'ap_int_base<23, false>::ap_int_base<23, false>(ap_range_ref<23, false> const&)' (C:\scratch\2022.2\hls_product\608\2022.2\src\shared\hls\clib/include/header_files\ap_int_base.h:358:20)
INFO: [HLS 214-131] Inlining function 'ap_int_base<23, false>::ap_int_base<23, false>(ap_range_ref<23, false> const&)' into 'af_range_ref<24, 1, false, (ap_q_mode)5, (ap_o_mode)3, 0>& af_range_ref<24, 1, false, (ap_q_mode)5, (ap_o_mode)3, 0>::operator=<23, false>(ap_range_ref<23, false> const&)' (C:\scratch\2022.2\hls_product\608\2022.2\src\shared\hls\clib/include/header_files\ap_fixed_ref.h:301:38)
INFO: [HLS 214-131] Inlining function 'af_range_ref<24, 1, false, (ap_q_mode)5, (ap_o_mode)3, 0>& af_range_ref<24, 1, false, (ap_q_mode)5, (ap_o_mode)3, 0>::operator=<23, false>(ap_int_base<23, false> const&)' into 'af_range_ref<24, 1, false, (ap_q_mode)5, (ap_o_mode)3, 0>& af_range_ref<24, 1, false, (ap_q_mode)5, (ap_o_mode)3, 0>::operator=<23, false>(ap_range_ref<23, false> const&)' (C:\scratch\2022.2\hls_product\608\2022.2\src\shared\hls\clib/include/header_files\ap_fixed_ref.h:302:12)
INFO: [HLS 214-131] Inlining function 'af_bit_ref<24, 1, false, (ap_q_mode)5, (ap_o_mode)3, 0>::af_bit_ref(ap_fixed_base<24, 1, false, (ap_q_mode)5, (ap_o_mode)3, 0>*, int)' into 'ap_fixed_base<24, 1, false, (ap_q_mode)5, (ap_o_mode)3, 0>::operator[](unsigned int)' (C:\scratch\2022.2\hls_product\608\2022.2\src\shared\hls\clib/include/header_files\ap_fixed_base.h:1671:12)
INFO: [HLS 214-131] Inlining function 'af_bit_ref<24, 1, false, (ap_q_mode)5, (ap_o_mode)3, 0>::operator=(bool)' into 'fp_struct<float>::mantissa() const' (C:\scratch\2022.2\hls_product\608\2022.2\src\shared\hls\clib/src/hls\utils/x_hls_utils.h:372:21)
INFO: [HLS 214-131] Inlining function 'ap_fixed_base<24, 1, false, (ap_q_mode)5, (ap_o_mode)3, 0>::operator[](unsigned int)' into 'fp_struct<float>::mantissa() const' (C:\scratch\2022.2\hls_product\608\2022.2\src\shared\hls\clib/src/hls\utils/x_hls_utils.h:372:9)
INFO: [HLS 214-131] Inlining function 'ap_fixed_base<24, 1, false, (ap_q_mode)5, (ap_o_mode)3, 0>::wl() const' into 'fp_struct<float>::mantissa() const' (C:\scratch\2022.2\hls_product\608\2022.2\src\shared\hls\clib/src/hls\utils/x_hls_utils.h:372:13)
INFO: [HLS 214-131] Inlining function 'af_range_ref<24, 1, false, (ap_q_mode)5, (ap_o_mode)3, 0>& af_range_ref<24, 1, false, (ap_q_mode)5, (ap_o_mode)3, 0>::operator=<23, false>(ap_range_ref<23, false> const&)' into 'fp_struct<float>::mantissa() const' (C:\scratch\2022.2\hls_product\608\2022.2\src\shared\hls\clib/src/hls\utils/x_hls_utils.h:371:23)
INFO: [HLS 214-131] Inlining function 'ap_fixed_base<24, 1, false, (ap_q_mode)5, (ap_o_mode)3, 0>::operator()(int, int)' into 'fp_struct<float>::mantissa() const' (C:\scratch\2022.2\hls_product\608\2022.2\src\shared\hls\clib/src/hls\utils/x_hls_utils.h:371:9)
INFO: [HLS 214-131] Inlining function 'ap_fixed_base<24, 1, false, (ap_q_mode)5, (ap_o_mode)3, 0>::wl() const' into 'fp_struct<float>::mantissa() const' (C:\scratch\2022.2\hls_product\608\2022.2\src\shared\hls\clib/src/hls\utils/x_hls_utils.h:371:13)
INFO: [HLS 214-131] Inlining function 'ap_int_base<23, false>::operator()(int, int) const' into 'fp_struct<float>::mantissa() const' (C:\scratch\2022.2\hls_product\608\2022.2\src\shared\hls\clib/src/hls\utils/x_hls_utils.h:371:25)
INFO: [HLS 214-131] Inlining function 'ap_fixed_base<24, 1, false, (ap_q_mode)5, (ap_o_mode)3, 0>::operator!() const' into 'ap_fixed_base<55, 31, false, (ap_q_mode)5, (ap_o_mode)3, 0>& ap_fixed_base<55, 31, false, (ap_q_mode)5, (ap_o_mode)3, 0>::operator=<24, 1, false, (ap_q_mode)5, (ap_o_mode)3, 0>(ap_fixed_base<24, 1, false, (ap_q_mode)5, (ap_o_mode)3, 0> const&)' (C:\scratch\2022.2\hls_product\608\2022.2\src\shared\hls\clib/include/header_files\ap_fixed_base.h:808:9)
INFO: [HLS 214-131] Inlining function '_ZN8ssdm_intILi55ELb0EEC2EDq55_j' into 'ap_fixed_base<55, 31, false, (ap_q_mode)5, (ap_o_mode)3, 0>::ap_fixed_base<24, 1, false, (ap_q_mode)5, (ap_o_mode)3, 0>(ap_fixed_base<24, 1, false, (ap_q_mode)5, (ap_o_mode)3, 0> const&)' (C:\scratch\2022.2\hls_product\608\2022.2\src\shared\hls\clib/include/header_files\ap_fixed_base.h:401:80)
INFO: [HLS 214-131] Inlining function 'ap_fixed_base<55, 31, false, (ap_q_mode)5, (ap_o_mode)3, 0>& ap_fixed_base<55, 31, false, (ap_q_mode)5, (ap_o_mode)3, 0>::operator=<24, 1, false, (ap_q_mode)5, (ap_o_mode)3, 0>(ap_fixed_base<24, 1, false, (ap_q_mode)5, (ap_o_mode)3, 0> const&)' into 'ap_fixed_base<55, 31, false, (ap_q_mode)5, (ap_o_mode)3, 0>::ap_fixed_base<24, 1, false, (ap_q_mode)5, (ap_o_mode)3, 0>(ap_fixed_base<24, 1, false, (ap_q_mode)5, (ap_o_mode)3, 0> const&)' (C:\scratch\2022.2\hls_product\608\2022.2\src\shared\hls\clib/include/header_files\ap_fixed_base.h:403:5)
INFO: [HLS 214-131] Inlining function 'ap_fixed_base<55, 31, false, (ap_q_mode)5, (ap_o_mode)3, 0>::ap_fixed_base<24, 1, false, (ap_q_mode)5, (ap_o_mode)3, 0>(ap_fixed_base<24, 1, false, (ap_q_mode)5, (ap_o_mode)3, 0> const&)' into 'ap_ufixed<55, 31, (ap_q_mode)5, (ap_o_mode)3, 0>::ap_ufixed<24, 1, false, (ap_q_mode)5, (ap_o_mode)3, 0>(ap_fixed_base<24, 1, false, (ap_q_mode)5, (ap_o_mode)3, 0> const&)'
INFO: [HLS 214-131] Inlining function 'ssdm_int<32, true>::ssdm_int(int)' into 'ap_int_base<32, true>::ap_int_base(int)' (C:\scratch\2022.2\hls_product\608\2022.2\src\shared\hls\clib/include/header_files\ap_int_base.h:214:67)
INFO: [HLS 214-131] Inlining function '_ZN8ssdm_intILi33ELb1EEC2EDq33_i' into 'ap_int_base<33, true>::ap_int_base<8, false>(ap_int_base<8, false> const&)' (C:\scratch\2022.2\hls_product\608\2022.2\src\shared\hls\clib/include/header_files\ap_int_base.h:185:106)
INFO: [HLS 214-131] Inlining function '_ZN8ssdm_intILi33ELb1EEC2EDq33_i' into 'ap_int_base<33, true>::ap_int_base<32, true>(ap_int_base<32, true> const&)' (C:\scratch\2022.2\hls_product\608\2022.2\src\shared\hls\clib/include/header_files\ap_int_base.h:185:106)
INFO: [HLS 214-131] Inlining function '_ZN8ssdm_intILi33ELb1EEC2EDq33_i' into 'ap_int_base<33, true>::ap_int_base(int)' (C:\scratch\2022.2\hls_product\608\2022.2\src\shared\hls\clib/include/header_files\ap_int_base.h:214:67)
INFO: [HLS 214-131] Inlining function 'ap_int_base<33, true>::ap_int_base<8, false>(ap_int_base<8, false> const&)' into 'ap_int_base<8, false>::RType<32, true>::minus operator-<8, false, 32, true>(ap_int_base<8, false> const&, ap_int_base<32, true> const&)' (C:\scratch\2022.2\hls_product\608\2022.2\src\shared\hls\clib/include/header_files\ap_int_base.h:1496:341)
INFO: [HLS 214-131] Inlining function 'ap_int_base<33, true>::ap_int_base(int)' into 'ap_int_base<8, false>::RType<32, true>::minus operator-<8, false, 32, true>(ap_int_base<8, false> const&, ap_int_base<32, true> const&)' (C:\scratch\2022.2\hls_product\608\2022.2\src\shared\hls\clib/include/header_files\ap_int_base.h:1496:520)
INFO: [HLS 214-131] Inlining function 'ap_int_base<33, true>::ap_int_base<32, true>(ap_int_base<32, true> const&)' into 'ap_int_base<8, false>::RType<32, true>::minus operator-<8, false, 32, true>(ap_int_base<8, false> const&, ap_int_base<32, true> const&)' (C:\scratch\2022.2\hls_product\608\2022.2\src\shared\hls\clib/include/header_files\ap_int_base.h:1496:430)
INFO: [HLS 214-131] Inlining function 'ap_int_base<32, true>::ap_int_base(int)' into 'ap_int_base<8, false>::RType<($_0)32, true>::minus operator-<8, false>(ap_int_base<8, false> const&, int)' (C:\scratch\2022.2\hls_product\608\2022.2\src\shared\hls\clib/include/header_files\ap_int_base.h:1633:1531)
INFO: [HLS 214-131] Inlining function 'ap_int_base<8, false>::RType<32, true>::minus operator-<8, false, 32, true>(ap_int_base<8, false> const&, ap_int_base<32, true> const&)' into 'ap_int_base<8, false>::RType<($_0)32, true>::minus operator-<8, false>(ap_int_base<8, false> const&, int)' (C:\scratch\2022.2\hls_product\608\2022.2\src\shared\hls\clib/include/header_files\ap_int_base.h:1633:1529)
INFO: [HLS 214-131] Inlining function 'ap_int_base<8, false>::RType<($_0)32, true>::minus operator-<8, false>(ap_int_base<8, false> const&, int)' into 'fp_struct<float>::expv() const' (C:\scratch\2022.2\hls_product\608\2022.2\src\shared\hls\clib/src/hls\utils/x_hls_utils.h:346:19)
INFO: [HLS 214-131] Inlining function 'ap_int_base<33, true>::operator long long() const' into 'fp_struct<float>::expv() const' (C:\scratch\2022.2\hls_product\608\2022.2\src\shared\hls\clib/src/hls\utils/x_hls_utils.h:346:16)
INFO: [HLS 214-131] Inlining function 'ap_fixed_base<32, 32, true, (ap_q_mode)5, (ap_o_mode)3, 0>::operator!() const' into 'ap_fixed_base<55, 31, false, (ap_q_mode)5, (ap_o_mode)3, 0>& ap_fixed_base<55, 31, false, (ap_q_mode)5, (ap_o_mode)3, 0>::operator=<32, 32, true, (ap_q_mode)5, (ap_o_mode)3, 0>(ap_fixed_base<32, 32, true, (ap_q_mode)5, (ap_o_mode)3, 0> const&)' (C:\scratch\2022.2\hls_product\608\2022.2\src\shared\hls\clib/include/header_files\ap_fixed_base.h:808:9)
INFO: [HLS 214-131] Inlining function 'ap_fixed_base<55, 31, false, (ap_q_mode)5, (ap_o_mode)3, 0>& ap_fixed_base<55, 31, false, (ap_q_mode)5, (ap_o_mode)3, 0>::operator=<32, 32, true, (ap_q_mode)5, (ap_o_mode)3, 0>(ap_fixed_base<32, 32, true, (ap_q_mode)5, (ap_o_mode)3, 0> const&)' into 'ap_fixed_base<55, 31, false, (ap_q_mode)5, (ap_o_mode)3, 0>::ap_fixed_base(int)' (C:\scratch\2022.2\hls_product\608\2022.2\src\shared\hls\clib/include/header_files\ap_fixed_base.h:530:146)
INFO: [HLS 214-131] Inlining function 'ap_fixed_base<55, 31, false, (ap_q_mode)5, (ap_o_mode)3, 0>::ap_fixed_base(int)' into 'ap_fixed_base<55, 31, false, (ap_q_mode)5, (ap_o_mode)3, 0>::operator>>(unsigned int) const' (C:\scratch\2022.2\hls_product\608\2022.2\src\shared\hls\clib/include/header_files\ap_fixed_base.h:1487:19)
INFO: [HLS 214-131] Inlining function 'ap_fixed_base<55, 31, false, (ap_q_mode)5, (ap_o_mode)3, 0>::ap_fixed_base(int)' into 'ap_fixed_base<55, 31, false, (ap_q_mode)5, (ap_o_mode)3, 0>::operator<<(unsigned int) const' (C:\scratch\2022.2\hls_product\608\2022.2\src\shared\hls\clib/include/header_files\ap_fixed_base.h:1453:19)
INFO: [HLS 214-131] Inlining function 'ap_fixed_base<55, 31, false, (ap_q_mode)5, (ap_o_mode)3, 0>::ap_fixed_base(int)' into 'ap_fixed_base<55, 31, false, (ap_q_mode)5, (ap_o_mode)3, 0>::operator<<(int) const' (C:\scratch\2022.2\hls_product\608\2022.2\src\shared\hls\clib/include/header_files\ap_fixed_base.h:1510:19)
INFO: [HLS 214-131] Inlining function 'ap_fixed_base<55, 31, false, (ap_q_mode)5, (ap_o_mode)3, 0>::operator<<(unsigned int) const' into 'ap_fixed_base<55, 31, false, (ap_q_mode)5, (ap_o_mode)3, 0>::operator<<(int) const' (C:\scratch\2022.2\hls_product\608\2022.2\src\shared\hls\clib/include/header_files\ap_fixed_base.h:1516:14)
INFO: [HLS 214-131] Inlining function 'ap_fixed_base<55, 31, false, (ap_q_mode)5, (ap_o_mode)3, 0>::operator>>(unsigned int) const' into 'ap_fixed_base<55, 31, false, (ap_q_mode)5, (ap_o_mode)3, 0>::operator<<(int) const' (C:\scratch\2022.2\hls_product\608\2022.2\src\shared\hls\clib/include/header_files\ap_fixed_base.h:1514:14)
INFO: [HLS 214-131] Inlining function '_ZN8ssdm_intILi55ELb0EEC2EDq55_j' into 'ap_int_base<55, false>::ap_int_base(int)' (C:\scratch\2022.2\hls_product\608\2022.2\src\shared\hls\clib/include/header_files\ap_int_base.h:214:67)
INFO: [HLS 214-131] Inlining function 'ap_int_base<55, false>::ap_int_base(int)' into 'ap_int_base<55, false>::RType<55, false>::arg1 operator>><55, false>(ap_int_base<55, false> const&, int)' (C:\scratch\2022.2\hls_product\608\2022.2\src\shared\hls\clib/include/header_files\ap_int_base.h:1669:558)
INFO: [HLS 214-131] Inlining function '_ZN8ssdm_intILi1ELb0EEC2EDq1_j' into 'ap_int_base<1, false>::ap_int_base(int)' (C:\scratch\2022.2\hls_product\608\2022.2\src\shared\hls\clib/include/header_files\ap_int_base.h:214:67)
INFO: [HLS 214-131] Inlining function 'ap_int_base<1, false>::ap_int_base(int)' into 'ap_fixed_base<1, 9, false, (ap_q_mode)5, (ap_o_mode)0, 0>::overflow_adjust(bool, bool, bool, bool)' (C:\scratch\2022.2\hls_product\608\2022.2\src\shared\hls\clib/include/header_files\ap_fixed_base.h:357:23)
INFO: [HLS 214-131] Inlining function 'ap_fixed_base<55, 31, false, (ap_q_mode)5, (ap_o_mode)3, 0>::operator!() const' into 'ap_fixed_base<1, 9, false, (ap_q_mode)5, (ap_o_mode)0, 0>& ap_fixed_base<1, 9, false, (ap_q_mode)5, (ap_o_mode)0, 0>::operator=<55, 31, false, (ap_q_mode)5, (ap_o_mode)3, 0>(ap_fixed_base<55, 31, false, (ap_q_mode)5, (ap_o_mode)3, 0> const&)' (C:\scratch\2022.2\hls_product\608\2022.2\src\shared\hls\clib/include/header_files\ap_fixed_base.h:808:9)
INFO: [HLS 214-131] Inlining function 'ap_fixed_base<1, 9, false, (ap_q_mode)5, (ap_o_mode)0, 0>::overflow_adjust(bool, bool, bool, bool)' into 'ap_fixed_base<1, 9, false, (ap_q_mode)5, (ap_o_mode)0, 0>& ap_fixed_base<1, 9, false, (ap_q_mode)5, (ap_o_mode)0, 0>::operator=<55, 31, false, (ap_q_mode)5, (ap_o_mode)3, 0>(ap_fixed_base<55, 31, false, (ap_q_mode)5, (ap_o_mode)3, 0> const&)' (C:\scratch\2022.2\hls_product\608\2022.2\src\shared\hls\clib/include/header_files\ap_fixed_base.h:903:7)
INFO: [HLS 214-131] Inlining function 'bool ap_int_base<55, false>::operator==<55, false>(ap_int_base<55, false> const&) const' into 'ap_fixed_base<1, 9, false, (ap_q_mode)5, (ap_o_mode)0, 0>& ap_fixed_base<1, 9, false, (ap_q_mode)5, (ap_o_mode)0, 0>::operator=<55, 31, false, (ap_q_mode)5, (ap_o_mode)3, 0>(ap_fixed_base<55, 31, false, (ap_q_mode)5, (ap_o_mode)3, 0> const&)' (C:\scratch\2022.2\hls_product\608\2022.2\src\shared\hls\clib/include/header_files\ap_fixed_base.h:877:36)
INFO: [HLS 214-131] Inlining function 'ap_int_base<55, false>::RType<55, false>::arg1 operator>><55, false>(ap_int_base<55, false> const&, int)' into 'ap_fixed_base<1, 9, false, (ap_q_mode)5, (ap_o_mode)0, 0>& ap_fixed_base<1, 9, false, (ap_q_mode)5, (ap_o_mode)0, 0>::operator=<55, 31, false, (ap_q_mode)5, (ap_o_mode)3, 0>(ap_fixed_base<55, 31, false, (ap_q_mode)5, (ap_o_mode)3, 0> const&)' (C:\scratch\2022.2\hls_product\608\2022.2\src\shared\hls\clib/include/header_files\ap_fixed_base.h:877:49)
INFO: [HLS 214-131] Inlining function 'ap_int_base<55, false>::ap_int_base(int)' into 'ap_fixed_base<1, 9, false, (ap_q_mode)5, (ap_o_mode)0, 0>& ap_fixed_base<1, 9, false, (ap_q_mode)5, (ap_o_mode)0, 0>::operator=<55, 31, false, (ap_q_mode)5, (ap_o_mode)3, 0>(ap_fixed_base<55, 31, false, (ap_q_mode)5, (ap_o_mode)3, 0> const&)' (C:\scratch\2022.2\hls_product\608\2022.2\src\shared\hls\clib/include/header_files\ap_fixed_base.h:875:38)
INFO: [HLS 214-131] Inlining function 'bool ap_int_base<55, false>::operator==<55, false>(ap_int_base<55, false> const&) const' into 'ap_fixed_base<1, 9, false, (ap_q_mode)5, (ap_o_mode)0, 0>& ap_fixed_base<1, 9, false, (ap_q_mode)5, (ap_o_mode)0, 0>::operator=<55, 31, false, (ap_q_mode)5, (ap_o_mode)3, 0>(ap_fixed_base<55, 31, false, (ap_q_mode)5, (ap_o_mode)3, 0> const&)' (C:\scratch\2022.2\hls_product\608\2022.2\src\shared\hls\clib/include/header_files\ap_fixed_base.h:869:36)
INFO: [HLS 214-131] Inlining function 'ap_int_base<55, false>::RType<55, false>::arg1 operator>><55, false>(ap_int_base<55, false> const&, int)' into 'ap_fixed_base<1, 9, false, (ap_q_mode)5, (ap_o_mode)0, 0>& ap_fixed_base<1, 9, false, (ap_q_mode)5, (ap_o_mode)0, 0>::operator=<55, 31, false, (ap_q_mode)5, (ap_o_mode)3, 0>(ap_fixed_base<55, 31, false, (ap_q_mode)5, (ap_o_mode)3, 0> const&)' (C:\scratch\2022.2\hls_product\608\2022.2\src\shared\hls\clib/include/header_files\ap_fixed_base.h:869:49)
INFO: [HLS 214-131] Inlining function 'ap_int_base<55, false>::ap_int_base(int)' into 'ap_fixed_base<1, 9, false, (ap_q_mode)5, (ap_o_mode)0, 0>& ap_fixed_base<1, 9, false, (ap_q_mode)5, (ap_o_mode)0, 0>::operator=<55, 31, false, (ap_q_mode)5, (ap_o_mode)3, 0>(ap_fixed_base<55, 31, false, (ap_q_mode)5, (ap_o_mode)3, 0> const&)' (C:\scratch\2022.2\hls_product\608\2022.2\src\shared\hls\clib/include/header_files\ap_fixed_base.h:867:38)
INFO: [HLS 214-131] Inlining function 'ap_int_base<55, false>::ap_int_base(int)' into 'ap_fixed_base<1, 9, false, (ap_q_mode)5, (ap_o_mode)0, 0>& ap_fixed_base<1, 9, false, (ap_q_mode)5, (ap_o_mode)0, 0>::operator=<55, 31, false, (ap_q_mode)5, (ap_o_mode)3, 0>(ap_fixed_base<55, 31, false, (ap_q_mode)5, (ap_o_mode)3, 0> const&)' (C:\scratch\2022.2\hls_product\608\2022.2\src\shared\hls\clib/include/header_files\ap_fixed_base.h:864:36)
INFO: [HLS 214-131] Inlining function '_ZN8ssdm_intILi1ELb0EEC2EDq1_j' into 'ap_fixed_base<1, 9, false, (ap_q_mode)5, (ap_o_mode)0, 0>::ap_fixed_base<55, 31, false, (ap_q_mode)5, (ap_o_mode)3, 0>(ap_fixed_base<55, 31, false, (ap_q_mode)5, (ap_o_mode)3, 0> const&)' (C:\scratch\2022.2\hls_product\608\2022.2\src\shared\hls\clib/include/header_files\ap_fixed_base.h:401:80)
INFO: [HLS 214-131] Inlining function 'ap_fixed_base<1, 9, false, (ap_q_mode)5, (ap_o_mode)0, 0>& ap_fixed_base<1, 9, false, (ap_q_mode)5, (ap_o_mode)0, 0>::operator=<55, 31, false, (ap_q_mode)5, (ap_o_mode)3, 0>(ap_fixed_base<55, 31, false, (ap_q_mode)5, (ap_o_mode)3, 0> const&)' into 'ap_fixed_base<1, 9, false, (ap_q_mode)5, (ap_o_mode)0, 0>::ap_fixed_base<55, 31, false, (ap_q_mode)5, (ap_o_mode)3, 0>(ap_fixed_base<55, 31, false, (ap_q_mode)5, (ap_o_mode)3, 0> const&)' (C:\scratch\2022.2\hls_product\608\2022.2\src\shared\hls\clib/include/header_files\ap_fixed_base.h:403:5)
INFO: [HLS 214-131] Inlining function 'ap_fixed_base<1, 9, false, (ap_q_mode)5, (ap_o_mode)0, 0>::ap_fixed_base<55, 31, false, (ap_q_mode)5, (ap_o_mode)3, 0>(ap_fixed_base<55, 31, false, (ap_q_mode)5, (ap_o_mode)3, 0> const&)' into 'ap_ufixed<1, 9, (ap_q_mode)5, (ap_o_mode)0, 0>::ap_ufixed<55, 31, false, (ap_q_mode)5, (ap_o_mode)3, 0>(ap_fixed_base<55, 31, false, (ap_q_mode)5, (ap_o_mode)3, 0> const&)'
INFO: [HLS 214-131] Inlining function 'ap_fixed_base<55, 31, false, (ap_q_mode)5, (ap_o_mode)3, 0>::operator!() const' into 'ap_fixed_base<8, 8, false, (ap_q_mode)6, (ap_o_mode)3, 0>& ap_fixed_base<8, 8, false, (ap_q_mode)6, (ap_o_mode)3, 0>::operator=<55, 31, false, (ap_q_mode)5, (ap_o_mode)3, 0>(ap_fixed_base<55, 31, false, (ap_q_mode)5, (ap_o_mode)3, 0> const&)' (C:\scratch\2022.2\hls_product\608\2022.2\src\shared\hls\clib/include/header_files\ap_fixed_base.h:808:9)
INFO: [HLS 214-131] Inlining function 'ssdm_int<8, false>::ssdm_int(unsigned char)' into 'ap_fixed_base<8, 8, false, (ap_q_mode)6, (ap_o_mode)3, 0>::ap_fixed_base<55, 31, false, (ap_q_mode)5, (ap_o_mode)3, 0>(ap_fixed_base<55, 31, false, (ap_q_mode)5, (ap_o_mode)3, 0> const&)' (C:\scratch\2022.2\hls_product\608\2022.2\src\shared\hls\clib/include/header_files\ap_fixed_base.h:401:80)
INFO: [HLS 214-131] Inlining function 'ap_fixed_base<8, 8, false, (ap_q_mode)6, (ap_o_mode)3, 0>& ap_fixed_base<8, 8, false, (ap_q_mode)6, (ap_o_mode)3, 0>::operator=<55, 31, false, (ap_q_mode)5, (ap_o_mode)3, 0>(ap_fixed_base<55, 31, false, (ap_q_mode)5, (ap_o_mode)3, 0> const&)' into 'ap_fixed_base<8, 8, false, (ap_q_mode)6, (ap_o_mode)3, 0>::ap_fixed_base<55, 31, false, (ap_q_mode)5, (ap_o_mode)3, 0>(ap_fixed_base<55, 31, false, (ap_q_mode)5, (ap_o_mode)3, 0> const&)' (C:\scratch\2022.2\hls_product\608\2022.2\src\shared\hls\clib/include/header_files\ap_fixed_base.h:403:5)
INFO: [HLS 214-131] Inlining function 'ap_fixed_base<8, 8, false, (ap_q_mode)6, (ap_o_mode)3, 0>::ap_fixed_base<55, 31, false, (ap_q_mode)5, (ap_o_mode)3, 0>(ap_fixed_base<55, 31, false, (ap_q_mode)5, (ap_o_mode)3, 0> const&)' into 'ap_ufixed<8, 8, (ap_q_mode)6, (ap_o_mode)3, 0>::ap_ufixed<55, 31, false, (ap_q_mode)5, (ap_o_mode)3, 0>(ap_fixed_base<55, 31, false, (ap_q_mode)5, (ap_o_mode)3, 0> const&)'
INFO: [HLS 214-131] Inlining function 'ap_fixed_base<1, 9, false, (ap_q_mode)5, (ap_o_mode)0, 0>::operator!() const' into 'ap_fixed_base<10, 10, false, (ap_q_mode)5, (ap_o_mode)0, 0>& ap_fixed_base<10, 10, false, (ap_q_mode)5, (ap_o_mode)0, 0>::operator=<1, 9, false, (ap_q_mode)5, (ap_o_mode)0, 0>(ap_fixed_base<1, 9, false, (ap_q_mode)5, (ap_o_mode)0, 0> const&)' (C:\scratch\2022.2\hls_product\608\2022.2\src\shared\hls\clib/include/header_files\ap_fixed_base.h:808:9)
INFO: [HLS 214-131] Inlining function '_ZN8ssdm_intILi10ELb0EEC2EDq10_j' into 'ap_fixed_base<10, 10, false, (ap_q_mode)5, (ap_o_mode)0, 0>::ap_fixed_base<1, 9, false, (ap_q_mode)5, (ap_o_mode)0, 0>(ap_fixed_base<1, 9, false, (ap_q_mode)5, (ap_o_mode)0, 0> const&)' (C:\scratch\2022.2\hls_product\608\2022.2\src\shared\hls\clib/include/header_files\ap_fixed_base.h:401:80)
INFO: [HLS 214-131] Inlining function 'ap_fixed_base<10, 10, false, (ap_q_mode)5, (ap_o_mode)0, 0>& ap_fixed_base<10, 10, false, (ap_q_mode)5, (ap_o_mode)0, 0>::operator=<1, 9, false, (ap_q_mode)5, (ap_o_mode)0, 0>(ap_fixed_base<1, 9, false, (ap_q_mode)5, (ap_o_mode)0, 0> const&)' into 'ap_fixed_base<10, 10, false, (ap_q_mode)5, (ap_o_mode)0, 0>::ap_fixed_base<1, 9, false, (ap_q_mode)5, (ap_o_mode)0, 0>(ap_fixed_base<1, 9, false, (ap_q_mode)5, (ap_o_mode)0, 0> const&)' (C:\scratch\2022.2\hls_product\608\2022.2\src\shared\hls\clib/include/header_files\ap_fixed_base.h:403:5)
INFO: [HLS 214-131] Inlining function 'ap_fixed_base<10, 10, false, (ap_q_mode)5, (ap_o_mode)0, 0>::ap_fixed_base<1, 9, false, (ap_q_mode)5, (ap_o_mode)0, 0>(ap_fixed_base<1, 9, false, (ap_q_mode)5, (ap_o_mode)0, 0> const&)' into 'bool ap_fixed_base<1, 9, false, (ap_q_mode)5, (ap_o_mode)0, 0>::operator!=<32, 32, true, (ap_q_mode)5, (ap_o_mode)3, 0>(ap_fixed_base<32, 32, true, (ap_q_mode)5, (ap_o_mode)3, 0> const&) const' (C:\scratch\2022.2\hls_product\608\2022.2\src\shared\hls\clib/include/header_files\ap_fixed_base.h:1654:505)
INFO: [HLS 214-131] Inlining function 'ap_fixed_base<32, 32, true, (ap_q_mode)5, (ap_o_mode)3, 0>::ap_fixed_base(int)' into 'bool operator!=<1, 9, false, (ap_q_mode)5, (ap_o_mode)0, 0>(ap_fixed_base<1, 9, false, (ap_q_mode)5, (ap_o_mode)0, 0> const&, int)' (C:\scratch\2022.2\hls_product\608\2022.2\src\shared\hls\clib/include/header_files\ap_fixed_base.h:2376:13043)
INFO: [HLS 214-131] Inlining function 'bool ap_fixed_base<1, 9, false, (ap_q_mode)5, (ap_o_mode)0, 0>::operator!=<32, 32, true, (ap_q_mode)5, (ap_o_mode)3, 0>(ap_fixed_base<32, 32, true, (ap_q_mode)5, (ap_o_mode)3, 0> const&) const' into 'bool operator!=<1, 9, false, (ap_q_mode)5, (ap_o_mode)0, 0>(ap_fixed_base<1, 9, false, (ap_q_mode)5, (ap_o_mode)0, 0> const&, int)' (C:\scratch\2022.2\hls_product\608\2022.2\src\shared\hls\clib/include/header_files\ap_fixed_base.h:2376:13031)
INFO: [HLS 214-131] Inlining function 'ssdm_int<8, false>::ssdm_int(unsigned char)' into 'ap_int_base<8, false>::ap_int_base(int)' (C:\scratch\2022.2\hls_product\608\2022.2\src\shared\hls\clib/include/header_files\ap_int_base.h:214:67)
INFO: [HLS 214-131] Inlining function 'ap_int_base<8, false>::ap_int_base(int)' into 'ap_uint<8>::ap_uint(int)'
INFO: [HLS 214-131] Inlining function 'ap_int_base<1, false>::to_int() const' into 'fp_struct<float>::__signbit() const' (C:\scratch\2022.2\hls_product\608\2022.2\src\shared\hls\clib/src/hls\utils/x_hls_utils.h:379:21)
INFO: [HLS 214-131] Inlining function 'ap_fixed_base<1, 9, false, (ap_q_mode)5, (ap_o_mode)0, 0>::operator!() const' into 'ap_fixed_base<9, 9, false, (ap_q_mode)5, (ap_o_mode)0, 0>& ap_fixed_base<9, 9, false, (ap_q_mode)5, (ap_o_mode)0, 0>::operator=<1, 9, false, (ap_q_mode)5, (ap_o_mode)0, 0>(ap_fixed_base<1, 9, false, (ap_q_mode)5, (ap_o_mode)0, 0> const&)' (C:\scratch\2022.2\hls_product\608\2022.2\src\shared\hls\clib/include/header_files\ap_fixed_base.h:808:9)
INFO: [HLS 214-131] Inlining function '_ZN8ssdm_intILi9ELb0EEC2EDq9_j' into 'ap_fixed_base<9, 9, false, (ap_q_mode)5, (ap_o_mode)0, 0>::ap_fixed_base<1, 9, false, (ap_q_mode)5, (ap_o_mode)0, 0>(ap_fixed_base<1, 9, false, (ap_q_mode)5, (ap_o_mode)0, 0> const&)' (C:\scratch\2022.2\hls_product\608\2022.2\src\shared\hls\clib/include/header_files\ap_fixed_base.h:401:80)
INFO: [HLS 214-131] Inlining function 'ap_fixed_base<9, 9, false, (ap_q_mode)5, (ap_o_mode)0, 0>& ap_fixed_base<9, 9, false, (ap_q_mode)5, (ap_o_mode)0, 0>::operator=<1, 9, false, (ap_q_mode)5, (ap_o_mode)0, 0>(ap_fixed_base<1, 9, false, (ap_q_mode)5, (ap_o_mode)0, 0> const&)' into 'ap_fixed_base<9, 9, false, (ap_q_mode)5, (ap_o_mode)0, 0>::ap_fixed_base<1, 9, false, (ap_q_mode)5, (ap_o_mode)0, 0>(ap_fixed_base<1, 9, false, (ap_q_mode)5, (ap_o_mode)0, 0> const&)' (C:\scratch\2022.2\hls_product\608\2022.2\src\shared\hls\clib/include/header_files\ap_fixed_base.h:403:5)
INFO: [HLS 214-131] Inlining function 'ap_fixed_base<9, 9, false, (ap_q_mode)5, (ap_o_mode)0, 0>::ap_fixed_base<1, 9, false, (ap_q_mode)5, (ap_o_mode)0, 0>(ap_fixed_base<1, 9, false, (ap_q_mode)5, (ap_o_mode)0, 0> const&)' into 'bool ap_fixed_base<32, 32, true, (ap_q_mode)5, (ap_o_mode)3, 0>::operator==<1, 9, false, (ap_q_mode)5, (ap_o_mode)0, 0>(ap_fixed_base<1, 9, false, (ap_q_mode)5, (ap_o_mode)0, 0> const&) const' (C:\scratch\2022.2\hls_product\608\2022.2\src\shared\hls\clib/include/header_files\ap_fixed_base.h:1653:370)
INFO: [HLS 214-131] Inlining function 'ap_fixed_base<32, 32, true, (ap_q_mode)5, (ap_o_mode)3, 0>::ap_fixed_base(int)' into 'bool operator==<1, 9, false, (ap_q_mode)5, (ap_o_mode)0, 0>(int, ap_fixed_base<1, 9, false, (ap_q_mode)5, (ap_o_mode)0, 0> const&)' (C:\scratch\2022.2\hls_product\608\2022.2\src\shared\hls\clib/include/header_files\ap_fixed_base.h:2376:12718)
INFO: [HLS 214-131] Inlining function 'bool ap_fixed_base<32, 32, true, (ap_q_mode)5, (ap_o_mode)3, 0>::operator==<1, 9, false, (ap_q_mode)5, (ap_o_mode)0, 0>(ap_fixed_base<1, 9, false, (ap_q_mode)5, (ap_o_mode)0, 0> const&) const' into 'bool operator==<1, 9, false, (ap_q_mode)5, (ap_o_mode)0, 0>(int, ap_fixed_base<1, 9, false, (ap_q_mode)5, (ap_o_mode)0, 0> const&)' (C:\scratch\2022.2\hls_product\608\2022.2\src\shared\hls\clib/include/header_files\ap_fixed_base.h:2376:12778)
INFO: [HLS 214-131] Inlining function 'ap_int_base<32, true>::ap_int_base(int)' into 'bool operator!=<23, false>(int, ap_int_base<23, false> const&)' (C:\scratch\2022.2\hls_product\608\2022.2\src\shared\hls\clib/include/header_files\ap_int_base.h:1788:2037)
INFO: [HLS 214-131] Inlining function 'bool ap_int_base<32, true>::operator!=<23, false>(ap_int_base<23, false> const&) const' into 'bool operator!=<23, false>(int, ap_int_base<23, false> const&)' (C:\scratch\2022.2\hls_product\608\2022.2\src\shared\hls\clib/include/header_files\ap_int_base.h:1788:2075)
INFO: [HLS 214-131] Inlining function 'ap_int_base<32, true>::ap_int_base(int)' into 'bool operator==<8, false>(ap_int_base<8, false> const&, int)' (C:\scratch\2022.2\hls_product\608\2022.2\src\shared\hls\clib/include/header_files\ap_int_base.h:1788:1853)
INFO: [HLS 214-131] Inlining function 'bool ap_int_base<8, false>::operator==<32, true>(ap_int_base<32, true> const&) const' into 'bool operator==<8, false>(ap_int_base<8, false> const&, int)' (C:\scratch\2022.2\hls_product\608\2022.2\src\shared\hls\clib/include/header_files\ap_int_base.h:1788:1850)
INFO: [HLS 214-131] Inlining function 'ap_fixed_base<8, 8, false, (ap_q_mode)6, (ap_o_mode)3, 0>::operator!() const' into 'ap_fixed_base<8, 8, true, (ap_q_mode)5, (ap_o_mode)3, 0>& ap_fixed_base<8, 8, true, (ap_q_mode)5, (ap_o_mode)3, 0>::operator=<8, 8, false, (ap_q_mode)6, (ap_o_mode)3, 0>(ap_fixed_base<8, 8, false, (ap_q_mode)6, (ap_o_mode)3, 0> const&)' (C:\scratch\2022.2\hls_product\608\2022.2\src\shared\hls\clib/include/header_files\ap_fixed_base.h:808:9)
INFO: [HLS 214-131] Inlining function 'ssdm_int<8, true>::ssdm_int(signed char)' into 'ap_fixed_base<8, 8, true, (ap_q_mode)5, (ap_o_mode)3, 0>::ap_fixed_base<8, 8, false, (ap_q_mode)6, (ap_o_mode)3, 0>(ap_fixed_base<8, 8, false, (ap_q_mode)6, (ap_o_mode)3, 0> const&)' (C:\scratch\2022.2\hls_product\608\2022.2\src\shared\hls\clib/include/header_files\ap_fixed_base.h:401:80)
INFO: [HLS 214-131] Inlining function 'ap_fixed_base<8, 8, true, (ap_q_mode)5, (ap_o_mode)3, 0>& ap_fixed_base<8, 8, true, (ap_q_mode)5, (ap_o_mode)3, 0>::operator=<8, 8, false, (ap_q_mode)6, (ap_o_mode)3, 0>(ap_fixed_base<8, 8, false, (ap_q_mode)6, (ap_o_mode)3, 0> const&)' into 'ap_fixed_base<8, 8, true, (ap_q_mode)5, (ap_o_mode)3, 0>::ap_fixed_base<8, 8, false, (ap_q_mode)6, (ap_o_mode)3, 0>(ap_fixed_base<8, 8, false, (ap_q_mode)6, (ap_o_mode)3, 0> const&)' (C:\scratch\2022.2\hls_product\608\2022.2\src\shared\hls\clib/include/header_files\ap_fixed_base.h:403:5)
INFO: [HLS 214-131] Inlining function 'ap_fixed_base<8, 8, true, (ap_q_mode)5, (ap_o_mode)3, 0>::ap_fixed_base<8, 8, false, (ap_q_mode)6, (ap_o_mode)3, 0>(ap_fixed_base<8, 8, false, (ap_q_mode)6, (ap_o_mode)3, 0> const&)' into 'ap_fixed<8, 8, (ap_q_mode)5, (ap_o_mode)3, 0>::ap_fixed<8, 8, false, (ap_q_mode)6, (ap_o_mode)3, 0>(ap_fixed_base<8, 8, false, (ap_q_mode)6, (ap_o_mode)3, 0> const&)'
INFO: [HLS 214-131] Inlining function 'ssdm_int<8, true>::ssdm_int(signed char)' into 'ap_int_base<8, true>::ap_int_base(int)' (C:\scratch\2022.2\hls_product\608\2022.2\src\shared\hls\clib/include/header_files\ap_int_base.h:214:67)
INFO: [HLS 214-131] Inlining function 'ap_int_base<8, true>::ap_int_base(int)' into 'ap_fixed_base<8, 8, true, (ap_q_mode)5, (ap_o_mode)3, 0>::to_ap_int_base(bool) const' (C:\scratch\2022.2\hls_product\608\2022.2\src\shared\hls\clib/include/header_files\ap_fixed_base.h:983:57)
INFO: [HLS 214-131] Inlining function 'ap_fixed_base<8, 8, true, (ap_q_mode)5, (ap_o_mode)3, 0>::to_ap_int_base(bool) const' into 'ap_fixed_base<8, 8, true, (ap_q_mode)5, (ap_o_mode)3, 0>::to_uint() const' (C:\scratch\2022.2\hls_product\608\2022.2\src\shared\hls\clib/include/header_files\ap_fixed_base.h:1024:95)
INFO: [HLS 214-131] Inlining function 'ap_int_base<8, true>::to_uint() const' into 'ap_fixed_base<8, 8, true, (ap_q_mode)5, (ap_o_mode)3, 0>::to_uint() const' (C:\scratch\2022.2\hls_product\608\2022.2\src\shared\hls\clib/include/header_files\ap_fixed_base.h:1024:112)
INFO: [HLS 214-131] Inlining function 'ap_fixed_base<8, 8, true, (ap_q_mode)5, (ap_o_mode)3, 0>::to_uint() const' into 'ap_fixed_base<8, 8, true, (ap_q_mode)5, (ap_o_mode)3, 0>::operator unsigned char() const' (C:\scratch\2022.2\hls_product\608\2022.2\src\shared\hls\clib/include/header_files\ap_fixed_base.h:1191:116)
INFO: [HLS 214-131] Inlining function 'ap_fixed_base<8, 8, true, (ap_q_mode)5, (ap_o_mode)3, 0>::operator unsigned char() const' into 'unsigned char generic_cast_IEEE754<unsigned char, (ap_q_mode)6, float>(float, bool, hls::enable_if<!(std::numeric_limits<unsigned char>::is_signed), bool>::type)' (C:\scratch\2022.2\hls_product\608\2022.2\src\shared\hls\clib/hlsmath/include/FloatingPoint\hls_case_IEEE754.h:112:9)
INFO: [HLS 214-131] Inlining function 'ap_int_base<8, false>::operator unsigned long long() const' into 'unsigned char generic_cast_IEEE754<unsigned char, (ap_q_mode)6, float>(float, bool, hls::enable_if<!(std::numeric_limits<unsigned char>::is_signed), bool>::type)' (C:\scratch\2022.2\hls_product\608\2022.2\src\shared\hls\clib/hlsmath/include/FloatingPoint\hls_case_IEEE754.h:99:17)
INFO: [HLS 214-131] Inlining function 'ap_fixed_base<55, 31, false, (ap_q_mode)5, (ap_o_mode)3, 0>::operator<<(int) const' into 'unsigned char generic_cast_IEEE754<unsigned char, (ap_q_mode)6, float>(float, bool, hls::enable_if<!(std::numeric_limits<unsigned char>::is_signed), bool>::type)' (C:\scratch\2022.2\hls_product\608\2022.2\src\shared\hls\clib/hlsmath/include/FloatingPoint\hls_case_IEEE754.h:71:73)
INFO: [HLS 214-131] Inlining function 'ap_int_base<8, false>::operator unsigned long long() const' into 'unsigned char generic_cast_IEEE754<unsigned char, (ap_q_mode)6, float>(float, bool, hls::enable_if<!(std::numeric_limits<unsigned char>::is_signed), bool>::type)' (C:\scratch\2022.2\hls_product\608\2022.2\src\shared\hls\clib/hlsmath/include/FloatingPoint\hls_case_IEEE754.h:96:17)
INFO: [HLS 214-131] Inlining function 'bool operator==<8, false>(ap_int_base<8, false> const&, int)' into 'unsigned char generic_cast_IEEE754<unsigned char, (ap_q_mode)6, float>(float, bool, hls::enable_if<!(std::numeric_limits<unsigned char>::is_signed), bool>::type)' (C:\scratch\2022.2\hls_product\608\2022.2\src\shared\hls\clib/hlsmath/include/FloatingPoint\hls_case_IEEE754.h:94:54)
INFO: [HLS 214-131] Inlining function 'bool operator!=<23, false>(int, ap_int_base<23, false> const&)' into 'unsigned char generic_cast_IEEE754<unsigned char, (ap_q_mode)6, float>(float, bool, hls::enable_if<!(std::numeric_limits<unsigned char>::is_signed), bool>::type)' (C:\scratch\2022.2\hls_product\608\2022.2\src\shared\hls\clib/hlsmath/include/FloatingPoint\hls_case_IEEE754.h:94:34)
INFO: [HLS 214-131] Inlining function 'bool operator==<1, 9, false, (ap_q_mode)5, (ap_o_mode)0, 0>(int, ap_fixed_base<1, 9, false, (ap_q_mode)5, (ap_o_mode)0, 0> const&)' into 'unsigned char generic_cast_IEEE754<unsigned char, (ap_q_mode)6, float>(float, bool, hls::enable_if<!(std::numeric_limits<unsigned char>::is_signed), bool>::type)' (C:\scratch\2022.2\hls_product\608\2022.2\src\shared\hls\clib/hlsmath/include/FloatingPoint\hls_case_IEEE754.h:94:12)
INFO: [HLS 214-131] Inlining function 'bool operator!=<1, 9, false, (ap_q_mode)5, (ap_o_mode)0, 0>(ap_fixed_base<1, 9, false, (ap_q_mode)5, (ap_o_mode)0, 0> const&, int)' into 'unsigned char generic_cast_IEEE754<unsigned char, (ap_q_mode)6, float>(float, bool, hls::enable_if<!(std::numeric_limits<unsigned char>::is_signed), bool>::type)' (C:\scratch\2022.2\hls_product\608\2022.2\src\shared\hls\clib/hlsmath/include/FloatingPoint\hls_case_IEEE754.h:86:96)
INFO: [HLS 214-178] Inlining function 'fp_struct<float>::fp_struct(float)' into 'unsigned char generic_cast_IEEE754<unsigned char, (ap_q_mode)6, float>(float, bool, hls::enable_if<!(std::numeric_limits<unsigned char>::is_signed), bool>::type)' (C:\scratch\2022.2\hls_product\608\2022.2\src\shared\hls\clib/hlsmath/include/FloatingPoint\hls_case_IEEE754.h:65:0)
INFO: [HLS 214-178] Inlining function 'fp_struct<float>::mantissa() const' into 'unsigned char generic_cast_IEEE754<unsigned char, (ap_q_mode)6, float>(float, bool, hls::enable_if<!(std::numeric_limits<unsigned char>::is_signed), bool>::type)' (C:\scratch\2022.2\hls_product\608\2022.2\src\shared\hls\clib/hlsmath/include/FloatingPoint\hls_case_IEEE754.h:65:0)
INFO: [HLS 214-178] Inlining function 'fp_struct<float>::expv() const' into 'unsigned char generic_cast_IEEE754<unsigned char, (ap_q_mode)6, float>(float, bool, hls::enable_if<!(std::numeric_limits<unsigned char>::is_signed), bool>::type)' (C:\scratch\2022.2\hls_product\608\2022.2\src\shared\hls\clib/hlsmath/include/FloatingPoint\hls_case_IEEE754.h:65:0)
INFO: [HLS 214-178] Inlining function 'unsigned char generic_cast_IEEE754<unsigned char, (ap_q_mode)6, float>(float, bool, hls::enable_if<!(std::numeric_limits<unsigned char>::is_signed), bool>::type)' into 'unsigned char generic_cast_IEEE754<unsigned char, float>(float, bool)' (C:\scratch\2022.2\hls_product\608\2022.2\src\shared\hls\clib/hlsmath/include/FloatingPoint\hls_case_IEEE754.h:116:0)
INFO: [HLS 214-178] Inlining function 'unsigned char generic_cast_IEEE754<unsigned char, float>(float, bool)' into '__hls_fptoui_float_i8' (C:\scratch\2022.2\hls_product\608\2022.2\src\shared\hls\clib\hlsmath\src\lib_floatconversion.cpp:63:0)
INFO: [HLS 214-178] Inlining function '__hls_fptoui_float_i8' into 'fir' (CS4110-HLS-Tutorial-master/CS4110-HLS-Tutorial-master/src/hls/fir.c:9:0)
INFO: [HLS 200-111] Finished Compiling Optimization and Transform: CPU user time: 1 seconds. CPU system time: 0 seconds. Elapsed time: 8.088 seconds; current allocated memory: 680.656 MB.
INFO: [HLS 200-111] Finished Checking Pragmas: CPU user time: 0 seconds. CPU system time: 0 seconds. Elapsed time: 0.005 seconds; current allocated memory: 680.656 MB.
INFO: [HLS 200-10] Starting code transformations ...
INFO: [HLS 200-111] Finished Standard Transforms: CPU user time: 0 seconds. CPU system time: 0 seconds. Elapsed time: 0.319 seconds; current allocated memory: 704.031 MB.
INFO: [HLS 200-10] Checking synthesizability ...
INFO: [HLS 200-111] Finished Checking Synthesizability: CPU user time: 1 seconds. CPU system time: 0 seconds. Elapsed time: 0.289 seconds; current allocated memory: 725.684 MB.
INFO: [XFORM 203-510] Pipelining loop 'VITIS_LOOP_18_1' (CS4110-HLS-Tutorial-master/CS4110-HLS-Tutorial-master/src/hls/fir.c:16) in function 'fir' automatically.
INFO: [XFORM 203-102] Automatically partitioning small array 'shift_reg' completely based on array size.
INFO: [XFORM 203-101] Partitioning array 'shift_reg' in dimension 1 completely.
INFO: [HLS 200-111] Finished Loop, function and other optimizations: CPU user time: 0 seconds. CPU system time: 0 seconds. Elapsed time: 0.452 seconds; current allocated memory: 769.203 MB.
INFO: [HLS 200-111] Finished Architecture Synthesis: CPU user time: 0 seconds. CPU system time: 0 seconds. Elapsed time: 0.166 seconds; current allocated memory: 776.613 MB.
INFO: [HLS 200-10] Starting hardware synthesis ...
INFO: [HLS 200-10] Synthesizing 'fir' ...
INFO: [HLS 200-10] ----------------------------------------------------------------
INFO: [HLS 200-42] -- Implementing module 'fir_Pipeline_VITIS_LOOP_18_1' 
INFO: [HLS 200-10] ----------------------------------------------------------------
INFO: [SCHED 204-11] Starting scheduling ...
INFO: [SCHED 204-61] Pipelining loop 'VITIS_LOOP_18_1'.
WARNING: [HLS 200-880] The II Violation in module 'fir_Pipeline_VITIS_LOOP_18_1' (loop 'VITIS_LOOP_18_1'): Unable to enforce a carried dependence constraint (II = 1, distance = 1, offset = 0) between 'store' operation ('acc_write_ln18', CS4110-HLS-Tutorial-master/CS4110-HLS-Tutorial-master/src/hls/fir.c:18) of variable 'acc', CS4110-HLS-Tutorial-master/CS4110-HLS-Tutorial-master/src/hls/fir.c:21 on local variable 'acc' and 'load' operation ('acc_load', CS4110-HLS-Tutorial-master/CS4110-HLS-Tutorial-master/src/hls/fir.c:21) on local variable 'acc'.
WARNING: [HLS 200-880] The II Violation in module 'fir_Pipeline_VITIS_LOOP_18_1' (loop 'VITIS_LOOP_18_1'): Unable to enforce a carried dependence constraint (II = 2, distance = 1, offset = 0) between 'store' operation ('acc_write_ln18', CS4110-HLS-Tutorial-master/CS4110-HLS-Tutorial-master/src/hls/fir.c:18) of variable 'acc', CS4110-HLS-Tutorial-master/CS4110-HLS-Tutorial-master/src/hls/fir.c:21 on local variable 'acc' and 'load' operation ('acc_load', CS4110-HLS-Tutorial-master/CS4110-HLS-Tutorial-master/src/hls/fir.c:21) on local variable 'acc'.
WARNING: [HLS 200-880] The II Violation in module 'fir_Pipeline_VITIS_LOOP_18_1' (loop 'VITIS_LOOP_18_1'): Unable to enforce a carried dependence constraint (II = 3, distance = 1, offset = 0) between 'store' operation ('acc_write_ln18', CS4110-HLS-Tutorial-master/CS4110-HLS-Tutorial-master/src/hls/fir.c:18) of variable 'acc', CS4110-HLS-Tutorial-master/CS4110-HLS-Tutorial-master/src/hls/fir.c:21 on local variable 'acc' and 'load' operation ('acc_load', CS4110-HLS-Tutorial-master/CS4110-HLS-Tutorial-master/src/hls/fir.c:21) on local variable 'acc'.
WARNING: [HLS 200-880] The II Violation in module 'fir_Pipeline_VITIS_LOOP_18_1' (loop 'VITIS_LOOP_18_1'): Unable to enforce a carried dependence constraint (II = 4, distance = 1, offset = 0) between 'store' operation ('acc_write_ln18', CS4110-HLS-Tutorial-master/CS4110-HLS-Tutorial-master/src/hls/fir.c:18) of variable 'acc', CS4110-HLS-Tutorial-master/CS4110-HLS-Tutorial-master/src/hls/fir.c:21 on local variable 'acc' and 'load' operation ('acc_load', CS4110-HLS-Tutorial-master/CS4110-HLS-Tutorial-master/src/hls/fir.c:21) on local variable 'acc'.
INFO: [HLS 200-1470] Pipelining result : Target II = NA, Final II = 5, Depth = 11, loop 'VITIS_LOOP_18_1'
INFO: [SCHED 204-11] Finished scheduling.
INFO: [HLS 200-111] Finished Scheduling: CPU user time: 0 seconds. CPU system time: 0 seconds. Elapsed time: 0.43 seconds; current allocated memory: 780.734 MB.
INFO: [BIND 205-100] Starting micro-architecture generation ...
INFO: [BIND 205-101] Performing variable lifetime analysis.
INFO: [BIND 205-101] Exploring resource sharing.
INFO: [BIND 205-101] Binding ...
INFO: [BIND 205-100] Finished micro-architecture generation.
INFO: [HLS 200-111] Finished Binding: CPU user time: 0 seconds. CPU system time: 0 seconds. Elapsed time: 0.202 seconds; current allocated memory: 781.922 MB.
INFO: [HLS 200-10] ----------------------------------------------------------------
INFO: [HLS 200-42] -- Implementing module 'fir' 
INFO: [HLS 200-10] ----------------------------------------------------------------
INFO: [SCHED 204-11] Starting scheduling ...
INFO: [SCHED 204-11] Finished scheduling.
INFO: [HLS 200-111] Finished Scheduling: CPU user time: 1 seconds. CPU system time: 0 seconds. Elapsed time: 0.325 seconds; current allocated memory: 782.422 MB.
INFO: [BIND 205-100] Starting micro-architecture generation ...
INFO: [BIND 205-101] Performing variable lifetime analysis.
INFO: [BIND 205-101] Exploring resource sharing.
INFO: [BIND 205-101] Binding ...
INFO: [BIND 205-100] Finished micro-architecture generation.
INFO: [HLS 200-111] Finished Binding: CPU user time: 0 seconds. CPU system time: 0 seconds. Elapsed time: 0.29 seconds; current allocated memory: 782.762 MB.
INFO: [HLS 200-10] ----------------------------------------------------------------
INFO: [HLS 200-10] -- Generating RTL for module 'fir_Pipeline_VITIS_LOOP_18_1' 
INFO: [HLS 200-10] ----------------------------------------------------------------
WARNING: [RTGEN 206-101] Register 'shift_reg_1' is power-on initialization.
INFO: [HLS 200-1030] Apply Unified Pipeline Control on module 'fir_Pipeline_VITIS_LOOP_18_1' pipeline 'VITIS_LOOP_18_1' pipeline type 'loop pipeline'
INFO: [RTGEN 206-100] Generating core module 'fadd_32ns_32ns_32_5_full_dsp_1': 1 instance(s).
INFO: [RTGEN 206-100] Generating core module 'fmul_32ns_32ns_32_4_max_dsp_1': 1 instance(s).
INFO: [RTGEN 206-100] Finished creating RTL model for 'fir_Pipeline_VITIS_LOOP_18_1'.
INFO: [HLS 200-111] Finished Creating RTL model: CPU user time: 0 seconds. CPU system time: 0 seconds. Elapsed time: 0.276 seconds; current allocated memory: 784.562 MB.
INFO: [HLS 200-10] ----------------------------------------------------------------
INFO: [HLS 200-10] -- Generating RTL for module 'fir' 
INFO: [HLS 200-10] ----------------------------------------------------------------
WARNING: [RTGEN 206-101] Design contains AXI ports. Reset is fixed to synchronous and active low.
INFO: [RTGEN 206-500] Setting interface mode on port 'fir/input_r' to 's_axilite & ap_none'.
INFO: [RTGEN 206-500] Setting interface mode on port 'fir/output_r' to 's_axilite & ap_vld'.
INFO: [RTGEN 206-500] Setting interface mode on function 'fir' to 's_axilite & ap_ctrl_hs'.
WARNING: [RTGEN 206-101] Register 'shift_reg_0' is power-on initialization.
INFO: [RTGEN 206-100] Bundling port 'input_r', 'output_r' and 'return' to AXI-Lite port control.
INFO: [RTGEN 206-100] Generating core module 'fadd_32ns_32ns_32_5_full_dsp_1': 1 instance(s).
INFO: [RTGEN 206-100] Generating core module 'fmul_32ns_32ns_32_4_max_dsp_1': 1 instance(s).
INFO: [RTGEN 206-100] Generating core module 'sitofp_32ns_32_6_no_dsp_1': 1 instance(s).
INFO: [RTGEN 206-100] Generating core module 'uitofp_32ns_32_6_no_dsp_1': 1 instance(s).
INFO: [RTGEN 206-100] Finished creating RTL model for 'fir'.
INFO: [HLS 200-111] Finished Creating RTL model: CPU user time: 0 seconds. CPU system time: 0 seconds. Elapsed time: 0.467 seconds; current allocated memory: 787.156 MB.
INFO: [HLS 200-111] Finished Generating all RTL models: CPU user time: 1 seconds. CPU system time: 0 seconds. Elapsed time: 1.089 seconds; current allocated memory: 791.555 MB.
INFO: [HLS 200-111] Finished Updating report files: CPU user time: 0 seconds. CPU system time: 0 seconds. Elapsed time: 0.758 seconds; current allocated memory: 795.762 MB.
INFO: [VHDL 208-304] Generating VHDL RTL for fir.
INFO: [VLOG 209-307] Generating Verilog RTL for fir.
INFO: [HLS 200-790] **** Loop Constraint Status: All loop constraints were NOT satisfied.
INFO: [HLS 200-789] **** Estimated Fmax: 137.82 MHz
INFO: [HLS 200-111] Finished Command csynth_design CPU user time: 5 seconds. CPU system time: 1 seconds. Elapsed time: 15.875 seconds; current allocated memory: 119.375 MB.
INFO: [HLS 200-112] Total CPU user time: 8 seconds. Total CPU system time: 2 seconds. Total elapsed time: 30.589 seconds; peak allocated memory: 796.336 MB.
==============================================================
Vitis HLS - High-Level Synthesis from C, C++ and OpenCL v2022.2 (64-bit)
Tool Version Limit: 2019.12
Copyright 1986-2022 Xilinx, Inc. All Rights Reserved.
==============================================================
INFO: [SYN 201-201] Setting up clock 'default' with a period of 10ns.
INFO: [HLS 200-1611] Setting target device to 'xc7z010-clg400-1'
INFO: [HLS 200-1505] Using flow_target 'vivado'
INFO: [HLS 200-1464] Running solution command: config_export -output=C:/Users/hevos/Documents/CS4110/VitisHLS/LW3/KentStianZip
INFO: [HLS 200-1510] Running: set_part xc7z010clg400-1 
INFO: [HLS 200-1510] Running: create_clock -period 10 -name default 
INFO: [SYN 201-201] Setting up clock 'default' with a period of 10ns.
INFO: [HLS 200-1510] Running: config_export -output C:/Users/hevos/Documents/CS4110/VitisHLS/LW3/KentStianZip 
INFO: [HLS 200-1510] Running: export_design -rtl verilog -format ip_catalog -output C:/Users/hevos/Documents/CS4110/VitisHLS/LW3/KentStianZip 
INFO: [IMPL 213-8] Exporting RTL as a Vivado IP.
INFO: [HLS 200-802] Generated output file KentStianZip/export.zip
INFO: [HLS 200-111] Finished Command export_design CPU user time: 1 seconds. CPU system time: 0 seconds. Elapsed time: 47.011 seconds; current allocated memory: 8.930 MB.
INFO: [HLS 200-112] Total CPU user time: 5 seconds. Total CPU system time: 1 seconds. Total elapsed time: 61.642 seconds; peak allocated memory: 684.914 MB.
==============================================================
Vitis HLS - High-Level Synthesis from C, C++ and OpenCL v2022.2 (64-bit)
Tool Version Limit: 2019.12
Copyright 1986-2022 Xilinx, Inc. All Rights Reserved.
==============================================================
INFO: [SYN 201-201] Setting up clock 'default' with a period of 10ns.
INFO: [HLS 200-1611] Setting target device to 'xc7z010-clg400-1'
INFO: [HLS 200-1505] Using flow_target 'vivado'
INFO: [HLS 200-1464] Running solution command: config_export -format=ip_catalog
INFO: [HLS 200-1464] Running solution command: config_export -output=C:/Users/hevos/Documents/CS4110/VitisHLS/LW3/KentStianZip
INFO: [HLS 200-1464] Running solution command: config_export -rtl=verilog
INFO: [HLS 200-1510] Running: set_part xc7z010clg400-1 
INFO: [HLS 200-1510] Running: create_clock -period 10 -name default 
INFO: [SYN 201-201] Setting up clock 'default' with a period of 10ns.
INFO: [HLS 200-1510] Running: config_export -format ip_catalog -output C:/Users/hevos/Documents/CS4110/VitisHLS/LW3/KentStianZip -rtl verilog 
INFO: [HLS 200-1510] Running: cosim_design -trace_level all 
INFO: [COSIM 212-47] Using XSIM for RTL simulation.
INFO: [COSIM 212-14] Instrumenting C test bench ...
INFO: [COSIM 212-302] Starting C TB testing ... 
INFO: [COSIM 212-333] Generating C post check test bench ...
INFO: [COSIM 212-12] Generating RTL test bench ...
INFO: [COSIM 212-1] *** C/RTL co-simulation file generation completed. ***
INFO: [COSIM 212-323] Starting verilog simulation. 
INFO: [COSIM 212-15] Starting XSIM ...
INFO: [COSIM 212-316] Starting C post checking ...
INFO: [COSIM 212-1000] *** C/RTL co-simulation finished: PASS ***
INFO: [HLS 200-111] Finished Command cosim_design CPU user time: 1 seconds. CPU system time: 1 seconds. Elapsed time: 76.31 seconds; current allocated memory: 7.754 MB.
INFO: [HLS 200-112] Total CPU user time: 4 seconds. Total CPU system time: 2 seconds. Total elapsed time: 91.01 seconds; peak allocated memory: 684.984 MB.
