11/16/22 11:43:07: Running xcd server. This server was built by gradle.
11/16/22 11:43:07: Server was asked to start on port: '51519'
11/16/22 11:43:07: Server is using token UUID: '7778602c-f5a2-4a37-abeb-c4173643dbbd'
11/16/22 11:43:07: SESSION_MGR: creating session with session uuid: '6d04a3e9-ade5-4ab9-8d63-1f78fcd2ec76' and name 'default'
11/16/22 11:43:07: Attempting to start server on port '51519'
11/16/22 11:43:07: Running Dispatch Server
11/16/22 11:43:07: Version 2.2.0
11/16/22 11:43:16: Dispatch Server: Accepted socket connection from client
11/16/22 11:43:16: Starting Socket connection
11/16/22 11:43:16: EXCHANGE_TOKEN received, server token: 7778602c-f5a2-4a37-abeb-c4173643dbbd, passed token: 7778602c-f5a2-4a37-abeb-c4173643dbbd
11/16/22 11:43:16: SESSION_MGR: creating session with session uuid: 'b2ec542d-de1d-424c-9051-735bb61abace' and name 'vitis_hls'
11/16/22 11:43:16: KERNEL_SVC: creating session with uuid: 'b2ec542d-de1d-424c-9051-735bb61abace' and name 'vitis_hls'
11/16/22 11:43:16: GUIDANCE_SMGR: creating guidance session with uuid: 'b2ec542d-de1d-424c-9051-735bb61abace' and name 'vitis_hls'
11/16/22 11:43:32: STOP_SERVER received, server token: 7778602c-f5a2-4a37-abeb-c4173643dbbd, passed token: 7778602c-f5a2-4a37-abeb-c4173643dbbd
11/16/22 11:43:32: Socket received request to stop server.
11/16/22 11:43:32: Dispatch Server: do_await_stop
11/16/22 11:43:32: SERVER: destructor for server bound to port 51519
11/16/22 11:43:32: Server exiting with status 0.
11/16/22 11:43:32: Closing log file.
11/16/22 11:45:25: Running xcd server. This server was built by gradle.
11/16/22 11:45:25: Server was asked to start on port: '51522'
11/16/22 11:45:25: Server is using token UUID: 'b2b601a1-9925-4211-9763-6b504ae4ea2d'
11/16/22 11:45:25: SESSION_MGR: creating session with session uuid: '6d04a3e9-ade5-4ab9-8d63-1f78fcd2ec76' and name 'default'
11/16/22 11:45:25: Attempting to start server on port '51522'
11/16/22 11:45:25: Running Dispatch Server
11/16/22 11:45:25: Version 2.2.0
11/16/22 11:45:33: Dispatch Server: Accepted socket connection from client
11/16/22 11:45:33: Starting Socket connection
11/16/22 11:45:33: EXCHANGE_TOKEN received, server token: b2b601a1-9925-4211-9763-6b504ae4ea2d, passed token: b2b601a1-9925-4211-9763-6b504ae4ea2d
11/16/22 11:45:33: SESSION_MGR: creating session with session uuid: '15ef2b1f-4420-43e8-8ddf-7bea78305fc5' and name 'vitis_hls'
11/16/22 11:45:33: KERNEL_SVC: creating session with uuid: '15ef2b1f-4420-43e8-8ddf-7bea78305fc5' and name 'vitis_hls'
11/16/22 11:45:33: GUIDANCE_SMGR: creating guidance session with uuid: '15ef2b1f-4420-43e8-8ddf-7bea78305fc5' and name 'vitis_hls'
11/16/22 11:46:20: STOP_SERVER received, server token: b2b601a1-9925-4211-9763-6b504ae4ea2d, passed token: b2b601a1-9925-4211-9763-6b504ae4ea2d
11/16/22 11:46:20: Socket received request to stop server.
11/16/22 11:46:20: Dispatch Server: do_await_stop
11/16/22 11:46:20: SERVER: destructor for server bound to port 51522
11/16/22 11:46:20: Server exiting with status 0.
11/16/22 11:46:20: Closing log file.
11/16/22 11:49:51: Running xcd server. This server was built by gradle.
11/16/22 11:49:51: Server was asked to start on port: '51529'
11/16/22 11:49:51: Server is using token UUID: '0d369ed1-ff14-4d94-a4dc-5c2a0f595e04'
11/16/22 11:49:51: SESSION_MGR: creating session with session uuid: '6d04a3e9-ade5-4ab9-8d63-1f78fcd2ec76' and name 'default'
11/16/22 11:49:51: Attempting to start server on port '51529'
11/16/22 11:49:51: Running Dispatch Server
11/16/22 11:49:51: Version 2.2.0
11/16/22 11:50:00: Dispatch Server: Accepted socket connection from client
11/16/22 11:50:00: Starting Socket connection
11/16/22 11:50:00: EXCHANGE_TOKEN received, server token: 0d369ed1-ff14-4d94-a4dc-5c2a0f595e04, passed token: 0d369ed1-ff14-4d94-a4dc-5c2a0f595e04
11/16/22 11:50:00: SESSION_MGR: creating session with session uuid: '045671fe-2715-49a6-a61b-137b9f1c3adf' and name 'vitis_hls'
11/16/22 11:50:00: KERNEL_SVC: creating session with uuid: '045671fe-2715-49a6-a61b-137b9f1c3adf' and name 'vitis_hls'
11/16/22 11:50:00: GUIDANCE_SMGR: creating guidance session with uuid: '045671fe-2715-49a6-a61b-137b9f1c3adf' and name 'vitis_hls'
11/16/22 11:51:16: STOP_SERVER received, server token: 0d369ed1-ff14-4d94-a4dc-5c2a0f595e04, passed token: 0d369ed1-ff14-4d94-a4dc-5c2a0f595e04
11/16/22 11:51:16: Socket received request to stop server.
11/16/22 11:51:16: Dispatch Server: do_await_stop
11/16/22 11:51:16: SERVER: destructor for server bound to port 51529
11/16/22 11:51:16: Server exiting with status 0.
11/16/22 11:51:16: Closing log file.
