In file included from C:/Xilinx/Vitis_HLS/2022.2/include/floating_point_v7_1_bitacc_cmodel.h:149:0,
                 from C:/Xilinx/Vitis_HLS/2022.2/include/hls_fpo.h:143,
                 from C:/Xilinx/Vitis_HLS/2022.2/include/hls_half_fpo.h:18,
                 from C:/Xilinx/Vitis_HLS/2022.2/include/hls_half.h:25,
                 from C:/Xilinx/Vitis_HLS/2022.2/include/etc/ap_private.h:52,
                 from C:/Xilinx/Vitis_HLS/2022.2/include/ap_common.h:666,
                 from C:/Xilinx/Vitis_HLS/2022.2/include/ap_fixed.h:9,
                 from apatb_radix.cpp:11:
C:/Xilinx/Vitis_HLS/2022.2/include/gmp.h:58:0: warning: "__GMP_LIBGMP_DLL" redefined
 #define __GMP_LIBGMP_DLL  0
 
In file included from C:/Xilinx/Vitis_HLS/2022.2/include/hls_fpo.h:143:0,
                 from C:/Xilinx/Vitis_HLS/2022.2/include/hls_half_fpo.h:18,
                 from C:/Xilinx/Vitis_HLS/2022.2/include/hls_half.h:25,
                 from C:/Xilinx/Vitis_HLS/2022.2/include/etc/ap_private.h:52,
                 from C:/Xilinx/Vitis_HLS/2022.2/include/ap_common.h:666,
                 from C:/Xilinx/Vitis_HLS/2022.2/include/ap_fixed.h:9,
                 from apatb_radix.cpp:11:
C:/Xilinx/Vitis_HLS/2022.2/include/floating_point_v7_1_bitacc_cmodel.h:141:0: note: this is the location of the previous definition
 #define __GMP_LIBGMP_DLL 1
 
e-m:e-i64:64-i128:128-i256:256-i512:512-i1024:1024-i2048:2048-i4096:4096-n8:16:32:64-S128-v16:16-v24:32-v32:32-v48:64-v96:128-v192:256-v256:256-v512:512-v1024:1024C:/Xilinx/Vitis_HLS/2022.2/tps/win64/msys64/mingw64/bin/../lib/gcc/x86_64-w64-mingw32/6.2.0/../../../../x86_64-w64-mingw32/lib/../lib/libmingw32.a(lib64_libmingw32_a-crt0_c.o): In function `main':
C:/repo/mingw-w64-crt-git/src/mingw-w64/mingw-w64-crt/crt/crt0_c.c:18: undefined reference to `WinMain'
collect2.exe: error: ld returned 1 exit status
make: *** [cosim.tv.exe] Error 1
