11/28/22 20:43:36: Running xcd server. This server was built by gradle.
11/28/22 20:43:36: Server was asked to start on port: '61714'
11/28/22 20:43:36: Server is using token UUID: 'd9f84721-179c-46b5-8762-32c7fe655029'
11/28/22 20:43:36: SESSION_MGR: creating session with session uuid: '6d04a3e9-ade5-4ab9-8d63-1f78fcd2ec76' and name 'default'
11/28/22 20:43:36: Attempting to start server on port '61714'
11/28/22 20:43:36: Running Dispatch Server
11/28/22 20:43:36: Version 2.2.0
11/28/22 20:43:45: Dispatch Server: Accepted socket connection from client
11/28/22 20:43:45: Starting Socket connection
11/28/22 20:43:45: EXCHANGE_TOKEN received, server token: d9f84721-179c-46b5-8762-32c7fe655029, passed token: d9f84721-179c-46b5-8762-32c7fe655029
11/28/22 20:43:45: SESSION_MGR: creating session with session uuid: '2c8749bc-6439-4023-9466-ce7150ba7a87' and name 'vitis_hls'
11/28/22 20:43:45: KERNEL_SVC: creating session with uuid: '2c8749bc-6439-4023-9466-ce7150ba7a87' and name 'vitis_hls'
11/28/22 20:43:45: GUIDANCE_SMGR: creating guidance session with uuid: '2c8749bc-6439-4023-9466-ce7150ba7a87' and name 'vitis_hls'
11/28/22 20:43:53: STOP_SERVER received, server token: d9f84721-179c-46b5-8762-32c7fe655029, passed token: d9f84721-179c-46b5-8762-32c7fe655029
11/28/22 20:43:53: Socket received request to stop server.
11/28/22 20:43:53: Dispatch Server: do_await_stop
11/28/22 20:43:53: SERVER: destructor for server bound to port 61714
11/28/22 20:43:53: Server exiting with status 0.
11/28/22 20:43:53: Closing log file.
11/28/22 20:45:39: Running xcd server. This server was built by gradle.
11/28/22 20:45:39: Server was asked to start on port: '61727'
11/28/22 20:45:39: Server is using token UUID: '7d094ad4-1143-472b-ab60-72f51e3a77ef'
11/28/22 20:45:39: SESSION_MGR: creating session with session uuid: '6d04a3e9-ade5-4ab9-8d63-1f78fcd2ec76' and name 'default'
11/28/22 20:45:39: Attempting to start server on port '61727'
11/28/22 20:45:39: Running Dispatch Server
11/28/22 20:45:39: Version 2.2.0
11/28/22 20:45:48: Dispatch Server: Accepted socket connection from client
11/28/22 20:45:48: Starting Socket connection
11/28/22 20:45:48: EXCHANGE_TOKEN received, server token: 7d094ad4-1143-472b-ab60-72f51e3a77ef, passed token: 7d094ad4-1143-472b-ab60-72f51e3a77ef
11/28/22 20:45:48: SESSION_MGR: creating session with session uuid: '74675a0a-5e73-479e-b4b8-4db407b09dc8' and name 'vitis_hls'
11/28/22 20:45:48: KERNEL_SVC: creating session with uuid: '74675a0a-5e73-479e-b4b8-4db407b09dc8' and name 'vitis_hls'
11/28/22 20:45:48: GUIDANCE_SMGR: creating guidance session with uuid: '74675a0a-5e73-479e-b4b8-4db407b09dc8' and name 'vitis_hls'
11/28/22 20:45:55: STOP_SERVER received, server token: 7d094ad4-1143-472b-ab60-72f51e3a77ef, passed token: 7d094ad4-1143-472b-ab60-72f51e3a77ef
11/28/22 20:45:55: Socket received request to stop server.
11/28/22 20:45:55: Dispatch Server: do_await_stop
11/28/22 20:45:55: SERVER: destructor for server bound to port 61727
11/28/22 20:45:55: Server exiting with status 0.
11/28/22 20:45:55: Closing log file.
11/29/22 11:49:14: Running xcd server. This server was built by gradle.
11/29/22 11:49:14: Server was asked to start on port: '50834'
11/29/22 11:49:14: Server is using token UUID: 'aab2e6bb-d81a-4329-a8d5-ae275a23fcdd'
11/29/22 11:49:14: SESSION_MGR: creating session with session uuid: '6d04a3e9-ade5-4ab9-8d63-1f78fcd2ec76' and name 'default'
11/29/22 11:49:14: Attempting to start server on port '50834'
11/29/22 11:49:14: Running Dispatch Server
11/29/22 11:49:14: Version 2.2.0
11/29/22 11:49:22: Dispatch Server: Accepted socket connection from client
11/29/22 11:49:22: Starting Socket connection
11/29/22 11:49:22: EXCHANGE_TOKEN received, server token: aab2e6bb-d81a-4329-a8d5-ae275a23fcdd, passed token: aab2e6bb-d81a-4329-a8d5-ae275a23fcdd
11/29/22 11:49:22: SESSION_MGR: creating session with session uuid: '1abc67b3-2a3b-4dfe-9575-927df790254b' and name 'vitis_hls'
11/29/22 11:49:22: KERNEL_SVC: creating session with uuid: '1abc67b3-2a3b-4dfe-9575-927df790254b' and name 'vitis_hls'
11/29/22 11:49:22: GUIDANCE_SMGR: creating guidance session with uuid: '1abc67b3-2a3b-4dfe-9575-927df790254b' and name 'vitis_hls'
11/29/22 11:49:24: STOP_SERVER received, server token: aab2e6bb-d81a-4329-a8d5-ae275a23fcdd, passed token: aab2e6bb-d81a-4329-a8d5-ae275a23fcdd
11/29/22 11:49:24: Socket received request to stop server.
11/29/22 11:49:24: Dispatch Server: do_await_stop
11/29/22 11:49:24: SERVER: destructor for server bound to port 50834
11/29/22 11:49:24: Server exiting with status 0.
11/29/22 11:49:24: Closing log file.
