16:20:36 DEBUG : Logs will be stored at 'C:/Users/hevos/Documents/CS4110/VitisIDE/IDE.log'.
16:20:40 INFO  : Launching XSCT server: xsct.bat -n  -interactive C:\Users\hevos\Documents\CS4110\VitisIDE\temp_xsdb_launch_script.tcl
16:20:41 INFO  : Registering command handlers for Vitis TCF services
16:20:43 INFO  : Platform repository initialization has completed.
16:20:45 INFO  : XSCT server has started successfully.
16:20:52 INFO  : plnx-install-location is set to ''
16:20:52 INFO  : Successfully done setting XSCT server connection channel  
16:20:52 INFO  : Successfully done query RDI_DATADIR 
16:20:52 INFO  : Successfully done setting workspace for the tool. 
16:48:04 DEBUG : Logs will be stored at 'C:/Users/hevos/Documents/CS4110/VitisIDE/IDE.log'.
16:48:07 INFO  : Launching XSCT server: xsct.bat -n  -interactive C:\Users\hevos\Documents\CS4110\VitisIDE\temp_xsdb_launch_script.tcl
16:48:07 INFO  : Registering command handlers for Vitis TCF services
16:48:09 INFO  : Platform repository initialization has completed.
16:48:11 INFO  : XSCT server has started successfully.
16:48:11 INFO  : Successfully done setting XSCT server connection channel  
16:48:11 INFO  : plnx-install-location is set to ''
16:48:11 INFO  : Successfully done setting workspace for the tool. 
16:48:11 INFO  : Successfully done query RDI_DATADIR 
17:01:10 INFO  : Result from executing command 'getProjects': napcipher_wrapper
17:01:10 INFO  : Result from executing command 'getPlatforms': xilinx_vck190_base_202220_1|C:/Xilinx/Vitis/2022.2/base_platforms/xilinx_vck190_base_202220_1/xilinx_vck190_base_202220_1.xpfm;xilinx_vck190_base_dfx_202220_1|C:/Xilinx/Vitis/2022.2/base_platforms/xilinx_vck190_base_dfx_202220_1/xilinx_vck190_base_dfx_202220_1.xpfm;xilinx_vmk180_base_202220_1|C:/Xilinx/Vitis/2022.2/base_platforms/xilinx_vmk180_base_202220_1/xilinx_vmk180_base_202220_1.xpfm;xilinx_zcu102_base_202220_1|C:/Xilinx/Vitis/2022.2/base_platforms/xilinx_zcu102_base_202220_1/xilinx_zcu102_base_202220_1.xpfm;xilinx_zcu102_base_dfx_202220_1|C:/Xilinx/Vitis/2022.2/base_platforms/xilinx_zcu102_base_dfx_202220_1/xilinx_zcu102_base_dfx_202220_1.xpfm;xilinx_zcu104_base_202220_1|C:/Xilinx/Vitis/2022.2/base_platforms/xilinx_zcu104_base_202220_1/xilinx_zcu104_base_202220_1.xpfm
17:01:11 WARN  : An unexpected exception occurred in the module 'platform project logging'
17:01:13 INFO  : Platform 'napcipher_wrapper' is added to custom repositories.
17:01:27 INFO  : Platform 'napcipher_wrapper' is added to custom repositories.
17:02:35 INFO  : Connected to target on host '127.0.0.1' and port '3121'.
17:02:38 INFO  : 'targets -set -filter {jtag_cable_name =~ "Digilent Zybo 210279651807A" && level==0 && jtag_device_ctx=="jsn-Zybo-210279651807A-13722093-0"}' command is executed.
17:02:40 INFO  : Device configured successfully with "C:/Users/hevos/Documents/CS4110/VitisIDE/nappemanncipher/_ide/bitstream/napcipher_wrapper.bit"
17:06:39 INFO  : Result from executing command 'getProjects': napcipher_wrapper
17:06:39 INFO  : Result from executing command 'getPlatforms': napcipher_wrapper|C:/Users/hevos/Documents/CS4110/VitisIDE/napcipher_wrapper/export/napcipher_wrapper/napcipher_wrapper.xpfm;xilinx_vck190_base_202220_1|C:/Xilinx/Vitis/2022.2/base_platforms/xilinx_vck190_base_202220_1/xilinx_vck190_base_202220_1.xpfm;xilinx_vck190_base_dfx_202220_1|C:/Xilinx/Vitis/2022.2/base_platforms/xilinx_vck190_base_dfx_202220_1/xilinx_vck190_base_dfx_202220_1.xpfm;xilinx_vmk180_base_202220_1|C:/Xilinx/Vitis/2022.2/base_platforms/xilinx_vmk180_base_202220_1/xilinx_vmk180_base_202220_1.xpfm;xilinx_zcu102_base_202220_1|C:/Xilinx/Vitis/2022.2/base_platforms/xilinx_zcu102_base_202220_1/xilinx_zcu102_base_202220_1.xpfm;xilinx_zcu102_base_dfx_202220_1|C:/Xilinx/Vitis/2022.2/base_platforms/xilinx_zcu102_base_dfx_202220_1/xilinx_zcu102_base_dfx_202220_1.xpfm;xilinx_zcu104_base_202220_1|C:/Xilinx/Vitis/2022.2/base_platforms/xilinx_zcu104_base_202220_1/xilinx_zcu104_base_202220_1.xpfm
17:06:41 INFO  : Checking for BSP changes to sync application flags for project 'nappemanncipher'...
17:17:00 INFO  : Checking for BSP changes to sync application flags for project 'nappemanncipher'...
17:18:11 INFO  : Build configuration of 'nappemanncipher_system' is updated to 'Release'
17:18:11 INFO  : Build configuration of system project is automatically updated to 'Release'.
17:18:11 INFO  : Checking for BSP changes to sync application flags for project 'nappemanncipher'...
17:19:00 INFO  : Connected to target on host '127.0.0.1' and port '3121'.
17:19:12 INFO  : ----------------XSDB Script----------------
connect -url tcp:127.0.0.1:3121
----------------End of Script----------------

17:19:12 ERROR : Could not find ARM device on the board for connection 'Local'.
Check if the target is in:
1. Split JTAG - No operations are possible with ARM DAP.
2. Non JTAG bootmode - Bootrom may need time to enable DAP.
Please try again.


Troubleshooting hints:
1. Check whether board is connected to system properly.
2. In case of zynq board, check whether Digilent/Xilinx cable switch settings are correct.
3. If you are using Xilinx Platform Cable USB, ensure that status LED is green.
17:21:54 INFO  : Connected to target on host '127.0.0.1' and port '3121'.
17:22:07 INFO  : ----------------XSDB Script----------------
connect -url tcp:127.0.0.1:3121
----------------End of Script----------------

17:22:07 ERROR : Could not find ARM device on the board for connection 'Local'.
Check if the target is in:
1. Split JTAG - No operations are possible with ARM DAP.
2. Non JTAG bootmode - Bootrom may need time to enable DAP.
Please try again.


Troubleshooting hints:
1. Check whether board is connected to system properly.
2. In case of zynq board, check whether Digilent/Xilinx cable switch settings are correct.
3. If you are using Xilinx Platform Cable USB, ensure that status LED is green.
17:23:01 INFO  : Connected to target on host '127.0.0.1' and port '3121'.
17:23:14 INFO  : ----------------XSDB Script----------------
connect -url tcp:127.0.0.1:3121
----------------End of Script----------------

17:23:14 ERROR : Could not find ARM device on the board for connection 'Local'.
Check if the target is in:
1. Split JTAG - No operations are possible with ARM DAP.
2. Non JTAG bootmode - Bootrom may need time to enable DAP.
Please try again.


Troubleshooting hints:
1. Check whether board is connected to system properly.
2. In case of zynq board, check whether Digilent/Xilinx cable switch settings are correct.
3. If you are using Xilinx Platform Cable USB, ensure that status LED is green.
17:23:25 ERROR : (XRT Server)C:/Xilinx/Vitis/2022.2/bin/unwrapped/win64.o/xrt_server.exe: error: illegal option '-'
Usage: agent [OPTION]...
Start Target Communication Framework agent.
  -d               run in daemon mode (output is sent to system logger)
  -i               run in interactive mode
  -L<file>         enable logging, use -L- to send log to stderr
  -l<level>        set log level, the level is comma separated list of:
      alloc        memory allocation and deallocation (0x1)
      eventcore    main event queue (0x2)
      waitpid      waitpid() events (0x4)
      events       low-level debugger events (0x8)
      protocol     communication protocol (0x20)
      context      debug context actions (0x40)
      children     debug context children (0x10)
      discovery    discovery (0x80)
      asyncreq     async I/O (0x100)
      proxy        proxy state (0x200)
      tcflog       proxy traffic (0x400)
      elf          ELF reader (0x800)
      stack        stack trace service (0x2000)
      plugin       plugins (0x4000)
      shutdown     shutdown of subsystems (0x8000)
      disasm       disassembly service (0x10000)
  -s<url>          set agent listening port and protocol, default is tcp::0
  -S               print server properties in Json format to stdout
  -g<port>         start GDB Remote Serial Protocol server at the specified TCP port
  -I<idle-seconds> exit if there are no connections for the specified time

17:24:24 ERROR : Timed out. 60 seconds have elapsed while waiting for the XRT server to launch.
17:24:24 INFO  : Connected to target on host '127.0.0.1' and port '3121'.
17:24:34 INFO  : ----------------XSDB Script----------------
connect -url tcp:127.0.0.1:3121
----------------End of Script----------------

17:24:34 ERROR : Could not find ARM device on the board for connection 'Local'.
Check if the target is in:
1. Split JTAG - No operations are possible with ARM DAP.
2. Non JTAG bootmode - Bootrom may need time to enable DAP.
Please try again.


Troubleshooting hints:
1. Check whether board is connected to system properly.
2. In case of zynq board, check whether Digilent/Xilinx cable switch settings are correct.
3. If you are using Xilinx Platform Cable USB, ensure that status LED is green.
17:28:07 INFO  : Checking for BSP changes to sync application flags for project 'nappemanncipher'...
17:28:39 ERROR : (XRT Server)C:/Xilinx/Vitis/2022.2/bin/unwrapped/win64.o/xrt_server.exe: error: illegal option '-'
Usage: agent [OPTION]...
Start Target Communication Framework agent.
  -d               run in daemon mode (output is sent to system logger)
  -i               run in interactive mode
  -L<file>         enable logging, use -L- to send log to stderr
  -l<level>        set log level, the level is comma separated list of:
      alloc        memory allocation and deallocation (0x1)
      eventcore    main event queue (0x2)
      waitpid      waitpid() events (0x4)
      events       low-level debugger events (0x8)
      protocol     communication protocol (0x20)
      context      debug context actions (0x40)
      children     debug context children (0x10)
      discovery    discovery (0x80)
      asyncreq     async I/O (0x100)
      proxy        proxy state (0x200)
      tcflog       proxy traffic (0x400)
      elf          ELF reader (0x800)
      stack        stack trace service (0x2000)
      plugin       plugins (0x4000)
      shutdown     shutdown of subsystems (0x8000)
      disasm       disassembly service (0x10000)
  -s<url>          set agent listening port and protocol, default is tcp::0
  -S               print server properties in Json format to stdout
  -g<port>         start GDB Remote Serial Protocol server at the specified TCP port
  -I<idle-seconds> exit if there are no connections for the specified time

17:29:07 INFO  : Connected to target on host '127.0.0.1' and port '3121'.
17:29:07 INFO  : Jtag cable 'Digilent Zybo 210279651807A' is selected.
17:29:07 INFO  : 'jtag frequency' command is executed.
17:29:07 INFO  : Context for 'APU' is selected.
17:29:07 INFO  : System reset is completed.
17:29:10 INFO  : 'after 3000' command is executed.
17:29:10 INFO  : 'targets -set -filter {jtag_cable_name =~ "Digilent Zybo 210279651807A" && level==0 && jtag_device_ctx=="jsn-Zybo-210279651807A-13722093-0"}' command is executed.
17:29:11 INFO  : Device configured successfully with "C:/Users/hevos/Documents/CS4110/VitisIDE/nappemanncipher/_ide/bitstream/napcipher_wrapper.bit"
17:29:12 INFO  : Context for 'APU' is selected.
17:29:12 INFO  : Hardware design and registers information is loaded from 'C:/Users/hevos/Documents/CS4110/VitisIDE/napcipher_wrapper/export/napcipher_wrapper/hw/napcipher_wrapper.xsa'.
17:29:12 INFO  : 'configparams force-mem-access 1' command is executed.
17:29:12 INFO  : Context for 'APU' is selected.
17:29:12 INFO  : Sourcing of 'C:/Users/hevos/Documents/CS4110/VitisIDE/nappemanncipher/_ide/psinit/ps7_init.tcl' is done.
17:29:12 INFO  : 'ps7_init' command is executed.
17:29:12 INFO  : 'ps7_post_config' command is executed.
17:29:12 INFO  : Context for processor 'ps7_cortexa9_0' is selected.
17:29:12 INFO  : The application 'C:/Users/hevos/Documents/CS4110/VitisIDE/nappemanncipher/Release/nappemanncipher.elf' is downloaded to processor 'ps7_cortexa9_0'.
17:29:13 INFO  : 'configparams force-mem-access 0' command is executed.
17:29:13 INFO  : ----------------XSDB Script----------------
connect -url tcp:127.0.0.1:3121
targets -set -nocase -filter {name =~"APU*"}
rst -system
after 3000
targets -set -filter {jtag_cable_name =~ "Digilent Zybo 210279651807A" && level==0 && jtag_device_ctx=="jsn-Zybo-210279651807A-13722093-0"}
fpga -file C:/Users/hevos/Documents/CS4110/VitisIDE/nappemanncipher/_ide/bitstream/napcipher_wrapper.bit
targets -set -nocase -filter {name =~"APU*"}
loadhw -hw C:/Users/hevos/Documents/CS4110/VitisIDE/napcipher_wrapper/export/napcipher_wrapper/hw/napcipher_wrapper.xsa -mem-ranges [list {0x40000000 0xbfffffff}] -regs
configparams force-mem-access 1
targets -set -nocase -filter {name =~"APU*"}
source C:/Users/hevos/Documents/CS4110/VitisIDE/nappemanncipher/_ide/psinit/ps7_init.tcl
ps7_init
ps7_post_config
targets -set -nocase -filter {name =~ "*A9*#0"}
dow C:/Users/hevos/Documents/CS4110/VitisIDE/nappemanncipher/Release/nappemanncipher.elf
configparams force-mem-access 0
----------------End of Script----------------

17:29:13 INFO  : Context for processor 'ps7_cortexa9_0' is selected.
17:29:13 INFO  : 'con' command is executed.
17:29:13 INFO  : ----------------XSDB Script (After Launch)----------------
targets -set -nocase -filter {name =~ "*A9*#0"}
con
----------------End of Script----------------

17:29:13 INFO  : Launch script is exported to file 'C:\Users\hevos\Documents\CS4110\VitisIDE\nappemanncipher_system\_ide\scripts\systemdebugger_nappemanncipher_system_standalone.tcl'
17:29:39 ERROR : Timed out. 60 seconds have elapsed while waiting for the XRT server to launch.
17:29:45 INFO  : Disconnected from the channel tcfchan#1.
17:29:46 INFO  : Connected to target on host '127.0.0.1' and port '3121'.
17:29:55 INFO  : ----------------XSDB Script----------------
connect -url tcp:127.0.0.1:3121
----------------End of Script----------------

17:29:55 ERROR : Could not find FPGA device on the board for connection 'Local'.


Troubleshooting hints:
1. Check whether board is connected to system properly.
2. In case of zynq board, check whether Digilent/Xilinx cable switch settings are correct.
3. If you are using Xilinx Platform Cable USB, ensure that status LED is green.
17:32:29 INFO  : Connected to target on host '127.0.0.1' and port '3121'.
17:32:29 INFO  : Jtag cable 'Digilent Zybo 210279651807A' is selected.
17:32:29 INFO  : 'jtag frequency' command is executed.
17:32:29 INFO  : Context for 'APU' is selected.
17:32:29 INFO  : System reset is completed.
17:32:32 INFO  : 'after 3000' command is executed.
17:32:32 INFO  : 'targets -set -filter {jtag_cable_name =~ "Digilent Zybo 210279651807A" && level==0 && jtag_device_ctx=="jsn-Zybo-210279651807A-13722093-0"}' command is executed.
17:32:33 INFO  : Device configured successfully with "C:/Users/hevos/Documents/CS4110/VitisIDE/nappemanncipher/_ide/bitstream/napcipher_wrapper.bit"
17:32:33 INFO  : Context for 'APU' is selected.
17:32:33 INFO  : Hardware design and registers information is loaded from 'C:/Users/hevos/Documents/CS4110/VitisIDE/napcipher_wrapper/export/napcipher_wrapper/hw/napcipher_wrapper.xsa'.
17:32:33 INFO  : 'configparams force-mem-access 1' command is executed.
17:32:33 INFO  : Context for 'APU' is selected.
17:32:33 INFO  : Sourcing of 'C:/Users/hevos/Documents/CS4110/VitisIDE/nappemanncipher/_ide/psinit/ps7_init.tcl' is done.
17:32:34 INFO  : 'ps7_init' command is executed.
17:32:34 INFO  : 'ps7_post_config' command is executed.
17:32:34 INFO  : Context for processor 'ps7_cortexa9_0' is selected.
17:32:34 INFO  : The application 'C:/Users/hevos/Documents/CS4110/VitisIDE/nappemanncipher/Release/nappemanncipher.elf' is downloaded to processor 'ps7_cortexa9_0'.
17:32:34 INFO  : 'configparams force-mem-access 0' command is executed.
17:32:34 INFO  : ----------------XSDB Script----------------
connect -url tcp:127.0.0.1:3121
targets -set -nocase -filter {name =~"APU*"}
rst -system
after 3000
targets -set -filter {jtag_cable_name =~ "Digilent Zybo 210279651807A" && level==0 && jtag_device_ctx=="jsn-Zybo-210279651807A-13722093-0"}
fpga -file C:/Users/hevos/Documents/CS4110/VitisIDE/nappemanncipher/_ide/bitstream/napcipher_wrapper.bit
targets -set -nocase -filter {name =~"APU*"}
loadhw -hw C:/Users/hevos/Documents/CS4110/VitisIDE/napcipher_wrapper/export/napcipher_wrapper/hw/napcipher_wrapper.xsa -mem-ranges [list {0x40000000 0xbfffffff}] -regs
configparams force-mem-access 1
targets -set -nocase -filter {name =~"APU*"}
source C:/Users/hevos/Documents/CS4110/VitisIDE/nappemanncipher/_ide/psinit/ps7_init.tcl
ps7_init
ps7_post_config
targets -set -nocase -filter {name =~ "*A9*#0"}
dow C:/Users/hevos/Documents/CS4110/VitisIDE/nappemanncipher/Release/nappemanncipher.elf
configparams force-mem-access 0
----------------End of Script----------------

17:32:34 INFO  : Context for processor 'ps7_cortexa9_0' is selected.
17:32:34 INFO  : 'con' command is executed.
17:32:34 INFO  : ----------------XSDB Script (After Launch)----------------
targets -set -nocase -filter {name =~ "*A9*#0"}
con
----------------End of Script----------------

17:32:34 INFO  : Launch script is exported to file 'C:\Users\hevos\Documents\CS4110\VitisIDE\nappemanncipher_system\_ide\scripts\systemdebugger_nappemanncipher_system_standalone.tcl'
07:54:41 INFO  : Disconnected from the channel tcfchan#4.
07:54:41 INFO  : Connected to target on host '127.0.0.1' and port '3121'.
07:54:42 INFO  : Jtag cable 'Digilent Zybo 210279651807A' is selected.
07:54:42 INFO  : 'jtag frequency' command is executed.
07:54:42 INFO  : Context for 'APU' is selected.
07:54:42 INFO  : System reset is completed.
07:54:45 INFO  : 'after 3000' command is executed.
07:54:45 INFO  : 'targets -set -filter {jtag_cable_name =~ "Digilent Zybo 210279651807A" && level==0 && jtag_device_ctx=="jsn-Zybo-210279651807A-13722093-0"}' command is executed.
07:54:46 INFO  : Device configured successfully with "C:/Users/hevos/Documents/CS4110/VitisIDE/nappemanncipher/_ide/bitstream/napcipher_wrapper.bit"
07:54:46 INFO  : Context for 'APU' is selected.
07:54:46 INFO  : Hardware design and registers information is loaded from 'C:/Users/hevos/Documents/CS4110/VitisIDE/napcipher_wrapper/export/napcipher_wrapper/hw/napcipher_wrapper.xsa'.
07:54:46 INFO  : 'configparams force-mem-access 1' command is executed.
07:54:46 INFO  : Context for 'APU' is selected.
07:54:46 INFO  : Sourcing of 'C:/Users/hevos/Documents/CS4110/VitisIDE/nappemanncipher/_ide/psinit/ps7_init.tcl' is done.
07:54:47 INFO  : 'ps7_init' command is executed.
07:54:47 INFO  : 'ps7_post_config' command is executed.
07:54:47 INFO  : Context for processor 'ps7_cortexa9_0' is selected.
07:54:47 INFO  : The application 'C:/Users/hevos/Documents/CS4110/VitisIDE/nappemanncipher/Release/nappemanncipher.elf' is downloaded to processor 'ps7_cortexa9_0'.
07:54:47 INFO  : 'configparams force-mem-access 0' command is executed.
07:54:47 INFO  : ----------------XSDB Script----------------
connect -url tcp:127.0.0.1:3121
targets -set -nocase -filter {name =~"APU*"}
rst -system
after 3000
targets -set -filter {jtag_cable_name =~ "Digilent Zybo 210279651807A" && level==0 && jtag_device_ctx=="jsn-Zybo-210279651807A-13722093-0"}
fpga -file C:/Users/hevos/Documents/CS4110/VitisIDE/nappemanncipher/_ide/bitstream/napcipher_wrapper.bit
targets -set -nocase -filter {name =~"APU*"}
loadhw -hw C:/Users/hevos/Documents/CS4110/VitisIDE/napcipher_wrapper/export/napcipher_wrapper/hw/napcipher_wrapper.xsa -mem-ranges [list {0x40000000 0xbfffffff}] -regs
configparams force-mem-access 1
targets -set -nocase -filter {name =~"APU*"}
source C:/Users/hevos/Documents/CS4110/VitisIDE/nappemanncipher/_ide/psinit/ps7_init.tcl
ps7_init
ps7_post_config
targets -set -nocase -filter {name =~ "*A9*#0"}
dow C:/Users/hevos/Documents/CS4110/VitisIDE/nappemanncipher/Release/nappemanncipher.elf
configparams force-mem-access 0
----------------End of Script----------------

07:54:47 INFO  : Context for processor 'ps7_cortexa9_0' is selected.
07:54:47 INFO  : 'con' command is executed.
07:54:47 INFO  : ----------------XSDB Script (After Launch)----------------
targets -set -nocase -filter {name =~ "*A9*#0"}
con
----------------End of Script----------------

07:54:47 INFO  : Launch script is exported to file 'C:\Users\hevos\Documents\CS4110\VitisIDE\nappemanncipher_system\_ide\scripts\systemdebugger_nappemanncipher_system_standalone.tcl'
07:59:02 INFO  : Disconnected from the channel tcfchan#5.
07:59:02 INFO  : Connected to target on host '127.0.0.1' and port '3121'.
07:59:02 INFO  : Jtag cable 'Digilent Zybo 210279651807A' is selected.
07:59:02 INFO  : 'jtag frequency' command is executed.
07:59:02 INFO  : Context for 'APU' is selected.
07:59:02 INFO  : System reset is completed.
07:59:05 INFO  : 'after 3000' command is executed.
07:59:05 INFO  : 'targets -set -filter {jtag_cable_name =~ "Digilent Zybo 210279651807A" && level==0 && jtag_device_ctx=="jsn-Zybo-210279651807A-13722093-0"}' command is executed.
07:59:06 INFO  : Device configured successfully with "C:/Users/hevos/Documents/CS4110/VitisIDE/nappemanncipher/_ide/bitstream/napcipher_wrapper.bit"
07:59:06 INFO  : Context for 'APU' is selected.
07:59:06 INFO  : Hardware design and registers information is loaded from 'C:/Users/hevos/Documents/CS4110/VitisIDE/napcipher_wrapper/export/napcipher_wrapper/hw/napcipher_wrapper.xsa'.
07:59:06 INFO  : 'configparams force-mem-access 1' command is executed.
07:59:06 INFO  : Context for 'APU' is selected.
07:59:06 INFO  : Sourcing of 'C:/Users/hevos/Documents/CS4110/VitisIDE/nappemanncipher/_ide/psinit/ps7_init.tcl' is done.
07:59:07 INFO  : 'ps7_init' command is executed.
07:59:07 INFO  : 'ps7_post_config' command is executed.
07:59:07 INFO  : Context for processor 'ps7_cortexa9_0' is selected.
07:59:07 INFO  : The application 'C:/Users/hevos/Documents/CS4110/VitisIDE/nappemanncipher/Release/nappemanncipher.elf' is downloaded to processor 'ps7_cortexa9_0'.
07:59:07 INFO  : 'configparams force-mem-access 0' command is executed.
07:59:07 INFO  : ----------------XSDB Script----------------
connect -url tcp:127.0.0.1:3121
targets -set -nocase -filter {name =~"APU*"}
rst -system
after 3000
targets -set -filter {jtag_cable_name =~ "Digilent Zybo 210279651807A" && level==0 && jtag_device_ctx=="jsn-Zybo-210279651807A-13722093-0"}
fpga -file C:/Users/hevos/Documents/CS4110/VitisIDE/nappemanncipher/_ide/bitstream/napcipher_wrapper.bit
targets -set -nocase -filter {name =~"APU*"}
loadhw -hw C:/Users/hevos/Documents/CS4110/VitisIDE/napcipher_wrapper/export/napcipher_wrapper/hw/napcipher_wrapper.xsa -mem-ranges [list {0x40000000 0xbfffffff}] -regs
configparams force-mem-access 1
targets -set -nocase -filter {name =~"APU*"}
source C:/Users/hevos/Documents/CS4110/VitisIDE/nappemanncipher/_ide/psinit/ps7_init.tcl
ps7_init
ps7_post_config
targets -set -nocase -filter {name =~ "*A9*#0"}
dow C:/Users/hevos/Documents/CS4110/VitisIDE/nappemanncipher/Release/nappemanncipher.elf
configparams force-mem-access 0
----------------End of Script----------------

07:59:07 INFO  : Context for processor 'ps7_cortexa9_0' is selected.
07:59:07 INFO  : 'con' command is executed.
07:59:07 INFO  : ----------------XSDB Script (After Launch)----------------
targets -set -nocase -filter {name =~ "*A9*#0"}
con
----------------End of Script----------------

07:59:07 INFO  : Launch script is exported to file 'C:\Users\hevos\Documents\CS4110\VitisIDE\nappemanncipher_system\_ide\scripts\systemdebugger_nappemanncipher_system_standalone.tcl'
08:45:57 INFO  : Disconnected from the channel tcfchan#6.
08:45:57 INFO  : Connected to target on host '127.0.0.1' and port '3121'.
08:45:58 INFO  : Jtag cable 'Digilent Zybo 210279651807A' is selected.
08:45:58 INFO  : 'jtag frequency' command is executed.
08:45:58 INFO  : Context for 'APU' is selected.
08:45:58 INFO  : System reset is completed.
08:46:01 INFO  : 'after 3000' command is executed.
08:46:01 INFO  : 'targets -set -filter {jtag_cable_name =~ "Digilent Zybo 210279651807A" && level==0 && jtag_device_ctx=="jsn-Zybo-210279651807A-13722093-0"}' command is executed.
08:46:02 INFO  : Device configured successfully with "C:/Users/hevos/Documents/CS4110/VitisIDE/nappemanncipher/_ide/bitstream/napcipher_wrapper.bit"
08:46:02 INFO  : Context for 'APU' is selected.
08:46:02 INFO  : Hardware design and registers information is loaded from 'C:/Users/hevos/Documents/CS4110/VitisIDE/napcipher_wrapper/export/napcipher_wrapper/hw/napcipher_wrapper.xsa'.
08:46:02 INFO  : 'configparams force-mem-access 1' command is executed.
08:46:02 INFO  : Context for 'APU' is selected.
08:46:02 INFO  : Sourcing of 'C:/Users/hevos/Documents/CS4110/VitisIDE/nappemanncipher/_ide/psinit/ps7_init.tcl' is done.
08:46:03 INFO  : 'ps7_init' command is executed.
08:46:03 INFO  : 'ps7_post_config' command is executed.
08:46:03 INFO  : Context for processor 'ps7_cortexa9_0' is selected.
08:46:03 INFO  : The application 'C:/Users/hevos/Documents/CS4110/VitisIDE/nappemanncipher/Release/nappemanncipher.elf' is downloaded to processor 'ps7_cortexa9_0'.
08:46:03 INFO  : 'configparams force-mem-access 0' command is executed.
08:46:03 INFO  : ----------------XSDB Script----------------
connect -url tcp:127.0.0.1:3121
targets -set -nocase -filter {name =~"APU*"}
rst -system
after 3000
targets -set -filter {jtag_cable_name =~ "Digilent Zybo 210279651807A" && level==0 && jtag_device_ctx=="jsn-Zybo-210279651807A-13722093-0"}
fpga -file C:/Users/hevos/Documents/CS4110/VitisIDE/nappemanncipher/_ide/bitstream/napcipher_wrapper.bit
targets -set -nocase -filter {name =~"APU*"}
loadhw -hw C:/Users/hevos/Documents/CS4110/VitisIDE/napcipher_wrapper/export/napcipher_wrapper/hw/napcipher_wrapper.xsa -mem-ranges [list {0x40000000 0xbfffffff}] -regs
configparams force-mem-access 1
targets -set -nocase -filter {name =~"APU*"}
source C:/Users/hevos/Documents/CS4110/VitisIDE/nappemanncipher/_ide/psinit/ps7_init.tcl
ps7_init
ps7_post_config
targets -set -nocase -filter {name =~ "*A9*#0"}
dow C:/Users/hevos/Documents/CS4110/VitisIDE/nappemanncipher/Release/nappemanncipher.elf
configparams force-mem-access 0
----------------End of Script----------------

08:46:03 INFO  : Context for processor 'ps7_cortexa9_0' is selected.
08:46:03 INFO  : 'con' command is executed.
08:46:03 INFO  : ----------------XSDB Script (After Launch)----------------
targets -set -nocase -filter {name =~ "*A9*#0"}
con
----------------End of Script----------------

08:46:03 INFO  : Launch script is exported to file 'C:\Users\hevos\Documents\CS4110\VitisIDE\nappemanncipher_system\_ide\scripts\systemdebugger_nappemanncipher_system_standalone.tcl'
12:42:26 INFO  : Disconnected from the channel tcfchan#7.
12:42:27 INFO  : Connected to target on host '127.0.0.1' and port '3121'.
12:42:27 INFO  : Jtag cable 'Digilent Zybo 210279651807A' is selected.
12:42:27 INFO  : 'jtag frequency' command is executed.
12:42:27 INFO  : Context for 'APU' is selected.
12:42:27 INFO  : System reset is completed.
12:42:30 INFO  : 'after 3000' command is executed.
12:42:30 INFO  : 'targets -set -filter {jtag_cable_name =~ "Digilent Zybo 210279651807A" && level==0 && jtag_device_ctx=="jsn-Zybo-210279651807A-13722093-0"}' command is executed.
12:42:31 INFO  : Device configured successfully with "C:/Users/hevos/Documents/CS4110/VitisIDE/nappemanncipher/_ide/bitstream/napcipher_wrapper.bit"
12:42:31 INFO  : Context for 'APU' is selected.
12:42:31 INFO  : Hardware design and registers information is loaded from 'C:/Users/hevos/Documents/CS4110/VitisIDE/napcipher_wrapper/export/napcipher_wrapper/hw/napcipher_wrapper.xsa'.
12:42:31 INFO  : 'configparams force-mem-access 1' command is executed.
12:42:31 INFO  : Context for 'APU' is selected.
12:42:31 INFO  : Sourcing of 'C:/Users/hevos/Documents/CS4110/VitisIDE/nappemanncipher/_ide/psinit/ps7_init.tcl' is done.
12:42:32 INFO  : 'ps7_init' command is executed.
12:42:32 INFO  : 'ps7_post_config' command is executed.
12:42:32 INFO  : Context for processor 'ps7_cortexa9_0' is selected.
12:42:32 INFO  : The application 'C:/Users/hevos/Documents/CS4110/VitisIDE/nappemanncipher/Release/nappemanncipher.elf' is downloaded to processor 'ps7_cortexa9_0'.
12:42:32 INFO  : 'configparams force-mem-access 0' command is executed.
12:42:32 INFO  : ----------------XSDB Script----------------
connect -url tcp:127.0.0.1:3121
targets -set -nocase -filter {name =~"APU*"}
rst -system
after 3000
targets -set -filter {jtag_cable_name =~ "Digilent Zybo 210279651807A" && level==0 && jtag_device_ctx=="jsn-Zybo-210279651807A-13722093-0"}
fpga -file C:/Users/hevos/Documents/CS4110/VitisIDE/nappemanncipher/_ide/bitstream/napcipher_wrapper.bit
targets -set -nocase -filter {name =~"APU*"}
loadhw -hw C:/Users/hevos/Documents/CS4110/VitisIDE/napcipher_wrapper/export/napcipher_wrapper/hw/napcipher_wrapper.xsa -mem-ranges [list {0x40000000 0xbfffffff}] -regs
configparams force-mem-access 1
targets -set -nocase -filter {name =~"APU*"}
source C:/Users/hevos/Documents/CS4110/VitisIDE/nappemanncipher/_ide/psinit/ps7_init.tcl
ps7_init
ps7_post_config
targets -set -nocase -filter {name =~ "*A9*#0"}
dow C:/Users/hevos/Documents/CS4110/VitisIDE/nappemanncipher/Release/nappemanncipher.elf
configparams force-mem-access 0
----------------End of Script----------------

12:42:32 INFO  : Context for processor 'ps7_cortexa9_0' is selected.
12:42:32 INFO  : 'con' command is executed.
12:42:32 INFO  : ----------------XSDB Script (After Launch)----------------
targets -set -nocase -filter {name =~ "*A9*#0"}
con
----------------End of Script----------------

12:42:32 INFO  : Launch script is exported to file 'C:\Users\hevos\Documents\CS4110\VitisIDE\nappemanncipher_system\_ide\scripts\systemdebugger_nappemanncipher_system_standalone.tcl'
15:39:07 INFO  : Disconnected from the channel tcfchan#8.
15:39:07 INFO  : Connected to target on host '127.0.0.1' and port '3121'.
15:39:07 INFO  : Jtag cable 'Digilent Zybo 210279651807A' is selected.
15:39:07 INFO  : 'jtag frequency' command is executed.
15:39:07 INFO  : Context for 'APU' is selected.
15:39:07 INFO  : System reset is completed.
15:39:10 INFO  : 'after 3000' command is executed.
15:39:11 INFO  : 'targets -set -filter {jtag_cable_name =~ "Digilent Zybo 210279651807A" && level==0 && jtag_device_ctx=="jsn-Zybo-210279651807A-13722093-0"}' command is executed.
15:39:12 INFO  : Device configured successfully with "C:/Users/hevos/Documents/CS4110/VitisIDE/nappemanncipher/_ide/bitstream/napcipher_wrapper.bit"
15:39:12 INFO  : Context for 'APU' is selected.
15:39:12 INFO  : Hardware design and registers information is loaded from 'C:/Users/hevos/Documents/CS4110/VitisIDE/napcipher_wrapper/export/napcipher_wrapper/hw/napcipher_wrapper.xsa'.
15:39:12 INFO  : 'configparams force-mem-access 1' command is executed.
15:39:12 INFO  : Context for 'APU' is selected.
15:39:12 INFO  : Sourcing of 'C:/Users/hevos/Documents/CS4110/VitisIDE/nappemanncipher/_ide/psinit/ps7_init.tcl' is done.
15:39:12 INFO  : 'ps7_init' command is executed.
15:39:12 INFO  : 'ps7_post_config' command is executed.
15:39:12 INFO  : Context for processor 'ps7_cortexa9_0' is selected.
15:39:13 INFO  : The application 'C:/Users/hevos/Documents/CS4110/VitisIDE/nappemanncipher/Release/nappemanncipher.elf' is downloaded to processor 'ps7_cortexa9_0'.
15:39:13 INFO  : 'configparams force-mem-access 0' command is executed.
15:39:13 INFO  : ----------------XSDB Script----------------
connect -url tcp:127.0.0.1:3121
targets -set -nocase -filter {name =~"APU*"}
rst -system
after 3000
targets -set -filter {jtag_cable_name =~ "Digilent Zybo 210279651807A" && level==0 && jtag_device_ctx=="jsn-Zybo-210279651807A-13722093-0"}
fpga -file C:/Users/hevos/Documents/CS4110/VitisIDE/nappemanncipher/_ide/bitstream/napcipher_wrapper.bit
targets -set -nocase -filter {name =~"APU*"}
loadhw -hw C:/Users/hevos/Documents/CS4110/VitisIDE/napcipher_wrapper/export/napcipher_wrapper/hw/napcipher_wrapper.xsa -mem-ranges [list {0x40000000 0xbfffffff}] -regs
configparams force-mem-access 1
targets -set -nocase -filter {name =~"APU*"}
source C:/Users/hevos/Documents/CS4110/VitisIDE/nappemanncipher/_ide/psinit/ps7_init.tcl
ps7_init
ps7_post_config
targets -set -nocase -filter {name =~ "*A9*#0"}
dow C:/Users/hevos/Documents/CS4110/VitisIDE/nappemanncipher/Release/nappemanncipher.elf
configparams force-mem-access 0
----------------End of Script----------------

15:39:13 INFO  : Context for processor 'ps7_cortexa9_0' is selected.
15:39:13 INFO  : 'con' command is executed.
15:39:13 INFO  : ----------------XSDB Script (After Launch)----------------
targets -set -nocase -filter {name =~ "*A9*#0"}
con
----------------End of Script----------------

15:39:13 INFO  : Launch script is exported to file 'C:\Users\hevos\Documents\CS4110\VitisIDE\nappemanncipher_system\_ide\scripts\systemdebugger_nappemanncipher_system_standalone.tcl'
15:41:02 INFO  : Disconnected from the channel tcfchan#9.
15:53:25 DEBUG : Logs will be stored at 'C:/Users/hevos/Documents/CS4110/VitisIDE/IDE.log'.
15:53:26 INFO  : Launching XSCT server: xsct.bat -n  -interactive C:\Users\hevos\Documents\CS4110\VitisIDE\temp_xsdb_launch_script.tcl
15:53:31 INFO  : XSCT server has started successfully.
15:53:31 INFO  : plnx-install-location is set to ''
15:53:31 INFO  : Successfully done setting XSCT server connection channel  
15:53:31 INFO  : Successfully done setting workspace for the tool. 
15:53:33 INFO  : Registering command handlers for Vitis TCF services
15:53:35 INFO  : Platform repository initialization has completed.
15:53:38 INFO  : Successfully done query RDI_DATADIR 
15:55:15 INFO  : Result from executing command 'getProjects': cipher_wrapper;napcipher_wrapper
15:55:15 INFO  : Result from executing command 'getPlatforms': napcipher_wrapper|C:/Users/hevos/Documents/CS4110/VitisIDE/napcipher_wrapper/export/napcipher_wrapper/napcipher_wrapper.xpfm;xilinx_vck190_base_202220_1|C:/Xilinx/Vitis/2022.2/base_platforms/xilinx_vck190_base_202220_1/xilinx_vck190_base_202220_1.xpfm;xilinx_vck190_base_dfx_202220_1|C:/Xilinx/Vitis/2022.2/base_platforms/xilinx_vck190_base_dfx_202220_1/xilinx_vck190_base_dfx_202220_1.xpfm;xilinx_vmk180_base_202220_1|C:/Xilinx/Vitis/2022.2/base_platforms/xilinx_vmk180_base_202220_1/xilinx_vmk180_base_202220_1.xpfm;xilinx_zcu102_base_202220_1|C:/Xilinx/Vitis/2022.2/base_platforms/xilinx_zcu102_base_202220_1/xilinx_zcu102_base_202220_1.xpfm;xilinx_zcu102_base_dfx_202220_1|C:/Xilinx/Vitis/2022.2/base_platforms/xilinx_zcu102_base_dfx_202220_1/xilinx_zcu102_base_dfx_202220_1.xpfm;xilinx_zcu104_base_202220_1|C:/Xilinx/Vitis/2022.2/base_platforms/xilinx_zcu104_base_202220_1/xilinx_zcu104_base_202220_1.xpfm
15:55:17 WARN  : An unexpected exception occurred in the module 'platform project logging'
15:55:18 INFO  : Platform 'cipher_wrapper' is added to custom repositories.
15:55:32 INFO  : Platform 'cipher_wrapper' is added to custom repositories.
15:57:46 INFO  : Result from executing command 'getProjects': cipher_wrapper;napcipher_wrapper
15:57:46 INFO  : Result from executing command 'getPlatforms': cipher_wrapper|C:/Users/hevos/Documents/CS4110/VitisIDE/cipher_wrapper/export/cipher_wrapper/cipher_wrapper.xpfm;napcipher_wrapper|C:/Users/hevos/Documents/CS4110/VitisIDE/napcipher_wrapper/export/napcipher_wrapper/napcipher_wrapper.xpfm;xilinx_vck190_base_202220_1|C:/Xilinx/Vitis/2022.2/base_platforms/xilinx_vck190_base_202220_1/xilinx_vck190_base_202220_1.xpfm;xilinx_vck190_base_dfx_202220_1|C:/Xilinx/Vitis/2022.2/base_platforms/xilinx_vck190_base_dfx_202220_1/xilinx_vck190_base_dfx_202220_1.xpfm;xilinx_vmk180_base_202220_1|C:/Xilinx/Vitis/2022.2/base_platforms/xilinx_vmk180_base_202220_1/xilinx_vmk180_base_202220_1.xpfm;xilinx_zcu102_base_202220_1|C:/Xilinx/Vitis/2022.2/base_platforms/xilinx_zcu102_base_202220_1/xilinx_zcu102_base_202220_1.xpfm;xilinx_zcu102_base_dfx_202220_1|C:/Xilinx/Vitis/2022.2/base_platforms/xilinx_zcu102_base_dfx_202220_1/xilinx_zcu102_base_dfx_202220_1.xpfm;xilinx_zcu104_base_202220_1|C:/Xilinx/Vitis/2022.2/base_platforms/xilinx_zcu104_base_202220_1/xilinx_zcu104_base_202220_1.xpfm
15:57:47 INFO  : Checking for BSP changes to sync application flags for project 'cipher_napoleon'...
15:58:10 INFO  : Connected to target on host '127.0.0.1' and port '3121'.
15:58:12 INFO  : Jtag cable 'Digilent Zybo 210279651807A' is selected.
15:58:12 INFO  : 'jtag frequency' command is executed.
15:58:12 INFO  : Context for 'APU' is selected.
15:58:12 INFO  : System reset is completed.
15:58:15 INFO  : 'after 3000' command is executed.
15:58:17 INFO  : 'targets -set -filter {jtag_cable_name =~ "Digilent Zybo 210279651807A" && level==0 && jtag_device_ctx=="jsn-Zybo-210279651807A-13722093-0"}' command is executed.
15:58:19 INFO  : Device configured successfully with "C:/Users/hevos/Documents/CS4110/VitisIDE/nappemanncipher/_ide/bitstream/napcipher_wrapper.bit"
15:58:19 INFO  : Context for 'APU' is selected.
15:58:19 INFO  : Hardware design and registers information is loaded from 'C:/Users/hevos/Documents/CS4110/VitisIDE/napcipher_wrapper/export/napcipher_wrapper/hw/napcipher_wrapper.xsa'.
15:58:20 INFO  : 'configparams force-mem-access 1' command is executed.
15:58:20 INFO  : Context for 'APU' is selected.
15:58:20 INFO  : Sourcing of 'C:/Users/hevos/Documents/CS4110/VitisIDE/nappemanncipher/_ide/psinit/ps7_init.tcl' is done.
15:58:21 INFO  : 'ps7_init' command is executed.
15:58:21 INFO  : 'ps7_post_config' command is executed.
15:58:21 INFO  : Context for processor 'ps7_cortexa9_0' is selected.
15:58:21 INFO  : The application 'C:/Users/hevos/Documents/CS4110/VitisIDE/nappemanncipher/Release/nappemanncipher.elf' is downloaded to processor 'ps7_cortexa9_0'.
15:58:21 INFO  : 'configparams force-mem-access 0' command is executed.
15:58:21 INFO  : ----------------XSDB Script----------------
connect -url tcp:127.0.0.1:3121
targets -set -nocase -filter {name =~"APU*"}
rst -system
after 3000
targets -set -filter {jtag_cable_name =~ "Digilent Zybo 210279651807A" && level==0 && jtag_device_ctx=="jsn-Zybo-210279651807A-13722093-0"}
fpga -file C:/Users/hevos/Documents/CS4110/VitisIDE/nappemanncipher/_ide/bitstream/napcipher_wrapper.bit
targets -set -nocase -filter {name =~"APU*"}
loadhw -hw C:/Users/hevos/Documents/CS4110/VitisIDE/napcipher_wrapper/export/napcipher_wrapper/hw/napcipher_wrapper.xsa -mem-ranges [list {0x40000000 0xbfffffff}] -regs
configparams force-mem-access 1
targets -set -nocase -filter {name =~"APU*"}
source C:/Users/hevos/Documents/CS4110/VitisIDE/nappemanncipher/_ide/psinit/ps7_init.tcl
ps7_init
ps7_post_config
targets -set -nocase -filter {name =~ "*A9*#0"}
dow C:/Users/hevos/Documents/CS4110/VitisIDE/nappemanncipher/Release/nappemanncipher.elf
configparams force-mem-access 0
----------------End of Script----------------

15:58:22 INFO  : Context for processor 'ps7_cortexa9_0' is selected.
15:58:22 INFO  : 'con' command is executed.
15:58:22 INFO  : ----------------XSDB Script (After Launch)----------------
targets -set -nocase -filter {name =~ "*A9*#0"}
con
----------------End of Script----------------

15:58:22 INFO  : Launch script is exported to file 'C:\Users\hevos\Documents\CS4110\VitisIDE\nappemanncipher_system\_ide\scripts\systemdebugger_nappemanncipher_system_standalone.tcl'
15:59:01 INFO  : Disconnected from the channel tcfchan#2.
15:59:03 INFO  : Connected to target on host '127.0.0.1' and port '3121'.
15:59:12 INFO  : ----------------XSDB Script----------------
connect -url tcp:127.0.0.1:3121
----------------End of Script----------------

15:59:12 ERROR : Could not find ARM device on the board for connection 'Local'.
Check if the target is in:
1. Split JTAG - No operations are possible with ARM DAP.
2. Non JTAG bootmode - Bootrom may need time to enable DAP.
Please try again.


Troubleshooting hints:
1. Check whether board is connected to system properly.
2. In case of zynq board, check whether Digilent/Xilinx cable switch settings are correct.
3. If you are using Xilinx Platform Cable USB, ensure that status LED is green.
15:59:54 INFO  : Connected to target on host '127.0.0.1' and port '3121'.
15:59:54 INFO  : 'targets -set -filter {jtag_cable_name =~ "Digilent Zybo 210279651807A" && level==0 && jtag_device_ctx=="jsn-Zybo-210279651807A-13722093-0"}' command is executed.
15:59:56 INFO  : Device configured successfully with "C:/Users/hevos/Documents/CS4110/VitisIDE/cipher_napoleon/_ide/bitstream/cipher_wrapper.bit"
16:00:22 INFO  : Connected to target on host '127.0.0.1' and port '3121'.
16:00:22 INFO  : Jtag cable 'Digilent Zybo 210279651807A' is selected.
16:00:22 INFO  : 'jtag frequency' command is executed.
16:00:22 INFO  : Context for 'APU' is selected.
16:00:22 INFO  : System reset is completed.
16:00:25 INFO  : 'after 3000' command is executed.
16:00:25 INFO  : 'targets -set -filter {jtag_cable_name =~ "Digilent Zybo 210279651807A" && level==0 && jtag_device_ctx=="jsn-Zybo-210279651807A-13722093-0"}' command is executed.
16:00:26 INFO  : Device configured successfully with "C:/Users/hevos/Documents/CS4110/VitisIDE/cipher_napoleon/_ide/bitstream/cipher_wrapper.bit"
16:00:27 INFO  : Context for 'APU' is selected.
16:00:27 INFO  : Hardware design and registers information is loaded from 'C:/Users/hevos/Documents/CS4110/VitisIDE/cipher_wrapper/export/cipher_wrapper/hw/cipher_wrapper.xsa'.
16:00:27 INFO  : 'configparams force-mem-access 1' command is executed.
16:00:27 INFO  : Context for 'APU' is selected.
16:00:27 INFO  : Sourcing of 'C:/Users/hevos/Documents/CS4110/VitisIDE/cipher_napoleon/_ide/psinit/ps7_init.tcl' is done.
16:00:27 INFO  : 'ps7_init' command is executed.
16:00:27 INFO  : 'ps7_post_config' command is executed.
16:00:27 INFO  : Context for processor 'ps7_cortexa9_0' is selected.
16:00:28 INFO  : The application 'C:/Users/hevos/Documents/CS4110/VitisIDE/cipher_napoleon/Debug/cipher_napoleon.elf' is downloaded to processor 'ps7_cortexa9_0'.
16:00:28 INFO  : 'configparams force-mem-access 0' command is executed.
16:00:28 INFO  : ----------------XSDB Script----------------
connect -url tcp:127.0.0.1:3121
targets -set -nocase -filter {name =~"APU*"}
rst -system
after 3000
targets -set -filter {jtag_cable_name =~ "Digilent Zybo 210279651807A" && level==0 && jtag_device_ctx=="jsn-Zybo-210279651807A-13722093-0"}
fpga -file C:/Users/hevos/Documents/CS4110/VitisIDE/cipher_napoleon/_ide/bitstream/cipher_wrapper.bit
targets -set -nocase -filter {name =~"APU*"}
loadhw -hw C:/Users/hevos/Documents/CS4110/VitisIDE/cipher_wrapper/export/cipher_wrapper/hw/cipher_wrapper.xsa -mem-ranges [list {0x40000000 0xbfffffff}] -regs
configparams force-mem-access 1
targets -set -nocase -filter {name =~"APU*"}
source C:/Users/hevos/Documents/CS4110/VitisIDE/cipher_napoleon/_ide/psinit/ps7_init.tcl
ps7_init
ps7_post_config
targets -set -nocase -filter {name =~ "*A9*#0"}
dow C:/Users/hevos/Documents/CS4110/VitisIDE/cipher_napoleon/Debug/cipher_napoleon.elf
configparams force-mem-access 0
----------------End of Script----------------

16:00:28 INFO  : Context for processor 'ps7_cortexa9_0' is selected.
16:00:28 INFO  : 'con' command is executed.
16:00:28 INFO  : ----------------XSDB Script (After Launch)----------------
targets -set -nocase -filter {name =~ "*A9*#0"}
con
----------------End of Script----------------

16:00:28 INFO  : Launch script is exported to file 'C:\Users\hevos\Documents\CS4110\VitisIDE\cipher_napoleon_system\_ide\scripts\debugger_cipher_napoleon-default.tcl'
16:03:33 INFO  : Disconnected from the channel tcfchan#3.
13:47:58 DEBUG : Logs will be stored at 'C:/Users/hevos/Documents/CS4110/VitisIDE/IDE.log'.
13:48:00 INFO  : Launching XSCT server: xsct.bat -n  -interactive C:\Users\hevos\Documents\CS4110\VitisIDE\temp_xsdb_launch_script.tcl
13:48:06 INFO  : XSCT server has started successfully.
13:48:06 INFO  : Successfully done setting XSCT server connection channel  
13:48:06 INFO  : plnx-install-location is set to ''
13:48:06 INFO  : Successfully done setting workspace for the tool. 
13:48:08 INFO  : Registering command handlers for Vitis TCF services
13:48:11 INFO  : Platform repository initialization has completed.
13:48:13 INFO  : Successfully done query RDI_DATADIR 
13:52:39 INFO  : Result from executing command 'getProjects': KentStian_wrapper;cipher_wrapper;napcipher_wrapper
13:52:39 INFO  : Result from executing command 'getPlatforms': cipher_wrapper|C:/Users/hevos/Documents/CS4110/VitisIDE/cipher_wrapper/export/cipher_wrapper/cipher_wrapper.xpfm;napcipher_wrapper|C:/Users/hevos/Documents/CS4110/VitisIDE/napcipher_wrapper/export/napcipher_wrapper/napcipher_wrapper.xpfm;xilinx_vck190_base_202220_1|C:/Xilinx/Vitis/2022.2/base_platforms/xilinx_vck190_base_202220_1/xilinx_vck190_base_202220_1.xpfm;xilinx_vck190_base_dfx_202220_1|C:/Xilinx/Vitis/2022.2/base_platforms/xilinx_vck190_base_dfx_202220_1/xilinx_vck190_base_dfx_202220_1.xpfm;xilinx_vmk180_base_202220_1|C:/Xilinx/Vitis/2022.2/base_platforms/xilinx_vmk180_base_202220_1/xilinx_vmk180_base_202220_1.xpfm;xilinx_zcu102_base_202220_1|C:/Xilinx/Vitis/2022.2/base_platforms/xilinx_zcu102_base_202220_1/xilinx_zcu102_base_202220_1.xpfm;xilinx_zcu102_base_dfx_202220_1|C:/Xilinx/Vitis/2022.2/base_platforms/xilinx_zcu102_base_dfx_202220_1/xilinx_zcu102_base_dfx_202220_1.xpfm;xilinx_zcu104_base_202220_1|C:/Xilinx/Vitis/2022.2/base_platforms/xilinx_zcu104_base_202220_1/xilinx_zcu104_base_202220_1.xpfm
13:52:41 WARN  : An unexpected exception occurred in the module 'platform project logging'
13:52:42 INFO  : Platform 'KentStian_wrapper' is added to custom repositories.
13:52:59 INFO  : Platform 'KentStian_wrapper' is added to custom repositories.
14:00:49 INFO  : Successfully removed platform .
14:00:51 INFO  : Platform 'cipher_wrapper' is added to custom repositories.
14:01:21 ERROR : An unexpected exception occurred in the module 'reading platform'
14:02:50 INFO  : Result from executing command 'getProjects': KentStian_wrapper;napcipher_wrapper
14:02:50 INFO  : Result from executing command 'getPlatforms': xilinx_vck190_base_202220_1|C:/Xilinx/Vitis/2022.2/base_platforms/xilinx_vck190_base_202220_1/xilinx_vck190_base_202220_1.xpfm;xilinx_vck190_base_dfx_202220_1|C:/Xilinx/Vitis/2022.2/base_platforms/xilinx_vck190_base_dfx_202220_1/xilinx_vck190_base_dfx_202220_1.xpfm;xilinx_vmk180_base_202220_1|C:/Xilinx/Vitis/2022.2/base_platforms/xilinx_vmk180_base_202220_1/xilinx_vmk180_base_202220_1.xpfm;xilinx_zcu102_base_202220_1|C:/Xilinx/Vitis/2022.2/base_platforms/xilinx_zcu102_base_202220_1/xilinx_zcu102_base_202220_1.xpfm;xilinx_zcu102_base_dfx_202220_1|C:/Xilinx/Vitis/2022.2/base_platforms/xilinx_zcu102_base_dfx_202220_1/xilinx_zcu102_base_dfx_202220_1.xpfm;xilinx_zcu104_base_202220_1|C:/Xilinx/Vitis/2022.2/base_platforms/xilinx_zcu104_base_202220_1/xilinx_zcu104_base_202220_1.xpfm
14:02:52 INFO  : Checking for BSP changes to sync application flags for project 'KentStian'...
14:03:16 ERROR : An unexpected exception occurred in the module 'reading platform'
14:03:20 ERROR : An unexpected exception occurred in the module 'reading platform'
14:04:21 INFO  : Result from executing command 'getProjects': KentStian_Platform
14:04:21 INFO  : Result from executing command 'getPlatforms': xilinx_vck190_base_202220_1|C:/Xilinx/Vitis/2022.2/base_platforms/xilinx_vck190_base_202220_1/xilinx_vck190_base_202220_1.xpfm;xilinx_vck190_base_dfx_202220_1|C:/Xilinx/Vitis/2022.2/base_platforms/xilinx_vck190_base_dfx_202220_1/xilinx_vck190_base_dfx_202220_1.xpfm;xilinx_vmk180_base_202220_1|C:/Xilinx/Vitis/2022.2/base_platforms/xilinx_vmk180_base_202220_1/xilinx_vmk180_base_202220_1.xpfm;xilinx_zcu102_base_202220_1|C:/Xilinx/Vitis/2022.2/base_platforms/xilinx_zcu102_base_202220_1/xilinx_zcu102_base_202220_1.xpfm;xilinx_zcu102_base_dfx_202220_1|C:/Xilinx/Vitis/2022.2/base_platforms/xilinx_zcu102_base_dfx_202220_1/xilinx_zcu102_base_dfx_202220_1.xpfm;xilinx_zcu104_base_202220_1|C:/Xilinx/Vitis/2022.2/base_platforms/xilinx_zcu104_base_202220_1/xilinx_zcu104_base_202220_1.xpfm
14:05:02 ERROR : An unexpected exception occurred in the module 'reading platform'
14:06:17 INFO  : Result from executing command 'getProjects': KentStian_Platform
14:06:17 INFO  : Result from executing command 'getPlatforms': xilinx_vck190_base_202220_1|C:/Xilinx/Vitis/2022.2/base_platforms/xilinx_vck190_base_202220_1/xilinx_vck190_base_202220_1.xpfm;xilinx_vck190_base_dfx_202220_1|C:/Xilinx/Vitis/2022.2/base_platforms/xilinx_vck190_base_dfx_202220_1/xilinx_vck190_base_dfx_202220_1.xpfm;xilinx_vmk180_base_202220_1|C:/Xilinx/Vitis/2022.2/base_platforms/xilinx_vmk180_base_202220_1/xilinx_vmk180_base_202220_1.xpfm;xilinx_zcu102_base_202220_1|C:/Xilinx/Vitis/2022.2/base_platforms/xilinx_zcu102_base_202220_1/xilinx_zcu102_base_202220_1.xpfm;xilinx_zcu102_base_dfx_202220_1|C:/Xilinx/Vitis/2022.2/base_platforms/xilinx_zcu102_base_dfx_202220_1/xilinx_zcu102_base_dfx_202220_1.xpfm;xilinx_zcu104_base_202220_1|C:/Xilinx/Vitis/2022.2/base_platforms/xilinx_zcu104_base_202220_1/xilinx_zcu104_base_202220_1.xpfm
14:06:59 INFO  : Result from executing command 'getProjects': KentStian_Platform
14:06:59 INFO  : Result from executing command 'getPlatforms': KentStian_Platform|C:/Users/hevos/Documents/CS4110/VitisIDE/KentStian_Platform/export/KentStian_Platform/KentStian_Platform.xpfm;xilinx_vck190_base_202220_1|C:/Xilinx/Vitis/2022.2/base_platforms/xilinx_vck190_base_202220_1/xilinx_vck190_base_202220_1.xpfm;xilinx_vck190_base_dfx_202220_1|C:/Xilinx/Vitis/2022.2/base_platforms/xilinx_vck190_base_dfx_202220_1/xilinx_vck190_base_dfx_202220_1.xpfm;xilinx_vmk180_base_202220_1|C:/Xilinx/Vitis/2022.2/base_platforms/xilinx_vmk180_base_202220_1/xilinx_vmk180_base_202220_1.xpfm;xilinx_zcu102_base_202220_1|C:/Xilinx/Vitis/2022.2/base_platforms/xilinx_zcu102_base_202220_1/xilinx_zcu102_base_202220_1.xpfm;xilinx_zcu102_base_dfx_202220_1|C:/Xilinx/Vitis/2022.2/base_platforms/xilinx_zcu102_base_dfx_202220_1/xilinx_zcu102_base_dfx_202220_1.xpfm;xilinx_zcu104_base_202220_1|C:/Xilinx/Vitis/2022.2/base_platforms/xilinx_zcu104_base_202220_1/xilinx_zcu104_base_202220_1.xpfm
14:11:37 INFO  : Checking for BSP changes to sync application flags for project 'KentStian'...
14:14:17 INFO  : Connected to target on host '127.0.0.1' and port '3121'.
14:14:35 INFO  : ----------------XSDB Script----------------
connect -url tcp:127.0.0.1:3121
----------------End of Script----------------

14:14:35 ERROR : Could not find ARM device on the board for connection 'Local'.
Check if the target is in:
1. Split JTAG - No operations are possible with ARM DAP.
2. Non JTAG bootmode - Bootrom may need time to enable DAP.
Please try again.


Troubleshooting hints:
1. Check whether board is connected to system properly.
2. In case of zynq board, check whether Digilent/Xilinx cable switch settings are correct.
3. If you are using Xilinx Platform Cable USB, ensure that status LED is green.
14:14:48 INFO  : Connected to target on host '127.0.0.1' and port '3121'.
14:14:48 INFO  : Jtag cable 'Digilent Zybo 210279651807A' is selected.
14:14:48 INFO  : 'jtag frequency' command is executed.
14:14:48 INFO  : Context for 'APU' is selected.
14:14:48 INFO  : System reset is completed.
14:14:51 INFO  : 'after 3000' command is executed.
14:14:51 INFO  : 'targets -set -filter {jtag_cable_name =~ "Digilent Zybo 210279651807A" && level==0 && jtag_device_ctx=="jsn-Zybo-210279651807A-13722093-0"}' command is executed.
14:14:53 INFO  : Device configured successfully with "C:/Users/hevos/Documents/CS4110/VitisIDE/KentStian/_ide/bitstream/KentStian_wrapper.bit"
14:14:53 INFO  : Context for 'APU' is selected.
14:14:53 INFO  : Hardware design and registers information is loaded from 'C:/Users/hevos/Documents/CS4110/VitisIDE/KentStian_Platform/export/KentStian_Platform/hw/KentStian_wrapper.xsa'.
14:14:53 INFO  : 'configparams force-mem-access 1' command is executed.
14:14:53 INFO  : Context for 'APU' is selected.
14:14:53 INFO  : Sourcing of 'C:/Users/hevos/Documents/CS4110/VitisIDE/KentStian/_ide/psinit/ps7_init.tcl' is done.
14:14:53 INFO  : 'ps7_init' command is executed.
14:14:53 INFO  : 'ps7_post_config' command is executed.
14:14:53 INFO  : Context for processor 'ps7_cortexa9_0' is selected.
14:14:54 INFO  : The application 'C:/Users/hevos/Documents/CS4110/VitisIDE/KentStian/Debug/KentStian.elf' is downloaded to processor 'ps7_cortexa9_0'.
14:14:54 INFO  : 'configparams force-mem-access 0' command is executed.
14:14:54 INFO  : ----------------XSDB Script----------------
connect -url tcp:127.0.0.1:3121
targets -set -nocase -filter {name =~"APU*"}
rst -system
after 3000
targets -set -filter {jtag_cable_name =~ "Digilent Zybo 210279651807A" && level==0 && jtag_device_ctx=="jsn-Zybo-210279651807A-13722093-0"}
fpga -file C:/Users/hevos/Documents/CS4110/VitisIDE/KentStian/_ide/bitstream/KentStian_wrapper.bit
targets -set -nocase -filter {name =~"APU*"}
loadhw -hw C:/Users/hevos/Documents/CS4110/VitisIDE/KentStian_Platform/export/KentStian_Platform/hw/KentStian_wrapper.xsa -mem-ranges [list {0x40000000 0xbfffffff}] -regs
configparams force-mem-access 1
targets -set -nocase -filter {name =~"APU*"}
source C:/Users/hevos/Documents/CS4110/VitisIDE/KentStian/_ide/psinit/ps7_init.tcl
ps7_init
ps7_post_config
targets -set -nocase -filter {name =~ "*A9*#0"}
dow C:/Users/hevos/Documents/CS4110/VitisIDE/KentStian/Debug/KentStian.elf
configparams force-mem-access 0
----------------End of Script----------------

14:14:54 INFO  : Context for processor 'ps7_cortexa9_0' is selected.
14:14:54 INFO  : 'con' command is executed.
14:14:54 INFO  : ----------------XSDB Script (After Launch)----------------
targets -set -nocase -filter {name =~ "*A9*#0"}
con
----------------End of Script----------------

14:14:54 INFO  : Launch script is exported to file 'C:\Users\hevos\Documents\CS4110\VitisIDE\KentStian_system\_ide\scripts\debugger_kentstian-default.tcl'
15:57:23 INFO  : Disconnected from the channel tcfchan#4.
